AVSスクリプトファイルを生成完了

channelName:--------
AT-X
----------

chapter_exe -v "/home/pi/CmcutScp/result/しかのこのこのここしたんたん #01-#06 [字]-2024年08月22日01時/join_tsfile.avs" -lwi /home/pi/CmcutScp/result/"しかのこのこのここしたんたん #01-#06 [字]-2024年08月22日01時"/chapter_inscp.lwi -oa /home/pi/CmcutScp/result/"しかのこのこのここしたんたん #01-#06 [字]-2024年08月22日01時"/chapter_inscp.txt
該当する .lgd ファイル (AT-X.lgd) が見つかりました。

cmd : logoframe "/home/pi/CmcutScp/result/しかのこのこのここしたんたん #01-#06 [字]-2024年08月22日01時/join_tsfile.avs" -logo "/home/pi/CmcutScp/join_logo_scp_trial/logo/AT-X.lgd" -oa "/home/pi/CmcutScp/result/しかのこのこのここしたんたん #01-#06 [字]-2024年08月22日01時/logoframe_inlogo.txt"

cmd : join_logo_scp -inlogo "/home/pi/CmcutScp/result/しかのこのこのここしたんたん #01-#06 [字]-2024年08月22日01時/logoframe_inlogo.txt" -inscp "/home/pi/CmcutScp/result/しかのこのこのここしたんたん #01-#06 [字]-2024年08月22日01時/chapter_inscp.txt" -incmd "/home/pi/CmcutScp/join_logo_scp_trial/JL/JL_標準.txt" -o "/home/pi/CmcutScp/result/しかのこのこのここしたんたん #01-#06 [字]-2024年08月22日01時/join_logo_scp.txt"

joinOutputFile()
: "/home/pi/CmcutScp/result/しかのこのこのここしたんたん #01-#06 [字]-2024年08月22日01時/join_logo_scp.csv"

 フレーム情報ファイルのパス(joinOutputFile) 
 /home/pi/CmcutScp/result/しかのこのこのここしたんたん #01-#06 [字]-2024年08月22日01時/join_logo_scp.csv 

 フィルターコンプレックスの初期値を設定(data) 
 296,49527
54194,99881
104399,151861
153672,156368
158625,160733
162110,209722
212437,260808
262638,263523
268462,294371
 

generateFilterComplex()
: "[0:v]trim=9.877:1652.553,setpts=PTS-STARTPTS[v0];[0:a]atrim=9.877:1652.553,asetpts=PTS-STARTPTS[a0];[v0]yadif=0[v0_deinterlaced];[0:v]trim=1808.275:3332.699,setpts=PTS-STARTPTS[v1];[0:a]atrim=1808.275:3332.699,asetpts=PTS-STARTPTS[a1];[v1]yadif=0[v1_deinterlaced];[0:v]trim=3483.450:5067.100,setpts=PTS-STARTPTS[v2];[0:a]atrim=3483.450:5067.100,asetpts=PTS-STARTPTS[a2];[v2]yadif=0[v2_deinterlaced];[0:v]trim=5127.528:5217.484,setpts=PTS-STARTPTS[v3];[0:a]atrim=5127.528:5217.484,asetpts=PTS-STARTPTS[a3];[v3]yadif=0[v3_deinterlaced];[0:v]trim=5292.793:5363.130,setpts=PTS-STARTPTS[v4];[0:a]atrim=5292.793:5363.130,asetpts=PTS-STARTPTS[a4];[v4]yadif=0[v4_deinterlaced];[0:v]trim=5409.076:6997.731,setpts=PTS-STARTPTS[v5];[0:a]atrim=5409.076:6997.731,asetpts=PTS-STARTPTS[a5];[v5]yadif=0[v5_deinterlaced];[0:v]trim=7088.322:8702.302,setpts=PTS-STARTPTS[v6];[0:a]atrim=7088.322:8702.302,asetpts=PTS-STARTPTS[a6];[v6]yadif=0[v6_deinterlaced];[0:v]trim=8763.363:8792.893,setpts=PTS-STARTPTS[v7];[0:a]atrim=8763.363:8792.893,asetpts=PTS-STARTPTS[a7];[v7]yadif=0[v7_deinterlaced];[0:v]trim=8957.691:9822.189,setpts=PTS-STARTPTS[v8];[0:a]atrim=8957.691:9822.189,asetpts=PTS-STARTPTS[a8];[v8]yadif=0[v8_deinterlaced];[v0_deinterlaced][a0][v1_deinterlaced][a1][v2_deinterlaced][a2][v3_deinterlaced][a3][v4_deinterlaced][a4][v5_deinterlaced][a5][v6_deinterlaced][a6][v7_deinterlaced][a7][v8_deinterlaced][a8]concat=n=9:v=1:a=1"

/usr/bin/ffmpeg:: -y,-analyzeduration,10M,-probesize,32M,-i,/srv/dev-disk-by-uuid-D454C24354C22856/NAS_4_1/Recorded/2024-3cours/しかのこのこのここしたんたん #01-#06 [字]-2024年08月22日01時.ts,-c:a,aac,-ignore_unknown,-filter_complex,[0:v]trim=9.877:1652.553,setpts=PTS-STARTPTS[v0];[0:a]atrim=9.877:1652.553,asetpts=PTS-STARTPTS[a0];[v0]yadif=0[v0_deinterlaced];[0:v]trim=1808.275:3332.699,setpts=PTS-STARTPTS[v1];[0:a]atrim=1808.275:3332.699,asetpts=PTS-STARTPTS[a1];[v1]yadif=0[v1_deinterlaced];[0:v]trim=3483.450:5067.100,setpts=PTS-STARTPTS[v2];[0:a]atrim=3483.450:5067.100,asetpts=PTS-STARTPTS[a2];[v2]yadif=0[v2_deinterlaced];[0:v]trim=5127.528:5217.484,setpts=PTS-STARTPTS[v3];[0:a]atrim=5127.528:5217.484,asetpts=PTS-STARTPTS[a3];[v3]yadif=0[v3_deinterlaced];[0:v]trim=5292.793:5363.130,setpts=PTS-STARTPTS[v4];[0:a]atrim=5292.793:5363.130,asetpts=PTS-STARTPTS[a4];[v4]yadif=0[v4_deinterlaced];[0:v]trim=5409.076:6997.731,setpts=PTS-STARTPTS[v5];[0:a]atrim=5409.076:6997.731,asetpts=PTS-STARTPTS[a5];[v5]yadif=0[v5_deinterlaced];[0:v]trim=7088.322:8702.302,setpts=PTS-STARTPTS[v6];[0:a]atrim=7088.322:8702.302,asetpts=PTS-STARTPTS[a6];[v6]yadif=0[v6_deinterlaced];[0:v]trim=8763.363:8792.893,setpts=PTS-STARTPTS[v7];[0:a]atrim=8763.363:8792.893,asetpts=PTS-STARTPTS[a7];[v7]yadif=0[v7_deinterlaced];[0:v]trim=8957.691:9822.189,setpts=PTS-STARTPTS[v8];[0:a]atrim=8957.691:9822.189,asetpts=PTS-STARTPTS[a8];[v8]yadif=0[v8_deinterlaced];[v0_deinterlaced][a0][v1_deinterlaced][a1][v2_deinterlaced][a2][v3_deinterlaced][a3][v4_deinterlaced][a4][v5_deinterlaced][a5][v6_deinterlaced][a6][v7_deinterlaced][a7][v8_deinterlaced][a8]concat=n=9:v=1:a=1,-b:v,10M,-c:v,h264_v4l2m2m,-aspect,16:9,-f,mp4,-r,29.97,-crf,20,/srv/dev-disk-by-uuid-A6DA96A3DA966F75/NAS/Recorded/TV_Program/しかのこのこのここしたんたん/しかのこのこのここしたんたん #01-#06 [字]-2024年08月22日01時.mp4

