subtitle_file:/srv/dev-disk-by-uuid-A6DA96A3DA966F75/NAS/Recorded/subtitle/アニメ「チ。―地球の運動について―」ＰＲ　１０／５（土）夜１１：４５放送開始！-2024年10月05日02時.jpn.srt, 
 ts_file_name:アニメ「チ。―地球の運動について―」ＰＲ　１０／５（土）夜１１：４５放送開始！-2024年10月05日02時.ts, 
 ts_file_input:/srv/dev-disk-by-uuid-D454C24354C22856/NAS_4_1/Recorded/2024-3cours/アニメ「チ。―地球の運動について―」ＰＲ　１０／５（土）夜１１：４５放送開始！-2024年10月05日02時.ts, 
file_inpu:アニメ「チ。―地球の運動について―」ＰＲ　１０／５（土）夜１１：４５放送開始！-2024年10月05日02時, 
output_file:/srv/dev-disk-by-uuid-D454C24354C22856/NAS_4_1/Recorded/2024-4cours/アニメ「チ。―地球の運動について―」ＰＲ　１０／５（土）夜１１：４５放送開始！-2024年10月05日02時.mp4, 
 input_file:/home/pi/CmcutScp/result/アニメ「チ。―地球の運動について―」ＰＲ　１０／５（土）夜１１：４５放送開始！-2024年10月05日02時/join_logo_scp.csv, 
/home/pi/CmcutScp/result/アニメ「チ。―地球の運動について―」ＰＲ　１０／５（土）夜１１：４５放送開始！-2024年10月05日02時/cm_subtitle_jls.csv 
subtitle_file:/srv/dev-disk-by-uuid-A6DA96A3DA966F75/NAS/Recorded/subtitle/アニメ「チ。―地球の運動について―」ＰＲ　１０／５（土）夜１１：４５放送開始！-2024年10月05日02時.jpn.srt, 
 ts_file_name:アニメ「チ。―地球の運動について―」ＰＲ　１０／５（土）夜１１：４５放送開始！-2024年10月05日02時.ts, 
 ts_file_input:/srv/dev-disk-by-uuid-D454C24354C22856/NAS_4_1/Recorded/2024-3cours/アニメ「チ。―地球の運動について―」ＰＲ　１０／５（土）夜１１：４５放送開始！-2024年10月05日02時.ts, 
file_inpu:アニメ「チ。―地球の運動について―」ＰＲ　１０／５（土）夜１１：４５放送開始！-2024年10月05日02時, 
output_file:/srv/dev-disk-by-uuid-D454C24354C22856/NAS_4_1/Recorded/2024-4cours/アニメ「チ。―地球の運動について―」ＰＲ　１０／５（土）夜１１：４５放送開始！-2024年10月05日02時, 
 input_file:/home/pi/CmcutScp/result/アニメ「チ。―地球の運動について―」ＰＲ　１０／５（土）夜１１：４５放送開始！-2024年10月05日02時/join_logo_scp.csv, 
/home/pi/CmcutScp/result/アニメ「チ。―地球の運動について―」ＰＲ　１０／５（土）夜１１：４５放送開始！-2024年10月05日02時/cm_subtitle_jls.csv 
subtitle_file:/srv/dev-disk-by-uuid-A6DA96A3DA966F75/NAS/Recorded/subtitle/アニメ「チ。―地球の運動について―」ＰＲ　１０／５（土）夜１１：４５放送開始！-2024年10月05日02時.jpn.srt, 
 ts_file_name:アニメ「チ。―地球の運動について―」ＰＲ　１０／５（土）夜１１：４５放送開始！-2024年10月05日02時.ts, 
 ts_file_input:/srv/dev-disk-by-uuid-D454C24354C22856/NAS_4_1/Recorded/2024-3cours/アニメ「チ。―地球の運動について―」ＰＲ　１０／５（土）夜１１：４５放送開始！-2024年10月05日02時.ts, 
file_inpu:アニメ「チ。―地球の運動について―」ＰＲ　１０／５（土）夜１１：４５放送開始！-2024年10月05日02時, 
output_file:/srv/dev-disk-by-uuid-D454C24354C22856/NAS_4_1/Recorded/2024-4cours/アニメ「チ。―地球の運動について―」ＰＲ　１０／５（土）夜１１：４５放送開始！-2024年10月05日02時, 
 input_file:/home/pi/CmcutScp/result/アニメ「チ。―地球の運動について―」ＰＲ　１０／５（土）夜１１：４５放送開始！-2024年10月05日02時/join_logo_scp.csv, 
/home/pi/CmcutScp/result/アニメ「チ。―地球の運動について―」ＰＲ　１０／５（土）夜１１：４５放送開始！-2024年10月05日02時/cm_subtitle_jls.csv 
subtitle_file:/srv/dev-disk-by-uuid-A6DA96A3DA966F75/NAS/Recorded/subtitle/アニメ「チ。―地球の運動について―」ＰＲ　１０／５（土）夜１１：４５放送開始！-2024年10月05日02時.jpn.srt, 
 ts_file_name:アニメ「チ。―地球の運動について―」ＰＲ　１０／５（土）夜１１：４５放送開始！-2024年10月05日02時.ts, 
 ts_file_input:/srv/dev-disk-by-uuid-D454C24354C22856/NAS_4_1/Recorded/2024-3cours/アニメ「チ。―地球の運動について―」ＰＲ　１０／５（土）夜１１：４５放送開始！-2024年10月05日02時.ts, 
file_inpu:アニメ「チ。―地球の運動について―」ＰＲ　１０／５（土）夜１１：４５放送開始！-2024年10月05日02時, 
output_file:/srv/dev-disk-by-uuid-D454C24354C22856/NAS_4_1/Recorded/2024-4cours/アニメ「チ。―地球の運動について―」ＰＲ　１０／５（土）夜１１：４５放送開始！-2024年10月05日02時(1)_cmcut.jpn.srt, 
 input_file:/home/pi/CmcutScp/result/アニメ「チ。―地球の運動について―」ＰＲ　１０／５（土）夜１１：４５放送開始！-2024年10月05日02時/join_logo_scp.csv, 
/home/pi/CmcutScp/result/アニメ「チ。―地球の運動について―」ＰＲ　１０／５（土）夜１１：４５放送開始！-2024年10月05日02時/cm_subtitle_jls.csv 
subtitle_file:/srv/dev-disk-by-uuid-A6DA96A3DA966F75/NAS/Recorded/subtitle/アニメ「チ。―地球の運動について―」ＰＲ　１０／５（土）夜１１：４５放送開始！-2024年10月05日02時.jpn.srt, 
 ts_file_name:アニメ「チ。―地球の運動について―」ＰＲ　１０／５（土）夜１１：４５放送開始！-2024年10月05日02時.ts, 
 ts_file_input:/srv/dev-disk-by-uuid-D454C24354C22856/NAS_4_1/Recorded/2024-3cours/アニメ「チ。―地球の運動について―」ＰＲ　１０／５（土）夜１１：４５放送開始！-2024年10月05日02時.ts, 
file_inpu:アニメ「チ。―地球の運動について―」ＰＲ　１０／５（土）夜１１：４５放送開始！-2024年10月05日02時, 
output_file:/srv/dev-disk-by-uuid-D454C24354C22856/NAS_4_1/Recorded/2024-4cours/アニメ「チ。―地球の運動について―」ＰＲ　１０／５（土）夜１１：４５放送開始！-2024年10月05日02時(1)_cmcut.jpn.srt, 
 input_file:/home/pi/CmcutScp/result/アニメ「チ。―地球の運動について―」ＰＲ　１０／５（土）夜１１：４５放送開始！-2024年10月05日02時/join_logo_scp.csv, 
/home/pi/CmcutScp/result/アニメ「チ。―地球の運動について―」ＰＲ　１０／５（土）夜１１：４５放送開始！-2024年10月05日02時/cm_subtitle_jls.csv 
subtitle_file:/srv/dev-disk-by-uuid-A6DA96A3DA966F75/NAS/Recorded/subtitle/アニメ「チ。―地球の運動について―」ＰＲ　１０／５（土）夜１１：４５放送開始！-2024年10月05日02時.jpn.srt, 
 ts_file_name:アニメ「チ。―地球の運動について―」ＰＲ　１０／５（土）夜１１：４５放送開始！-2024年10月05日02時.ts, 
 ts_file_input:/srv/dev-disk-by-uuid-D454C24354C22856/NAS_4_1/Recorded/2024-3cours/アニメ「チ。―地球の運動について―」ＰＲ　１０／５（土）夜１１：４５放送開始！-2024年10月05日02時.ts, 
file_inpu:アニメ「チ。―地球の運動について―」ＰＲ　１０／５（土）夜１１：４５放送開始！-2024年10月05日02時, 
output_file:/srv/dev-disk-by-uuid-D454C24354C22856/NAS_4_1/Recorded/2024-4cours/アニメ「チ。―地球の運動について―」ＰＲ　１０／５（土）夜１１：４５放送開始！-2024年10月05日02時(2)_cmcut.jpn.srt, 
 input_file:/home/pi/CmcutScp/result/アニメ「チ。―地球の運動について―」ＰＲ　１０／５（土）夜１１：４５放送開始！-2024年10月05日02時/join_logo_scp.csv, 
/home/pi/CmcutScp/result/アニメ「チ。―地球の運動について―」ＰＲ　１０／５（土）夜１１：４５放送開始！-2024年10月05日02時/cm_subtitle_jls.csv 
subtitle_file:/srv/dev-disk-by-uuid-A6DA96A3DA966F75/NAS/Recorded/subtitle/アニメ「チ。―地球の運動について―」ＰＲ　１０／５（土）夜１１：４５放送開始！-2024年10月05日02時.jpn.srt, 
 ts_file_name:アニメ「チ。―地球の運動について―」ＰＲ　１０／５（土）夜１１：４５放送開始！-2024年10月05日02時.ts, 
 ts_file_input:/srv/dev-disk-by-uuid-D454C24354C22856/NAS_4_1/Recorded/2024-3cours/アニメ「チ。―地球の運動について―」ＰＲ　１０／５（土）夜１１：４５放送開始！-2024年10月05日02時.ts, 
file_inpu:アニメ「チ。―地球の運動について―」ＰＲ　１０／５（土）夜１１：４５放送開始！-2024年10月05日02時, 
output_file:/srv/dev-disk-by-uuid-D454C24354C22856/NAS_4_1/Recorded/2024-4cours/アニメ「チ。―地球の運動について―」ＰＲ　１０／５（土）夜１１：４５放送開始！-2024年10月05日02時(3)_cmcut.jpn.srt, 
 input_file:/home/pi/CmcutScp/result/アニメ「チ。―地球の運動について―」ＰＲ　１０／５（土）夜１１：４５放送開始！-2024年10月05日02時/join_logo_scp.csv, 
/home/pi/CmcutScp/result/アニメ「チ。―地球の運動について―」ＰＲ　１０／５（土）夜１１：４５放送開始！-2024年10月05日02時/cm_subtitle_jls.csv 
subtitle_file:/srv/dev-disk-by-uuid-A6DA96A3DA966F75/NAS/Recorded/subtitle/アニメ「チ。―地球の運動について―」ＰＲ　１０／５（土）夜１１：４５放送開始！-2024年10月05日02時.jpn.srt, 
 ts_file_name:アニメ「チ。―地球の運動について―」ＰＲ　１０／５（土）夜１１：４５放送開始！-2024年10月05日02時.ts, 
 ts_file_input:/srv/dev-disk-by-uuid-D454C24354C22856/NAS_4_1/Recorded/2024-3cours/アニメ「チ。―地球の運動について―」ＰＲ　１０／５（土）夜１１：４５放送開始！-2024年10月05日02時.ts, 
file_inpu:アニメ「チ。―地球の運動について―」ＰＲ　１０／５（土）夜１１：４５放送開始！-2024年10月05日02時, 
output_file:/srv/dev-disk-by-uuid-A6DA96A3DA966F75/NAS/Recorded/Movie/アニメ「チ。―地球の運動について―」ＰＲ　１０／５（土）夜１１：４５放送開始！-2024年10月05日02時_cmcut.jpn.srt, 
 input_file:/home/pi/CmcutScp/result/アニメ「チ。―地球の運動について―」ＰＲ　１０／５（土）夜１１：４５放送開始！-2024年10月05日02時/join_logo_scp.csv, 
/home/pi/CmcutScp/result/アニメ「チ。―地球の運動について―」ＰＲ　１０／５（土）夜１１：４５放送開始！-2024年10月05日02時/cm_subtitle_jls.csv 
