AVSスクリプトファイルを生成完了

channelName:--------
BSアニマックス
----------

chapter_exe -v "/home/pi/CmcutScp/result/[字]呪術廻戦 一挙放送(1) 第1～10話-2023年12月23日13時.ts/join_tsfile.avs" -lwi /home/pi/CmcutScp/result/"[字]呪術廻戦 一挙放送(1) 第1～10話-2023年12月23日13時.ts"/chapter_inscp.lwi -oa /home/pi/CmcutScp/result/"[字]呪術廻戦 一挙放送(1) 第1～10話-2023年12月23日13時.ts"/chapter_inscp.txt
該当する .lgd ファイル (BSアニマックス.lgd) が見つかりました。

cmd : logoframe "/home/pi/CmcutScp/result/[字]呪術廻戦 一挙放送(1) 第1～10話-2023年12月23日13時.ts/join_tsfile.avs" -logo "/home/pi/CmcutScp/join_logo_scp_trial/logo/BSアニマックス.lgd" -oa "/home/pi/CmcutScp/result/[字]呪術廻戦 一挙放送(1) 第1～10話-2023年12月23日13時.ts/logoframe_inlogo.txt"

cmd : join_logo_scp -inlogo "/home/pi/CmcutScp/result/[字]呪術廻戦 一挙放送(1) 第1～10話-2023年12月23日13時.ts/logoframe_inlogo.txt" -inscp "/home/pi/CmcutScp/result/[字]呪術廻戦 一挙放送(1) 第1～10話-2023年12月23日13時.ts/chapter_inscp.txt" -incmd "/home/pi/CmcutScp/join_logo_scp_trial/JL/JL_標準.txt" -o "/home/pi/CmcutScp/result/[字]呪術廻戦 一挙放送(1) 第1～10話-2023年12月23日13時.ts/join_logo_scp.txt"

joinOutputFile()
: "/home/pi/CmcutScp/result/[字]呪術廻戦 一挙放送(1) 第1～10話-2023年12月23日13時.ts/join_logo_scp.csv"

 フレーム情報ファイルのパス(joinOutputFile) 
 /home/pi/CmcutScp/result/[字]呪術廻戦 一挙放送(1) 第1～10話-2023年12月23日13時.ts/join_logo_scp.csv 

 フィルターコンプレックスの初期値を設定(data) 
 464,46006
50070,96825
103252,201054
202936,345137
347846,404450
406219,452554
455250,507293
 

generateFilterComplex()
: "[0:v]trim=15.482:1535.068,setpts=PTS-STARTPTS[v0];[0:a]atrim=15.482:1535.068,asetpts=PTS-STARTPTS[a0];[v0]yadif=0[v0_deinterlaced];[0:v]trim=1670.671:3230.731,setpts=PTS-STARTPTS[v1];[0:a]atrim=1670.671:3230.731,asetpts=PTS-STARTPTS[a1];[v1]yadif=0[v1_deinterlaced];[0:v]trim=3445.179:6708.509,setpts=PTS-STARTPTS[v2];[0:a]atrim=3445.179:6708.509,asetpts=PTS-STARTPTS[a2];[v2]yadif=0[v2_deinterlaced];[0:v]trim=6771.305:11516.083,setpts=PTS-STARTPTS[v3];[0:a]atrim=6771.305:11516.083,asetpts=PTS-STARTPTS[a3];[v3]yadif=0[v3_deinterlaced];[0:v]trim=11606.473:13495.162,setpts=PTS-STARTPTS[v4];[0:a]atrim=11606.473:13495.162,asetpts=PTS-STARTPTS[a4];[v4]yadif=0[v4_deinterlaced];[0:v]trim=13554.188:15100.234,setpts=PTS-STARTPTS[v5];[0:a]atrim=13554.188:15100.234,asetpts=PTS-STARTPTS[a5];[v5]yadif=0[v5_deinterlaced];[0:v]trim=15190.190:16926.693,setpts=PTS-STARTPTS[v6];[0:a]atrim=15190.190:16926.693,asetpts=PTS-STARTPTS[a6];[v6]yadif=0[v6_deinterlaced];[v0_deinterlaced][a0][v1_deinterlaced][a1][v2_deinterlaced][a2][v3_deinterlaced][a3][v4_deinterlaced][a4][v5_deinterlaced][a5][v6_deinterlaced][a6]concat=n=7:v=1:a=1"

/usr/bin/ffmpeg:: -y,-analyzeduration,10M,-probesize,32M,-i,/srv/dev-disk-by-uuid-6CCCDC6ACCDC3056/NAS_4/Recorded/2023-1cours/[字]呪術廻戦 一挙放送(1) 第1～10話-2023年12月23日13時.ts,-c:a,aac,-ignore_unknown,-filter_complex,[0:v]trim=15.482:1535.068,setpts=PTS-STARTPTS[v0];[0:a]atrim=15.482:1535.068,asetpts=PTS-STARTPTS[a0];[v0]yadif=0[v0_deinterlaced];[0:v]trim=1670.671:3230.731,setpts=PTS-STARTPTS[v1];[0:a]atrim=1670.671:3230.731,asetpts=PTS-STARTPTS[a1];[v1]yadif=0[v1_deinterlaced];[0:v]trim=3445.179:6708.509,setpts=PTS-STARTPTS[v2];[0:a]atrim=3445.179:6708.509,asetpts=PTS-STARTPTS[a2];[v2]yadif=0[v2_deinterlaced];[0:v]trim=6771.305:11516.083,setpts=PTS-STARTPTS[v3];[0:a]atrim=6771.305:11516.083,asetpts=PTS-STARTPTS[a3];[v3]yadif=0[v3_deinterlaced];[0:v]trim=11606.473:13495.162,setpts=PTS-STARTPTS[v4];[0:a]atrim=11606.473:13495.162,asetpts=PTS-STARTPTS[a4];[v4]yadif=0[v4_deinterlaced];[0:v]trim=13554.188:15100.234,setpts=PTS-STARTPTS[v5];[0:a]atrim=13554.188:15100.234,asetpts=PTS-STARTPTS[a5];[v5]yadif=0[v5_deinterlaced];[0:v]trim=15190.190:16926.693,setpts=PTS-STARTPTS[v6];[0:a]atrim=15190.190:16926.693,asetpts=PTS-STARTPTS[a6];[v6]yadif=0[v6_deinterlaced];[v0_deinterlaced][a0][v1_deinterlaced][a1][v2_deinterlaced][a2][v3_deinterlaced][a3][v4_deinterlaced][a4][v5_deinterlaced][a5][v6_deinterlaced][a6]concat=n=7:v=1:a=1,-b:v,10M,-c:v,h264_v4l2m2m,-aspect,16:9,-f,mp4,-r,29.97,-crf,20,/srv/dev-disk-by-uuid-A6DA96A3DA966F75/NAS/Recorded/TV_Program/呪術廻戦/懐玉・玉折／渋谷事変/[字]呪術廻戦 一挙放送(1) 第1～10話-2023年12月23日13時.mp4

