AVSスクリプトファイルを生成完了

channelName:--------
日テレ1
----------

chapter_exe -v "/home/pi/CmcutScp/result/金曜ロードショー「プリンセスと魔法のキス」★ディズニー傑作ファンタジー[二][字][デ]-2023年12月01日21時.ts/join_tsfile.avs" -lwi /home/pi/CmcutScp/result/"金曜ロードショー「プリンセスと魔法のキス」★ディズニー傑作ファンタジー[二][字][デ]-2023年12月01日21時.ts"/chapter_inscp.lwi -oa /home/pi/CmcutScp/result/"金曜ロードショー「プリンセスと魔法のキス」★ディズニー傑作ファンタジー[二][字][デ]-2023年12月01日21時.ts"/chapter_inscp.txt
該当する .lgd ファイル (日テレ1.lgd) が見つかりました。

cmd : logoframe "/home/pi/CmcutScp/result/金曜ロードショー「プリンセスと魔法のキス」★ディズニー傑作ファンタジー[二][字][デ]-2023年12月01日21時.ts/join_tsfile.avs" -logo "/home/pi/CmcutScp/join_logo_scp_trial/logo/日テレ1.lgd" -oa "/home/pi/CmcutScp/result/金曜ロードショー「プリンセスと魔法のキス」★ディズニー傑作ファンタジー[二][字][デ]-2023年12月01日21時.ts/logoframe_inlogo.txt"

cmd : join_logo_scp -inlogo "/home/pi/CmcutScp/result/金曜ロードショー「プリンセスと魔法のキス」★ディズニー傑作ファンタジー[二][字][デ]-2023年12月01日21時.ts/logoframe_inlogo.txt.txt" -inscp "/home/pi/CmcutScp/result/金曜ロードショー「プリンセスと魔法のキス」★ディズニー傑作ファンタジー[二][字][デ]-2023年12月01日21時.ts/chapter_inscp.txt" -incmd "/home/pi/CmcutScp/join_logo_scp_trial/JL/JL_ATX.txt" -o "/home/pi/CmcutScp/result/金曜ロードショー「プリンセスと魔法のキス」★ディズニー傑作ファンタジー[二][字][デ]-2023年12月01日21時.ts/join_logo_scp.txt"

joinOutputFile()
: "/home/pi/CmcutScp/result/金曜ロードショー「プリンセスと魔法のキス」★ディズニー傑作ファンタジー[二][字][デ]-2023年12月01日21時.ts/join_logo_scp.csv"

 フレーム情報ファイルのパス(joinOutputFile) 
 /home/pi/CmcutScp/result/金曜ロードショー「プリンセスと魔法のキス」★ディズニー傑作ファンタジー[二][字][デ]-2023年12月01日21時.ts/join_logo_scp.csv 

 フィルターコンプレックスの初期値を設定(data) 
 164,40688
45185,64545
68142,68591
69941,84894
90290,119689
125535,143246
145046,145494
149092,163566
168063,180229
185625,203156
 

generateFilterComplex()
: "[0:v]trim=5.472:1357.624,setpts=PTS-STARTPTS[v0];[0:a]atrim=5.472:1357.624,asetpts=PTS-STARTPTS[a0];[v0]yadif=0[v0_deinterlaced];[0:v]trim=1507.674:2153.654,setpts=PTS-STARTPTS[v1];[0:a]atrim=1507.674:2153.654,asetpts=PTS-STARTPTS[a1];[v1]yadif=0[v1_deinterlaced];[0:v]trim=2273.674:2288.655,setpts=PTS-STARTPTS[v2];[0:a]atrim=2273.674:2288.655,asetpts=PTS-STARTPTS[a2];[v2]yadif=0[v2_deinterlaced];[0:v]trim=2333.700:2832.633,setpts=PTS-STARTPTS[v3];[0:a]atrim=2333.700:2832.633,asetpts=PTS-STARTPTS[a3];[v3]yadif=0[v3_deinterlaced];[0:v]trim=3012.679:3993.627,setpts=PTS-STARTPTS[v4];[0:a]atrim=3012.679:3993.627,asetpts=PTS-STARTPTS[a4];[v4]yadif=0[v4_deinterlaced];[0:v]trim=4188.689:4779.646,setpts=PTS-STARTPTS[v5];[0:a]atrim=4188.689:4779.646,asetpts=PTS-STARTPTS[a5];[v5]yadif=0[v5_deinterlaced];[0:v]trim=4839.706:4854.655,setpts=PTS-STARTPTS[v6];[0:a]atrim=4839.706:4854.655,asetpts=PTS-STARTPTS[a6];[v6]yadif=0[v6_deinterlaced];[0:v]trim=4974.708:5457.658,setpts=PTS-STARTPTS[v7];[0:a]atrim=4974.708:5457.658,asetpts=PTS-STARTPTS[a7];[v7]yadif=0[v7_deinterlaced];[0:v]trim=5607.708:6013.647,setpts=PTS-STARTPTS[v8];[0:a]atrim=5607.708:6013.647,asetpts=PTS-STARTPTS[a8];[v8]yadif=0[v8_deinterlaced];[0:v]trim=6193.694:6778.645,setpts=PTS-STARTPTS[v9];[0:a]atrim=6193.694:6778.645,asetpts=PTS-STARTPTS[a9];[v9]yadif=0[v9_deinterlaced];[v0_deinterlaced][a0][v1_deinterlaced][a1][v2_deinterlaced][a2][v3_deinterlaced][a3][v4_deinterlaced][a4][v5_deinterlaced][a5][v6_deinterlaced][a6][v7_deinterlaced][a7][v8_deinterlaced][a8][v9_deinterlaced][a9]concat=n=10:v=1:a=1"

/usr/bin/ffmpeg:: -y,-analyzeduration,10M,-probesize,32M,-i,/srv/dev-disk-by-uuid-A6DA96A3DA966F75/NAS/Recorded/金曜ロードショー「プリンセスと魔法のキス」★ディズニー傑作ファンタジー[二][字][デ]-2023年12月01日21時.ts,-c:a,aac,-ignore_unknown,-filter_complex,[0:v]trim=5.472:1357.624,setpts=PTS-STARTPTS[v0];[0:a]atrim=5.472:1357.624,asetpts=PTS-STARTPTS[a0];[v0]yadif=0[v0_deinterlaced];[0:v]trim=1507.674:2153.654,setpts=PTS-STARTPTS[v1];[0:a]atrim=1507.674:2153.654,asetpts=PTS-STARTPTS[a1];[v1]yadif=0[v1_deinterlaced];[0:v]trim=2273.674:2288.655,setpts=PTS-STARTPTS[v2];[0:a]atrim=2273.674:2288.655,asetpts=PTS-STARTPTS[a2];[v2]yadif=0[v2_deinterlaced];[0:v]trim=2333.700:2832.633,setpts=PTS-STARTPTS[v3];[0:a]atrim=2333.700:2832.633,asetpts=PTS-STARTPTS[a3];[v3]yadif=0[v3_deinterlaced];[0:v]trim=3012.679:3993.627,setpts=PTS-STARTPTS[v4];[0:a]atrim=3012.679:3993.627,asetpts=PTS-STARTPTS[a4];[v4]yadif=0[v4_deinterlaced];[0:v]trim=4188.689:4779.646,setpts=PTS-STARTPTS[v5];[0:a]atrim=4188.689:4779.646,asetpts=PTS-STARTPTS[a5];[v5]yadif=0[v5_deinterlaced];[0:v]trim=4839.706:4854.655,setpts=PTS-STARTPTS[v6];[0:a]atrim=4839.706:4854.655,asetpts=PTS-STARTPTS[a6];[v6]yadif=0[v6_deinterlaced];[0:v]trim=4974.708:5457.658,setpts=PTS-STARTPTS[v7];[0:a]atrim=4974.708:5457.658,asetpts=PTS-STARTPTS[a7];[v7]yadif=0[v7_deinterlaced];[0:v]trim=5607.708:6013.647,setpts=PTS-STARTPTS[v8];[0:a]atrim=5607.708:6013.647,asetpts=PTS-STARTPTS[a8];[v8]yadif=0[v8_deinterlaced];[0:v]trim=6193.694:6778.645,setpts=PTS-STARTPTS[v9];[0:a]atrim=6193.694:6778.645,asetpts=PTS-STARTPTS[a9];[v9]yadif=0[v9_deinterlaced];[v0_deinterlaced][a0][v1_deinterlaced][a1][v2_deinterlaced][a2][v3_deinterlaced][a3][v4_deinterlaced][a4][v5_deinterlaced][a5][v6_deinterlaced][a6][v7_deinterlaced][a7][v8_deinterlaced][a8][v9_deinterlaced][a9]concat=n=10:v=1:a=1,-b:v,3M,-c:v,h264_v4l2m2m,-aspect,16:9,-f,mp4,-r,29.97,-crf,20,/srv/dev-disk-by-uuid-A6DA96A3DA966F75/NAS/Recorded/Movie/金曜ロードショー「プリンセスと魔法のキス」★ディズニー傑作ファンタジー[二][字][デ]-2023年12月01日21時.mp4

