AVSスクリプトファイルを生成完了

channelName:--------
テレビ東京1
----------

chapter_exe -v "/home/pi/CmcutScp/result/[新]怪獣８号　第１話「怪獣になった男」[字]-2024年04月13日23時.ts/join_tsfile.avs" -lwi /home/pi/CmcutScp/result/"[新]怪獣８号　第１話「怪獣になった男」[字]-2024年04月13日23時.ts"/chapter_inscp.lwi -oa /home/pi/CmcutScp/result/"[新]怪獣８号　第１話「怪獣になった男」[字]-2024年04月13日23時.ts"/chapter_inscp.txt
該当する .lgd ファイル (テレビ東京1.lgd) が見つかりました。

cmd : logoframe "/home/pi/CmcutScp/result/[新]怪獣８号　第１話「怪獣になった男」[字]-2024年04月13日23時.ts/join_tsfile.avs" -logo "/home/pi/CmcutScp/join_logo_scp_trial/logo/テレビ東京1.lgd" -oa "/home/pi/CmcutScp/result/[新]怪獣８号　第１話「怪獣になった男」[字]-2024年04月13日23時.ts/logoframe_inlogo.txt"

cmd : join_logo_scp -inlogo "/home/pi/CmcutScp/result/[新]怪獣８号　第１話「怪獣になった男」[字]-2024年04月13日23時.ts/logoframe_inlogo.txt" -inscp "/home/pi/CmcutScp/result/[新]怪獣８号　第１話「怪獣になった男」[字]-2024年04月13日23時.ts/chapter_inscp.txt" -incmd "/home/pi/CmcutScp/join_logo_scp_trial/JL/JL_標準.txt" -o "/home/pi/CmcutScp/result/[新]怪獣８号　第１話「怪獣になった男」[字]-2024年04月13日23時.ts/join_logo_scp.txt"

joinOutputFile()
: "/home/pi/CmcutScp/result/[新]怪獣８号　第１話「怪獣になった男」[字]-2024年04月13日23時.ts/join_logo_scp.csv"

 フレーム情報ファイルのパス(joinOutputFile) 
 /home/pi/CmcutScp/result/[新]怪獣８号　第１話「怪獣になった男」[字]-2024年04月13日23時.ts/join_logo_scp.csv 

 フィルターコンプレックスの初期値を設定(data) 
 171,5504
7304,19680
21480,46623
48423,48721
 

generateFilterComplex()
: "[0:v]trim=5.706:183.650,setpts=PTS-STARTPTS[v0];[0:a]atrim=5.706:183.650,asetpts=PTS-STARTPTS[a0];[v0]yadif=0[v0_deinterlaced];[0:v]trim=243.710:656.657,setpts=PTS-STARTPTS[v1];[0:a]atrim=243.710:656.657,asetpts=PTS-STARTPTS[a1];[v1]yadif=0[v1_deinterlaced];[0:v]trim=716.717:1555.656,setpts=PTS-STARTPTS[v2];[0:a]atrim=716.717:1555.656,asetpts=PTS-STARTPTS[a2];[v2]yadif=0[v2_deinterlaced];[0:v]trim=1615.716:1625.659,setpts=PTS-STARTPTS[v3];[0:a]atrim=1615.716:1625.659,asetpts=PTS-STARTPTS[a3];[v3]yadif=0[v3_deinterlaced];[v0_deinterlaced][a0][v1_deinterlaced][a1][v2_deinterlaced][a2][v3_deinterlaced][a3]concat=n=4:v=1:a=1"

/usr/bin/ffmpeg:: -y,-analyzeduration,10M,-probesize,32M,-i,/srv/dev-disk-by-uuid-D454C24354C22856/NAS_4_1/Recorded/2024-2cours/[新]怪獣８号　第１話「怪獣になった男」[字]-2024年04月13日23時.ts,-c:a,aac,-ignore_unknown,-filter_complex,[0:v]trim=5.706:183.650,setpts=PTS-STARTPTS[v0];[0:a]atrim=5.706:183.650,asetpts=PTS-STARTPTS[a0];[v0]yadif=0[v0_deinterlaced];[0:v]trim=243.710:656.657,setpts=PTS-STARTPTS[v1];[0:a]atrim=243.710:656.657,asetpts=PTS-STARTPTS[a1];[v1]yadif=0[v1_deinterlaced];[0:v]trim=716.717:1555.656,setpts=PTS-STARTPTS[v2];[0:a]atrim=716.717:1555.656,asetpts=PTS-STARTPTS[a2];[v2]yadif=0[v2_deinterlaced];[0:v]trim=1615.716:1625.659,setpts=PTS-STARTPTS[v3];[0:a]atrim=1615.716:1625.659,asetpts=PTS-STARTPTS[a3];[v3]yadif=0[v3_deinterlaced];[v0_deinterlaced][a0][v1_deinterlaced][a1][v2_deinterlaced][a2][v3_deinterlaced][a3]concat=n=4:v=1:a=1,-b:v,10M,-c:v,h264_v4l2m2m,-aspect,16:9,-f,mp4,-r,29.97,-crf,20,/srv/dev-disk-by-uuid-A6DA96A3DA966F75/NAS/Recorded/TV_Program/怪獣8号/S1/[新]怪獣８号　第１話「怪獣になった男」[字]-2024年04月13日23時.mp4

