AVSスクリプトファイルを生成完了

channelName:--------
BS11イレブン
----------

chapter_exe -v "/home/pi/CmcutScp/result/夜のクラゲは泳げない　第11話「好きなもの」-2024年06月16日01時/join_tsfile.avs" -lwi /home/pi/CmcutScp/result/"夜のクラゲは泳げない　第11話「好きなもの」-2024年06月16日01時"/chapter_inscp.lwi -oa /home/pi/CmcutScp/result/"夜のクラゲは泳げない　第11話「好きなもの」-2024年06月16日01時"/chapter_inscp.txt
該当する .lgd ファイル (BS11イレブン.lgd) が見つかりました。

cmd : logoframe "/home/pi/CmcutScp/result/夜のクラゲは泳げない　第11話「好きなもの」-2024年06月16日01時/join_tsfile.avs" -logo "/home/pi/CmcutScp/join_logo_scp_trial/logo/BS11イレブン.lgd" -oa "/home/pi/CmcutScp/result/夜のクラゲは泳げない　第11話「好きなもの」-2024年06月16日01時/logoframe_inlogo.txt"

cmd : join_logo_scp -inlogo "/home/pi/CmcutScp/result/夜のクラゲは泳げない　第11話「好きなもの」-2024年06月16日01時/logoframe_inlogo.txt" -inscp "/home/pi/CmcutScp/result/夜のクラゲは泳げない　第11話「好きなもの」-2024年06月16日01時/chapter_inscp.txt" -incmd "/home/pi/CmcutScp/join_logo_scp_trial/JL/JL_標準.txt" -o "/home/pi/CmcutScp/result/夜のクラゲは泳げない　第11話「好きなもの」-2024年06月16日01時/join_logo_scp.txt"

joinOutputFile()
: "/home/pi/CmcutScp/result/夜のクラゲは泳げない　第11話「好きなもの」-2024年06月16日01時/join_logo_scp.csv"

 フレーム情報ファイルのパス(joinOutputFile) 
 /home/pi/CmcutScp/result/夜のクラゲは泳げない　第11話「好きなもの」-2024年06月16日01時/join_logo_scp.csv 

 フィルターコンプレックスの初期値を設定(data) 
 977,3823
5622,26959
28850,46380
48179,48478
 

generateFilterComplex()
: "[0:v]trim=32.599:127.561,setpts=PTS-STARTPTS[v0];[0:a]atrim=32.599:127.561,asetpts=PTS-STARTPTS[a0];[v0]yadif=0[v0_deinterlaced];[0:v]trim=187.588:899.533,setpts=PTS-STARTPTS[v1];[0:a]atrim=187.588:899.533,asetpts=PTS-STARTPTS[a1];[v1]yadif=0[v1_deinterlaced];[0:v]trim=962.629:1547.548,setpts=PTS-STARTPTS[v2];[0:a]atrim=962.629:1547.548,asetpts=PTS-STARTPTS[a2];[v2]yadif=0[v2_deinterlaced];[0:v]trim=1607.574:1617.551,setpts=PTS-STARTPTS[v3];[0:a]atrim=1607.574:1617.551,asetpts=PTS-STARTPTS[a3];[v3]yadif=0[v3_deinterlaced];[v0_deinterlaced][a0][v1_deinterlaced][a1][v2_deinterlaced][a2][v3_deinterlaced][a3]concat=n=4:v=1:a=1"

/usr/bin/ffmpeg:: -y,-analyzeduration,10M,-probesize,32M,-i,/srv/dev-disk-by-uuid-D454C24354C22856/NAS_4_1/Recorded/2024-2cours/夜のクラゲは泳げない　第11話「好きなもの」-2024年06月16日01時.ts,-c:a,aac,-ignore_unknown,-filter_complex,[0:v]trim=32.599:127.561,setpts=PTS-STARTPTS[v0];[0:a]atrim=32.599:127.561,asetpts=PTS-STARTPTS[a0];[v0]yadif=0[v0_deinterlaced];[0:v]trim=187.588:899.533,setpts=PTS-STARTPTS[v1];[0:a]atrim=187.588:899.533,asetpts=PTS-STARTPTS[a1];[v1]yadif=0[v1_deinterlaced];[0:v]trim=962.629:1547.548,setpts=PTS-STARTPTS[v2];[0:a]atrim=962.629:1547.548,asetpts=PTS-STARTPTS[a2];[v2]yadif=0[v2_deinterlaced];[0:v]trim=1607.574:1617.551,setpts=PTS-STARTPTS[v3];[0:a]atrim=1607.574:1617.551,asetpts=PTS-STARTPTS[a3];[v3]yadif=0[v3_deinterlaced];[v0_deinterlaced][a0][v1_deinterlaced][a1][v2_deinterlaced][a2][v3_deinterlaced][a3]concat=n=4:v=1:a=1,-b:v,10M,-c:v,h264_v4l2m2m,-aspect,16:9,-f,mp4,-r,29.97,-crf,20,/srv/dev-disk-by-uuid-A6DA96A3DA966F75/NAS/Recorded/TV_Program/夜のクラゲは泳げない/S1/夜のクラゲは泳げない　第11話「好きなもの」-2024年06月16日01時.mp4

