AVSスクリプトファイルを生成完了

channelName:--------
テレ東
----------

chapter_exe -v "/home/pi/CmcutScp/result/狼と香辛料　ＭＥＲＣＨＡＮＴ　ＭＥＥＴＳ　ＴＨＥ　ＷＩＳＥ　ＷＯＬＦ第二十幕-2024年08月20日01時/join_tsfile.avs" -lwi /home/pi/CmcutScp/result/"狼と香辛料　ＭＥＲＣＨＡＮＴ　ＭＥＥＴＳ　ＴＨＥ　ＷＩＳＥ　ＷＯＬＦ第二十幕-2024年08月20日01時"/chapter_inscp.lwi -oa /home/pi/CmcutScp/result/"狼と香辛料　ＭＥＲＣＨＡＮＴ　ＭＥＥＴＳ　ＴＨＥ　ＷＩＳＥ　ＷＯＬＦ第二十幕-2024年08月20日01時"/chapter_inscp.txt
該当する .lgd ファイル (テレ東.lgd) が見つかりました。

cmd : logoframe "/home/pi/CmcutScp/result/狼と香辛料　ＭＥＲＣＨＡＮＴ　ＭＥＥＴＳ　ＴＨＥ　ＷＩＳＥ　ＷＯＬＦ第二十幕-2024年08月20日01時/join_tsfile.avs" -logo "/home/pi/CmcutScp/join_logo_scp_trial/logo/テレ東.lgd" -oa "/home/pi/CmcutScp/result/狼と香辛料　ＭＥＲＣＨＡＮＴ　ＭＥＥＴＳ　ＴＨＥ　ＷＩＳＥ　ＷＯＬＦ第二十幕-2024年08月20日01時/logoframe_inlogo.txt"

cmd : join_logo_scp -inlogo "/home/pi/CmcutScp/result/狼と香辛料　ＭＥＲＣＨＡＮＴ　ＭＥＥＴＳ　ＴＨＥ　ＷＩＳＥ　ＷＯＬＦ第二十幕-2024年08月20日01時/logoframe_inlogo.txt" -inscp "/home/pi/CmcutScp/result/狼と香辛料　ＭＥＲＣＨＡＮＴ　ＭＥＥＴＳ　ＴＨＥ　ＷＩＳＥ　ＷＯＬＦ第二十幕-2024年08月20日01時/chapter_inscp.txt" -incmd "/home/pi/CmcutScp/join_logo_scp_trial/JL/JL_標準.txt" -o "/home/pi/CmcutScp/result/狼と香辛料　ＭＥＲＣＨＡＮＴ　ＭＥＥＴＳ　ＴＨＥ　ＷＩＳＥ　ＷＯＬＦ第二十幕-2024年08月20日01時/join_logo_scp.txt"

joinOutputFile()
: "/home/pi/CmcutScp/result/狼と香辛料　ＭＥＲＣＨＡＮＴ　ＭＥＥＴＳ　ＴＨＥ　ＷＩＳＥ　ＷＯＬＦ第二十幕-2024年08月20日01時/join_logo_scp.csv"

 フレーム情報ファイルのパス(joinOutputFile) 
 /home/pi/CmcutScp/result/狼と香辛料　ＭＥＲＣＨＡＮＴ　ＭＥＥＴＳ　ＴＨＥ　ＷＩＳＥ　ＷＯＬＦ第二十幕-2024年08月20日01時/join_logo_scp.csv 

------------------------
1列目の1行目の値が0のため、外部コマンドを実行します: /home/pi/EPGStation/config/run_encode_error.sh encod_error "0,3904
5703,23175
24974,46761
48561,49009
"

 フィルターコンプレックスの初期値を設定(data) 
 0,3904
5703,23175
24974,46761
48561,49009
 

