--------
曜日 月  日  年  時:分:秒 
Mon Oct 07 2024 22:31:01 GMT+0900 (Japan Standard Time)
----------

↓↓↓↓↓↓↓↓↓↓↓↓↓↓↓↓↓↓↓↓↓↓↓↓↓↓↓↓↓↓↓↓↓↓

/home/pi/EPGStation/config/enc-cm-enh-0000.jsで追記
AVSスクリプトファイルを生成完了

channelName:
--------
日テレ1
----------

chapter_exe -v "/home/pi/CmcutScp/result/金曜ロードショー「名探偵ピカチュウ」★本編ノーカット★[二][字][デ]-2024年10月04日21時/join_tsfile.avs" -lwi /home/pi/CmcutScp/result/"金曜ロードショー「名探偵ピカチュウ」★本編ノーカット★[二][字][デ]-2024年10月04日21時"/chapter_inscp.lwi -oa /home/pi/CmcutScp/result/"金曜ロードショー「名探偵ピカチュウ」★本編ノーカット★[二][字][デ]-2024年10月04日21時"/chapter_inscp.txt
該当する .lgd ファイル (日テレ1.lgd) が見つかりました。

cmd : logoframe "/home/pi/CmcutScp/result/金曜ロードショー「名探偵ピカチュウ」★本編ノーカット★[二][字][デ]-2024年10月04日21時/join_tsfile.avs" -logo "/home/pi/CmcutScp/join_logo_scp_trial/logo/日テレ1.lgd" -oa "/home/pi/CmcutScp/result/金曜ロードショー「名探偵ピカチュウ」★本編ノーカット★[二][字][デ]-2024年10月04日21時/logoframe_inlogo.txt"

cmd : join_logo_scp -inlogo "/home/pi/CmcutScp/result/金曜ロードショー「名探偵ピカチュウ」★本編ノーカット★[二][字][デ]-2024年10月04日21時/logoframe_inlogo.txt" -inscp "/home/pi/CmcutScp/result/金曜ロードショー「名探偵ピカチュウ」★本編ノーカット★[二][字][デ]-2024年10月04日21時/chapter_inscp.txt" -incmd "/home/pi/CmcutScp/join_logo_scp_trial/JL/JL_標準.txt" -o "/home/pi/CmcutScp/result/金曜ロードショー「名探偵ピカチュウ」★本編ノーカット★[二][字][デ]-2024年10月04日21時/join_logo_scp.txt"

joinOutputFile()
: "/home/pi/CmcutScp/result/金曜ロードショー「名探偵ピカチュウ」★本編ノーカット★[二][字][デ]-2024年10月04日21時/join_logo_scp.csv"

 フレーム情報ファイルのパス(joinOutputFile) 
 /home/pi/CmcutScp/result/金曜ロードショー「名探偵ピカチュウ」★本編ノーカット★[二][字][デ]-2024年10月04日21時/join_logo_scp.csv 

 フィルターコンプレックスの初期値を設定(data) 
 1070,38111
43058,60499
66794,84385
90230,126763
133058,159011
165305,186613
191109,212806
 

generateFilterComplex()
: "[0:v]trim=35.702:1271.638,setpts=PTS-STARTPTS[v0];[0:a]atrim=35.702:1271.638,asetpts=PTS-STARTPTS[a0];[v0]yadif=0[v0_deinterlaced];[0:v]trim=1436.703:2018.652,setpts=PTS-STARTPTS[v1];[0:a]atrim=1436.703:2018.652,asetpts=PTS-STARTPTS[a1];[v1]yadif=0[v1_deinterlaced];[0:v]trim=2228.695:2815.649,setpts=PTS-STARTPTS[v2];[0:a]atrim=2228.695:2815.649,asetpts=PTS-STARTPTS[a2];[v2]yadif=0[v2_deinterlaced];[0:v]trim=3010.677:4229.663,setpts=PTS-STARTPTS[v3];[0:a]atrim=3010.677:4229.663,asetpts=PTS-STARTPTS[a3];[v3]yadif=0[v3_deinterlaced];[0:v]trim=4439.706:5305.672,setpts=PTS-STARTPTS[v4];[0:a]atrim=4439.706:5305.672,asetpts=PTS-STARTPTS[a4];[v4]yadif=0[v4_deinterlaced];[0:v]trim=5515.682:6226.660,setpts=PTS-STARTPTS[v5];[0:a]atrim=5515.682:6226.660,asetpts=PTS-STARTPTS[a5];[v5]yadif=0[v5_deinterlaced];[0:v]trim=6376.677:7100.634,setpts=PTS-STARTPTS[v6];[0:a]atrim=6376.677:7100.634,asetpts=PTS-STARTPTS[a6];[v6]yadif=0[v6_deinterlaced];[v0_deinterlaced][a0][v1_deinterlaced][a1][v2_deinterlaced][a2][v3_deinterlaced][a3][v4_deinterlaced][a4][v5_deinterlaced][a5][v6_deinterlaced][a6]concat=n=7:v=1:a=1"

/usr/bin/ffmpeg:: -y,-analyzeduration,10M,-probesize,32M,-i,/srv/dev-disk-by-uuid-D454C24354C22856/NAS_4_1/Recorded/2024-4cours/encode_faild/金曜ロードショー「名探偵ピカチュウ」★本編ノーカット★[二][字][デ]-2024年10月04日21時.mp4,-c:a,aac,-ignore_unknown,-filter_complex,[0:v]trim=35.702:1271.638,setpts=PTS-STARTPTS[v0];[0:a]atrim=35.702:1271.638,asetpts=PTS-STARTPTS[a0];[v0]yadif=0[v0_deinterlaced];[0:v]trim=1436.703:2018.652,setpts=PTS-STARTPTS[v1];[0:a]atrim=1436.703:2018.652,asetpts=PTS-STARTPTS[a1];[v1]yadif=0[v1_deinterlaced];[0:v]trim=2228.695:2815.649,setpts=PTS-STARTPTS[v2];[0:a]atrim=2228.695:2815.649,asetpts=PTS-STARTPTS[a2];[v2]yadif=0[v2_deinterlaced];[0:v]trim=3010.677:4229.663,setpts=PTS-STARTPTS[v3];[0:a]atrim=3010.677:4229.663,asetpts=PTS-STARTPTS[a3];[v3]yadif=0[v3_deinterlaced];[0:v]trim=4439.706:5305.672,setpts=PTS-STARTPTS[v4];[0:a]atrim=4439.706:5305.672,asetpts=PTS-STARTPTS[a4];[v4]yadif=0[v4_deinterlaced];[0:v]trim=5515.682:6226.660,setpts=PTS-STARTPTS[v5];[0:a]atrim=5515.682:6226.660,asetpts=PTS-STARTPTS[a5];[v5]yadif=0[v5_deinterlaced];[0:v]trim=6376.677:7100.634,setpts=PTS-STARTPTS[v6];[0:a]atrim=6376.677:7100.634,asetpts=PTS-STARTPTS[a6];[v6]yadif=0[v6_deinterlaced];[v0_deinterlaced][a0][v1_deinterlaced][a1][v2_deinterlaced][a2][v3_deinterlaced][a3][v4_deinterlaced][a4][v5_deinterlaced][a5][v6_deinterlaced][a6]concat=n=7:v=1:a=1,-b:v,10M,-c:v,h264_v4l2m2m,-aspect,16:9,-f,mp4,-r,29.97,-crf,20,/srv/dev-disk-by-uuid-A6DA96A3DA966F75/NAS/Recorded/Movie/金曜ロードショー「名探偵ピカチュウ」★本編ノーカット★[二][字][デ]-2024年10月04日21時.mp4

ecm-subtitle-12.s を実行: INPUT="/srv/dev-disk-by-uuid-D454C24354C22856/NAS_4_1/Recorded/2024-3cours/金曜ロードショー「名探偵ピカチュウ」★本編ノーカット★[二][字][デ]-2024年10月04日21時.ts" OUTPUT="/srv/dev-disk-by-uuid-A6DA96A3DA966F75/NAS/Recorded/Movie/金曜ロードショー「名探偵ピカチュウ」★本編ノーカット★[二][字][デ]-2024年10月04日21時_cmcut.jpn.srt" /bin/bash /home/pi/EPGStation/config/cm-subtitle-12.sh

