AVSスクリプトファイルを生成完了

channelName:--------
BSアニマックス
----------

chapter_exe -v "/home/pi/CmcutScp/result/[字]呪術廻戦 一挙放送(2) 第11～17話-2023年12月24日13時.ts/join_tsfile.avs" -lwi /home/pi/CmcutScp/result/"[字]呪術廻戦 一挙放送(2) 第11～17話-2023年12月24日13時.ts"/chapter_inscp.lwi -oa /home/pi/CmcutScp/result/"[字]呪術廻戦 一挙放送(2) 第11～17話-2023年12月24日13時.ts"/chapter_inscp.txt
該当する .lgd ファイル (BSアニマックス.lgd) が見つかりました。

cmd : logoframe "/home/pi/CmcutScp/result/[字]呪術廻戦 一挙放送(2) 第11～17話-2023年12月24日13時.ts/join_tsfile.avs" -logo "/home/pi/CmcutScp/join_logo_scp_trial/logo/BSアニマックス.lgd" -oa "/home/pi/CmcutScp/result/[字]呪術廻戦 一挙放送(2) 第11～17話-2023年12月24日13時.ts/logoframe_inlogo.txt"

cmd : join_logo_scp -inlogo "/home/pi/CmcutScp/result/[字]呪術廻戦 一挙放送(2) 第11～17話-2023年12月24日13時.ts/logoframe_inlogo.txt" -inscp "/home/pi/CmcutScp/result/[字]呪術廻戦 一挙放送(2) 第11～17話-2023年12月24日13時.ts/chapter_inscp.txt" -incmd "/home/pi/CmcutScp/join_logo_scp_trial/JL/JL_標準.txt" -o "/home/pi/CmcutScp/result/[字]呪術廻戦 一挙放送(2) 第11～17話-2023年12月24日13時.ts/join_logo_scp.txt"

joinOutputFile()
: "/home/pi/CmcutScp/result/[字]呪術廻戦 一挙放送(2) 第11～17話-2023年12月24日13時.ts/join_logo_scp.csv"

 フレーム情報ファイルのパス(joinOutputFile) 
 /home/pi/CmcutScp/result/[字]呪術廻戦 一挙放送(2) 第11～17話-2023年12月24日13時.ts/join_logo_scp.csv 

 フィルターコンプレックスの初期値を設定(data) 
 120,45225
49708,97538
101121,147723
150421,292584
295278,354034
 

generateFilterComplex()
: "[0:v]trim=4.004:1509.009,setpts=PTS-STARTPTS[v0];[0:a]atrim=4.004:1509.009,asetpts=PTS-STARTPTS[a0];[v0]yadif=0[v0_deinterlaced];[0:v]trim=1658.592:3254.521,setpts=PTS-STARTPTS[v1];[0:a]atrim=1658.592:3254.521,asetpts=PTS-STARTPTS[a1];[v1]yadif=0[v1_deinterlaced];[0:v]trim=3374.074:4929.029,setpts=PTS-STARTPTS[v2];[0:a]atrim=3374.074:4929.029,asetpts=PTS-STARTPTS[a2];[v2]yadif=0[v2_deinterlaced];[0:v]trim=5019.052:9762.563,setpts=PTS-STARTPTS[v3];[0:a]atrim=5019.052:9762.563,asetpts=PTS-STARTPTS[a3];[v3]yadif=0[v3_deinterlaced];[0:v]trim=9852.452:11812.946,setpts=PTS-STARTPTS[v4];[0:a]atrim=9852.452:11812.946,asetpts=PTS-STARTPTS[a4];[v4]yadif=0[v4_deinterlaced];[v0_deinterlaced][a0][v1_deinterlaced][a1][v2_deinterlaced][a2][v3_deinterlaced][a3][v4_deinterlaced][a4]concat=n=5:v=1:a=1"

/usr/bin/ffmpeg:: -y,-analyzeduration,10M,-probesize,32M,-i,/srv/dev-disk-by-uuid-6CCCDC6ACCDC3056/NAS_4/Recorded/2023-1cours/[字]呪術廻戦 一挙放送(2) 第11～17話-2023年12月24日13時.ts,-c:a,aac,-ignore_unknown,-filter_complex,[0:v]trim=4.004:1509.009,setpts=PTS-STARTPTS[v0];[0:a]atrim=4.004:1509.009,asetpts=PTS-STARTPTS[a0];[v0]yadif=0[v0_deinterlaced];[0:v]trim=1658.592:3254.521,setpts=PTS-STARTPTS[v1];[0:a]atrim=1658.592:3254.521,asetpts=PTS-STARTPTS[a1];[v1]yadif=0[v1_deinterlaced];[0:v]trim=3374.074:4929.029,setpts=PTS-STARTPTS[v2];[0:a]atrim=3374.074:4929.029,asetpts=PTS-STARTPTS[a2];[v2]yadif=0[v2_deinterlaced];[0:v]trim=5019.052:9762.563,setpts=PTS-STARTPTS[v3];[0:a]atrim=5019.052:9762.563,asetpts=PTS-STARTPTS[a3];[v3]yadif=0[v3_deinterlaced];[0:v]trim=9852.452:11812.946,setpts=PTS-STARTPTS[v4];[0:a]atrim=9852.452:11812.946,asetpts=PTS-STARTPTS[a4];[v4]yadif=0[v4_deinterlaced];[v0_deinterlaced][a0][v1_deinterlaced][a1][v2_deinterlaced][a2][v3_deinterlaced][a3][v4_deinterlaced][a4]concat=n=5:v=1:a=1,-b:v,10M,-c:v,h264_v4l2m2m,-aspect,16:9,-f,mp4,-r,29.97,-crf,20,/srv/dev-disk-by-uuid-A6DA96A3DA966F75/NAS/Recorded/TV_Program/呪術廻戦/懐玉・玉折／渋谷事変/[字]呪術廻戦 一挙放送(2) 第11～17話-2023年12月24日13時.mp4

