AVSスクリプトファイルを生成完了

channelName:--------
BS11イレブン
----------

chapter_exe -v "/home/pi/CmcutScp/result/テレビアニメ「鬼滅の刃」柱稽古編[終]第８話「柱・結集」-2024年07月07日00時/join_tsfile.avs" -lwi /home/pi/CmcutScp/result/"テレビアニメ「鬼滅の刃」柱稽古編[終]第８話「柱・結集」-2024年07月07日00時"/chapter_inscp.lwi -oa /home/pi/CmcutScp/result/"テレビアニメ「鬼滅の刃」柱稽古編[終]第８話「柱・結集」-2024年07月07日00時"/chapter_inscp.txt
該当する .lgd ファイル (BS11イレブン.lgd) が見つかりました。

cmd : logoframe "/home/pi/CmcutScp/result/テレビアニメ「鬼滅の刃」柱稽古編[終]第８話「柱・結集」-2024年07月07日00時/join_tsfile.avs" -logo "/home/pi/CmcutScp/join_logo_scp_trial/logo/BS11イレブン.lgd" -oa "/home/pi/CmcutScp/result/テレビアニメ「鬼滅の刃」柱稽古編[終]第８話「柱・結集」-2024年07月07日00時/logoframe_inlogo.txt"

cmd : join_logo_scp -inlogo "/home/pi/CmcutScp/result/テレビアニメ「鬼滅の刃」柱稽古編[終]第８話「柱・結集」-2024年07月07日00時/logoframe_inlogo.txt" -inscp "/home/pi/CmcutScp/result/テレビアニメ「鬼滅の刃」柱稽古編[終]第８話「柱・結集」-2024年07月07日00時/chapter_inscp.txt" -incmd "/home/pi/CmcutScp/join_logo_scp_trial/JL/JL_標準.txt" -o "/home/pi/CmcutScp/result/テレビアニメ「鬼滅の刃」柱稽古編[終]第８話「柱・結集」-2024年07月07日00時/join_logo_scp.txt"

joinOutputFile()
: "/home/pi/CmcutScp/result/テレビアニメ「鬼滅の刃」柱稽古編[終]第８話「柱・結集」-2024年07月07日00時/join_logo_scp.csv"

 フレーム情報ファイルのパス(joinOutputFile) 
 /home/pi/CmcutScp/result/テレビアニメ「鬼滅の刃」柱稽古編[終]第８話「柱・結集」-2024年07月07日00時/join_logo_scp.csv 

 フィルターコンプレックスの初期値を設定(data) 
 3642,5107
9156,14520
18117,42422
46019,85669
89266,96698
97148,97597
 

generateFilterComplex()
: "[0:v]trim=121.522:170.404,setpts=PTS-STARTPTS[v0];[0:a]atrim=121.522:170.404,asetpts=PTS-STARTPTS[a0];[v0]yadif=0[v0_deinterlaced];[0:v]trim=305.506:484.484,setpts=PTS-STARTPTS[v1];[0:a]atrim=305.506:484.484,asetpts=PTS-STARTPTS[a1];[v1]yadif=0[v1_deinterlaced];[0:v]trim=604.505:1415.482,setpts=PTS-STARTPTS[v2];[0:a]atrim=604.505:1415.482,asetpts=PTS-STARTPTS[a2];[v2]yadif=0[v2_deinterlaced];[0:v]trim=1535.502:2858.492,setpts=PTS-STARTPTS[v3];[0:a]atrim=1535.502:2858.492,asetpts=PTS-STARTPTS[a3];[v3]yadif=0[v3_deinterlaced];[0:v]trim=2978.512:3226.493,setpts=PTS-STARTPTS[v4];[0:a]atrim=2978.512:3226.493,asetpts=PTS-STARTPTS[a4];[v4]yadif=0[v4_deinterlaced];[0:v]trim=3241.508:3256.490,setpts=PTS-STARTPTS[v5];[0:a]atrim=3241.508:3256.490,asetpts=PTS-STARTPTS[a5];[v5]yadif=0[v5_deinterlaced];[v0_deinterlaced][a0][v1_deinterlaced][a1][v2_deinterlaced][a2][v3_deinterlaced][a3][v4_deinterlaced][a4][v5_deinterlaced][a5]concat=n=6:v=1:a=1"

/usr/bin/ffmpeg:: -y,-analyzeduration,10M,-probesize,32M,-i,/srv/dev-disk-by-uuid-D454C24354C22856/NAS_4_1/Recorded/2024-1cours/テレビアニメ「鬼滅の刃」柱稽古編[終]第８話「柱・結集」-2024年07月07日00時.ts,-c:a,aac,-ignore_unknown,-filter_complex,[0:v]trim=121.522:170.404,setpts=PTS-STARTPTS[v0];[0:a]atrim=121.522:170.404,asetpts=PTS-STARTPTS[a0];[v0]yadif=0[v0_deinterlaced];[0:v]trim=305.506:484.484,setpts=PTS-STARTPTS[v1];[0:a]atrim=305.506:484.484,asetpts=PTS-STARTPTS[a1];[v1]yadif=0[v1_deinterlaced];[0:v]trim=604.505:1415.482,setpts=PTS-STARTPTS[v2];[0:a]atrim=604.505:1415.482,asetpts=PTS-STARTPTS[a2];[v2]yadif=0[v2_deinterlaced];[0:v]trim=1535.502:2858.492,setpts=PTS-STARTPTS[v3];[0:a]atrim=1535.502:2858.492,asetpts=PTS-STARTPTS[a3];[v3]yadif=0[v3_deinterlaced];[0:v]trim=2978.512:3226.493,setpts=PTS-STARTPTS[v4];[0:a]atrim=2978.512:3226.493,asetpts=PTS-STARTPTS[a4];[v4]yadif=0[v4_deinterlaced];[0:v]trim=3241.508:3256.490,setpts=PTS-STARTPTS[v5];[0:a]atrim=3241.508:3256.490,asetpts=PTS-STARTPTS[a5];[v5]yadif=0[v5_deinterlaced];[v0_deinterlaced][a0][v1_deinterlaced][a1][v2_deinterlaced][a2][v3_deinterlaced][a3][v4_deinterlaced][a4][v5_deinterlaced][a5]concat=n=6:v=1:a=1,-b:v,10M,-c:v,h264_v4l2m2m,-aspect,16:9,-f,mp4,-r,29.97,-crf,20,/srv/dev-disk-by-uuid-A6DA96A3DA966F75/NAS/Recorded/TV_Program/鬼滅の刃/柱稽古編/テレビアニメ「鬼滅の刃」柱稽古編[終]第８話「柱・結集」-2024年07月07日00時.mp4

