--------
曜日 月  日  年  時:分:秒 
Tue Oct 08 2024 10:19:11 GMT+0900 (Japan Standard Time)
----------

↓↓↓↓↓↓↓↓↓↓↓↓↓↓↓↓↓↓↓↓↓↓↓↓↓↓↓↓↓↓↓↓↓↓

/home/pi/EPGStation/config/enc-cm-enh-0000.jsで追記
AVSスクリプトファイルを生成完了

channelName:
--------
日テレ1
----------

chapter_exe -v "/home/pi/CmcutScp/result/金曜ロードショー「バズ・ライトイヤー」★初放送★本編ノーカット★[二][字][デ]-2024年09月27日21時/join_tsfile.avs" -lwi /home/pi/CmcutScp/result/"金曜ロードショー「バズ・ライトイヤー」★初放送★本編ノーカット★[二][字][デ]-2024年09月27日21時"/chapter_inscp.lwi -oa /home/pi/CmcutScp/result/"金曜ロードショー「バズ・ライトイヤー」★初放送★本編ノーカット★[二][字][デ]-2024年09月27日21時"/chapter_inscp.txt
該当する .lgd ファイル (日テレ1.lgd) が見つかりました。

cmd : logoframe "/home/pi/CmcutScp/result/金曜ロードショー「バズ・ライトイヤー」★初放送★本編ノーカット★[二][字][デ]-2024年09月27日21時/join_tsfile.avs" -logo "/home/pi/CmcutScp/join_logo_scp_trial/logo/日テレ1.lgd" -oa "/home/pi/CmcutScp/result/金曜ロードショー「バズ・ライトイヤー」★初放送★本編ノーカット★[二][字][デ]-2024年09月27日21時/logoframe_inlogo.txt"

cmd : join_logo_scp -inlogo "/home/pi/CmcutScp/result/金曜ロードショー「バズ・ライトイヤー」★初放送★本編ノーカット★[二][字][デ]-2024年09月27日21時/logoframe_inlogo.txt" -inscp "/home/pi/CmcutScp/result/金曜ロードショー「バズ・ライトイヤー」★初放送★本編ノーカット★[二][字][デ]-2024年09月27日21時/chapter_inscp.txt" -incmd "/home/pi/CmcutScp/join_logo_scp_trial/JL/JL_標準.txt" -o "/home/pi/CmcutScp/result/金曜ロードショー「バズ・ライトイヤー」★初放送★本編ノーカット★[二][字][デ]-2024年09月27日21時/join_logo_scp.txt"

joinOutputFile()
: "/home/pi/CmcutScp/result/金曜ロードショー「バズ・ライトイヤー」★初放送★本編ノーカット★[二][字][デ]-2024年09月27日21時/join_logo_scp.csv"

 フレーム情報ファイルのパス(joinOutputFile) 
 /home/pi/CmcutScp/result/金曜ロードショー「バズ・ライトイヤー」★初放送★本編ノーカット★[二][字][デ]-2024年09月27日21時/join_logo_scp.csv 

 フィルターコンプレックスの初期値を設定(data) 
 1072,39013
43959,61700
67545,87294
93589,122359
128654,149065
155357,169771
173369,185746
191591,212808
 

generateFilterComplex()
: "[0:v]trim=35.769:1301.735,setpts=PTS-STARTPTS[v0];[0:a]atrim=35.769:1301.735,asetpts=PTS-STARTPTS[a0];[v0]yadif=0[v0_deinterlaced];[0:v]trim=1466.767:2058.725,setpts=PTS-STARTPTS[v1];[0:a]atrim=1466.767:2058.725,asetpts=PTS-STARTPTS[a1];[v1]yadif=0[v1_deinterlaced];[0:v]trim=2253.754:2912.713,setpts=PTS-STARTPTS[v2];[0:a]atrim=2253.754:2912.713,asetpts=PTS-STARTPTS[a2];[v2]yadif=0[v2_deinterlaced];[0:v]trim=3122.756:4082.716,setpts=PTS-STARTPTS[v3];[0:a]atrim=3122.756:4082.716,asetpts=PTS-STARTPTS[a3];[v3]yadif=0[v3_deinterlaced];[0:v]trim=4292.759:4973.807,setpts=PTS-STARTPTS[v4];[0:a]atrim=4292.759:4973.807,asetpts=PTS-STARTPTS[a4];[v4]yadif=0[v4_deinterlaced];[0:v]trim=5183.750:5664.698,setpts=PTS-STARTPTS[v5];[0:a]atrim=5183.750:5664.698,asetpts=PTS-STARTPTS[a5];[v5]yadif=0[v5_deinterlaced];[0:v]trim=5784.751:6197.731,setpts=PTS-STARTPTS[v6];[0:a]atrim=5784.751:6197.731,asetpts=PTS-STARTPTS[a6];[v6]yadif=0[v6_deinterlaced];[0:v]trim=6392.759:7100.701,setpts=PTS-STARTPTS[v7];[0:a]atrim=6392.759:7100.701,asetpts=PTS-STARTPTS[a7];[v7]yadif=0[v7_deinterlaced];[v0_deinterlaced][a0][v1_deinterlaced][a1][v2_deinterlaced][a2][v3_deinterlaced][a3][v4_deinterlaced][a4][v5_deinterlaced][a5][v6_deinterlaced][a6][v7_deinterlaced][a7]concat=n=8:v=1:a=1"

/usr/bin/ffmpeg:: -y,-analyzeduration,10M,-probesize,32M,-i,/srv/dev-disk-by-uuid-D454C24354C22856/NAS_4_1/Recorded/2024-4cours/encode_faild/金曜ロードショー「バズ・ライトイヤー」★初放送★本編ノーカット★[二][字][デ]-2024年09月27日21時.mp4,-c:a,aac,-ignore_unknown,-filter_complex,[0:v]trim=35.769:1301.735,setpts=PTS-STARTPTS[v0];[0:a]atrim=35.769:1301.735,asetpts=PTS-STARTPTS[a0];[v0]yadif=0[v0_deinterlaced];[0:v]trim=1466.767:2058.725,setpts=PTS-STARTPTS[v1];[0:a]atrim=1466.767:2058.725,asetpts=PTS-STARTPTS[a1];[v1]yadif=0[v1_deinterlaced];[0:v]trim=2253.754:2912.713,setpts=PTS-STARTPTS[v2];[0:a]atrim=2253.754:2912.713,asetpts=PTS-STARTPTS[a2];[v2]yadif=0[v2_deinterlaced];[0:v]trim=3122.756:4082.716,setpts=PTS-STARTPTS[v3];[0:a]atrim=3122.756:4082.716,asetpts=PTS-STARTPTS[a3];[v3]yadif=0[v3_deinterlaced];[0:v]trim=4292.759:4973.807,setpts=PTS-STARTPTS[v4];[0:a]atrim=4292.759:4973.807,asetpts=PTS-STARTPTS[a4];[v4]yadif=0[v4_deinterlaced];[0:v]trim=5183.750:5664.698,setpts=PTS-STARTPTS[v5];[0:a]atrim=5183.750:5664.698,asetpts=PTS-STARTPTS[a5];[v5]yadif=0[v5_deinterlaced];[0:v]trim=5784.751:6197.731,setpts=PTS-STARTPTS[v6];[0:a]atrim=5784.751:6197.731,asetpts=PTS-STARTPTS[a6];[v6]yadif=0[v6_deinterlaced];[0:v]trim=6392.759:7100.701,setpts=PTS-STARTPTS[v7];[0:a]atrim=6392.759:7100.701,asetpts=PTS-STARTPTS[a7];[v7]yadif=0[v7_deinterlaced];[v0_deinterlaced][a0][v1_deinterlaced][a1][v2_deinterlaced][a2][v3_deinterlaced][a3][v4_deinterlaced][a4][v5_deinterlaced][a5][v6_deinterlaced][a6][v7_deinterlaced][a7]concat=n=8:v=1:a=1,-b:v,10M,-c:v,h264_v4l2m2m,-aspect,16:9,-f,mp4,-r,29.97,-crf,20,/srv/dev-disk-by-uuid-A6DA96A3DA966F75/NAS/Recorded/Movie/金曜ロードショー「バズ・ライトイヤー」★初放送★本編ノーカット★[二][字][デ]-2024年09月27日21時.mp4

ecm-subtitle-12.s を実行: INPUT="/srv/dev-disk-by-uuid-D454C24354C22856/NAS_4_1/Recorded/2024-3cours/金曜ロードショー「バズ・ライトイヤー」★初放送★本編ノーカット★[二][字][デ]-2024年09月27日21時.ts" OUTPUT="/srv/dev-disk-by-uuid-A6DA96A3DA966F75/NAS/Recorded/Movie/金曜ロードショー「バズ・ライトイヤー」★初放送★本編ノーカット★[二][字][デ]-2024年09月27日21時_cmcut.jpn.srt" /bin/bash /home/pi/EPGStation/config/cm-subtitle-12.sh

