AVSスクリプトファイルを生成完了

channelName:--------
日テレ1
----------

chapter_exe -v "/home/pi/CmcutScp/result/金曜ロードショー「猫の恩返し」★スタジオジブリ作品★本編ノーカット放送[解][字][デ]-2024年05月03日21時.ts/join_tsfile.avs" -lwi /home/pi/CmcutScp/result/"金曜ロードショー「猫の恩返し」★スタジオジブリ作品★本編ノーカット放送[解][字][デ]-2024年05月03日21時.ts"/chapter_inscp.lwi -oa /home/pi/CmcutScp/result/"金曜ロードショー「猫の恩返し」★スタジオジブリ作品★本編ノーカット放送[解][字][デ]-2024年05月03日21時.ts"/chapter_inscp.txt
該当する .lgd ファイル (日テレ1.lgd) が見つかりました。

cmd : logoframe "/home/pi/CmcutScp/result/金曜ロードショー「猫の恩返し」★スタジオジブリ作品★本編ノーカット放送[解][字][デ]-2024年05月03日21時.ts/join_tsfile.avs" -logo "/home/pi/CmcutScp/join_logo_scp_trial/logo/日テレ1.lgd" -oa "/home/pi/CmcutScp/result/金曜ロードショー「猫の恩返し」★スタジオジブリ作品★本編ノーカット放送[解][字][デ]-2024年05月03日21時.ts/logoframe_inlogo.txt"

cmd : join_logo_scp -inlogo "/home/pi/CmcutScp/result/金曜ロードショー「猫の恩返し」★スタジオジブリ作品★本編ノーカット放送[解][字][デ]-2024年05月03日21時.ts/logoframe_inlogo.txt" -inscp "/home/pi/CmcutScp/result/金曜ロードショー「猫の恩返し」★スタジオジブリ作品★本編ノーカット放送[解][字][デ]-2024年05月03日21時.ts/chapter_inscp.txt" -incmd "/home/pi/CmcutScp/join_logo_scp_trial/JL/JL_標準.txt" -o "/home/pi/CmcutScp/result/金曜ロードショー「猫の恩返し」★スタジオジブリ作品★本編ノーカット放送[解][字][デ]-2024年05月03日21時.ts/join_logo_scp.txt"

joinOutputFile()
: "/home/pi/CmcutScp/result/金曜ロードショー「猫の恩返し」★スタジオジブリ作品★本編ノーカット放送[解][字][デ]-2024年05月03日21時.ts/join_logo_scp.csv"

 フレーム情報ファイルのパス(joinOutputFile) 
 /home/pi/CmcutScp/result/金曜ロードショー「猫の恩返し」★スタジオジブリ作品★本編ノーカット放送[解][字][デ]-2024年05月03日21時.ts/join_logo_scp.csv 

 フィルターコンプレックスの初期値を設定(data) 
 1065,32411
36908,48773
55070,72840
78236,93999
97597,113452
120195,131252
136648,147857
153701,203211
 

generateFilterComplex()
: "[0:v]trim=35.536:1081.448,setpts=PTS-STARTPTS[v0];[0:a]atrim=35.536:1081.448,asetpts=PTS-STARTPTS[a0];[v0]yadif=0[v0_deinterlaced];[0:v]trim=1231.498:1627.394,setpts=PTS-STARTPTS[v1];[0:a]atrim=1231.498:1627.394,asetpts=PTS-STARTPTS[a1];[v1]yadif=0[v1_deinterlaced];[0:v]trim=1837.504:2430.430,setpts=PTS-STARTPTS[v2];[0:a]atrim=1837.504:2430.430,asetpts=PTS-STARTPTS[a2];[v2]yadif=0[v2_deinterlaced];[0:v]trim=2610.477:3136.436,setpts=PTS-STARTPTS[v3];[0:a]atrim=2610.477:3136.436,asetpts=PTS-STARTPTS[a3];[v3]yadif=0[v3_deinterlaced];[0:v]trim=3256.490:3785.519,setpts=PTS-STARTPTS[v4];[0:a]atrim=3256.490:3785.519,asetpts=PTS-STARTPTS[a4];[v4]yadif=0[v4_deinterlaced];[0:v]trim=4010.511:4379.446,setpts=PTS-STARTPTS[v5];[0:a]atrim=4010.511:4379.446,asetpts=PTS-STARTPTS[a5];[v5]yadif=0[v5_deinterlaced];[0:v]trim=4559.493:4933.500,setpts=PTS-STARTPTS[v6];[0:a]atrim=4559.493:4933.500,asetpts=PTS-STARTPTS[a6];[v6]yadif=0[v6_deinterlaced];[0:v]trim=5128.495:6780.480,setpts=PTS-STARTPTS[v7];[0:a]atrim=5128.495:6780.480,asetpts=PTS-STARTPTS[a7];[v7]yadif=0[v7_deinterlaced];[v0_deinterlaced][a0][v1_deinterlaced][a1][v2_deinterlaced][a2][v3_deinterlaced][a3][v4_deinterlaced][a4][v5_deinterlaced][a5][v6_deinterlaced][a6][v7_deinterlaced][a7]concat=n=8:v=1:a=1"

/usr/bin/ffmpeg:: -y,-analyzeduration,10M,-probesize,32M,-i,/srv/dev-disk-by-uuid-D454C24354C22856/NAS_4_1/Recorded/2024-2cours/金曜ロードショー「猫の恩返し」★スタジオジブリ作品★本編ノーカット放送[解][字][デ]-2024年05月03日21時.ts,-c:a,aac,-ignore_unknown,-filter_complex,[0:v]trim=35.536:1081.448,setpts=PTS-STARTPTS[v0];[0:a]atrim=35.536:1081.448,asetpts=PTS-STARTPTS[a0];[v0]yadif=0[v0_deinterlaced];[0:v]trim=1231.498:1627.394,setpts=PTS-STARTPTS[v1];[0:a]atrim=1231.498:1627.394,asetpts=PTS-STARTPTS[a1];[v1]yadif=0[v1_deinterlaced];[0:v]trim=1837.504:2430.430,setpts=PTS-STARTPTS[v2];[0:a]atrim=1837.504:2430.430,asetpts=PTS-STARTPTS[a2];[v2]yadif=0[v2_deinterlaced];[0:v]trim=2610.477:3136.436,setpts=PTS-STARTPTS[v3];[0:a]atrim=2610.477:3136.436,asetpts=PTS-STARTPTS[a3];[v3]yadif=0[v3_deinterlaced];[0:v]trim=3256.490:3785.519,setpts=PTS-STARTPTS[v4];[0:a]atrim=3256.490:3785.519,asetpts=PTS-STARTPTS[a4];[v4]yadif=0[v4_deinterlaced];[0:v]trim=4010.511:4379.446,setpts=PTS-STARTPTS[v5];[0:a]atrim=4010.511:4379.446,asetpts=PTS-STARTPTS[a5];[v5]yadif=0[v5_deinterlaced];[0:v]trim=4559.493:4933.500,setpts=PTS-STARTPTS[v6];[0:a]atrim=4559.493:4933.500,asetpts=PTS-STARTPTS[a6];[v6]yadif=0[v6_deinterlaced];[0:v]trim=5128.495:6780.480,setpts=PTS-STARTPTS[v7];[0:a]atrim=5128.495:6780.480,asetpts=PTS-STARTPTS[a7];[v7]yadif=0[v7_deinterlaced];[v0_deinterlaced][a0][v1_deinterlaced][a1][v2_deinterlaced][a2][v3_deinterlaced][a3][v4_deinterlaced][a4][v5_deinterlaced][a5][v6_deinterlaced][a6][v7_deinterlaced][a7]concat=n=8:v=1:a=1,-b:v,10M,-c:v,h264_v4l2m2m,-aspect,16:9,-f,mp4,-r,29.97,-crf,20,/srv/dev-disk-by-uuid-A6DA96A3DA966F75/NAS/Recorded/Movie/金曜ロードショー「猫の恩返し」★スタジオジブリ作品★本編ノーカット放送[解][字][デ]-2024年05月03日21時.mp4

