AVSスクリプトファイルを生成完了

channelName:--------
日テレ1
----------

chapter_exe -v "/home/pi/CmcutScp/result/１時間でわかる転スラ　第１期まるっとまとめてみた件-2024年04月04日01時.ts/join_tsfile.avs" -lwi /home/pi/CmcutScp/result/"１時間でわかる転スラ　第１期まるっとまとめてみた件-2024年04月04日01時.ts"/chapter_inscp.lwi -oa /home/pi/CmcutScp/result/"１時間でわかる転スラ　第１期まるっとまとめてみた件-2024年04月04日01時.ts"/chapter_inscp.txt
該当する .lgd ファイル (日テレ1.lgd) が見つかりました。

cmd : logoframe "/home/pi/CmcutScp/result/１時間でわかる転スラ　第１期まるっとまとめてみた件-2024年04月04日01時.ts/join_tsfile.avs" -logo "/home/pi/CmcutScp/join_logo_scp_trial/logo/日テレ1.lgd" -oa "/home/pi/CmcutScp/result/１時間でわかる転スラ　第１期まるっとまとめてみた件-2024年04月04日01時.ts/logoframe_inlogo.txt"

cmd : join_logo_scp -inlogo "/home/pi/CmcutScp/result/１時間でわかる転スラ　第１期まるっとまとめてみた件-2024年04月04日01時.ts/logoframe_inlogo.txt" -inscp "/home/pi/CmcutScp/result/１時間でわかる転スラ　第１期まるっとまとめてみた件-2024年04月04日01時.ts/chapter_inscp.txt" -incmd "/home/pi/CmcutScp/join_logo_scp_trial/JL/JL_標準.txt" -o "/home/pi/CmcutScp/result/１時間でわかる転スラ　第１期まるっとまとめてみた件-2024年04月04日01時.ts/join_logo_scp.txt"

joinOutputFile()
: "/home/pi/CmcutScp/result/１時間でわかる転スラ　第１期まるっとまとめてみた件-2024年04月04日01時.ts/join_logo_scp.csv"

 フレーム情報ファイルのパス(joinOutputFile) 
 /home/pi/CmcutScp/result/１時間でわかる転スラ　第１期まるっとまとめてみた件-2024年04月04日01時.ts/join_logo_scp.csv 

 フィルターコンプレックスの初期値を設定(data) 
 2868,6882
10480,19620
23218,36313
39911,51184
57024,69640
73687,87172
91220,106713
 

generateFilterComplex()
: "[0:v]trim=95.696:229.630,setpts=PTS-STARTPTS[v0];[0:a]atrim=95.696:229.630,asetpts=PTS-STARTPTS[a0];[v0]yadif=0[v0_deinterlaced];[0:v]trim=349.683:654.655,setpts=PTS-STARTPTS[v1];[0:a]atrim=349.683:654.655,asetpts=PTS-STARTPTS[a1];[v1]yadif=0[v1_deinterlaced];[0:v]trim=774.708:1211.645,setpts=PTS-STARTPTS[v2];[0:a]atrim=774.708:1211.645,asetpts=PTS-STARTPTS[a2];[v2]yadif=0[v2_deinterlaced];[0:v]trim=1331.698:1707.841,setpts=PTS-STARTPTS[v3];[0:a]atrim=1331.698:1707.841,asetpts=PTS-STARTPTS[a3];[v3]yadif=0[v3_deinterlaced];[0:v]trim=1902.703:2323.657,setpts=PTS-STARTPTS[v4];[0:a]atrim=1902.703:2323.657,asetpts=PTS-STARTPTS[a4];[v4]yadif=0[v4_deinterlaced];[0:v]trim=2458.692:2908.642,setpts=PTS-STARTPTS[v5];[0:a]atrim=2458.692:2908.642,asetpts=PTS-STARTPTS[a5];[v5]yadif=0[v5_deinterlaced];[0:v]trim=3043.710:3560.661,setpts=PTS-STARTPTS[v6];[0:a]atrim=3043.710:3560.661,asetpts=PTS-STARTPTS[a6];[v6]yadif=0[v6_deinterlaced];[v0_deinterlaced][a0][v1_deinterlaced][a1][v2_deinterlaced][a2][v3_deinterlaced][a3][v4_deinterlaced][a4][v5_deinterlaced][a5][v6_deinterlaced][a6]concat=n=7:v=1:a=1"

/usr/bin/ffmpeg:: -y,-analyzeduration,10M,-probesize,32M,-i,/srv/dev-disk-by-uuid-D454C24354C22856/NAS_4_1/Recorded/2024-2cours/１時間でわかる転スラ　第１期まるっとまとめてみた件-2024年04月04日01時.ts,-c:a,aac,-ignore_unknown,-filter_complex,[0:v]trim=95.696:229.630,setpts=PTS-STARTPTS[v0];[0:a]atrim=95.696:229.630,asetpts=PTS-STARTPTS[a0];[v0]yadif=0[v0_deinterlaced];[0:v]trim=349.683:654.655,setpts=PTS-STARTPTS[v1];[0:a]atrim=349.683:654.655,asetpts=PTS-STARTPTS[a1];[v1]yadif=0[v1_deinterlaced];[0:v]trim=774.708:1211.645,setpts=PTS-STARTPTS[v2];[0:a]atrim=774.708:1211.645,asetpts=PTS-STARTPTS[a2];[v2]yadif=0[v2_deinterlaced];[0:v]trim=1331.698:1707.841,setpts=PTS-STARTPTS[v3];[0:a]atrim=1331.698:1707.841,asetpts=PTS-STARTPTS[a3];[v3]yadif=0[v3_deinterlaced];[0:v]trim=1902.703:2323.657,setpts=PTS-STARTPTS[v4];[0:a]atrim=1902.703:2323.657,asetpts=PTS-STARTPTS[a4];[v4]yadif=0[v4_deinterlaced];[0:v]trim=2458.692:2908.642,setpts=PTS-STARTPTS[v5];[0:a]atrim=2458.692:2908.642,asetpts=PTS-STARTPTS[a5];[v5]yadif=0[v5_deinterlaced];[0:v]trim=3043.710:3560.661,setpts=PTS-STARTPTS[v6];[0:a]atrim=3043.710:3560.661,asetpts=PTS-STARTPTS[a6];[v6]yadif=0[v6_deinterlaced];[v0_deinterlaced][a0][v1_deinterlaced][a1][v2_deinterlaced][a2][v3_deinterlaced][a3][v4_deinterlaced][a4][v5_deinterlaced][a5][v6_deinterlaced][a6]concat=n=7:v=1:a=1,-b:v,10M,-c:v,h264_v4l2m2m,-aspect,16:9,-f,mp4,-r,29.97,-crf,20,/srv/dev-disk-by-uuid-A6DA96A3DA966F75/NAS/Recorded/TV_Program/転生したらスライムだった件/S3/１時間でわかる転スラ　第１期まるっとまとめてみた件-2024年04月04日01時.mp4

