--------
曜日 月  日  年  時:分:秒 
Tue Oct 08 2024 19:55:09 GMT+0900 (Japan Standard Time)
----------

↓↓↓↓↓↓↓↓↓↓↓↓↓↓↓↓↓↓↓↓↓↓↓↓↓↓↓↓↓↓↓↓↓↓

/home/pi/EPGStation/config/enc-cm-enh-0000.jsで追記
AVSスクリプトファイルを生成完了

channelName:
--------
BS11イレブン
----------

chapter_exe -v "/home/pi/CmcutScp/result/【推しの子】　＃23-2024年09月26日00時/join_tsfile.avs" -lwi /home/pi/CmcutScp/result/"【推しの子】　＃23-2024年09月26日00時"/chapter_inscp.lwi -oa /home/pi/CmcutScp/result/"【推しの子】　＃23-2024年09月26日00時"/chapter_inscp.txt
該当する .lgd ファイル (BS11イレブン.lgd) が見つかりました。

cmd : logoframe "/home/pi/CmcutScp/result/【推しの子】　＃23-2024年09月26日00時/join_tsfile.avs" -logo "/home/pi/CmcutScp/join_logo_scp_trial/logo/BS11イレブン.lgd" -oa "/home/pi/CmcutScp/result/【推しの子】　＃23-2024年09月26日00時/logoframe_inlogo.txt"

cmd : join_logo_scp -inlogo "/home/pi/CmcutScp/result/【推しの子】　＃23-2024年09月26日00時/logoframe_inlogo.txt" -inscp "/home/pi/CmcutScp/result/【推しの子】　＃23-2024年09月26日00時/chapter_inscp.txt" -incmd "/home/pi/CmcutScp/join_logo_scp_trial/JL/JL_標準.txt" -o "/home/pi/CmcutScp/result/【推しの子】　＃23-2024年09月26日00時/join_logo_scp.txt"

joinOutputFile()
: "/home/pi/CmcutScp/result/【推しの子】　＃23-2024年09月26日00時/join_logo_scp.csv"

 フレーム情報ファイルのパス(joinOutputFile) 
 /home/pi/CmcutScp/result/【推しの子】　＃23-2024年09月26日00時/join_logo_scp.csv 

 フィルターコンプレックスの初期値を設定(data) 
 47,2732
3632,25809
27608,48586
 

generateFilterComplex()
: "[0:v]trim=1.568:91.158,setpts=PTS-STARTPTS[v0];[0:a]atrim=1.568:91.158,asetpts=PTS-STARTPTS[a0];[v0]yadif=0[v0_deinterlaced];[0:v]trim=121.188:861.161,setpts=PTS-STARTPTS[v1];[0:a]atrim=121.188:861.161,asetpts=PTS-STARTPTS[a1];[v1]yadif=0[v1_deinterlaced];[0:v]trim=921.188:1621.154,setpts=PTS-STARTPTS[v2];[0:a]atrim=921.188:1621.154,asetpts=PTS-STARTPTS[a2];[v2]yadif=0[v2_deinterlaced];[v0_deinterlaced][a0][v1_deinterlaced][a1][v2_deinterlaced][a2]concat=n=3:v=1:a=1"

/usr/bin/ffmpeg:: -y,-analyzeduration,10M,-probesize,32M,-i,/srv/dev-disk-by-uuid-D454C24354C22856/NAS_4_1/Recorded/2024-4cours/encode_faild/【推しの子】　＃23-2024年09月26日00時.mp4,-c:a,aac,-ignore_unknown,-filter_complex,[0:v]trim=1.568:91.158,setpts=PTS-STARTPTS[v0];[0:a]atrim=1.568:91.158,asetpts=PTS-STARTPTS[a0];[v0]yadif=0[v0_deinterlaced];[0:v]trim=121.188:861.161,setpts=PTS-STARTPTS[v1];[0:a]atrim=121.188:861.161,asetpts=PTS-STARTPTS[a1];[v1]yadif=0[v1_deinterlaced];[0:v]trim=921.188:1621.154,setpts=PTS-STARTPTS[v2];[0:a]atrim=921.188:1621.154,asetpts=PTS-STARTPTS[a2];[v2]yadif=0[v2_deinterlaced];[v0_deinterlaced][a0][v1_deinterlaced][a1][v2_deinterlaced][a2]concat=n=3:v=1:a=1,-b:v,10M,-c:v,h264_v4l2m2m,-aspect,16:9,-f,mp4,-r,29.97,-crf,20,/srv/dev-disk-by-uuid-A6DA96A3DA966F75/NAS/Recorded/TV_Program/推しの子/S2/【推しの子】　＃23-2024年09月26日00時.mp4

ecm-subtitle-12.s を実行: INPUT="/srv/dev-disk-by-uuid-D454C24354C22856/NAS_4_1/Recorded/2024-3cours/【推しの子】　＃23-2024年09月26日00時.ts" OUTPUT="/srv/dev-disk-by-uuid-A6DA96A3DA966F75/NAS/Recorded/TV_Program/推しの子/S2/【推しの子】　＃23-2024年09月26日00時_cmcut.jpn.srt" /bin/bash /home/pi/EPGStation/config/cm-subtitle-12.sh

