AVSスクリプトファイルを生成完了

channelName:--------
日テレ1
----------

chapter_exe -v "/home/pi/CmcutScp/result/金曜ロードショー「リメンバー・ミー」★ディズニー＆ピクサーの大ヒット作★[二][字][デ]-2024年07月19日21時/join_tsfile.avs" -lwi /home/pi/CmcutScp/result/"金曜ロードショー「リメンバー・ミー」★ディズニー＆ピクサーの大ヒット作★[二][字][デ]-2024年07月19日21時"/chapter_inscp.lwi -oa /home/pi/CmcutScp/result/"金曜ロードショー「リメンバー・ミー」★ディズニー＆ピクサーの大ヒット作★[二][字][デ]-2024年07月19日21時"/chapter_inscp.txt
該当する .lgd ファイル (日テレ1.lgd) が見つかりました。

cmd : logoframe "/home/pi/CmcutScp/result/金曜ロードショー「リメンバー・ミー」★ディズニー＆ピクサーの大ヒット作★[二][字][デ]-2024年07月19日21時/join_tsfile.avs" -logo "/home/pi/CmcutScp/join_logo_scp_trial/logo/日テレ1.lgd" -oa "/home/pi/CmcutScp/result/金曜ロードショー「リメンバー・ミー」★ディズニー＆ピクサーの大ヒット作★[二][字][デ]-2024年07月19日21時/logoframe_inlogo.txt"

cmd : join_logo_scp -inlogo "/home/pi/CmcutScp/result/金曜ロードショー「リメンバー・ミー」★ディズニー＆ピクサーの大ヒット作★[二][字][デ]-2024年07月19日21時/logoframe_inlogo.txt" -inscp "/home/pi/CmcutScp/result/金曜ロードショー「リメンバー・ミー」★ディズニー＆ピクサーの大ヒット作★[二][字][デ]-2024年07月19日21時/chapter_inscp.txt" -incmd "/home/pi/CmcutScp/join_logo_scp_trial/JL/JL_標準.txt" -o "/home/pi/CmcutScp/result/金曜ロードショー「リメンバー・ミー」★ディズニー＆ピクサーの大ヒット作★[二][字][デ]-2024年07月19日21時/join_logo_scp.txt"

joinOutputFile()
: "/home/pi/CmcutScp/result/金曜ロードショー「リメンバー・ミー」★ディズニー＆ピクサーの大ヒット作★[二][字][デ]-2024年07月19日21時/join_logo_scp.csv"

 フレーム情報ファイルのパス(joinOutputFile) 
 /home/pi/CmcutScp/result/金曜ロードショー「リメンバー・ミー」★ディズニー＆ピクサーの大ヒット作★[二][字][デ]-2024年07月19日21時/join_logo_scp.csv 

 フィルターコンプレックスの初期値を設定(data) 
 1059,41816
46313,69149
74545,86411
91807,127740
133136,145932
151328,169248
173745,186002
190948,212795
 

generateFilterComplex()
: "[0:v]trim=35.335:1395.262,setpts=PTS-STARTPTS[v0];[0:a]atrim=35.335:1395.262,asetpts=PTS-STARTPTS[a0];[v0]yadif=0[v0_deinterlaced];[0:v]trim=1545.312:2307.274,setpts=PTS-STARTPTS[v1];[0:a]atrim=1545.312:2307.274,asetpts=PTS-STARTPTS[a1];[v1]yadif=0[v1_deinterlaced];[0:v]trim=2487.321:2883.250,setpts=PTS-STARTPTS[v2];[0:a]atrim=2487.321:2883.250,asetpts=PTS-STARTPTS[a2];[v2]yadif=0[v2_deinterlaced];[0:v]trim=3063.297:4262.262,setpts=PTS-STARTPTS[v3];[0:a]atrim=3063.297:4262.262,asetpts=PTS-STARTPTS[a3];[v3]yadif=0[v3_deinterlaced];[0:v]trim=4442.309:4869.269,setpts=PTS-STARTPTS[v4];[0:a]atrim=4442.309:4869.269,asetpts=PTS-STARTPTS[a4];[v4]yadif=0[v4_deinterlaced];[0:v]trim=5049.316:5647.247,setpts=PTS-STARTPTS[v5];[0:a]atrim=5049.316:5647.247,asetpts=PTS-STARTPTS[a5];[v5]yadif=0[v5_deinterlaced];[0:v]trim=5797.297:6206.273,setpts=PTS-STARTPTS[v6];[0:a]atrim=5797.297:6206.273,asetpts=PTS-STARTPTS[a6];[v6]yadif=0[v6_deinterlaced];[0:v]trim=6371.305:7100.267,setpts=PTS-STARTPTS[v7];[0:a]atrim=6371.305:7100.267,asetpts=PTS-STARTPTS[a7];[v7]yadif=0[v7_deinterlaced];[v0_deinterlaced][a0][v1_deinterlaced][a1][v2_deinterlaced][a2][v3_deinterlaced][a3][v4_deinterlaced][a4][v5_deinterlaced][a5][v6_deinterlaced][a6][v7_deinterlaced][a7]concat=n=8:v=1:a=1"

/usr/bin/ffmpeg:: -y,-analyzeduration,10M,-probesize,32M,-i,/srv/dev-disk-by-uuid-D454C24354C22856/NAS_4_1/Recorded/2024-3cours/金曜ロードショー「リメンバー・ミー」★ディズニー＆ピクサーの大ヒット作★[二][字][デ]-2024年07月19日21時.ts,-c:a,aac,-ignore_unknown,-filter_complex,[0:v]trim=35.335:1395.262,setpts=PTS-STARTPTS[v0];[0:a]atrim=35.335:1395.262,asetpts=PTS-STARTPTS[a0];[v0]yadif=0[v0_deinterlaced];[0:v]trim=1545.312:2307.274,setpts=PTS-STARTPTS[v1];[0:a]atrim=1545.312:2307.274,asetpts=PTS-STARTPTS[a1];[v1]yadif=0[v1_deinterlaced];[0:v]trim=2487.321:2883.250,setpts=PTS-STARTPTS[v2];[0:a]atrim=2487.321:2883.250,asetpts=PTS-STARTPTS[a2];[v2]yadif=0[v2_deinterlaced];[0:v]trim=3063.297:4262.262,setpts=PTS-STARTPTS[v3];[0:a]atrim=3063.297:4262.262,asetpts=PTS-STARTPTS[a3];[v3]yadif=0[v3_deinterlaced];[0:v]trim=4442.309:4869.269,setpts=PTS-STARTPTS[v4];[0:a]atrim=4442.309:4869.269,asetpts=PTS-STARTPTS[a4];[v4]yadif=0[v4_deinterlaced];[0:v]trim=5049.316:5647.247,setpts=PTS-STARTPTS[v5];[0:a]atrim=5049.316:5647.247,asetpts=PTS-STARTPTS[a5];[v5]yadif=0[v5_deinterlaced];[0:v]trim=5797.297:6206.273,setpts=PTS-STARTPTS[v6];[0:a]atrim=5797.297:6206.273,asetpts=PTS-STARTPTS[a6];[v6]yadif=0[v6_deinterlaced];[0:v]trim=6371.305:7100.267,setpts=PTS-STARTPTS[v7];[0:a]atrim=6371.305:7100.267,asetpts=PTS-STARTPTS[a7];[v7]yadif=0[v7_deinterlaced];[v0_deinterlaced][a0][v1_deinterlaced][a1][v2_deinterlaced][a2][v3_deinterlaced][a3][v4_deinterlaced][a4][v5_deinterlaced][a5][v6_deinterlaced][a6][v7_deinterlaced][a7]concat=n=8:v=1:a=1,-b:v,10M,-c:v,h264_v4l2m2m,-aspect,16:9,-f,mp4,-r,29.97,-crf,20,/srv/dev-disk-by-uuid-A6DA96A3DA966F75/NAS/Recorded/Movie/金曜ロードショー「リメンバー・ミー」★ディズニー＆ピクサーの大ヒット作★[二][字][デ]-2024年07月19日21時.mp4

