subtitle_file:/srv/dev-disk-by-uuid-A6DA96A3DA966F75/NAS/Recorded/subtitle/Ｖｅｎｕｅ１０１　Ｐｒｅｓｅｎｔｓ　Ｃｒｅｅｐｙ　Ｎｕｔｓ　ＴＨＥ　ＬＩＶＥ[字]-2024年10月05日23時.jpn.srt, 
 ts_file_name:Ｖｅｎｕｅ１０１　Ｐｒｅｓｅｎｔｓ　Ｃｒｅｅｐｙ　Ｎｕｔｓ　ＴＨＥ　ＬＩＶＥ[字]-2024年10月05日23時, 
 ts_file_input:/srv/dev-disk-by-uuid-D454C24354C22856/NAS_4_1/Recorded/2024-4cours/encode_faild/Ｖｅｎｕｅ１０１　Ｐｒｅｓｅｎｔｓ　Ｃｒｅｅｐｙ　Ｎｕｔｓ　ＴＨＥ　ＬＩＶＥ[字]-2024年10月05日23時, 
file_inpu:Ｖｅｎｕｅ１０１　Ｐｒｅｓｅｎｔｓ　Ｃｒｅｅｐｙ　Ｎｕｔｓ　ＴＨＥ　ＬＩＶＥ[字]-2024年10月05日23時, 
output_file:/srv/dev-disk-by-uuid-D454C24354C22856/NAS_4_1/Recorded/2024-4cours/Ｖｅｎｕｅ１０１　Ｐｒｅｓｅｎｔｓ　Ｃｒｅｅｐｙ　Ｎｕｔｓ　ＴＨＥ　ＬＩＶＥ[字]-2024年10月05日23時, 
 input_file:/home/pi/CmcutScp/result/Ｖｅｎｕｅ１０１　Ｐｒｅｓｅｎｔｓ　Ｃｒｅｅｐｙ　Ｎｕｔｓ　ＴＨＥ　ＬＩＶＥ[字]-2024年10月05日23時/join_logo_scp.csv, 
/home/pi/CmcutScp/result/Ｖｅｎｕｅ１０１　Ｐｒｅｓｅｎｔｓ　Ｃｒｅｅｐｙ　Ｎｕｔｓ　ＴＨＥ　ＬＩＶＥ[字]-2024年10月05日23時/cm_subtitle_jls.csv 
subtitle_file:/srv/dev-disk-by-uuid-A6DA96A3DA966F75/NAS/Recorded/subtitle/Ｖｅｎｕｅ１０１　Ｐｒｅｓｅｎｔｓ　Ｃｒｅｅｐｙ　Ｎｕｔｓ　ＴＨＥ　ＬＩＶＥ[字]-2024年10月05日23時.jpn.srt, 
 ts_file_name:Ｖｅｎｕｅ１０１　Ｐｒｅｓｅｎｔｓ　Ｃｒｅｅｐｙ　Ｎｕｔｓ　ＴＨＥ　ＬＩＶＥ[字]-2024年10月05日23時.ts, 
 ts_file_input:/srv/dev-disk-by-uuid-D454C24354C22856/NAS_4_1/Recorded/2024-4cours/encode_faild/Ｖｅｎｕｅ１０１　Ｐｒｅｓｅｎｔｓ　Ｃｒｅｅｐｙ　Ｎｕｔｓ　ＴＨＥ　ＬＩＶＥ[字]-2024年10月05日23時.ts, 
file_inpu:Ｖｅｎｕｅ１０１　Ｐｒｅｓｅｎｔｓ　Ｃｒｅｅｐｙ　Ｎｕｔｓ　ＴＨＥ　ＬＩＶＥ[字]-2024年10月05日23時, 
output_file:/srv/dev-disk-by-uuid-D454C24354C22856/NAS_4_1/Recorded/2024-4cours/Ｖｅｎｕｅ１０１　Ｐｒｅｓｅｎｔｓ　Ｃｒｅｅｐｙ　Ｎｕｔｓ　ＴＨＥ　ＬＩＶＥ[字]-2024年10月05日23時, 
 input_file:/home/pi/CmcutScp/result/Ｖｅｎｕｅ１０１　Ｐｒｅｓｅｎｔｓ　Ｃｒｅｅｐｙ　Ｎｕｔｓ　ＴＨＥ　ＬＩＶＥ[字]-2024年10月05日23時/join_logo_scp.csv, 
/home/pi/CmcutScp/result/Ｖｅｎｕｅ１０１　Ｐｒｅｓｅｎｔｓ　Ｃｒｅｅｐｙ　Ｎｕｔｓ　ＴＨＥ　ＬＩＶＥ[字]-2024年10月05日23時/cm_subtitle_jls.csv 
subtitle_file:/srv/dev-disk-by-uuid-A6DA96A3DA966F75/NAS/Recorded/subtitle/Ｖｅｎｕｅ１０１　Ｐｒｅｓｅｎｔｓ　Ｃｒｅｅｐｙ　Ｎｕｔｓ　ＴＨＥ　ＬＩＶＥ[字]-2024年10月05日23時.jpn.srt, 
 ts_file_name:Ｖｅｎｕｅ１０１　Ｐｒｅｓｅｎｔｓ　Ｃｒｅｅｐｙ　Ｎｕｔｓ　ＴＨＥ　ＬＩＶＥ[字]-2024年10月05日23時.ts, 
 ts_file_input:/srv/dev-disk-by-uuid-D454C24354C22856/NAS_4_1/Recorded/2024-4cours/encode_faild/Ｖｅｎｕｅ１０１　Ｐｒｅｓｅｎｔｓ　Ｃｒｅｅｐｙ　Ｎｕｔｓ　ＴＨＥ　ＬＩＶＥ[字]-2024年10月05日23時.ts, 
file_inpu:Ｖｅｎｕｅ１０１　Ｐｒｅｓｅｎｔｓ　Ｃｒｅｅｐｙ　Ｎｕｔｓ　ＴＨＥ　ＬＩＶＥ[字]-2024年10月05日23時, 
output_file:/srv/dev-disk-by-uuid-D454C24354C22856/NAS_4_1/Recorded/2024-4cours/Ｖｅｎｕｅ１０１　Ｐｒｅｓｅｎｔｓ　Ｃｒｅｅｐｙ　Ｎｕｔｓ　ＴＨＥ　ＬＩＶＥ[字]-2024年10月05日23時(2), 
 input_file:/home/pi/CmcutScp/result/Ｖｅｎｕｅ１０１　Ｐｒｅｓｅｎｔｓ　Ｃｒｅｅｐｙ　Ｎｕｔｓ　ＴＨＥ　ＬＩＶＥ[字]-2024年10月05日23時/join_logo_scp.csv, 
/home/pi/CmcutScp/result/Ｖｅｎｕｅ１０１　Ｐｒｅｓｅｎｔｓ　Ｃｒｅｅｐｙ　Ｎｕｔｓ　ＴＨＥ　ＬＩＶＥ[字]-2024年10月05日23時/cm_subtitle_jls.csv 
subtitle_file:/srv/dev-disk-by-uuid-A6DA96A3DA966F75/NAS/Recorded/subtitle/Ｖｅｎｕｅ１０１　Ｐｒｅｓｅｎｔｓ　Ｃｒｅｅｐｙ　Ｎｕｔｓ　ＴＨＥ　ＬＩＶＥ[字]-2024年10月05日23時.jpn.srt, 
 ts_file_name:Ｖｅｎｕｅ１０１　Ｐｒｅｓｅｎｔｓ　Ｃｒｅｅｐｙ　Ｎｕｔｓ　ＴＨＥ　ＬＩＶＥ[字]-2024年10月05日23時.ts, 
 ts_file_input:/srv/dev-disk-by-uuid-D454C24354C22856/NAS_4_1/Recorded/2024-1cours/Ｖｅｎｕｅ１０１　Ｐｒｅｓｅｎｔｓ　Ｃｒｅｅｐｙ　Ｎｕｔｓ　ＴＨＥ　ＬＩＶＥ[字]-2024年10月05日23時.ts, 
file_inpu:Ｖｅｎｕｅ１０１　Ｐｒｅｓｅｎｔｓ　Ｃｒｅｅｐｙ　Ｎｕｔｓ　ＴＨＥ　ＬＩＶＥ[字]-2024年10月05日23時, 
output_file:/srv/dev-disk-by-uuid-D454C24354C22856/NAS_4_1/Recorded/2024-4cours/Ｖｅｎｕｅ１０１　Ｐｒｅｓｅｎｔｓ　Ｃｒｅｅｐｙ　Ｎｕｔｓ　ＴＨＥ　ＬＩＶＥ[字]-2024年10月05日23時(1)_cmcut.jpn.srt, 
 input_file:/home/pi/CmcutScp/result/Ｖｅｎｕｅ１０１　Ｐｒｅｓｅｎｔｓ　Ｃｒｅｅｐｙ　Ｎｕｔｓ　ＴＨＥ　ＬＩＶＥ[字]-2024年10月05日23時/join_logo_scp.csv, 
/home/pi/CmcutScp/result/Ｖｅｎｕｅ１０１　Ｐｒｅｓｅｎｔｓ　Ｃｒｅｅｐｙ　Ｎｕｔｓ　ＴＨＥ　ＬＩＶＥ[字]-2024年10月05日23時/cm_subtitle_jls.csv 
subtitle_file:/srv/dev-disk-by-uuid-A6DA96A3DA966F75/NAS/Recorded/subtitle/Ｖｅｎｕｅ１０１　Ｐｒｅｓｅｎｔｓ　Ｃｒｅｅｐｙ　Ｎｕｔｓ　ＴＨＥ　ＬＩＶＥ[字]-2024年10月05日23時.jpn.srt, 
 ts_file_name:Ｖｅｎｕｅ１０１　Ｐｒｅｓｅｎｔｓ　Ｃｒｅｅｐｙ　Ｎｕｔｓ　ＴＨＥ　ＬＩＶＥ[字]-2024年10月05日23時.ts, 
 ts_file_input:/srv/dev-disk-by-uuid-D454C24354C22856/NAS_4_1/Recorded/2024-1cours/Ｖｅｎｕｅ１０１　Ｐｒｅｓｅｎｔｓ　Ｃｒｅｅｐｙ　Ｎｕｔｓ　ＴＨＥ　ＬＩＶＥ[字]-2024年10月05日23時.ts, 
file_inpu:Ｖｅｎｕｅ１０１　Ｐｒｅｓｅｎｔｓ　Ｃｒｅｅｐｙ　Ｎｕｔｓ　ＴＨＥ　ＬＩＶＥ[字]-2024年10月05日23時, 
output_file:/srv/dev-disk-by-uuid-D454C24354C22856/NAS_4_1/Recorded/2024-4cours/Ｖｅｎｕｅ１０１　Ｐｒｅｓｅｎｔｓ　Ｃｒｅｅｐｙ　Ｎｕｔｓ　ＴＨＥ　ＬＩＶＥ[字]-2024年10月05日23時(2)_cmcut.jpn.srt, 
 input_file:/home/pi/CmcutScp/result/Ｖｅｎｕｅ１０１　Ｐｒｅｓｅｎｔｓ　Ｃｒｅｅｐｙ　Ｎｕｔｓ　ＴＨＥ　ＬＩＶＥ[字]-2024年10月05日23時/join_logo_scp.csv, 
/home/pi/CmcutScp/result/Ｖｅｎｕｅ１０１　Ｐｒｅｓｅｎｔｓ　Ｃｒｅｅｐｙ　Ｎｕｔｓ　ＴＨＥ　ＬＩＶＥ[字]-2024年10月05日23時/cm_subtitle_jls.csv 
subtitle_file:/srv/dev-disk-by-uuid-A6DA96A3DA966F75/NAS/Recorded/subtitle/Ｖｅｎｕｅ１０１　Ｐｒｅｓｅｎｔｓ　Ｃｒｅｅｐｙ　Ｎｕｔｓ　ＴＨＥ　ＬＩＶＥ[字]-2024年10月05日23時.jpn.srt, 
 ts_file_name:Ｖｅｎｕｅ１０１　Ｐｒｅｓｅｎｔｓ　Ｃｒｅｅｐｙ　Ｎｕｔｓ　ＴＨＥ　ＬＩＶＥ[字]-2024年10月05日23時.ts, 
 ts_file_input:/srv/dev-disk-by-uuid-D454C24354C22856/NAS_4_1/Recorded/2024-1cours/Ｖｅｎｕｅ１０１　Ｐｒｅｓｅｎｔｓ　Ｃｒｅｅｐｙ　Ｎｕｔｓ　ＴＨＥ　ＬＩＶＥ[字]-2024年10月05日23時.ts, 
file_inpu:Ｖｅｎｕｅ１０１　Ｐｒｅｓｅｎｔｓ　Ｃｒｅｅｐｙ　Ｎｕｔｓ　ＴＨＥ　ＬＩＶＥ[字]-2024年10月05日23時, 
output_file:/srv/dev-disk-by-uuid-D454C24354C22856/NAS_4_1/Recorded/2024-4cours/Ｖｅｎｕｅ１０１　Ｐｒｅｓｅｎｔｓ　Ｃｒｅｅｐｙ　Ｎｕｔｓ　ＴＨＥ　ＬＩＶＥ[字]-2024年10月05日23時(3)_cmcut.jpn.srt, 
 input_file:/home/pi/CmcutScp/result/Ｖｅｎｕｅ１０１　Ｐｒｅｓｅｎｔｓ　Ｃｒｅｅｐｙ　Ｎｕｔｓ　ＴＨＥ　ＬＩＶＥ[字]-2024年10月05日23時/join_logo_scp.csv, 
/home/pi/CmcutScp/result/Ｖｅｎｕｅ１０１　Ｐｒｅｓｅｎｔｓ　Ｃｒｅｅｐｙ　Ｎｕｔｓ　ＴＨＥ　ＬＩＶＥ[字]-2024年10月05日23時/cm_subtitle_jls.csv 
subtitle_file:/srv/dev-disk-by-uuid-A6DA96A3DA966F75/NAS/Recorded/subtitle/Ｖｅｎｕｅ１０１　Ｐｒｅｓｅｎｔｓ　Ｃｒｅｅｐｙ　Ｎｕｔｓ　ＴＨＥ　ＬＩＶＥ[字]-2024年10月05日23時.jpn.srt, 
 ts_file_name:Ｖｅｎｕｅ１０１　Ｐｒｅｓｅｎｔｓ　Ｃｒｅｅｐｙ　Ｎｕｔｓ　ＴＨＥ　ＬＩＶＥ[字]-2024年10月05日23時.ts, 
 ts_file_input:/srv/dev-disk-by-uuid-D454C24354C22856/NAS_4_1/Recorded/2024-1cours/Ｖｅｎｕｅ１０１　Ｐｒｅｓｅｎｔｓ　Ｃｒｅｅｐｙ　Ｎｕｔｓ　ＴＨＥ　ＬＩＶＥ[字]-2024年10月05日23時.ts, 
file_inpu:Ｖｅｎｕｅ１０１　Ｐｒｅｓｅｎｔｓ　Ｃｒｅｅｐｙ　Ｎｕｔｓ　ＴＨＥ　ＬＩＶＥ[字]-2024年10月05日23時, 
output_file:/srv/dev-disk-by-uuid-D454C24354C22856/NAS_4_1/Recorded/2024-4cours/Ｖｅｎｕｅ１０１　Ｐｒｅｓｅｎｔｓ　Ｃｒｅｅｐｙ　Ｎｕｔｓ　ＴＨＥ　ＬＩＶＥ[字]-2024年10月05日23時(4)_cmcut.jpn.srt, 
 input_file:/home/pi/CmcutScp/result/Ｖｅｎｕｅ１０１　Ｐｒｅｓｅｎｔｓ　Ｃｒｅｅｐｙ　Ｎｕｔｓ　ＴＨＥ　ＬＩＶＥ[字]-2024年10月05日23時/join_logo_scp.csv, 
/home/pi/CmcutScp/result/Ｖｅｎｕｅ１０１　Ｐｒｅｓｅｎｔｓ　Ｃｒｅｅｐｙ　Ｎｕｔｓ　ＴＨＥ　ＬＩＶＥ[字]-2024年10月05日23時/cm_subtitle_jls.csv 
subtitle_file:/srv/dev-disk-by-uuid-A6DA96A3DA966F75/NAS/Recorded/subtitle/Ｖｅｎｕｅ１０１　Ｐｒｅｓｅｎｔｓ　Ｃｒｅｅｐｙ　Ｎｕｔｓ　ＴＨＥ　ＬＩＶＥ[字]-2024年10月05日23時.jpn.srt, 
 ts_file_name:Ｖｅｎｕｅ１０１　Ｐｒｅｓｅｎｔｓ　Ｃｒｅｅｐｙ　Ｎｕｔｓ　ＴＨＥ　ＬＩＶＥ[字]-2024年10月05日23時.ts, 
 ts_file_input:/srv/dev-disk-by-uuid-D454C24354C22856/NAS_4_1/Recorded/2024-1cours/Ｖｅｎｕｅ１０１　Ｐｒｅｓｅｎｔｓ　Ｃｒｅｅｐｙ　Ｎｕｔｓ　ＴＨＥ　ＬＩＶＥ[字]-2024年10月05日23時.ts, 
file_inpu:Ｖｅｎｕｅ１０１　Ｐｒｅｓｅｎｔｓ　Ｃｒｅｅｐｙ　Ｎｕｔｓ　ＴＨＥ　ＬＩＶＥ[字]-2024年10月05日23時, 
output_file:/srv/dev-disk-by-uuid-D454C24354C22856/NAS_4_1/Recorded/2024-4cours/Ｖｅｎｕｅ１０１　Ｐｒｅｓｅｎｔｓ　Ｃｒｅｅｐｙ　Ｎｕｔｓ　ＴＨＥ　ＬＩＶＥ[字]-2024年10月05日23時(5)_cmcut.jpn.srt, 
 input_file:/home/pi/CmcutScp/result/Ｖｅｎｕｅ１０１　Ｐｒｅｓｅｎｔｓ　Ｃｒｅｅｐｙ　Ｎｕｔｓ　ＴＨＥ　ＬＩＶＥ[字]-2024年10月05日23時/join_logo_scp.csv, 
/home/pi/CmcutScp/result/Ｖｅｎｕｅ１０１　Ｐｒｅｓｅｎｔｓ　Ｃｒｅｅｐｙ　Ｎｕｔｓ　ＴＨＥ　ＬＩＶＥ[字]-2024年10月05日23時/cm_subtitle_jls.csv 
subtitle_file:/srv/dev-disk-by-uuid-A6DA96A3DA966F75/NAS/Recorded/subtitle/Ｖｅｎｕｅ１０１　Ｐｒｅｓｅｎｔｓ　Ｃｒｅｅｐｙ　Ｎｕｔｓ　ＴＨＥ　ＬＩＶＥ[字]-2024年10月05日23時.jpn.srt, 
 ts_file_name:Ｖｅｎｕｅ１０１　Ｐｒｅｓｅｎｔｓ　Ｃｒｅｅｐｙ　Ｎｕｔｓ　ＴＨＥ　ＬＩＶＥ[字]-2024年10月05日23時.ts, 
 ts_file_input:/srv/dev-disk-by-uuid-D454C24354C22856/NAS_4_1/Recorded/2024-1cours/Ｖｅｎｕｅ１０１　Ｐｒｅｓｅｎｔｓ　Ｃｒｅｅｐｙ　Ｎｕｔｓ　ＴＨＥ　ＬＩＶＥ[字]-2024年10月05日23時.ts, 
file_inpu:Ｖｅｎｕｅ１０１　Ｐｒｅｓｅｎｔｓ　Ｃｒｅｅｐｙ　Ｎｕｔｓ　ＴＨＥ　ＬＩＶＥ[字]-2024年10月05日23時, 
output_file:/srv/dev-disk-by-uuid-D454C24354C22856/NAS_4_1/Recorded/2024-4cours/Ｖｅｎｕｅ１０１　Ｐｒｅｓｅｎｔｓ　Ｃｒｅｅｐｙ　Ｎｕｔｓ　ＴＨＥ　ＬＩＶＥ[字]-2024年10月05日23時(6)_cmcut.jpn.srt, 
 input_file:/home/pi/CmcutScp/result/Ｖｅｎｕｅ１０１　Ｐｒｅｓｅｎｔｓ　Ｃｒｅｅｐｙ　Ｎｕｔｓ　ＴＨＥ　ＬＩＶＥ[字]-2024年10月05日23時/join_logo_scp.csv, 
/home/pi/CmcutScp/result/Ｖｅｎｕｅ１０１　Ｐｒｅｓｅｎｔｓ　Ｃｒｅｅｐｙ　Ｎｕｔｓ　ＴＨＥ　ＬＩＶＥ[字]-2024年10月05日23時/cm_subtitle_jls.csv 
subtitle_file:/srv/dev-disk-by-uuid-A6DA96A3DA966F75/NAS/Recorded/subtitle/Ｖｅｎｕｅ１０１　Ｐｒｅｓｅｎｔｓ　Ｃｒｅｅｐｙ　Ｎｕｔｓ　ＴＨＥ　ＬＩＶＥ[字]-2024年10月05日23時.jpn.srt, 
 ts_file_name:Ｖｅｎｕｅ１０１　Ｐｒｅｓｅｎｔｓ　Ｃｒｅｅｐｙ　Ｎｕｔｓ　ＴＨＥ　ＬＩＶＥ[字]-2024年10月05日23時.ts, 
 ts_file_input:/srv/dev-disk-by-uuid-D454C24354C22856/NAS_4_1/Recorded/2024-1cours/Ｖｅｎｕｅ１０１　Ｐｒｅｓｅｎｔｓ　Ｃｒｅｅｐｙ　Ｎｕｔｓ　ＴＨＥ　ＬＩＶＥ[字]-2024年10月05日23時.ts, 
file_inpu:Ｖｅｎｕｅ１０１　Ｐｒｅｓｅｎｔｓ　Ｃｒｅｅｐｙ　Ｎｕｔｓ　ＴＨＥ　ＬＩＶＥ[字]-2024年10月05日23時, 
output_file:/srv/dev-disk-by-uuid-D454C24354C22856/NAS_4_1/Recorded/2024-4cours/Ｖｅｎｕｅ１０１　Ｐｒｅｓｅｎｔｓ　Ｃｒｅｅｐｙ　Ｎｕｔｓ　ＴＨＥ　ＬＩＶＥ[字]-2024年10月05日23時(7)_cmcut.jpn.srt, 
 input_file:/home/pi/CmcutScp/result/Ｖｅｎｕｅ１０１　Ｐｒｅｓｅｎｔｓ　Ｃｒｅｅｐｙ　Ｎｕｔｓ　ＴＨＥ　ＬＩＶＥ[字]-2024年10月05日23時/join_logo_scp.csv, 
/home/pi/CmcutScp/result/Ｖｅｎｕｅ１０１　Ｐｒｅｓｅｎｔｓ　Ｃｒｅｅｐｙ　Ｎｕｔｓ　ＴＨＥ　ＬＩＶＥ[字]-2024年10月05日23時/cm_subtitle_jls.csv 
subtitle_file:/srv/dev-disk-by-uuid-A6DA96A3DA966F75/NAS/Recorded/subtitle/Ｖｅｎｕｅ１０１　Ｐｒｅｓｅｎｔｓ　Ｃｒｅｅｐｙ　Ｎｕｔｓ　ＴＨＥ　ＬＩＶＥ[字]-2024年10月05日23時.jpn.srt, 
 ts_file_name:Ｖｅｎｕｅ１０１　Ｐｒｅｓｅｎｔｓ　Ｃｒｅｅｐｙ　Ｎｕｔｓ　ＴＨＥ　ＬＩＶＥ[字]-2024年10月05日23時.ts, 
 ts_file_input:/srv/dev-disk-by-uuid-D454C24354C22856/NAS_4_1/Recorded/2024-1cours/Ｖｅｎｕｅ１０１　Ｐｒｅｓｅｎｔｓ　Ｃｒｅｅｐｙ　Ｎｕｔｓ　ＴＨＥ　ＬＩＶＥ[字]-2024年10月05日23時.ts, 
file_inpu:Ｖｅｎｕｅ１０１　Ｐｒｅｓｅｎｔｓ　Ｃｒｅｅｐｙ　Ｎｕｔｓ　ＴＨＥ　ＬＩＶＥ[字]-2024年10月05日23時, 
output_file:/srv/dev-disk-by-uuid-D454C24354C22856/NAS_4_1/Recorded/2024-4cours/Ｖｅｎｕｅ１０１　Ｐｒｅｓｅｎｔｓ　Ｃｒｅｅｐｙ　Ｎｕｔｓ　ＴＨＥ　ＬＩＶＥ[字]-2024年10月05日23時(8)_cmcut.jpn.srt, 
 input_file:/home/pi/CmcutScp/result/Ｖｅｎｕｅ１０１　Ｐｒｅｓｅｎｔｓ　Ｃｒｅｅｐｙ　Ｎｕｔｓ　ＴＨＥ　ＬＩＶＥ[字]-2024年10月05日23時/join_logo_scp.csv, 
/home/pi/CmcutScp/result/Ｖｅｎｕｅ１０１　Ｐｒｅｓｅｎｔｓ　Ｃｒｅｅｐｙ　Ｎｕｔｓ　ＴＨＥ　ＬＩＶＥ[字]-2024年10月05日23時/cm_subtitle_jls.csv 
subtitle_file:/srv/dev-disk-by-uuid-A6DA96A3DA966F75/NAS/Recorded/subtitle/Ｖｅｎｕｅ１０１　Ｐｒｅｓｅｎｔｓ　Ｃｒｅｅｐｙ　Ｎｕｔｓ　ＴＨＥ　ＬＩＶＥ[字]-2024年10月05日23時.jpn.srt, 
 ts_file_name:Ｖｅｎｕｅ１０１　Ｐｒｅｓｅｎｔｓ　Ｃｒｅｅｐｙ　Ｎｕｔｓ　ＴＨＥ　ＬＩＶＥ[字]-2024年10月05日23時.ts, 
 ts_file_input:/srv/dev-disk-by-uuid-D454C24354C22856/NAS_4_1/Recorded/2024-1cours/Ｖｅｎｕｅ１０１　Ｐｒｅｓｅｎｔｓ　Ｃｒｅｅｐｙ　Ｎｕｔｓ　ＴＨＥ　ＬＩＶＥ[字]-2024年10月05日23時.ts, 
file_inpu:Ｖｅｎｕｅ１０１　Ｐｒｅｓｅｎｔｓ　Ｃｒｅｅｐｙ　Ｎｕｔｓ　ＴＨＥ　ＬＩＶＥ[字]-2024年10月05日23時, 
output_file:/srv/dev-disk-by-uuid-D454C24354C22856/NAS_4_1/Recorded/2024-4cours/Ｖｅｎｕｅ１０１　Ｐｒｅｓｅｎｔｓ　Ｃｒｅｅｐｙ　Ｎｕｔｓ　ＴＨＥ　ＬＩＶＥ[字]-2024年10月05日23時(9)_cmcut.jpn.srt, 
 input_file:/home/pi/CmcutScp/result/Ｖｅｎｕｅ１０１　Ｐｒｅｓｅｎｔｓ　Ｃｒｅｅｐｙ　Ｎｕｔｓ　ＴＨＥ　ＬＩＶＥ[字]-2024年10月05日23時/join_logo_scp.csv, 
/home/pi/CmcutScp/result/Ｖｅｎｕｅ１０１　Ｐｒｅｓｅｎｔｓ　Ｃｒｅｅｐｙ　Ｎｕｔｓ　ＴＨＥ　ＬＩＶＥ[字]-2024年10月05日23時/cm_subtitle_jls.csv 
subtitle_file:/srv/dev-disk-by-uuid-A6DA96A3DA966F75/NAS/Recorded/subtitle/Ｖｅｎｕｅ１０１　Ｐｒｅｓｅｎｔｓ　Ｃｒｅｅｐｙ　Ｎｕｔｓ　ＴＨＥ　ＬＩＶＥ[字]-2024年10月05日23時.jpn.srt, 
 ts_file_name:Ｖｅｎｕｅ１０１　Ｐｒｅｓｅｎｔｓ　Ｃｒｅｅｐｙ　Ｎｕｔｓ　ＴＨＥ　ＬＩＶＥ[字]-2024年10月05日23時.ts, 
 ts_file_input:/srv/dev-disk-by-uuid-D454C24354C22856/NAS_4_1/Recorded/2024-1cours/Ｖｅｎｕｅ１０１　Ｐｒｅｓｅｎｔｓ　Ｃｒｅｅｐｙ　Ｎｕｔｓ　ＴＨＥ　ＬＩＶＥ[字]-2024年10月05日23時.ts, 
file_inpu:Ｖｅｎｕｅ１０１　Ｐｒｅｓｅｎｔｓ　Ｃｒｅｅｐｙ　Ｎｕｔｓ　ＴＨＥ　ＬＩＶＥ[字]-2024年10月05日23時, 
output_file:/srv/dev-disk-by-uuid-D454C24354C22856/NAS_4_1/Recorded/2024-4cours/Ｖｅｎｕｅ１０１　Ｐｒｅｓｅｎｔｓ　Ｃｒｅｅｐｙ　Ｎｕｔｓ　ＴＨＥ　ＬＩＶＥ[字]-2024年10月05日23時(10)_cmcut.jpn.srt, 
 input_file:/home/pi/CmcutScp/result/Ｖｅｎｕｅ１０１　Ｐｒｅｓｅｎｔｓ　Ｃｒｅｅｐｙ　Ｎｕｔｓ　ＴＨＥ　ＬＩＶＥ[字]-2024年10月05日23時/join_logo_scp.csv, 
/home/pi/CmcutScp/result/Ｖｅｎｕｅ１０１　Ｐｒｅｓｅｎｔｓ　Ｃｒｅｅｐｙ　Ｎｕｔｓ　ＴＨＥ　ＬＩＶＥ[字]-2024年10月05日23時/cm_subtitle_jls.csv 
subtitle_file:/srv/dev-disk-by-uuid-A6DA96A3DA966F75/NAS/Recorded/subtitle/Ｖｅｎｕｅ１０１　Ｐｒｅｓｅｎｔｓ　Ｃｒｅｅｐｙ　Ｎｕｔｓ　ＴＨＥ　ＬＩＶＥ[字]-2024年10月05日23時.jpn.srt, 
 ts_file_name:Ｖｅｎｕｅ１０１　Ｐｒｅｓｅｎｔｓ　Ｃｒｅｅｐｙ　Ｎｕｔｓ　ＴＨＥ　ＬＩＶＥ[字]-2024年10月05日23時.ts, 
 ts_file_input:/srv/dev-disk-by-uuid-D454C24354C22856/NAS_4_1/Recorded/2024-1cours/Ｖｅｎｕｅ１０１　Ｐｒｅｓｅｎｔｓ　Ｃｒｅｅｐｙ　Ｎｕｔｓ　ＴＨＥ　ＬＩＶＥ[字]-2024年10月05日23時.ts, 
file_inpu:Ｖｅｎｕｅ１０１　Ｐｒｅｓｅｎｔｓ　Ｃｒｅｅｐｙ　Ｎｕｔｓ　ＴＨＥ　ＬＩＶＥ[字]-2024年10月05日23時, 
output_file:/srv/dev-disk-by-uuid-D454C24354C22856/NAS_4_1/Recorded/2024-4cours/Ｖｅｎｕｅ１０１　Ｐｒｅｓｅｎｔｓ　Ｃｒｅｅｐｙ　Ｎｕｔｓ　ＴＨＥ　ＬＩＶＥ[字]-2024年10月05日23時(11)_cmcut.jpn.srt, 
 input_file:/home/pi/CmcutScp/result/Ｖｅｎｕｅ１０１　Ｐｒｅｓｅｎｔｓ　Ｃｒｅｅｐｙ　Ｎｕｔｓ　ＴＨＥ　ＬＩＶＥ[字]-2024年10月05日23時/join_logo_scp.csv, 
/home/pi/CmcutScp/result/Ｖｅｎｕｅ１０１　Ｐｒｅｓｅｎｔｓ　Ｃｒｅｅｐｙ　Ｎｕｔｓ　ＴＨＥ　ＬＩＶＥ[字]-2024年10月05日23時/cm_subtitle_jls.csv 
subtitle_file:/srv/dev-disk-by-uuid-A6DA96A3DA966F75/NAS/Recorded/subtitle/Ｖｅｎｕｅ１０１　Ｐｒｅｓｅｎｔｓ　Ｃｒｅｅｐｙ　Ｎｕｔｓ　ＴＨＥ　ＬＩＶＥ[字]-2024年10月05日23時.jpn.srt, 
 ts_file_name:Ｖｅｎｕｅ１０１　Ｐｒｅｓｅｎｔｓ　Ｃｒｅｅｐｙ　Ｎｕｔｓ　ＴＨＥ　ＬＩＶＥ[字]-2024年10月05日23時.ts, 
 ts_file_input:/srv/dev-disk-by-uuid-D454C24354C22856/NAS_4_1/Recorded/2024-1cours/Ｖｅｎｕｅ１０１　Ｐｒｅｓｅｎｔｓ　Ｃｒｅｅｐｙ　Ｎｕｔｓ　ＴＨＥ　ＬＩＶＥ[字]-2024年10月05日23時.ts, 
file_inpu:Ｖｅｎｕｅ１０１　Ｐｒｅｓｅｎｔｓ　Ｃｒｅｅｐｙ　Ｎｕｔｓ　ＴＨＥ　ＬＩＶＥ[字]-2024年10月05日23時, 
output_file:/srv/dev-disk-by-uuid-A6DA96A3DA966F75/NAS/Recorded/Movie/Ｖｅｎｕｅ１０１　Ｐｒｅｓｅｎｔｓ　Ｃｒｅｅｐｙ　Ｎｕｔｓ　ＴＨＥ　ＬＩＶＥ[字]-2024年10月05日23時_cmcut.jpn.srt, 
 input_file:/home/pi/CmcutScp/result/Ｖｅｎｕｅ１０１　Ｐｒｅｓｅｎｔｓ　Ｃｒｅｅｐｙ　Ｎｕｔｓ　ＴＨＥ　ＬＩＶＥ[字]-2024年10月05日23時/join_logo_scp.csv, 
/home/pi/CmcutScp/result/Ｖｅｎｕｅ１０１　Ｐｒｅｓｅｎｔｓ　Ｃｒｅｅｐｙ　Ｎｕｔｓ　ＴＨＥ　ＬＩＶＥ[字]-2024年10月05日23時/cm_subtitle_jls.csv 
subtitle_file:/srv/dev-disk-by-uuid-A6DA96A3DA966F75/NAS/Recorded/subtitle/Ｖｅｎｕｅ１０１　Ｐｒｅｓｅｎｔｓ　Ｃｒｅｅｐｙ　Ｎｕｔｓ　ＴＨＥ　ＬＩＶＥ[字]-2024年10月05日23時.jpn.srt, 
 ts_file_name:Ｖｅｎｕｅ１０１　Ｐｒｅｓｅｎｔｓ　Ｃｒｅｅｐｙ　Ｎｕｔｓ　ＴＨＥ　ＬＩＶＥ[字]-2024年10月05日23時.ts, 
 ts_file_input:/srv/dev-disk-by-uuid-D454C24354C22856/NAS_4_1/Recorded/2024-1cours/Ｖｅｎｕｅ１０１　Ｐｒｅｓｅｎｔｓ　Ｃｒｅｅｐｙ　Ｎｕｔｓ　ＴＨＥ　ＬＩＶＥ[字]-2024年10月05日23時.ts, 
file_inpu:Ｖｅｎｕｅ１０１　Ｐｒｅｓｅｎｔｓ　Ｃｒｅｅｐｙ　Ｎｕｔｓ　ＴＨＥ　ＬＩＶＥ[字]-2024年10月05日23時, 
output_file:/srv/dev-disk-by-uuid-A6DA96A3DA966F75/NAS/Recorded/Movie/Ｖｅｎｕｅ１０１　Ｐｒｅｓｅｎｔｓ　Ｃｒｅｅｐｙ　Ｎｕｔｓ　ＴＨＥ　ＬＩＶＥ[字]-2024年10月05日23時(1)_cmcut.jpn.srt, 
 input_file:/home/pi/CmcutScp/result/Ｖｅｎｕｅ１０１　Ｐｒｅｓｅｎｔｓ　Ｃｒｅｅｐｙ　Ｎｕｔｓ　ＴＨＥ　ＬＩＶＥ[字]-2024年10月05日23時/join_logo_scp.csv, 
/home/pi/CmcutScp/result/Ｖｅｎｕｅ１０１　Ｐｒｅｓｅｎｔｓ　Ｃｒｅｅｐｙ　Ｎｕｔｓ　ＴＨＥ　ＬＩＶＥ[字]-2024年10月05日23時/cm_subtitle_jls.csv 
subtitle_file:/srv/dev-disk-by-uuid-A6DA96A3DA966F75/NAS/Recorded/subtitle/Ｖｅｎｕｅ１０１　Ｐｒｅｓｅｎｔｓ　Ｃｒｅｅｐｙ　Ｎｕｔｓ　ＴＨＥ　ＬＩＶＥ[字]-2024年10月05日23時.jpn.srt, 
 ts_file_name:Ｖｅｎｕｅ１０１　Ｐｒｅｓｅｎｔｓ　Ｃｒｅｅｐｙ　Ｎｕｔｓ　ＴＨＥ　ＬＩＶＥ[字]-2024年10月05日23時.ts, 
 ts_file_input:/srv/dev-disk-by-uuid-D454C24354C22856/NAS_4_1/Recorded/2024-1cours/Ｖｅｎｕｅ１０１　Ｐｒｅｓｅｎｔｓ　Ｃｒｅｅｐｙ　Ｎｕｔｓ　ＴＨＥ　ＬＩＶＥ[字]-2024年10月05日23時.ts, 
file_inpu:Ｖｅｎｕｅ１０１　Ｐｒｅｓｅｎｔｓ　Ｃｒｅｅｐｙ　Ｎｕｔｓ　ＴＨＥ　ＬＩＶＥ[字]-2024年10月05日23時, 
output_file:/srv/dev-disk-by-uuid-A6DA96A3DA966F75/NAS/Recorded/Movie/Ｖｅｎｕｅ１０１　Ｐｒｅｓｅｎｔｓ　Ｃｒｅｅｐｙ　Ｎｕｔｓ　ＴＨＥ　ＬＩＶＥ[字]-2024年10月05日23時(2)_cmcut.jpn.srt, 
 input_file:/home/pi/CmcutScp/result/Ｖｅｎｕｅ１０１　Ｐｒｅｓｅｎｔｓ　Ｃｒｅｅｐｙ　Ｎｕｔｓ　ＴＨＥ　ＬＩＶＥ[字]-2024年10月05日23時/join_logo_scp.csv, 
/home/pi/CmcutScp/result/Ｖｅｎｕｅ１０１　Ｐｒｅｓｅｎｔｓ　Ｃｒｅｅｐｙ　Ｎｕｔｓ　ＴＨＥ　ＬＩＶＥ[字]-2024年10月05日23時/cm_subtitle_jls.csv 
subtitle_file:/srv/dev-disk-by-uuid-A6DA96A3DA966F75/NAS/Recorded/subtitle/Ｖｅｎｕｅ１０１　Ｐｒｅｓｅｎｔｓ　Ｃｒｅｅｐｙ　Ｎｕｔｓ　ＴＨＥ　ＬＩＶＥ[字]-2024年10月05日23時.jpn.srt, 
 ts_file_name:Ｖｅｎｕｅ１０１　Ｐｒｅｓｅｎｔｓ　Ｃｒｅｅｐｙ　Ｎｕｔｓ　ＴＨＥ　ＬＩＶＥ[字]-2024年10月05日23時.ts, 
 ts_file_input:/srv/dev-disk-by-uuid-D454C24354C22856/NAS_4_1/Recorded/2024-1cours/Ｖｅｎｕｅ１０１　Ｐｒｅｓｅｎｔｓ　Ｃｒｅｅｐｙ　Ｎｕｔｓ　ＴＨＥ　ＬＩＶＥ[字]-2024年10月05日23時.ts, 
file_inpu:Ｖｅｎｕｅ１０１　Ｐｒｅｓｅｎｔｓ　Ｃｒｅｅｐｙ　Ｎｕｔｓ　ＴＨＥ　ＬＩＶＥ[字]-2024年10月05日23時, 
output_file:/srv/dev-disk-by-uuid-A6DA96A3DA966F75/NAS/Recorded/Movie/Ｖｅｎｕｅ１０１　Ｐｒｅｓｅｎｔｓ　Ｃｒｅｅｐｙ　Ｎｕｔｓ　ＴＨＥ　ＬＩＶＥ[字]-2024年10月05日23時(3)_cmcut.jpn.srt, 
 input_file:/home/pi/CmcutScp/result/Ｖｅｎｕｅ１０１　Ｐｒｅｓｅｎｔｓ　Ｃｒｅｅｐｙ　Ｎｕｔｓ　ＴＨＥ　ＬＩＶＥ[字]-2024年10月05日23時/join_logo_scp.csv, 
/home/pi/CmcutScp/result/Ｖｅｎｕｅ１０１　Ｐｒｅｓｅｎｔｓ　Ｃｒｅｅｐｙ　Ｎｕｔｓ　ＴＨＥ　ＬＩＶＥ[字]-2024年10月05日23時/cm_subtitle_jls.csv 
subtitle_file:/srv/dev-disk-by-uuid-A6DA96A3DA966F75/NAS/Recorded/subtitle/Ｖｅｎｕｅ１０１　Ｐｒｅｓｅｎｔｓ　Ｃｒｅｅｐｙ　Ｎｕｔｓ　ＴＨＥ　ＬＩＶＥ[字]-2024年10月05日23時.jpn.srt, 
 ts_file_name:Ｖｅｎｕｅ１０１　Ｐｒｅｓｅｎｔｓ　Ｃｒｅｅｐｙ　Ｎｕｔｓ　ＴＨＥ　ＬＩＶＥ[字]-2024年10月05日23時.ts, 
 ts_file_input:/srv/dev-disk-by-uuid-D454C24354C22856/NAS_4_1/Recorded/2024-1cours/Ｖｅｎｕｅ１０１　Ｐｒｅｓｅｎｔｓ　Ｃｒｅｅｐｙ　Ｎｕｔｓ　ＴＨＥ　ＬＩＶＥ[字]-2024年10月05日23時.ts, 
file_inpu:Ｖｅｎｕｅ１０１　Ｐｒｅｓｅｎｔｓ　Ｃｒｅｅｐｙ　Ｎｕｔｓ　ＴＨＥ　ＬＩＶＥ[字]-2024年10月05日23時, 
output_file:/srv/dev-disk-by-uuid-A6DA96A3DA966F75/NAS/Recorded/Movie/Ｖｅｎｕｅ１０１　Ｐｒｅｓｅｎｔｓ　Ｃｒｅｅｐｙ　Ｎｕｔｓ　ＴＨＥ　ＬＩＶＥ[字]-2024年10月05日23時(3)_cmcut.jpn.srt, 
 input_file:/home/pi/CmcutScp/result/Ｖｅｎｕｅ１０１　Ｐｒｅｓｅｎｔｓ　Ｃｒｅｅｐｙ　Ｎｕｔｓ　ＴＨＥ　ＬＩＶＥ[字]-2024年10月05日23時/join_logo_scp.csv, 
/home/pi/CmcutScp/result/Ｖｅｎｕｅ１０１　Ｐｒｅｓｅｎｔｓ　Ｃｒｅｅｐｙ　Ｎｕｔｓ　ＴＨＥ　ＬＩＶＥ[字]-2024年10月05日23時/cm_subtitle_jls.csv 
subtitle_file:/srv/dev-disk-by-uuid-A6DA96A3DA966F75/NAS/Recorded/subtitle/Ｖｅｎｕｅ１０１　Ｐｒｅｓｅｎｔｓ　Ｃｒｅｅｐｙ　Ｎｕｔｓ　ＴＨＥ　ＬＩＶＥ[字]-2024年10月05日23時.jpn.srt, 
 ts_file_name:Ｖｅｎｕｅ１０１　Ｐｒｅｓｅｎｔｓ　Ｃｒｅｅｐｙ　Ｎｕｔｓ　ＴＨＥ　ＬＩＶＥ[字]-2024年10月05日23時.ts, 
 ts_file_input:/srv/dev-disk-by-uuid-D454C24354C22856/NAS_4_1/Recorded/2024-1cours/Ｖｅｎｕｅ１０１　Ｐｒｅｓｅｎｔｓ　Ｃｒｅｅｐｙ　Ｎｕｔｓ　ＴＨＥ　ＬＩＶＥ[字]-2024年10月05日23時.ts, 
file_inpu:Ｖｅｎｕｅ１０１　Ｐｒｅｓｅｎｔｓ　Ｃｒｅｅｐｙ　Ｎｕｔｓ　ＴＨＥ　ＬＩＶＥ[字]-2024年10月05日23時, 
output_file:/srv/dev-disk-by-uuid-A6DA96A3DA966F75/NAS/Recorded/Movie/Ｖｅｎｕｅ１０１　Ｐｒｅｓｅｎｔｓ　Ｃｒｅｅｐｙ　Ｎｕｔｓ　ＴＨＥ　ＬＩＶＥ[字]-2024年10月05日23時_cmcut.jpn.srt, 
 input_file:/home/pi/CmcutScp/result/Ｖｅｎｕｅ１０１　Ｐｒｅｓｅｎｔｓ　Ｃｒｅｅｐｙ　Ｎｕｔｓ　ＴＨＥ　ＬＩＶＥ[字]-2024年10月05日23時/join_logo_scp.csv, 
/home/pi/CmcutScp/result/Ｖｅｎｕｅ１０１　Ｐｒｅｓｅｎｔｓ　Ｃｒｅｅｐｙ　Ｎｕｔｓ　ＴＨＥ　ＬＩＶＥ[字]-2024年10月05日23時/cm_subtitle_jls.csv 
subtitle_file:/srv/dev-disk-by-uuid-A6DA96A3DA966F75/NAS/Recorded/subtitle/Ｖｅｎｕｅ１０１　Ｐｒｅｓｅｎｔｓ　Ｃｒｅｅｐｙ　Ｎｕｔｓ　ＴＨＥ　ＬＩＶＥ[字]-2024年10月05日23時.jpn.srt, 
 ts_file_name:Ｖｅｎｕｅ１０１　Ｐｒｅｓｅｎｔｓ　Ｃｒｅｅｐｙ　Ｎｕｔｓ　ＴＨＥ　ＬＩＶＥ[字]-2024年10月05日23時.ts, 
 ts_file_input:/srv/dev-disk-by-uuid-D454C24354C22856/NAS_4_1/Recorded/2024-1cours/Ｖｅｎｕｅ１０１　Ｐｒｅｓｅｎｔｓ　Ｃｒｅｅｐｙ　Ｎｕｔｓ　ＴＨＥ　ＬＩＶＥ[字]-2024年10月05日23時.ts, 
file_inpu:Ｖｅｎｕｅ１０１　Ｐｒｅｓｅｎｔｓ　Ｃｒｅｅｐｙ　Ｎｕｔｓ　ＴＨＥ　ＬＩＶＥ[字]-2024年10月05日23時, 
output_file:/srv/dev-disk-by-uuid-A6DA96A3DA966F75/NAS/Recorded/Movie/Ｖｅｎｕｅ１０１　Ｐｒｅｓｅｎｔｓ　Ｃｒｅｅｐｙ　Ｎｕｔｓ　ＴＨＥ　ＬＩＶＥ[字]-2024年10月05日23時(1)_cmcut.jpn.srt, 
 input_file:/home/pi/CmcutScp/result/Ｖｅｎｕｅ１０１　Ｐｒｅｓｅｎｔｓ　Ｃｒｅｅｐｙ　Ｎｕｔｓ　ＴＨＥ　ＬＩＶＥ[字]-2024年10月05日23時/join_logo_scp.csv, 
/home/pi/CmcutScp/result/Ｖｅｎｕｅ１０１　Ｐｒｅｓｅｎｔｓ　Ｃｒｅｅｐｙ　Ｎｕｔｓ　ＴＨＥ　ＬＩＶＥ[字]-2024年10月05日23時/cm_subtitle_jls.csv 
subtitle_file:/srv/dev-disk-by-uuid-A6DA96A3DA966F75/NAS/Recorded/subtitle/Ｖｅｎｕｅ１０１　Ｐｒｅｓｅｎｔｓ　Ｃｒｅｅｐｙ　Ｎｕｔｓ　ＴＨＥ　ＬＩＶＥ[字]-2024年10月05日23時.jpn.srt, 
 ts_file_name:Ｖｅｎｕｅ１０１　Ｐｒｅｓｅｎｔｓ　Ｃｒｅｅｐｙ　Ｎｕｔｓ　ＴＨＥ　ＬＩＶＥ[字]-2024年10月05日23時.ts, 
 ts_file_input:/srv/dev-disk-by-uuid-D454C24354C22856/NAS_4_1/Recorded/2024-1cours/Ｖｅｎｕｅ１０１　Ｐｒｅｓｅｎｔｓ　Ｃｒｅｅｐｙ　Ｎｕｔｓ　ＴＨＥ　ＬＩＶＥ[字]-2024年10月05日23時.ts, 
file_inpu:Ｖｅｎｕｅ１０１　Ｐｒｅｓｅｎｔｓ　Ｃｒｅｅｐｙ　Ｎｕｔｓ　ＴＨＥ　ＬＩＶＥ[字]-2024年10月05日23時, 
output_file:/srv/dev-disk-by-uuid-A6DA96A3DA966F75/NAS/Recorded/Movie/Ｖｅｎｕｅ１０１　Ｐｒｅｓｅｎｔｓ　Ｃｒｅｅｐｙ　Ｎｕｔｓ　ＴＨＥ　ＬＩＶＥ[字]-2024年10月05日23時(2)_cmcut.jpn.srt, 
 input_file:/home/pi/CmcutScp/result/Ｖｅｎｕｅ１０１　Ｐｒｅｓｅｎｔｓ　Ｃｒｅｅｐｙ　Ｎｕｔｓ　ＴＨＥ　ＬＩＶＥ[字]-2024年10月05日23時/join_logo_scp.csv, 
/home/pi/CmcutScp/result/Ｖｅｎｕｅ１０１　Ｐｒｅｓｅｎｔｓ　Ｃｒｅｅｐｙ　Ｎｕｔｓ　ＴＨＥ　ＬＩＶＥ[字]-2024年10月05日23時/cm_subtitle_jls.csv 
subtitle_file:/srv/dev-disk-by-uuid-A6DA96A3DA966F75/NAS/Recorded/subtitle/Ｖｅｎｕｅ１０１　Ｐｒｅｓｅｎｔｓ　Ｃｒｅｅｐｙ　Ｎｕｔｓ　ＴＨＥ　ＬＩＶＥ[字]-2024年10月05日23時.jpn.srt, 
 ts_file_name:Ｖｅｎｕｅ１０１　Ｐｒｅｓｅｎｔｓ　Ｃｒｅｅｐｙ　Ｎｕｔｓ　ＴＨＥ　ＬＩＶＥ[字]-2024年10月05日23時.ts, 
 ts_file_input:/srv/dev-disk-by-uuid-D454C24354C22856/NAS_4_1/Recorded/2024-1cours/Ｖｅｎｕｅ１０１　Ｐｒｅｓｅｎｔｓ　Ｃｒｅｅｐｙ　Ｎｕｔｓ　ＴＨＥ　ＬＩＶＥ[字]-2024年10月05日23時.ts, 
file_inpu:Ｖｅｎｕｅ１０１　Ｐｒｅｓｅｎｔｓ　Ｃｒｅｅｐｙ　Ｎｕｔｓ　ＴＨＥ　ＬＩＶＥ[字]-2024年10月05日23時, 
output_file:/srv/dev-disk-by-uuid-A6DA96A3DA966F75/NAS/Recorded/Movie/Ｖｅｎｕｅ１０１　Ｐｒｅｓｅｎｔｓ　Ｃｒｅｅｐｙ　Ｎｕｔｓ　ＴＨＥ　ＬＩＶＥ[字]-2024年10月05日23時(4)_cmcut.jpn.srt, 
 input_file:/home/pi/CmcutScp/result/Ｖｅｎｕｅ１０１　Ｐｒｅｓｅｎｔｓ　Ｃｒｅｅｐｙ　Ｎｕｔｓ　ＴＨＥ　ＬＩＶＥ[字]-2024年10月05日23時/join_logo_scp.csv, 
/home/pi/CmcutScp/result/Ｖｅｎｕｅ１０１　Ｐｒｅｓｅｎｔｓ　Ｃｒｅｅｐｙ　Ｎｕｔｓ　ＴＨＥ　ＬＩＶＥ[字]-2024年10月05日23時/cm_subtitle_jls.csv 
subtitle_file:/srv/dev-disk-by-uuid-A6DA96A3DA966F75/NAS/Recorded/subtitle/Ｖｅｎｕｅ１０１　Ｐｒｅｓｅｎｔｓ　Ｃｒｅｅｐｙ　Ｎｕｔｓ　ＴＨＥ　ＬＩＶＥ[字]-2024年10月05日23時.jpn.srt, 
 ts_file_name:Ｖｅｎｕｅ１０１　Ｐｒｅｓｅｎｔｓ　Ｃｒｅｅｐｙ　Ｎｕｔｓ　ＴＨＥ　ＬＩＶＥ[字]-2024年10月05日23時.ts, 
 ts_file_input:/srv/dev-disk-by-uuid-D454C24354C22856/NAS_4_1/Recorded/2024-1cours/Ｖｅｎｕｅ１０１　Ｐｒｅｓｅｎｔｓ　Ｃｒｅｅｐｙ　Ｎｕｔｓ　ＴＨＥ　ＬＩＶＥ[字]-2024年10月05日23時.ts, 
file_inpu:Ｖｅｎｕｅ１０１　Ｐｒｅｓｅｎｔｓ　Ｃｒｅｅｐｙ　Ｎｕｔｓ　ＴＨＥ　ＬＩＶＥ[字]-2024年10月05日23時, 
output_file:/srv/dev-disk-by-uuid-D454C24354C22856/NAS_4_1/Recorded/2024-4cours/Ｖｅｎｕｅ１０１　Ｐｒｅｓｅｎｔｓ　Ｃｒｅｅｐｙ　Ｎｕｔｓ　ＴＨＥ　ＬＩＶＥ[字]-2024年10月05日23時_cmcut.jpn.srt, 
 input_file:/home/pi/CmcutScp/result/Ｖｅｎｕｅ１０１　Ｐｒｅｓｅｎｔｓ　Ｃｒｅｅｐｙ　Ｎｕｔｓ　ＴＨＥ　ＬＩＶＥ[字]-2024年10月05日23時/join_logo_scp.csv, 
/home/pi/CmcutScp/result/Ｖｅｎｕｅ１０１　Ｐｒｅｓｅｎｔｓ　Ｃｒｅｅｐｙ　Ｎｕｔｓ　ＴＨＥ　ＬＩＶＥ[字]-2024年10月05日23時/cm_subtitle_jls.csv 
subtitle_file:/srv/dev-disk-by-uuid-A6DA96A3DA966F75/NAS/Recorded/subtitle/Ｖｅｎｕｅ１０１　Ｐｒｅｓｅｎｔｓ　Ｃｒｅｅｐｙ　Ｎｕｔｓ　ＴＨＥ　ＬＩＶＥ[字]-2024年10月05日23時.jpn.srt, 
 ts_file_name:Ｖｅｎｕｅ１０１　Ｐｒｅｓｅｎｔｓ　Ｃｒｅｅｐｙ　Ｎｕｔｓ　ＴＨＥ　ＬＩＶＥ[字]-2024年10月05日23時.ts, 
 ts_file_input:/srv/dev-disk-by-uuid-D454C24354C22856/NAS_4_1/Recorded/2024-1cours/Ｖｅｎｕｅ１０１　Ｐｒｅｓｅｎｔｓ　Ｃｒｅｅｐｙ　Ｎｕｔｓ　ＴＨＥ　ＬＩＶＥ[字]-2024年10月05日23時.ts, 
file_inpu:Ｖｅｎｕｅ１０１　Ｐｒｅｓｅｎｔｓ　Ｃｒｅｅｐｙ　Ｎｕｔｓ　ＴＨＥ　ＬＩＶＥ[字]-2024年10月05日23時, 
output_file:/srv/dev-disk-by-uuid-D454C24354C22856/NAS_4_1/Recorded/2024-4cours/Ｖｅｎｕｅ１０１　Ｐｒｅｓｅｎｔｓ　Ｃｒｅｅｐｙ　Ｎｕｔｓ　ＴＨＥ　ＬＩＶＥ[字]-2024年10月05日23時(1)_cmcut.jpn.srt, 
 input_file:/home/pi/CmcutScp/result/Ｖｅｎｕｅ１０１　Ｐｒｅｓｅｎｔｓ　Ｃｒｅｅｐｙ　Ｎｕｔｓ　ＴＨＥ　ＬＩＶＥ[字]-2024年10月05日23時/join_logo_scp.csv, 
/home/pi/CmcutScp/result/Ｖｅｎｕｅ１０１　Ｐｒｅｓｅｎｔｓ　Ｃｒｅｅｐｙ　Ｎｕｔｓ　ＴＨＥ　ＬＩＶＥ[字]-2024年10月05日23時/cm_subtitle_jls.csv 
subtitle_file:/srv/dev-disk-by-uuid-A6DA96A3DA966F75/NAS/Recorded/subtitle/Ｖｅｎｕｅ１０１　Ｐｒｅｓｅｎｔｓ　Ｃｒｅｅｐｙ　Ｎｕｔｓ　ＴＨＥ　ＬＩＶＥ[字]-2024年10月05日23時.jpn.srt, 
 ts_file_name:Ｖｅｎｕｅ１０１　Ｐｒｅｓｅｎｔｓ　Ｃｒｅｅｐｙ　Ｎｕｔｓ　ＴＨＥ　ＬＩＶＥ[字]-2024年10月05日23時.ts, 
 ts_file_input:/srv/dev-disk-by-uuid-D454C24354C22856/NAS_4_1/Recorded/2024-1cours/Ｖｅｎｕｅ１０１　Ｐｒｅｓｅｎｔｓ　Ｃｒｅｅｐｙ　Ｎｕｔｓ　ＴＨＥ　ＬＩＶＥ[字]-2024年10月05日23時.ts, 
file_inpu:Ｖｅｎｕｅ１０１　Ｐｒｅｓｅｎｔｓ　Ｃｒｅｅｐｙ　Ｎｕｔｓ　ＴＨＥ　ＬＩＶＥ[字]-2024年10月05日23時, 
output_file:/srv/dev-disk-by-uuid-D454C24354C22856/NAS_4_1/Recorded/2024-4cours/Ｖｅｎｕｅ１０１　Ｐｒｅｓｅｎｔｓ　Ｃｒｅｅｐｙ　Ｎｕｔｓ　ＴＨＥ　ＬＩＶＥ[字]-2024年10月05日23時(2)_cmcut.jpn.srt, 
 input_file:/home/pi/CmcutScp/result/Ｖｅｎｕｅ１０１　Ｐｒｅｓｅｎｔｓ　Ｃｒｅｅｐｙ　Ｎｕｔｓ　ＴＨＥ　ＬＩＶＥ[字]-2024年10月05日23時/join_logo_scp.csv, 
/home/pi/CmcutScp/result/Ｖｅｎｕｅ１０１　Ｐｒｅｓｅｎｔｓ　Ｃｒｅｅｐｙ　Ｎｕｔｓ　ＴＨＥ　ＬＩＶＥ[字]-2024年10月05日23時/cm_subtitle_jls.csv 
subtitle_file:/srv/dev-disk-by-uuid-A6DA96A3DA966F75/NAS/Recorded/subtitle/Ｖｅｎｕｅ１０１　Ｐｒｅｓｅｎｔｓ　Ｃｒｅｅｐｙ　Ｎｕｔｓ　ＴＨＥ　ＬＩＶＥ[字]-2024年10月05日23時.jpn.srt, 
 ts_file_name:Ｖｅｎｕｅ１０１　Ｐｒｅｓｅｎｔｓ　Ｃｒｅｅｐｙ　Ｎｕｔｓ　ＴＨＥ　ＬＩＶＥ[字]-2024年10月05日23時.ts, 
 ts_file_input:/srv/dev-disk-by-uuid-D454C24354C22856/NAS_4_1/Recorded/2024-1cours/Ｖｅｎｕｅ１０１　Ｐｒｅｓｅｎｔｓ　Ｃｒｅｅｐｙ　Ｎｕｔｓ　ＴＨＥ　ＬＩＶＥ[字]-2024年10月05日23時.ts, 
file_inpu:Ｖｅｎｕｅ１０１　Ｐｒｅｓｅｎｔｓ　Ｃｒｅｅｐｙ　Ｎｕｔｓ　ＴＨＥ　ＬＩＶＥ[字]-2024年10月05日23時, 
output_file:/srv/dev-disk-by-uuid-D454C24354C22856/NAS_4_1/Recorded/2024-4cours/Ｖｅｎｕｅ１０１　Ｐｒｅｓｅｎｔｓ　Ｃｒｅｅｐｙ　Ｎｕｔｓ　ＴＨＥ　ＬＩＶＥ[字]-2024年10月05日23時(3)_cmcut.jpn.srt, 
 input_file:/home/pi/CmcutScp/result/Ｖｅｎｕｅ１０１　Ｐｒｅｓｅｎｔｓ　Ｃｒｅｅｐｙ　Ｎｕｔｓ　ＴＨＥ　ＬＩＶＥ[字]-2024年10月05日23時/join_logo_scp.csv, 
/home/pi/CmcutScp/result/Ｖｅｎｕｅ１０１　Ｐｒｅｓｅｎｔｓ　Ｃｒｅｅｐｙ　Ｎｕｔｓ　ＴＨＥ　ＬＩＶＥ[字]-2024年10月05日23時/cm_subtitle_jls.csv 
subtitle_file:/srv/dev-disk-by-uuid-A6DA96A3DA966F75/NAS/Recorded/subtitle/Ｖｅｎｕｅ１０１　Ｐｒｅｓｅｎｔｓ　Ｃｒｅｅｐｙ　Ｎｕｔｓ　ＴＨＥ　ＬＩＶＥ[字]-2024年10月05日23時.jpn.srt, 
 ts_file_name:Ｖｅｎｕｅ１０１　Ｐｒｅｓｅｎｔｓ　Ｃｒｅｅｐｙ　Ｎｕｔｓ　ＴＨＥ　ＬＩＶＥ[字]-2024年10月05日23時.ts, 
 ts_file_input:/srv/dev-disk-by-uuid-D454C24354C22856/NAS_4_1/Recorded/2024-1cours/Ｖｅｎｕｅ１０１　Ｐｒｅｓｅｎｔｓ　Ｃｒｅｅｐｙ　Ｎｕｔｓ　ＴＨＥ　ＬＩＶＥ[字]-2024年10月05日23時.ts, 
file_inpu:Ｖｅｎｕｅ１０１　Ｐｒｅｓｅｎｔｓ　Ｃｒｅｅｐｙ　Ｎｕｔｓ　ＴＨＥ　ＬＩＶＥ[字]-2024年10月05日23時, 
output_file:/srv/dev-disk-by-uuid-D454C24354C22856/NAS_4_1/Recorded/2024-4cours/Ｖｅｎｕｅ１０１　Ｐｒｅｓｅｎｔｓ　Ｃｒｅｅｐｙ　Ｎｕｔｓ　ＴＨＥ　ＬＩＶＥ[字]-2024年10月05日23時_cmcut.jpn.srt, 
 input_file:/home/pi/CmcutScp/result/Ｖｅｎｕｅ１０１　Ｐｒｅｓｅｎｔｓ　Ｃｒｅｅｐｙ　Ｎｕｔｓ　ＴＨＥ　ＬＩＶＥ[字]-2024年10月05日23時/join_logo_scp.csv, 
/home/pi/CmcutScp/result/Ｖｅｎｕｅ１０１　Ｐｒｅｓｅｎｔｓ　Ｃｒｅｅｐｙ　Ｎｕｔｓ　ＴＨＥ　ＬＩＶＥ[字]-2024年10月05日23時/cm_subtitle_jls.csv 
subtitle_file:/srv/dev-disk-by-uuid-A6DA96A3DA966F75/NAS/Recorded/subtitle/Ｖｅｎｕｅ１０１　Ｐｒｅｓｅｎｔｓ　Ｃｒｅｅｐｙ　Ｎｕｔｓ　ＴＨＥ　ＬＩＶＥ[字]-2024年10月05日23時.jpn.srt, 
 ts_file_name:Ｖｅｎｕｅ１０１　Ｐｒｅｓｅｎｔｓ　Ｃｒｅｅｐｙ　Ｎｕｔｓ　ＴＨＥ　ＬＩＶＥ[字]-2024年10月05日23時.ts, 
 ts_file_input:/srv/dev-disk-by-uuid-D454C24354C22856/NAS_4_1/Recorded/2024-1cours/Ｖｅｎｕｅ１０１　Ｐｒｅｓｅｎｔｓ　Ｃｒｅｅｐｙ　Ｎｕｔｓ　ＴＨＥ　ＬＩＶＥ[字]-2024年10月05日23時.ts, 
file_inpu:Ｖｅｎｕｅ１０１　Ｐｒｅｓｅｎｔｓ　Ｃｒｅｅｐｙ　Ｎｕｔｓ　ＴＨＥ　ＬＩＶＥ[字]-2024年10月05日23時, 
output_file:/srv/dev-disk-by-uuid-D454C24354C22856/NAS_4_1/Recorded/2024-4cours/Ｖｅｎｕｅ１０１　Ｐｒｅｓｅｎｔｓ　Ｃｒｅｅｐｙ　Ｎｕｔｓ　ＴＨＥ　ＬＩＶＥ[字]-2024年10月05日23時(1)_cmcut.jpn.srt, 
 input_file:/home/pi/CmcutScp/result/Ｖｅｎｕｅ１０１　Ｐｒｅｓｅｎｔｓ　Ｃｒｅｅｐｙ　Ｎｕｔｓ　ＴＨＥ　ＬＩＶＥ[字]-2024年10月05日23時/join_logo_scp.csv, 
/home/pi/CmcutScp/result/Ｖｅｎｕｅ１０１　Ｐｒｅｓｅｎｔｓ　Ｃｒｅｅｐｙ　Ｎｕｔｓ　ＴＨＥ　ＬＩＶＥ[字]-2024年10月05日23時/cm_subtitle_jls.csv 
subtitle_file:/srv/dev-disk-by-uuid-A6DA96A3DA966F75/NAS/Recorded/subtitle/Ｖｅｎｕｅ１０１　Ｐｒｅｓｅｎｔｓ　Ｃｒｅｅｐｙ　Ｎｕｔｓ　ＴＨＥ　ＬＩＶＥ[字]-2024年10月05日23時.jpn.srt, 
 ts_file_name:Ｖｅｎｕｅ１０１　Ｐｒｅｓｅｎｔｓ　Ｃｒｅｅｐｙ　Ｎｕｔｓ　ＴＨＥ　ＬＩＶＥ[字]-2024年10月05日23時.ts, 
 ts_file_input:/srv/dev-disk-by-uuid-D454C24354C22856/NAS_4_1/Recorded/2024-1cours/Ｖｅｎｕｅ１０１　Ｐｒｅｓｅｎｔｓ　Ｃｒｅｅｐｙ　Ｎｕｔｓ　ＴＨＥ　ＬＩＶＥ[字]-2024年10月05日23時.ts, 
file_inpu:Ｖｅｎｕｅ１０１　Ｐｒｅｓｅｎｔｓ　Ｃｒｅｅｐｙ　Ｎｕｔｓ　ＴＨＥ　ＬＩＶＥ[字]-2024年10月05日23時, 
output_file:/srv/dev-disk-by-uuid-D454C24354C22856/NAS_4_1/Recorded/2024-4cours/Ｖｅｎｕｅ１０１　Ｐｒｅｓｅｎｔｓ　Ｃｒｅｅｐｙ　Ｎｕｔｓ　ＴＨＥ　ＬＩＶＥ[字]-2024年10月05日23時(2)_cmcut.jpn.srt, 
 input_file:/home/pi/CmcutScp/result/Ｖｅｎｕｅ１０１　Ｐｒｅｓｅｎｔｓ　Ｃｒｅｅｐｙ　Ｎｕｔｓ　ＴＨＥ　ＬＩＶＥ[字]-2024年10月05日23時/join_logo_scp.csv, 
/home/pi/CmcutScp/result/Ｖｅｎｕｅ１０１　Ｐｒｅｓｅｎｔｓ　Ｃｒｅｅｐｙ　Ｎｕｔｓ　ＴＨＥ　ＬＩＶＥ[字]-2024年10月05日23時/cm_subtitle_jls.csv 
