AVSスクリプトファイルを生成完了

channelName:--------
日テレ1
----------

chapter_exe -v "/home/pi/CmcutScp/result/金曜ロードショー「ミッション・インポッシブル２」★トム・クルーズ主演★[二][字][デ]-2024年06月14日21時/join_tsfile.avs" -lwi /home/pi/CmcutScp/result/"金曜ロードショー「ミッション・インポッシブル２」★トム・クルーズ主演★[二][字][デ]-2024年06月14日21時"/chapter_inscp.lwi -oa /home/pi/CmcutScp/result/"金曜ロードショー「ミッション・インポッシブル２」★トム・クルーズ主演★[二][字][デ]-2024年06月14日21時"/chapter_inscp.txt
該当する .lgd ファイル (日テレ1.lgd) が見つかりました。

cmd : logoframe "/home/pi/CmcutScp/result/金曜ロードショー「ミッション・インポッシブル２」★トム・クルーズ主演★[二][字][デ]-2024年06月14日21時/join_tsfile.avs" -logo "/home/pi/CmcutScp/join_logo_scp_trial/logo/日テレ1.lgd" -oa "/home/pi/CmcutScp/result/金曜ロードショー「ミッション・インポッシブル２」★トム・クルーズ主演★[二][字][デ]-2024年06月14日21時/logoframe_inlogo.txt"

cmd : join_logo_scp -inlogo "/home/pi/CmcutScp/result/金曜ロードショー「ミッション・インポッシブル２」★トム・クルーズ主演★[二][字][デ]-2024年06月14日21時/logoframe_inlogo.txt" -inscp "/home/pi/CmcutScp/result/金曜ロードショー「ミッション・インポッシブル２」★トム・クルーズ主演★[二][字][デ]-2024年06月14日21時/chapter_inscp.txt" -incmd "/home/pi/CmcutScp/join_logo_scp_trial/JL/JL_標準.txt" -o "/home/pi/CmcutScp/result/金曜ロードショー「ミッション・インポッシブル２」★トム・クルーズ主演★[二][字][デ]-2024年06月14日21時/join_logo_scp.txt"

joinOutputFile()
: "/home/pi/CmcutScp/result/金曜ロードショー「ミッション・インポッシブル２」★トム・クルーズ主演★[二][字][デ]-2024年06月14日21時/join_logo_scp.csv"

 フレーム情報ファイルのパス(joinOutputFile) 
 /home/pi/CmcutScp/result/金曜ロードショー「ミッション・インポッシブル２」★トム・クルーズ主演★[二][字][デ]-2024年06月14日21時/join_logo_scp.csv 

 フィルターコンプレックスの初期値を設定(data) 
 180,42916
47413,64135
69980,86852
92697,122307
128152,141997
147842,172535
177932,193875
199271,234335
239730,266762
 

generateFilterComplex()
: "[0:v]trim=6.006:1431.965,setpts=PTS-STARTPTS[v0];[0:a]atrim=6.006:1431.965,asetpts=PTS-STARTPTS[a0];[v0]yadif=0[v0_deinterlaced];[0:v]trim=1582.015:2139.973,setpts=PTS-STARTPTS[v1];[0:a]atrim=1582.015:2139.973,asetpts=PTS-STARTPTS[a1];[v1]yadif=0[v1_deinterlaced];[0:v]trim=2335.002:2897.965,setpts=PTS-STARTPTS[v2];[0:a]atrim=2335.002:2897.965,asetpts=PTS-STARTPTS[a2];[v2]yadif=0[v2_deinterlaced];[0:v]trim=3092.993:4080.981,setpts=PTS-STARTPTS[v3];[0:a]atrim=3092.993:4080.981,asetpts=PTS-STARTPTS[a3];[v3]yadif=0[v3_deinterlaced];[0:v]trim=4276.009:4737.971,setpts=PTS-STARTPTS[v4];[0:a]atrim=4276.009:4737.971,asetpts=PTS-STARTPTS[a4];[v4]yadif=0[v4_deinterlaced];[0:v]trim=4933.000:5756.924,setpts=PTS-STARTPTS[v5];[0:a]atrim=4933.000:5756.924,asetpts=PTS-STARTPTS[a5];[v5]yadif=0[v5_deinterlaced];[0:v]trim=5937.004:6468.969,setpts=PTS-STARTPTS[v6];[0:a]atrim=5937.004:6468.969,asetpts=PTS-STARTPTS[a6];[v6]yadif=0[v6_deinterlaced];[0:v]trim=6649.016:7818.986,setpts=PTS-STARTPTS[v7];[0:a]atrim=6649.016:7818.986,asetpts=PTS-STARTPTS[a7];[v7]yadif=0[v7_deinterlaced];[0:v]trim=7998.999:8900.968,setpts=PTS-STARTPTS[v8];[0:a]atrim=7998.999:8900.968,asetpts=PTS-STARTPTS[a8];[v8]yadif=0[v8_deinterlaced];[v0_deinterlaced][a0][v1_deinterlaced][a1][v2_deinterlaced][a2][v3_deinterlaced][a3][v4_deinterlaced][a4][v5_deinterlaced][a5][v6_deinterlaced][a6][v7_deinterlaced][a7][v8_deinterlaced][a8]concat=n=9:v=1:a=1"

/usr/bin/ffmpeg:: -y,-analyzeduration,10M,-probesize,32M,-i,/srv/dev-disk-by-uuid-A6DA96A3DA966F75/NAS/Recorded/failed/金曜ロードショー「ミッション・インポッシブル２」★トム・クルーズ主演★[二][字][デ]-2024年06月14日21時.mp4,-c:a,aac,-ignore_unknown,-filter_complex,[0:v]trim=6.006:1431.965,setpts=PTS-STARTPTS[v0];[0:a]atrim=6.006:1431.965,asetpts=PTS-STARTPTS[a0];[v0]yadif=0[v0_deinterlaced];[0:v]trim=1582.015:2139.973,setpts=PTS-STARTPTS[v1];[0:a]atrim=1582.015:2139.973,asetpts=PTS-STARTPTS[a1];[v1]yadif=0[v1_deinterlaced];[0:v]trim=2335.002:2897.965,setpts=PTS-STARTPTS[v2];[0:a]atrim=2335.002:2897.965,asetpts=PTS-STARTPTS[a2];[v2]yadif=0[v2_deinterlaced];[0:v]trim=3092.993:4080.981,setpts=PTS-STARTPTS[v3];[0:a]atrim=3092.993:4080.981,asetpts=PTS-STARTPTS[a3];[v3]yadif=0[v3_deinterlaced];[0:v]trim=4276.009:4737.971,setpts=PTS-STARTPTS[v4];[0:a]atrim=4276.009:4737.971,asetpts=PTS-STARTPTS[a4];[v4]yadif=0[v4_deinterlaced];[0:v]trim=4933.000:5756.924,setpts=PTS-STARTPTS[v5];[0:a]atrim=4933.000:5756.924,asetpts=PTS-STARTPTS[a5];[v5]yadif=0[v5_deinterlaced];[0:v]trim=5937.004:6468.969,setpts=PTS-STARTPTS[v6];[0:a]atrim=5937.004:6468.969,asetpts=PTS-STARTPTS[a6];[v6]yadif=0[v6_deinterlaced];[0:v]trim=6649.016:7818.986,setpts=PTS-STARTPTS[v7];[0:a]atrim=6649.016:7818.986,asetpts=PTS-STARTPTS[a7];[v7]yadif=0[v7_deinterlaced];[0:v]trim=7998.999:8900.968,setpts=PTS-STARTPTS[v8];[0:a]atrim=7998.999:8900.968,asetpts=PTS-STARTPTS[a8];[v8]yadif=0[v8_deinterlaced];[v0_deinterlaced][a0][v1_deinterlaced][a1][v2_deinterlaced][a2][v3_deinterlaced][a3][v4_deinterlaced][a4][v5_deinterlaced][a5][v6_deinterlaced][a6][v7_deinterlaced][a7][v8_deinterlaced][a8]concat=n=9:v=1:a=1,-b:v,10M,-c:v,h264_v4l2m2m,-aspect,16:9,-f,mp4,-r,29.97,-crf,20,/srv/dev-disk-by-uuid-A6DA96A3DA966F75/NAS/Recorded/Movie/金曜ロードショー「ミッション・インポッシブル２」★トム・クルーズ主演★[二][字][デ]-2024年06月14日21時.mp4

