--------
曜日 月  日  年  時:分:秒 
Thu Oct 10 2024 16:09:50 GMT+0900 (Japan Standard Time)
----------

↓↓↓↓↓↓↓↓↓↓↓↓↓↓↓↓↓↓↓↓↓↓↓↓↓↓↓↓↓↓↓↓↓↓

/home/pi/EPGStation/config/enc-cm-enh-0000.jsで追記
AVSスクリプトファイルを生成完了

channelName:
--------
日テレ1
----------

chapter_exe -v "/home/pi/CmcutScp/result/金曜ロードショー「天空の城ラピュタ」原作・脚本・監督：宮﨑駿★ノーカット[解][字][デ]-2024年08月30日21時/join_tsfile.avs" -lwi /home/pi/CmcutScp/result/"金曜ロードショー「天空の城ラピュタ」原作・脚本・監督：宮﨑駿★ノーカット[解][字][デ]-2024年08月30日21時"/chapter_inscp.lwi -oa /home/pi/CmcutScp/result/"金曜ロードショー「天空の城ラピュタ」原作・脚本・監督：宮﨑駿★ノーカット[解][字][デ]-2024年08月30日21時"/chapter_inscp.txt
該当する .lgd ファイル (日テレ1.lgd) が見つかりました。

cmd : logoframe "/home/pi/CmcutScp/result/金曜ロードショー「天空の城ラピュタ」原作・脚本・監督：宮﨑駿★ノーカット[解][字][デ]-2024年08月30日21時/join_tsfile.avs" -logo "/home/pi/CmcutScp/join_logo_scp_trial/logo/日テレ1.lgd" -oa "/home/pi/CmcutScp/result/金曜ロードショー「天空の城ラピュタ」原作・脚本・監督：宮﨑駿★ノーカット[解][字][デ]-2024年08月30日21時/logoframe_inlogo.txt"

cmd : join_logo_scp -inlogo "/home/pi/CmcutScp/result/金曜ロードショー「天空の城ラピュタ」原作・脚本・監督：宮﨑駿★ノーカット[解][字][デ]-2024年08月30日21時/logoframe_inlogo.txt" -inscp "/home/pi/CmcutScp/result/金曜ロードショー「天空の城ラピュタ」原作・脚本・監督：宮﨑駿★ノーカット[解][字][デ]-2024年08月30日21時/chapter_inscp.txt" -incmd "/home/pi/CmcutScp/join_logo_scp_trial/JL/JL_標準.txt" -o "/home/pi/CmcutScp/result/金曜ロードショー「天空の城ラピュタ」原作・脚本・監督：宮﨑駿★ノーカット[解][字][デ]-2024年08月30日21時/join_logo_scp.txt"

joinOutputFile()
: "/home/pi/CmcutScp/result/金曜ロードショー「天空の城ラピュタ」原作・脚本・監督：宮﨑駿★ノーカット[解][字][デ]-2024年08月30日21時/join_logo_scp.csv"

 フレーム情報ファイルのパス(joinOutputFile) 
 /home/pi/CmcutScp/result/金曜ロードショー「天空の城ラピュタ」原作・脚本・監督：宮﨑駿★ノーカット[解][字][デ]-2024年08月30日21時/join_logo_scp.csv 

 フィルターコンプレックスの初期値を設定(data) 
 1077,35061
39557,57508
63509,79746
85603,105688
106771,120386
125781,141484
146880,167679
172624,186149
192824,225371
231006,245870
251730,275151
 

generateFilterComplex()
: "[0:v]trim=35.936:1169.870,setpts=PTS-STARTPTS[v0];[0:a]atrim=35.936:1169.870,asetpts=PTS-STARTPTS[a0];[v0]yadif=0[v0_deinterlaced];[0:v]trim=1319.887:1918.852,setpts=PTS-STARTPTS[v1];[0:a]atrim=1319.887:1918.852,asetpts=PTS-STARTPTS[a1];[v1]yadif=0[v1_deinterlaced];[0:v]trim=2119.086:2660.861,setpts=PTS-STARTPTS[v2];[0:a]atrim=2119.086:2660.861,asetpts=PTS-STARTPTS[a2];[v2]yadif=0[v2_deinterlaced];[0:v]trim=2856.290:3526.460,setpts=PTS-STARTPTS[v3];[0:a]atrim=2856.290:3526.460,asetpts=PTS-STARTPTS[a3];[v3]yadif=0[v3_deinterlaced];[0:v]trim=3562.596:4016.884,setpts=PTS-STARTPTS[v4];[0:a]atrim=3562.596:4016.884,asetpts=PTS-STARTPTS[a4];[v4]yadif=0[v4_deinterlaced];[0:v]trim=4196.897:4720.854,setpts=PTS-STARTPTS[v5];[0:a]atrim=4196.897:4720.854,asetpts=PTS-STARTPTS[a5];[v5]yadif=0[v5_deinterlaced];[0:v]trim=4900.901:5594.895,setpts=PTS-STARTPTS[v6];[0:a]atrim=4900.901:5594.895,asetpts=PTS-STARTPTS[a6];[v6]yadif=0[v6_deinterlaced];[0:v]trim=5759.893:6211.178,setpts=PTS-STARTPTS[v7];[0:a]atrim=5759.893:6211.178,asetpts=PTS-STARTPTS[a7];[v7]yadif=0[v7_deinterlaced];[0:v]trim=6433.901:7519.887,setpts=PTS-STARTPTS[v8];[0:a]atrim=6433.901:7519.887,asetpts=PTS-STARTPTS[a8];[v8]yadif=0[v8_deinterlaced];[0:v]trim=7707.908:8203.871,setpts=PTS-STARTPTS[v9];[0:a]atrim=7707.908:8203.871,asetpts=PTS-STARTPTS[a9];[v9]yadif=0[v9_deinterlaced];[0:v]trim=8399.399:9180.881,setpts=PTS-STARTPTS[v10];[0:a]atrim=8399.399:9180.881,asetpts=PTS-STARTPTS[a10];[v10]yadif=0[v10_deinterlaced];[v0_deinterlaced][a0][v1_deinterlaced][a1][v2_deinterlaced][a2][v3_deinterlaced][a3][v4_deinterlaced][a4][v5_deinterlaced][a5][v6_deinterlaced][a6][v7_deinterlaced][a7][v8_deinterlaced][a8][v9_deinterlaced][a9][v10_deinterlaced][a10]concat=n=11:v=1:a=1"

/usr/bin/ffmpeg:: -y,-analyzeduration,10M,-probesize,32M,-i,/srv/dev-disk-by-uuid-D454C24354C22856/NAS_4_1/Recorded/2024-4cours/encode_faild/金曜ロードショー「天空の城ラピュタ」原作・脚本・監督：宮﨑駿★ノーカット[解][字][デ]-2024年08月30日21時.mp4,-c:a,aac,-ignore_unknown,-filter_complex,[0:v]trim=35.936:1169.870,setpts=PTS-STARTPTS[v0];[0:a]atrim=35.936:1169.870,asetpts=PTS-STARTPTS[a0];[v0]yadif=0[v0_deinterlaced];[0:v]trim=1319.887:1918.852,setpts=PTS-STARTPTS[v1];[0:a]atrim=1319.887:1918.852,asetpts=PTS-STARTPTS[a1];[v1]yadif=0[v1_deinterlaced];[0:v]trim=2119.086:2660.861,setpts=PTS-STARTPTS[v2];[0:a]atrim=2119.086:2660.861,asetpts=PTS-STARTPTS[a2];[v2]yadif=0[v2_deinterlaced];[0:v]trim=2856.290:3526.460,setpts=PTS-STARTPTS[v3];[0:a]atrim=2856.290:3526.460,asetpts=PTS-STARTPTS[a3];[v3]yadif=0[v3_deinterlaced];[0:v]trim=3562.596:4016.884,setpts=PTS-STARTPTS[v4];[0:a]atrim=3562.596:4016.884,asetpts=PTS-STARTPTS[a4];[v4]yadif=0[v4_deinterlaced];[0:v]trim=4196.897:4720.854,setpts=PTS-STARTPTS[v5];[0:a]atrim=4196.897:4720.854,asetpts=PTS-STARTPTS[a5];[v5]yadif=0[v5_deinterlaced];[0:v]trim=4900.901:5594.895,setpts=PTS-STARTPTS[v6];[0:a]atrim=4900.901:5594.895,asetpts=PTS-STARTPTS[a6];[v6]yadif=0[v6_deinterlaced];[0:v]trim=5759.893:6211.178,setpts=PTS-STARTPTS[v7];[0:a]atrim=5759.893:6211.178,asetpts=PTS-STARTPTS[a7];[v7]yadif=0[v7_deinterlaced];[0:v]trim=6433.901:7519.887,setpts=PTS-STARTPTS[v8];[0:a]atrim=6433.901:7519.887,asetpts=PTS-STARTPTS[a8];[v8]yadif=0[v8_deinterlaced];[0:v]trim=7707.908:8203.871,setpts=PTS-STARTPTS[v9];[0:a]atrim=7707.908:8203.871,asetpts=PTS-STARTPTS[a9];[v9]yadif=0[v9_deinterlaced];[0:v]trim=8399.399:9180.881,setpts=PTS-STARTPTS[v10];[0:a]atrim=8399.399:9180.881,asetpts=PTS-STARTPTS[a10];[v10]yadif=0[v10_deinterlaced];[v0_deinterlaced][a0][v1_deinterlaced][a1][v2_deinterlaced][a2][v3_deinterlaced][a3][v4_deinterlaced][a4][v5_deinterlaced][a5][v6_deinterlaced][a6][v7_deinterlaced][a7][v8_deinterlaced][a8][v9_deinterlaced][a9][v10_deinterlaced][a10]concat=n=11:v=1:a=1,-b:v,10M,-c:v,h264_v4l2m2m,-aspect,16:9,-f,mp4,-r,29.97,-crf,20,/srv/dev-disk-by-uuid-A6DA96A3DA966F75/NAS/Recorded/Movie/金曜ロードショー「天空の城ラピュタ」原作・脚本・監督：宮﨑駿★ノーカット[解][字][デ]-2024年08月30日21時.mp4

ecm-subtitle-12.s を実行: INPUT="/srv/dev-disk-by-uuid-D454C24354C22856/NAS_4_1/Recorded/2024-3cours/金曜ロードショー「天空の城ラピュタ」原作・脚本・監督：宮﨑駿★ノーカット[解][字][デ]-2024年08月30日21時.ts" OUTPUT="/srv/dev-disk-by-uuid-A6DA96A3DA966F75/NAS/Recorded/Movie/金曜ロードショー「天空の城ラピュタ」原作・脚本・監督：宮﨑駿★ノーカット[解][字][デ]-2024年08月30日21時_cmcut.jpn.srt" /bin/bash /home/pi/EPGStation/config/cm-subtitle-12.sh

