AVSスクリプトファイルを生成完了

channelName:--------
日テレ1
----------

chapter_exe -v "/home/pi/CmcutScp/result/金曜ロードショー「葬送のフリーレン　初回２時間ＳＰ～旅立ちの章～」[字][デ]-2023年09月29日21時.m2ts/join_tsfile.avs" -lwi /home/pi/CmcutScp/result/"金曜ロードショー「葬送のフリーレン　初回２時間ＳＰ～旅立ちの章～」[字][デ]-2023年09月29日21時.m2ts"/chapter_inscp.lwi -oa /home/pi/CmcutScp/result/"金曜ロードショー「葬送のフリーレン　初回２時間ＳＰ～旅立ちの章～」[字][デ]-2023年09月29日21時.m2ts"/chapter_inscp.txt
該当する .lgd ファイル (日テレ1.lgd) が見つかりました。

cmd : logoframe "/home/pi/CmcutScp/result/金曜ロードショー「葬送のフリーレン　初回２時間ＳＰ～旅立ちの章～」[字][デ]-2023年09月29日21時.m2ts/join_tsfile.avs" -logo "/home/pi/CmcutScp/join_logo_scp_trial/logo/日テレ1.lgd" -oa "/home/pi/CmcutScp/result/金曜ロードショー「葬送のフリーレン　初回２時間ＳＰ～旅立ちの章～」[字][デ]-2023年09月29日21時.m2ts/logoframe_inlogo.txt"

cmd : join_logo_scp -inlogo "/home/pi/CmcutScp/result/金曜ロードショー「葬送のフリーレン　初回２時間ＳＰ～旅立ちの章～」[字][デ]-2023年09月29日21時.m2ts/logoframe_inlogo.txt.txt" -inscp "/home/pi/CmcutScp/result/金曜ロードショー「葬送のフリーレン　初回２時間ＳＰ～旅立ちの章～」[字][デ]-2023年09月29日21時.m2ts/chapter_inscp.txt" -incmd "/home/pi/CmcutScp/join_logo_scp_trial/JL/JL_標準.txt" -o "/home/pi/CmcutScp/result/金曜ロードショー「葬送のフリーレン　初回２時間ＳＰ～旅立ちの章～」[字][デ]-2023年09月29日21時.m2ts/join_logo_scp.txt"

joinOutputFile()
: "/home/pi/CmcutScp/result/金曜ロードショー「葬送のフリーレン　初回２時間ＳＰ～旅立ちの章～」[字][デ]-2023年09月29日21時.m2ts/join_logo_scp.csv"

 フレーム情報ファイルのパス(joinOutputFile) 
 /home/pi/CmcutScp/result/金曜ロードショー「葬送のフリーレン　初回２時間ＳＰ～旅立ちの章～」[字][デ]-2023年09月29日21時.m2ts/join_logo_scp.csv 

 フィルターコンプレックスの初期値を設定(data) 
 160,35074
39571,66782
70380,70828
72628,96603
102448,118361
124206,146652
148902,149350
152948,168860
173357,203805
 

generateFilterComplex()
: "[0:v]trim=5.339:1170.304,setpts=PTS-STARTPTS[v0];[0:a]atrim=5.339:1170.304,asetpts=PTS-STARTPTS[a0];[v0]yadif=0[v0_deinterlaced];[0:v]trim=1320.354:2228.295,setpts=PTS-STARTPTS[v1];[0:a]atrim=1320.354:2228.295,asetpts=PTS-STARTPTS[a1];[v1]yadif=0[v1_deinterlaced];[0:v]trim=2348.348:2363.297,setpts=PTS-STARTPTS[v2];[0:a]atrim=2348.348:2363.297,asetpts=PTS-STARTPTS[a2];[v2]yadif=0[v2_deinterlaced];[0:v]trim=2423.357:3223.323,setpts=PTS-STARTPTS[v3];[0:a]atrim=2423.357:3223.323,asetpts=PTS-STARTPTS[a3];[v3]yadif=0[v3_deinterlaced];[0:v]trim=3418.352:3949.316,setpts=PTS-STARTPTS[v4];[0:a]atrim=3418.352:3949.316,asetpts=PTS-STARTPTS[a4];[v4]yadif=0[v4_deinterlaced];[0:v]trim=4144.344:4893.293,setpts=PTS-STARTPTS[v5];[0:a]atrim=4144.344:4893.293,asetpts=PTS-STARTPTS[a5];[v5]yadif=0[v5_deinterlaced];[0:v]trim=4968.368:4983.317,setpts=PTS-STARTPTS[v6];[0:a]atrim=4968.368:4983.317,asetpts=PTS-STARTPTS[a6];[v6]yadif=0[v6_deinterlaced];[0:v]trim=5103.370:5634.301,setpts=PTS-STARTPTS[v7];[0:a]atrim=5103.370:5634.301,asetpts=PTS-STARTPTS[a7];[v7]yadif=0[v7_deinterlaced];[0:v]trim=5784.351:6800.300,setpts=PTS-STARTPTS[v8];[0:a]atrim=5784.351:6800.300,asetpts=PTS-STARTPTS[a8];[v8]yadif=0[v8_deinterlaced];[v0_deinterlaced][a0][v1_deinterlaced][a1][v2_deinterlaced][a2][v3_deinterlaced][a3][v4_deinterlaced][a4][v5_deinterlaced][a5][v6_deinterlaced][a6][v7_deinterlaced][a7][v8_deinterlaced][a8]concat=n=9:v=1:a=1"

/usr/bin/ffmpeg:: -y,-analyzeduration,10M,-probesize,32M,-i,/srv/dev-disk-by-uuid-A6DA96A3DA966F75/NAS/Recorded/金曜ロードショー「葬送のフリーレン　初回２時間ＳＰ～旅立ちの章～」[字][デ]-2023年09月29日21時.m2ts,-c:a,aac,-filter_complex,[0:v]trim=5.339:1170.304,setpts=PTS-STARTPTS[v0];[0:a]atrim=5.339:1170.304,asetpts=PTS-STARTPTS[a0];[v0]yadif=0[v0_deinterlaced];[0:v]trim=1320.354:2228.295,setpts=PTS-STARTPTS[v1];[0:a]atrim=1320.354:2228.295,asetpts=PTS-STARTPTS[a1];[v1]yadif=0[v1_deinterlaced];[0:v]trim=2348.348:2363.297,setpts=PTS-STARTPTS[v2];[0:a]atrim=2348.348:2363.297,asetpts=PTS-STARTPTS[a2];[v2]yadif=0[v2_deinterlaced];[0:v]trim=2423.357:3223.323,setpts=PTS-STARTPTS[v3];[0:a]atrim=2423.357:3223.323,asetpts=PTS-STARTPTS[a3];[v3]yadif=0[v3_deinterlaced];[0:v]trim=3418.352:3949.316,setpts=PTS-STARTPTS[v4];[0:a]atrim=3418.352:3949.316,asetpts=PTS-STARTPTS[a4];[v4]yadif=0[v4_deinterlaced];[0:v]trim=4144.344:4893.293,setpts=PTS-STARTPTS[v5];[0:a]atrim=4144.344:4893.293,asetpts=PTS-STARTPTS[a5];[v5]yadif=0[v5_deinterlaced];[0:v]trim=4968.368:4983.317,setpts=PTS-STARTPTS[v6];[0:a]atrim=4968.368:4983.317,asetpts=PTS-STARTPTS[a6];[v6]yadif=0[v6_deinterlaced];[0:v]trim=5103.370:5634.301,setpts=PTS-STARTPTS[v7];[0:a]atrim=5103.370:5634.301,asetpts=PTS-STARTPTS[a7];[v7]yadif=0[v7_deinterlaced];[0:v]trim=5784.351:6800.300,setpts=PTS-STARTPTS[v8];[0:a]atrim=5784.351:6800.300,asetpts=PTS-STARTPTS[a8];[v8]yadif=0[v8_deinterlaced];[v0_deinterlaced][a0][v1_deinterlaced][a1][v2_deinterlaced][a2][v3_deinterlaced][a3][v4_deinterlaced][a4][v5_deinterlaced][a5][v6_deinterlaced][a6][v7_deinterlaced][a7][v8_deinterlaced][a8]concat=n=9:v=1:a=1,-b:v,10M,-c:v,h264_v4l2m2m,-aspect,16:9,-f,mp4,-r,29.97,-crf,20,/srv/dev-disk-by-uuid-A6DA96A3DA966F75/NAS/Recorded/TV_Program/葬送のフリーレン/金曜ロードショー「葬送のフリーレン　初回２時間ＳＰ～旅立ちの章～」[字][デ]-2023年09月29日21時.mp4

