エンコード年月日:
--------
Sun Oct 06 2024 04:59:47 GMT+0900 (Japan Standard Time)
----------

AVSスクリプトファイルを生成完了

channelName:
--------
日テレ1
----------

chapter_exe -v "/home/pi/CmcutScp/result/[新]らんま１／２[字]-2024年10月06日00時/join_tsfile.avs" -lwi /home/pi/CmcutScp/result/"[新]らんま１／２[字]-2024年10月06日00時"/chapter_inscp.lwi -oa /home/pi/CmcutScp/result/"[新]らんま１／２[字]-2024年10月06日00時"/chapter_inscp.txt
該当する .lgd ファイル (日テレ1.lgd) が見つかりました。

cmd : logoframe "/home/pi/CmcutScp/result/[新]らんま１／２[字]-2024年10月06日00時/join_tsfile.avs" -logo "/home/pi/CmcutScp/join_logo_scp_trial/logo/日テレ1.lgd" -oa "/home/pi/CmcutScp/result/[新]らんま１／２[字]-2024年10月06日00時/logoframe_inlogo.txt"

cmd : join_logo_scp -inlogo "/home/pi/CmcutScp/result/[新]らんま１／２[字]-2024年10月06日00時/logoframe_inlogo.txt" -inscp "/home/pi/CmcutScp/result/[新]らんま１／２[字]-2024年10月06日00時/chapter_inscp.txt" -incmd "/home/pi/CmcutScp/join_logo_scp_trial/JL/JL_標準.txt" -o "/home/pi/CmcutScp/result/[新]らんま１／２[字]-2024年10月06日00時/join_logo_scp.txt"

 フレーム情報ファイルのパス(joinOutputFile) 
 /home/pi/CmcutScp/result/[新]らんま１／２[字]-2024年10月06日00時/join_logo_scp.csv 

 フィルターコンプレックスの初期値を設定(data) 
 1968,6072
11015,30438
34935,52316
 

subtitle を実行

cm-subtitle-12.sh を実行INPUT="/srv/dev-disk-by-uuid-D454C24354C22856/NAS_4_1/Recorded/2024-3cours/[新]らんま１／２[字]-2024年10月06日00時.ts" OUTPUT="/srv/dev-disk-by-uuid-D454C24354C22856/NAS_4_1/Recorded/2024-4cours/[新]らんま１／２[字]-2024年10月06日00時_cmcut.jpn.srt" /bin/bash /home/pi/EPGStation/config/cm-subtitle-12.sh

joinOutputFile()
: "/home/pi/CmcutScp/result/[新]らんま１／２[字]-2024年10月06日00時/join_logo_scp.csv"

generateFilterComplex()
: "[0:v]trim=65.666:202.603,setpts=PTS-STARTPTS[v0];[0:a]atrim=65.666:202.603,asetpts=PTS-STARTPTS[a0];[v0]yadif=0[v0_deinterlaced];[0:v]trim=367.534:1015.616,setpts=PTS-STARTPTS[v1];[0:a]atrim=367.534:1015.616,asetpts=PTS-STARTPTS[a1];[v1]yadif=0[v1_deinterlaced];[0:v]trim=1165.666:1745.612,setpts=PTS-STARTPTS[v2];[0:a]atrim=1165.666:1745.612,asetpts=PTS-STARTPTS[a2];[v2]yadif=0[v2_deinterlaced];[v0_deinterlaced][a0][v1_deinterlaced][a1][v2_deinterlaced][a2]concat=n=3:v=1:a=1"

/usr/bin/ffmpeg:: -y,-analyzeduration,10M,-probesize,32M,-i,/srv/dev-disk-by-uuid-D454C24354C22856/NAS_4_1/Recorded/2024-3cours/[新]らんま１／２[字]-2024年10月06日00時.ts,-c:a,aac,-ignore_unknown,-filter_complex,[0:v]trim=65.666:202.603,setpts=PTS-STARTPTS[v0];[0:a]atrim=65.666:202.603,asetpts=PTS-STARTPTS[a0];[v0]yadif=0[v0_deinterlaced];[0:v]trim=367.534:1015.616,setpts=PTS-STARTPTS[v1];[0:a]atrim=367.534:1015.616,asetpts=PTS-STARTPTS[a1];[v1]yadif=0[v1_deinterlaced];[0:v]trim=1165.666:1745.612,setpts=PTS-STARTPTS[v2];[0:a]atrim=1165.666:1745.612,asetpts=PTS-STARTPTS[a2];[v2]yadif=0[v2_deinterlaced];[v0_deinterlaced][a0][v1_deinterlaced][a1][v2_deinterlaced][a2]concat=n=3:v=1:a=1,-b:v,10M,-c:v,h264_v4l2m2m,-aspect,16:9,-f,mp4,-r,29.97,-crf,20,/srv/dev-disk-by-uuid-D454C24354C22856/NAS_4_1/Recorded/2024-4cours/[新]らんま１／２[字]-2024年10月06日00時.mp4

