--------
曜日 月  日  年  時:分:秒 
Thu Oct 10 2024 09:03:01 GMT+0900 (Japan Standard Time)
----------

↓↓↓↓↓↓↓↓↓↓↓↓↓↓↓↓↓↓↓↓↓↓↓↓↓↓↓↓↓↓↓↓↓↓

/home/pi/EPGStation/config/enc-cm-enh-0000.jsで追記
AVSスクリプトファイルを生成完了

channelName:
--------
日テレ1
----------

chapter_exe -v "/home/pi/CmcutScp/result/金曜ロードショー「ベイマックス」ディズニーが贈る感動作★本編ノーカット放送[二][字][デ]-2024年09月06日21時/join_tsfile.avs" -lwi /home/pi/CmcutScp/result/"金曜ロードショー「ベイマックス」ディズニーが贈る感動作★本編ノーカット放送[二][字][デ]-2024年09月06日21時"/chapter_inscp.lwi -oa /home/pi/CmcutScp/result/"金曜ロードショー「ベイマックス」ディズニーが贈る感動作★本編ノーカット放送[二][字][デ]-2024年09月06日21時"/chapter_inscp.txt
該当する .lgd ファイル (日テレ1.lgd) が見つかりました。

cmd : logoframe "/home/pi/CmcutScp/result/金曜ロードショー「ベイマックス」ディズニーが贈る感動作★本編ノーカット放送[二][字][デ]-2024年09月06日21時/join_tsfile.avs" -logo "/home/pi/CmcutScp/join_logo_scp_trial/logo/日テレ1.lgd" -oa "/home/pi/CmcutScp/result/金曜ロードショー「ベイマックス」ディズニーが贈る感動作★本編ノーカット放送[二][字][デ]-2024年09月06日21時/logoframe_inlogo.txt"

cmd : join_logo_scp -inlogo "/home/pi/CmcutScp/result/金曜ロードショー「ベイマックス」ディズニーが贈る感動作★本編ノーカット放送[二][字][デ]-2024年09月06日21時/logoframe_inlogo.txt" -inscp "/home/pi/CmcutScp/result/金曜ロードショー「ベイマックス」ディズニーが贈る感動作★本編ノーカット放送[二][字][デ]-2024年09月06日21時/chapter_inscp.txt" -incmd "/home/pi/CmcutScp/join_logo_scp_trial/JL/JL_標準.txt" -o "/home/pi/CmcutScp/result/金曜ロードショー「ベイマックス」ディズニーが贈る感動作★本編ノーカット放送[二][字][デ]-2024年09月06日21時/join_logo_scp.txt"

joinOutputFile()
: "/home/pi/CmcutScp/result/金曜ロードショー「ベイマックス」ディズニーが贈る感動作★本編ノーカット放送[二][字][デ]-2024年09月06日21時/join_logo_scp.csv"

 フレーム情報ファイルのパス(joinOutputFile) 
 /home/pi/CmcutScp/result/金曜ロードショー「ベイマックス」ディズニーが贈る感動作★本編ノーカット放送[二][字][デ]-2024年09月06日21時/join_logo_scp.csv 

 フィルターコンプレックスの初期値を設定(data) 
 1072,41889
46835,63677
68624,84596
89992,129342
135187,150980
156825,180290
185686,200371
203369,203817
 

generateFilterComplex()
: "[0:v]trim=35.769:1397.698,setpts=PTS-STARTPTS[v0];[0:a]atrim=35.769:1397.698,asetpts=PTS-STARTPTS[a0];[v0]yadif=0[v0_deinterlaced];[0:v]trim=1562.729:2124.691,setpts=PTS-STARTPTS[v1];[0:a]atrim=1562.729:2124.691,asetpts=PTS-STARTPTS[a1];[v1]yadif=0[v1_deinterlaced];[0:v]trim=2289.756:2822.689,setpts=PTS-STARTPTS[v2];[0:a]atrim=2289.756:2822.689,asetpts=PTS-STARTPTS[a2];[v2]yadif=0[v2_deinterlaced];[0:v]trim=3002.736:4315.716,setpts=PTS-STARTPTS[v3];[0:a]atrim=3002.736:4315.716,asetpts=PTS-STARTPTS[a3];[v3]yadif=0[v3_deinterlaced];[0:v]trim=4510.744:5037.704,setpts=PTS-STARTPTS[v4];[0:a]atrim=4510.744:5037.704,asetpts=PTS-STARTPTS[a4];[v4]yadif=0[v4_deinterlaced];[0:v]trim=5232.733:6015.682,setpts=PTS-STARTPTS[v5];[0:a]atrim=5232.733:6015.682,asetpts=PTS-STARTPTS[a5];[v5]yadif=0[v5_deinterlaced];[0:v]trim=6195.729:6685.719,setpts=PTS-STARTPTS[v6];[0:a]atrim=6195.729:6685.719,asetpts=PTS-STARTPTS[a6];[v6]yadif=0[v6_deinterlaced];[0:v]trim=6785.752:6800.701,setpts=PTS-STARTPTS[v7];[0:a]atrim=6785.752:6800.701,asetpts=PTS-STARTPTS[a7];[v7]yadif=0[v7_deinterlaced];[v0_deinterlaced][a0][v1_deinterlaced][a1][v2_deinterlaced][a2][v3_deinterlaced][a3][v4_deinterlaced][a4][v5_deinterlaced][a5][v6_deinterlaced][a6][v7_deinterlaced][a7]concat=n=8:v=1:a=1"

/usr/bin/ffmpeg:: -y,-analyzeduration,10M,-probesize,32M,-i,/srv/dev-disk-by-uuid-D454C24354C22856/NAS_4_1/Recorded/2024-4cours/encode_faild/金曜ロードショー「ベイマックス」ディズニーが贈る感動作★本編ノーカット放送[二][字][デ]-2024年09月06日21時.mp4,-c:a,aac,-ignore_unknown,-filter_complex,[0:v]trim=35.769:1397.698,setpts=PTS-STARTPTS[v0];[0:a]atrim=35.769:1397.698,asetpts=PTS-STARTPTS[a0];[v0]yadif=0[v0_deinterlaced];[0:v]trim=1562.729:2124.691,setpts=PTS-STARTPTS[v1];[0:a]atrim=1562.729:2124.691,asetpts=PTS-STARTPTS[a1];[v1]yadif=0[v1_deinterlaced];[0:v]trim=2289.756:2822.689,setpts=PTS-STARTPTS[v2];[0:a]atrim=2289.756:2822.689,asetpts=PTS-STARTPTS[a2];[v2]yadif=0[v2_deinterlaced];[0:v]trim=3002.736:4315.716,setpts=PTS-STARTPTS[v3];[0:a]atrim=3002.736:4315.716,asetpts=PTS-STARTPTS[a3];[v3]yadif=0[v3_deinterlaced];[0:v]trim=4510.744:5037.704,setpts=PTS-STARTPTS[v4];[0:a]atrim=4510.744:5037.704,asetpts=PTS-STARTPTS[a4];[v4]yadif=0[v4_deinterlaced];[0:v]trim=5232.733:6015.682,setpts=PTS-STARTPTS[v5];[0:a]atrim=5232.733:6015.682,asetpts=PTS-STARTPTS[a5];[v5]yadif=0[v5_deinterlaced];[0:v]trim=6195.729:6685.719,setpts=PTS-STARTPTS[v6];[0:a]atrim=6195.729:6685.719,asetpts=PTS-STARTPTS[a6];[v6]yadif=0[v6_deinterlaced];[0:v]trim=6785.752:6800.701,setpts=PTS-STARTPTS[v7];[0:a]atrim=6785.752:6800.701,asetpts=PTS-STARTPTS[a7];[v7]yadif=0[v7_deinterlaced];[v0_deinterlaced][a0][v1_deinterlaced][a1][v2_deinterlaced][a2][v3_deinterlaced][a3][v4_deinterlaced][a4][v5_deinterlaced][a5][v6_deinterlaced][a6][v7_deinterlaced][a7]concat=n=8:v=1:a=1,-b:v,10M,-c:v,h264_v4l2m2m,-aspect,16:9,-f,mp4,-r,29.97,-crf,20,/srv/dev-disk-by-uuid-A6DA96A3DA966F75/NAS/Recorded/Movie/金曜ロードショー「ベイマックス」ディズニーが贈る感動作★本編ノーカット放送[二][字][デ]-2024年09月06日21時.mp4

ecm-subtitle-12.s を実行: INPUT="/srv/dev-disk-by-uuid-D454C24354C22856/NAS_4_1/Recorded/2024-3cours/金曜ロードショー「ベイマックス」ディズニーが贈る感動作★本編ノーカット放送[二][字][デ]-2024年09月06日21時.ts" OUTPUT="/srv/dev-disk-by-uuid-A6DA96A3DA966F75/NAS/Recorded/Movie/金曜ロードショー「ベイマックス」ディズニーが贈る感動作★本編ノーカット放送[二][字][デ]-2024年09月06日21時_cmcut.jpn.srt" /bin/bash /home/pi/EPGStation/config/cm-subtitle-12.sh

