AVSスクリプトファイルを生成完了

channelName:--------
日テレ1
----------

chapter_exe -v "/home/pi/CmcutScp/result/１時間スペシャル「名探偵コナン　キッドＶＳ高明　狙われた唇」[字][デ]-2024年03月30日17時.ts/join_tsfile.avs" -lwi /home/pi/CmcutScp/result/"１時間スペシャル「名探偵コナン　キッドＶＳ高明　狙われた唇」[字][デ]-2024年03月30日17時.ts"/chapter_inscp.lwi -oa /home/pi/CmcutScp/result/"１時間スペシャル「名探偵コナン　キッドＶＳ高明　狙われた唇」[字][デ]-2024年03月30日17時.ts"/chapter_inscp.txt
該当する .lgd ファイル (日テレ1.lgd) が見つかりました。

cmd : logoframe "/home/pi/CmcutScp/result/１時間スペシャル「名探偵コナン　キッドＶＳ高明　狙われた唇」[字][デ]-2024年03月30日17時.ts/join_tsfile.avs" -logo "/home/pi/CmcutScp/join_logo_scp_trial/logo/日テレ1.lgd" -oa "/home/pi/CmcutScp/result/１時間スペシャル「名探偵コナン　キッドＶＳ高明　狙われた唇」[字][デ]-2024年03月30日17時.ts/logoframe_inlogo.txt"

cmd : join_logo_scp -inlogo "/home/pi/CmcutScp/result/１時間スペシャル「名探偵コナン　キッドＶＳ高明　狙われた唇」[字][デ]-2024年03月30日17時.ts/logoframe_inlogo.txt" -inscp "/home/pi/CmcutScp/result/１時間スペシャル「名探偵コナン　キッドＶＳ高明　狙われた唇」[字][デ]-2024年03月30日17時.ts/chapter_inscp.txt" -incmd "/home/pi/CmcutScp/join_logo_scp_trial/JL/JL_標準.txt" -o "/home/pi/CmcutScp/result/１時間スペシャル「名探偵コナン　キッドＶＳ高明　狙われた唇」[字][デ]-2024年03月30日17時.ts/join_logo_scp.txt"

joinOutputFile()
: "/home/pi/CmcutScp/result/１時間スペシャル「名探偵コナン　キッドＶＳ高明　狙われた唇」[字][デ]-2024年03月30日17時.ts/join_logo_scp.csv"

 フレーム情報ファイルのパス(joinOutputFile) 
 /home/pi/CmcutScp/result/１時間スペシャル「名探偵コナン　キッドＶＳ高明　狙われた唇」[字][デ]-2024年03月30日17時.ts/join_logo_scp.csv 

 フィルターコンプレックスの初期値を設定(data) 
 1996,11435
14134,32444
35443,51805
55853,71704
74853,88578
92176,103892
104793,104938
 

generateFilterComplex()
: "[0:v]trim=66.600:381.548,setpts=PTS-STARTPTS[v0];[0:a]atrim=66.600:381.548,asetpts=PTS-STARTPTS[a0];[v0]yadif=0[v0_deinterlaced];[0:v]trim=471.605:1082.549,setpts=PTS-STARTPTS[v1];[0:a]atrim=471.605:1082.549,asetpts=PTS-STARTPTS[a1];[v1]yadif=0[v1_deinterlaced];[0:v]trim=1182.616:1728.562,setpts=PTS-STARTPTS[v2];[0:a]atrim=1182.616:1728.562,asetpts=PTS-STARTPTS[a2];[v2]yadif=0[v2_deinterlaced];[0:v]trim=1863.630:2392.526,setpts=PTS-STARTPTS[v3];[0:a]atrim=1863.630:2392.526,asetpts=PTS-STARTPTS[a3];[v3]yadif=0[v3_deinterlaced];[0:v]trim=2497.598:2955.556,setpts=PTS-STARTPTS[v4];[0:a]atrim=2497.598:2955.556,asetpts=PTS-STARTPTS[a4];[v4]yadif=0[v4_deinterlaced];[0:v]trim=3075.609:3466.533,setpts=PTS-STARTPTS[v5];[0:a]atrim=3075.609:3466.533,asetpts=PTS-STARTPTS[a5];[v5]yadif=0[v5_deinterlaced];[0:v]trim=3496.597:3501.435,setpts=PTS-STARTPTS[v6];[0:a]atrim=3496.597:3501.435,asetpts=PTS-STARTPTS[a6];[v6]yadif=0[v6_deinterlaced];[v0_deinterlaced][a0][v1_deinterlaced][a1][v2_deinterlaced][a2][v3_deinterlaced][a3][v4_deinterlaced][a4][v5_deinterlaced][a5][v6_deinterlaced][a6]concat=n=7:v=1:a=1"

/usr/bin/ffmpeg:: -y,-analyzeduration,10M,-probesize,32M,-i,/srv/dev-disk-by-uuid-A6DA96A3DA966F75/NAS/Recorded/2024-1cours/１時間スペシャル「名探偵コナン　キッドＶＳ高明　狙われた唇」[字][デ]-2024年03月30日17時.ts,-c:a,aac,-ignore_unknown,-filter_complex,[0:v]trim=66.600:381.548,setpts=PTS-STARTPTS[v0];[0:a]atrim=66.600:381.548,asetpts=PTS-STARTPTS[a0];[v0]yadif=0[v0_deinterlaced];[0:v]trim=471.605:1082.549,setpts=PTS-STARTPTS[v1];[0:a]atrim=471.605:1082.549,asetpts=PTS-STARTPTS[a1];[v1]yadif=0[v1_deinterlaced];[0:v]trim=1182.616:1728.562,setpts=PTS-STARTPTS[v2];[0:a]atrim=1182.616:1728.562,asetpts=PTS-STARTPTS[a2];[v2]yadif=0[v2_deinterlaced];[0:v]trim=1863.630:2392.526,setpts=PTS-STARTPTS[v3];[0:a]atrim=1863.630:2392.526,asetpts=PTS-STARTPTS[a3];[v3]yadif=0[v3_deinterlaced];[0:v]trim=2497.598:2955.556,setpts=PTS-STARTPTS[v4];[0:a]atrim=2497.598:2955.556,asetpts=PTS-STARTPTS[a4];[v4]yadif=0[v4_deinterlaced];[0:v]trim=3075.609:3466.533,setpts=PTS-STARTPTS[v5];[0:a]atrim=3075.609:3466.533,asetpts=PTS-STARTPTS[a5];[v5]yadif=0[v5_deinterlaced];[0:v]trim=3496.597:3501.435,setpts=PTS-STARTPTS[v6];[0:a]atrim=3496.597:3501.435,asetpts=PTS-STARTPTS[a6];[v6]yadif=0[v6_deinterlaced];[v0_deinterlaced][a0][v1_deinterlaced][a1][v2_deinterlaced][a2][v3_deinterlaced][a3][v4_deinterlaced][a4][v5_deinterlaced][a5][v6_deinterlaced][a6]concat=n=7:v=1:a=1,-b:v,3M,-c:v,h264_v4l2m2m,-aspect,16:9,-f,mp4,-r,29.97,-crf,20,/srv/dev-disk-by-uuid-A6DA96A3DA966F75/NAS/Recorded/TV_Program/名探偵コナン/１時間スペシャル「名探偵コナン　キッドＶＳ高明　狙われた唇」[字][デ]-2024年03月30日17時.mp4

