AVSスクリプトファイルを生成完了

channelName:--------
日テレ1
----------

chapter_exe -v "/home/pi/CmcutScp/result/金曜ロードショー「耳をすませば」★青春物語の名作を実写映画化★地上波初放送[解][字][デ]-2024年05月10日21時(1).mp4/join_tsfile.avs" -lwi /home/pi/CmcutScp/result/"金曜ロードショー「耳をすませば」★青春物語の名作を実写映画化★地上波初放送[解][字][デ]-2024年05月10日21時(1).mp4"/chapter_inscp.lwi -oa /home/pi/CmcutScp/result/"金曜ロードショー「耳をすませば」★青春物語の名作を実写映画化★地上波初放送[解][字][デ]-2024年05月10日21時(1).mp4"/chapter_inscp.txt
該当する .lgd ファイル (日テレ1.lgd) が見つかりました。

cmd : logoframe "/home/pi/CmcutScp/result/金曜ロードショー「耳をすませば」★青春物語の名作を実写映画化★地上波初放送[解][字][デ]-2024年05月10日21時(1).mp4/join_tsfile.avs" -logo "/home/pi/CmcutScp/join_logo_scp_trial/logo/日テレ1.lgd" -oa "/home/pi/CmcutScp/result/金曜ロードショー「耳をすませば」★青春物語の名作を実写映画化★地上波初放送[解][字][デ]-2024年05月10日21時(1).mp4/logoframe_inlogo.txt"

cmd : join_logo_scp -inlogo "/home/pi/CmcutScp/result/金曜ロードショー「耳をすませば」★青春物語の名作を実写映画化★地上波初放送[解][字][デ]-2024年05月10日21時(1).mp4/logoframe_inlogo.txt" -inscp "/home/pi/CmcutScp/result/金曜ロードショー「耳をすませば」★青春物語の名作を実写映画化★地上波初放送[解][字][デ]-2024年05月10日21時(1).mp4/chapter_inscp.txt" -incmd "/home/pi/CmcutScp/join_logo_scp_trial/JL/JL_標準.txt" -o "/home/pi/CmcutScp/result/金曜ロードショー「耳をすませば」★青春物語の名作を実写映画化★地上波初放送[解][字][デ]-2024年05月10日21時(1).mp4/join_logo_scp.txt"

joinOutputFile()
: "/home/pi/CmcutScp/result/金曜ロードショー「耳をすませば」★青春物語の名作を実写映画化★地上波初放送[解][字][デ]-2024年05月10日21時(1).mp4/join_logo_scp.csv"

 フレーム情報ファイルのパス(joinOutputFile) 
 /home/pi/CmcutScp/result/金曜ロードショー「耳をすませば」★青春物語の名作を実写映画化★地上波初放送[解][字][デ]-2024年05月10日21時(1).mp4/join_logo_scp.csv 

 フィルターコンプレックスの初期値を設定(data) 
 1061,44426
48922,64985
70831,83177
88573,119801
125646,144046
149891,170180
174677,191878
197274,230779
 

generateFilterComplex()
: "[0:v]trim=35.402:1482.349,setpts=PTS-STARTPTS[v0];[0:a]atrim=35.402:1482.349,asetpts=PTS-STARTPTS[a0];[v0]yadif=0[v0_deinterlaced];[0:v]trim=1632.366:2168.335,setpts=PTS-STARTPTS[v1];[0:a]atrim=1632.366:2168.335,asetpts=PTS-STARTPTS[a1];[v1]yadif=0[v1_deinterlaced];[0:v]trim=2363.397:2775.342,setpts=PTS-STARTPTS[v2];[0:a]atrim=2363.397:2775.342,asetpts=PTS-STARTPTS[a2];[v2]yadif=0[v2_deinterlaced];[0:v]trim=2955.389:3997.364,setpts=PTS-STARTPTS[v3];[0:a]atrim=2955.389:3997.364,asetpts=PTS-STARTPTS[a3];[v3]yadif=0[v3_deinterlaced];[0:v]trim=4192.392:4806.340,setpts=PTS-STARTPTS[v4];[0:a]atrim=4192.392:4806.340,asetpts=PTS-STARTPTS[a4];[v4]yadif=0[v4_deinterlaced];[0:v]trim=5001.368:5678.345,setpts=PTS-STARTPTS[v5];[0:a]atrim=5001.368:5678.345,asetpts=PTS-STARTPTS[a5];[v5]yadif=0[v5_deinterlaced];[0:v]trim=5828.395:6402.336,setpts=PTS-STARTPTS[v6];[0:a]atrim=5828.395:6402.336,asetpts=PTS-STARTPTS[a6];[v6]yadif=0[v6_deinterlaced];[0:v]trim=6582.382:7700.334,setpts=PTS-STARTPTS[v7];[0:a]atrim=6582.382:7700.334,asetpts=PTS-STARTPTS[a7];[v7]yadif=0[v7_deinterlaced];[v0_deinterlaced][a0][v1_deinterlaced][a1][v2_deinterlaced][a2][v3_deinterlaced][a3][v4_deinterlaced][a4][v5_deinterlaced][a5][v6_deinterlaced][a6][v7_deinterlaced][a7]concat=n=8:v=1:a=1"

/usr/bin/ffmpeg:: -y,-analyzeduration,10M,-probesize,32M,-i,/srv/dev-disk-by-uuid-A6DA96A3DA966F75/NAS/Recorded/Movie/金曜ロードショー「耳をすませば」★青春物語の名作を実写映画化★地上波初放送[解][字][デ]-2024年05月10日21時(1).mp4,-c:a,aac,-ignore_unknown,-filter_complex,[0:v]trim=35.402:1482.349,setpts=PTS-STARTPTS[v0];[0:a]atrim=35.402:1482.349,asetpts=PTS-STARTPTS[a0];[v0]yadif=0[v0_deinterlaced];[0:v]trim=1632.366:2168.335,setpts=PTS-STARTPTS[v1];[0:a]atrim=1632.366:2168.335,asetpts=PTS-STARTPTS[a1];[v1]yadif=0[v1_deinterlaced];[0:v]trim=2363.397:2775.342,setpts=PTS-STARTPTS[v2];[0:a]atrim=2363.397:2775.342,asetpts=PTS-STARTPTS[a2];[v2]yadif=0[v2_deinterlaced];[0:v]trim=2955.389:3997.364,setpts=PTS-STARTPTS[v3];[0:a]atrim=2955.389:3997.364,asetpts=PTS-STARTPTS[a3];[v3]yadif=0[v3_deinterlaced];[0:v]trim=4192.392:4806.340,setpts=PTS-STARTPTS[v4];[0:a]atrim=4192.392:4806.340,asetpts=PTS-STARTPTS[a4];[v4]yadif=0[v4_deinterlaced];[0:v]trim=5001.368:5678.345,setpts=PTS-STARTPTS[v5];[0:a]atrim=5001.368:5678.345,asetpts=PTS-STARTPTS[a5];[v5]yadif=0[v5_deinterlaced];[0:v]trim=5828.395:6402.336,setpts=PTS-STARTPTS[v6];[0:a]atrim=5828.395:6402.336,asetpts=PTS-STARTPTS[a6];[v6]yadif=0[v6_deinterlaced];[0:v]trim=6582.382:7700.334,setpts=PTS-STARTPTS[v7];[0:a]atrim=6582.382:7700.334,asetpts=PTS-STARTPTS[a7];[v7]yadif=0[v7_deinterlaced];[v0_deinterlaced][a0][v1_deinterlaced][a1][v2_deinterlaced][a2][v3_deinterlaced][a3][v4_deinterlaced][a4][v5_deinterlaced][a5][v6_deinterlaced][a6][v7_deinterlaced][a7]concat=n=8:v=1:a=1,-b:v,10M,-c:v,h264_v4l2m2m,-aspect,16:9,-f,mp4,-r,29.97,-crf,20,/srv/dev-disk-by-uuid-A6DA96A3DA966F75/NAS/Recorded/Movie/金曜ロードショー「耳をすませば」★青春物語の名作を実写映画化★地上波初放送[解][字][デ]-2024年05月10日21時(1)(1).mp4

