AVSスクリプトファイルを生成完了

channelName:--------
日テレ1
----------

chapter_exe -v "/home/pi/CmcutScp/result/金曜ロードショー「ミラベルと魔法だらけの家」★本編ノーカット★初放送[二][字][デ]-2023年11月17日21時.ts/join_tsfile.avs" -lwi /home/pi/CmcutScp/result/"金曜ロードショー「ミラベルと魔法だらけの家」★本編ノーカット★初放送[二][字][デ]-2023年11月17日21時.ts"/chapter_inscp.lwi -oa /home/pi/CmcutScp/result/"金曜ロードショー「ミラベルと魔法だらけの家」★本編ノーカット★初放送[二][字][デ]-2023年11月17日21時.ts"/chapter_inscp.txt
該当する .lgd ファイル (日テレ1.lgd) が見つかりました。

cmd : logoframe "/home/pi/CmcutScp/result/金曜ロードショー「ミラベルと魔法だらけの家」★本編ノーカット★初放送[二][字][デ]-2023年11月17日21時.ts/join_tsfile.avs" -logo "/home/pi/CmcutScp/join_logo_scp_trial/logo/日テレ1.lgd" -oa "/home/pi/CmcutScp/result/金曜ロードショー「ミラベルと魔法だらけの家」★本編ノーカット★初放送[二][字][デ]-2023年11月17日21時.ts/logoframe_inlogo.txt"

cmd : join_logo_scp -inlogo "/home/pi/CmcutScp/result/金曜ロードショー「ミラベルと魔法だらけの家」★本編ノーカット★初放送[二][字][デ]-2023年11月17日21時.ts/logoframe_inlogo.txt.txt" -inscp "/home/pi/CmcutScp/result/金曜ロードショー「ミラベルと魔法だらけの家」★本編ノーカット★初放送[二][字][デ]-2023年11月17日21時.ts/chapter_inscp.txt" -incmd "/home/pi/CmcutScp/join_logo_scp_trial/JL/JL_標準.txt" -o "/home/pi/CmcutScp/result/金曜ロードショー「ミラベルと魔法だらけの家」★本編ノーカット★初放送[二][字][デ]-2023年11月17日21時.ts/join_logo_scp.txt"

joinOutputFile()
: "/home/pi/CmcutScp/result/金曜ロードショー「ミラベルと魔法だらけの家」★本編ノーカット★初放送[二][字][デ]-2023年11月17日21時.ts/join_logo_scp.csv"

 フレーム情報ファイルのパス(joinOutputFile) 
 /home/pi/CmcutScp/result/金曜ロードショー「ミラベルと魔法だらけの家」★本編ノーカット★初放送[二][字][デ]-2023年11月17日21時.ts/join_logo_scp.csv 

 フィルターコンプレックスの初期値を設定(data) 
 208,48459
52956,65512
69110,69558
70458,84363
89759,116551
121947,138519
140318,140766
144364,165012
169509,183504
188900,203853
 

generateFilterComplex()
: "[0:v]trim=6.940:1616.917,setpts=PTS-STARTPTS[v0];[0:a]atrim=6.940:1616.917,asetpts=PTS-STARTPTS[a0];[v0]yadif=0[v0_deinterlaced];[0:v]trim=1766.967:2185.919,setpts=PTS-STARTPTS[v1];[0:a]atrim=1766.967:2185.919,asetpts=PTS-STARTPTS[a1];[v1]yadif=0[v1_deinterlaced];[0:v]trim=2305.973:2320.921,setpts=PTS-STARTPTS[v2];[0:a]atrim=2305.973:2320.921,asetpts=PTS-STARTPTS[a2];[v2]yadif=0[v2_deinterlaced];[0:v]trim=2350.951:2814.915,setpts=PTS-STARTPTS[v3];[0:a]atrim=2350.951:2814.915,asetpts=PTS-STARTPTS[a3];[v3]yadif=0[v3_deinterlaced];[0:v]trim=2994.962:3888.922,setpts=PTS-STARTPTS[v4];[0:a]atrim=2994.962:3888.922,asetpts=PTS-STARTPTS[a4];[v4]yadif=0[v4_deinterlaced];[0:v]trim=4068.969:4621.922,setpts=PTS-STARTPTS[v5];[0:a]atrim=4068.969:4621.922,asetpts=PTS-STARTPTS[a5];[v5]yadif=0[v5_deinterlaced];[0:v]trim=4681.949:4696.897,setpts=PTS-STARTPTS[v6];[0:a]atrim=4681.949:4696.897,asetpts=PTS-STARTPTS[a6];[v6]yadif=0[v6_deinterlaced];[0:v]trim=4816.950:5505.906,setpts=PTS-STARTPTS[v7];[0:a]atrim=4816.950:5505.906,asetpts=PTS-STARTPTS[a7];[v7]yadif=0[v7_deinterlaced];[0:v]trim=5655.956:6122.923,setpts=PTS-STARTPTS[v8];[0:a]atrim=5655.956:6122.923,asetpts=PTS-STARTPTS[a8];[v8]yadif=0[v8_deinterlaced];[0:v]trim=6302.970:6801.902,setpts=PTS-STARTPTS[v9];[0:a]atrim=6302.970:6801.902,asetpts=PTS-STARTPTS[a9];[v9]yadif=0[v9_deinterlaced];[v0_deinterlaced][a0][v1_deinterlaced][a1][v2_deinterlaced][a2][v3_deinterlaced][a3][v4_deinterlaced][a4][v5_deinterlaced][a5][v6_deinterlaced][a6][v7_deinterlaced][a7][v8_deinterlaced][a8][v9_deinterlaced][a9]concat=n=10:v=1:a=1"

/usr/bin/ffmpeg:: -y,-analyzeduration,10M,-probesize,32M,-i,/srv/dev-disk-by-uuid-A6DA96A3DA966F75/NAS/Recorded/金曜ロードショー「ミラベルと魔法だらけの家」★本編ノーカット★初放送[二][字][デ]-2023年11月17日21時.ts,-c:a,aac,-ignore_unknown,-filter_complex,[0:v]trim=6.940:1616.917,setpts=PTS-STARTPTS[v0];[0:a]atrim=6.940:1616.917,asetpts=PTS-STARTPTS[a0];[v0]yadif=0[v0_deinterlaced];[0:v]trim=1766.967:2185.919,setpts=PTS-STARTPTS[v1];[0:a]atrim=1766.967:2185.919,asetpts=PTS-STARTPTS[a1];[v1]yadif=0[v1_deinterlaced];[0:v]trim=2305.973:2320.921,setpts=PTS-STARTPTS[v2];[0:a]atrim=2305.973:2320.921,asetpts=PTS-STARTPTS[a2];[v2]yadif=0[v2_deinterlaced];[0:v]trim=2350.951:2814.915,setpts=PTS-STARTPTS[v3];[0:a]atrim=2350.951:2814.915,asetpts=PTS-STARTPTS[a3];[v3]yadif=0[v3_deinterlaced];[0:v]trim=2994.962:3888.922,setpts=PTS-STARTPTS[v4];[0:a]atrim=2994.962:3888.922,asetpts=PTS-STARTPTS[a4];[v4]yadif=0[v4_deinterlaced];[0:v]trim=4068.969:4621.922,setpts=PTS-STARTPTS[v5];[0:a]atrim=4068.969:4621.922,asetpts=PTS-STARTPTS[a5];[v5]yadif=0[v5_deinterlaced];[0:v]trim=4681.949:4696.897,setpts=PTS-STARTPTS[v6];[0:a]atrim=4681.949:4696.897,asetpts=PTS-STARTPTS[a6];[v6]yadif=0[v6_deinterlaced];[0:v]trim=4816.950:5505.906,setpts=PTS-STARTPTS[v7];[0:a]atrim=4816.950:5505.906,asetpts=PTS-STARTPTS[a7];[v7]yadif=0[v7_deinterlaced];[0:v]trim=5655.956:6122.923,setpts=PTS-STARTPTS[v8];[0:a]atrim=5655.956:6122.923,asetpts=PTS-STARTPTS[a8];[v8]yadif=0[v8_deinterlaced];[0:v]trim=6302.970:6801.902,setpts=PTS-STARTPTS[v9];[0:a]atrim=6302.970:6801.902,asetpts=PTS-STARTPTS[a9];[v9]yadif=0[v9_deinterlaced];[v0_deinterlaced][a0][v1_deinterlaced][a1][v2_deinterlaced][a2][v3_deinterlaced][a3][v4_deinterlaced][a4][v5_deinterlaced][a5][v6_deinterlaced][a6][v7_deinterlaced][a7][v8_deinterlaced][a8][v9_deinterlaced][a9]concat=n=10:v=1:a=1,-b:v,10M,-c:v,h264_v4l2m2m,-aspect,16:9,-f,mp4,-r,29.97,-crf,20,/srv/dev-disk-by-uuid-A6DA96A3DA966F75/NAS/Recorded/Movie/金曜ロードショー「ミラベルと魔法だらけの家」★本編ノーカット★初放送[二][字][デ]-2023年11月17日21時.mp4

