AVSスクリプトファイルを生成完了

channelName:--------
日テレ1
----------

chapter_exe -v "/home/pi/CmcutScp/result/『劇場版 呪術廻戦 ０』地上波ＴＶ初放送スペシャル！[字][デ]◆あす夜、第２期スタート-2023年07月05日19時.mp4/join_tsfile.avs" -lwi /home/pi/CmcutScp/result/"『劇場版 呪術廻戦 ０』地上波ＴＶ初放送スペシャル！[字][デ]◆あす夜、第２期スタート-2023年07月05日19時.mp4"/chapter_inscp.lwi -oa /home/pi/CmcutScp/result/"『劇場版 呪術廻戦 ０』地上波ＴＶ初放送スペシャル！[字][デ]◆あす夜、第２期スタート-2023年07月05日19時.mp4"/chapter_inscp.txt
該当する .lgd ファイル (日テレ1.lgd) が見つかりました。

cmd : logoframe "/home/pi/CmcutScp/result/『劇場版 呪術廻戦 ０』地上波ＴＶ初放送スペシャル！[字][デ]◆あす夜、第２期スタート-2023年07月05日19時.mp4/join_tsfile.avs" -logo "/home/pi/CmcutScp/join_logo_scp_trial/logo/日テレ1.lgd" -oa "/home/pi/CmcutScp/result/『劇場版 呪術廻戦 ０』地上波ＴＶ初放送スペシャル！[字][デ]◆あす夜、第２期スタート-2023年07月05日19時.mp4/logoframe_inlogo.txt"

cmd : join_logo_scp -inlogo "/home/pi/CmcutScp/result/『劇場版 呪術廻戦 ０』地上波ＴＶ初放送スペシャル！[字][デ]◆あす夜、第２期スタート-2023年07月05日19時.mp4/logoframe_inlogo.txt.txt" -inscp "/home/pi/CmcutScp/result/『劇場版 呪術廻戦 ０』地上波ＴＶ初放送スペシャル！[字][デ]◆あす夜、第２期スタート-2023年07月05日19時.mp4/chapter_inscp.txt" -incmd "/home/pi/CmcutScp/join_logo_scp_trial/JL/JL_標準.txt" -o "/home/pi/CmcutScp/result/『劇場版 呪術廻戦 ０』地上波ＴＶ初放送スペシャル！[字][デ]◆あす夜、第２期スタート-2023年07月05日19時.mp4/join_logo_scp.txt"

joinOutputFile()
: "/home/pi/CmcutScp/result/『劇場版 呪術廻戦 ０』地上波ＴＶ初放送スペシャル！[字][デ]◆あす夜、第２期スタート-2023年07月05日19時.mp4/join_logo_scp.csv"

 フレーム情報ファイルのパス(joinOutputFile) 
 /home/pi/CmcutScp/result/『劇場版 呪術廻戦 ０』地上波ＴＶ初放送スペシャル！[字][デ]◆あす夜、第２期スタート-2023年07月05日19時.mp4/join_logo_scp.csv 

 フィルターコンプレックスの初期値を設定(data) 
 143,19246
24648,46728
52130,87551
92051,108679
113179,130378
134878,170867
175366,202875
206473,224603
228200,241327
244924,257840
261438,269376
274778,290984
296385,305819
311670,316158
 

generateFilterComplex()
: "[0:v]trim=4.771:642.176,setpts=PTS-STARTPTS[v0];[0:a]atrim=4.771:642.176,asetpts=PTS-STARTPTS[a0];[v0]yadif=0[v0_deinterlaced];[0:v]trim=822.422:1559.159,setpts=PTS-STARTPTS[v1];[0:a]atrim=822.422:1559.159,asetpts=PTS-STARTPTS[a1];[v1]yadif=0[v1_deinterlaced];[0:v]trim=1739.406:2921.288,setpts=PTS-STARTPTS[v2];[0:a]atrim=1739.406:2921.288,asetpts=PTS-STARTPTS[a2];[v2]yadif=0[v2_deinterlaced];[0:v]trim=3071.438:3626.260,setpts=PTS-STARTPTS[v3];[0:a]atrim=3071.438:3626.260,asetpts=PTS-STARTPTS[a3];[v3]yadif=0[v3_deinterlaced];[0:v]trim=3776.410:4350.284,setpts=PTS-STARTPTS[v4];[0:a]atrim=3776.410:4350.284,asetpts=PTS-STARTPTS[a4];[v4]yadif=0[v4_deinterlaced];[0:v]trim=4500.434:5701.268,setpts=PTS-STARTPTS[v5];[0:a]atrim=4500.434:5701.268,asetpts=PTS-STARTPTS[a5];[v5]yadif=0[v5_deinterlaced];[0:v]trim=5851.385:6769.269,setpts=PTS-STARTPTS[v6];[0:a]atrim=5851.385:6769.269,asetpts=PTS-STARTPTS[a6];[v6]yadif=0[v6_deinterlaced];[0:v]trim=6889.323:7494.261,setpts=PTS-STARTPTS[v7];[0:a]atrim=6889.323:7494.261,asetpts=PTS-STARTPTS[a7];[v7]yadif=0[v7_deinterlaced];[0:v]trim=7614.281:8052.286,setpts=PTS-STARTPTS[v8];[0:a]atrim=7614.281:8052.286,asetpts=PTS-STARTPTS[a8];[v8]yadif=0[v8_deinterlaced];[0:v]trim=8172.306:8603.270,setpts=PTS-STARTPTS[v9];[0:a]atrim=8172.306:8603.270,asetpts=PTS-STARTPTS[a9];[v9]yadif=0[v9_deinterlaced];[0:v]trim=8723.323:8988.188,setpts=PTS-STARTPTS[v10];[0:a]atrim=8723.323:8988.188,asetpts=PTS-STARTPTS[a10];[v10]yadif=0[v10_deinterlaced];[0:v]trim=9168.435:9709.176,setpts=PTS-STARTPTS[v11];[0:a]atrim=9168.435:9709.176,asetpts=PTS-STARTPTS[a11];[v11]yadif=0[v11_deinterlaced];[0:v]trim=9889.389:10204.171,setpts=PTS-STARTPTS[v12];[0:a]atrim=9889.389:10204.171,asetpts=PTS-STARTPTS[a12];[v12]yadif=0[v12_deinterlaced];[0:v]trim=10399.399:10549.149,setpts=PTS-STARTPTS[v13];[0:a]atrim=10399.399:10549.149,asetpts=PTS-STARTPTS[a13];[v13]yadif=0[v13_deinterlaced];[v0_deinterlaced][a0][v1_deinterlaced][a1][v2_deinterlaced][a2][v3_deinterlaced][a3][v4_deinterlaced][a4][v5_deinterlaced][a5][v6_deinterlaced][a6][v7_deinterlaced][a7][v8_deinterlaced][a8][v9_deinterlaced][a9][v10_deinterlaced][a10][v11_deinterlaced][a11][v12_deinterlaced][a12][v13_deinterlaced][a13]concat=n=14:v=1:a=1"

/usr/bin/ffmpeg:: -y,-analyzeduration,10M,-probesize,32M,-i,/srv/dev-disk-by-uuid-A6DA96A3DA966F75/NAS/Recorded/Movie/『劇場版 呪術廻戦 ０』地上波ＴＶ初放送スペシャル！[字][デ]◆あす夜、第２期スタート-2023年07月05日19時.mp4,-c:a,aac,-filter_complex,[0:v]trim=4.771:642.176,setpts=PTS-STARTPTS[v0];[0:a]atrim=4.771:642.176,asetpts=PTS-STARTPTS[a0];[v0]yadif=0[v0_deinterlaced];[0:v]trim=822.422:1559.159,setpts=PTS-STARTPTS[v1];[0:a]atrim=822.422:1559.159,asetpts=PTS-STARTPTS[a1];[v1]yadif=0[v1_deinterlaced];[0:v]trim=1739.406:2921.288,setpts=PTS-STARTPTS[v2];[0:a]atrim=1739.406:2921.288,asetpts=PTS-STARTPTS[a2];[v2]yadif=0[v2_deinterlaced];[0:v]trim=3071.438:3626.260,setpts=PTS-STARTPTS[v3];[0:a]atrim=3071.438:3626.260,asetpts=PTS-STARTPTS[a3];[v3]yadif=0[v3_deinterlaced];[0:v]trim=3776.410:4350.284,setpts=PTS-STARTPTS[v4];[0:a]atrim=3776.410:4350.284,asetpts=PTS-STARTPTS[a4];[v4]yadif=0[v4_deinterlaced];[0:v]trim=4500.434:5701.268,setpts=PTS-STARTPTS[v5];[0:a]atrim=4500.434:5701.268,asetpts=PTS-STARTPTS[a5];[v5]yadif=0[v5_deinterlaced];[0:v]trim=5851.385:6769.269,setpts=PTS-STARTPTS[v6];[0:a]atrim=5851.385:6769.269,asetpts=PTS-STARTPTS[a6];[v6]yadif=0[v6_deinterlaced];[0:v]trim=6889.323:7494.261,setpts=PTS-STARTPTS[v7];[0:a]atrim=6889.323:7494.261,asetpts=PTS-STARTPTS[a7];[v7]yadif=0[v7_deinterlaced];[0:v]trim=7614.281:8052.286,setpts=PTS-STARTPTS[v8];[0:a]atrim=7614.281:8052.286,asetpts=PTS-STARTPTS[a8];[v8]yadif=0[v8_deinterlaced];[0:v]trim=8172.306:8603.270,setpts=PTS-STARTPTS[v9];[0:a]atrim=8172.306:8603.270,asetpts=PTS-STARTPTS[a9];[v9]yadif=0[v9_deinterlaced];[0:v]trim=8723.323:8988.188,setpts=PTS-STARTPTS[v10];[0:a]atrim=8723.323:8988.188,asetpts=PTS-STARTPTS[a10];[v10]yadif=0[v10_deinterlaced];[0:v]trim=9168.435:9709.176,setpts=PTS-STARTPTS[v11];[0:a]atrim=9168.435:9709.176,asetpts=PTS-STARTPTS[a11];[v11]yadif=0[v11_deinterlaced];[0:v]trim=9889.389:10204.171,setpts=PTS-STARTPTS[v12];[0:a]atrim=9889.389:10204.171,asetpts=PTS-STARTPTS[a12];[v12]yadif=0[v12_deinterlaced];[0:v]trim=10399.399:10549.149,setpts=PTS-STARTPTS[v13];[0:a]atrim=10399.399:10549.149,asetpts=PTS-STARTPTS[a13];[v13]yadif=0[v13_deinterlaced];[v0_deinterlaced][a0][v1_deinterlaced][a1][v2_deinterlaced][a2][v3_deinterlaced][a3][v4_deinterlaced][a4][v5_deinterlaced][a5][v6_deinterlaced][a6][v7_deinterlaced][a7][v8_deinterlaced][a8][v9_deinterlaced][a9][v10_deinterlaced][a10][v11_deinterlaced][a11][v12_deinterlaced][a12][v13_deinterlaced][a13]concat=n=14:v=1:a=1,-b:v,10M,-c:v,h264_v4l2m2m,-aspect,16:9,-f,mp4,-r,29.97,-crf,20,/srv/dev-disk-by-uuid-A6DA96A3DA966F75/NAS/Recorded/Movie/『劇場版 呪術廻戦 ０』地上波ＴＶ初放送スペシャル！[字][デ]◆あす夜、第２期スタート-2023年07月05日19時(1).mp4

