AVSスクリプトファイルを生成完了

channelName:--------
BS11イレブン
----------

chapter_exe -v "/home/pi/CmcutScp/result/ソードアート・オンライン オルタナティブ ガンゲイル・オンライン　＃１-2024年07月06日00時/join_tsfile.avs" -lwi /home/pi/CmcutScp/result/"ソードアート・オンライン オルタナティブ ガンゲイル・オンライン　＃１-2024年07月06日00時"/chapter_inscp.lwi -oa /home/pi/CmcutScp/result/"ソードアート・オンライン オルタナティブ ガンゲイル・オンライン　＃１-2024年07月06日00時"/chapter_inscp.txt
該当する .lgd ファイル (BS11イレブン.lgd) が見つかりました。

cmd : logoframe "/home/pi/CmcutScp/result/ソードアート・オンライン オルタナティブ ガンゲイル・オンライン　＃１-2024年07月06日00時/join_tsfile.avs" -logo "/home/pi/CmcutScp/join_logo_scp_trial/logo/BS11イレブン.lgd" -oa "/home/pi/CmcutScp/result/ソードアート・オンライン オルタナティブ ガンゲイル・オンライン　＃１-2024年07月06日00時/logoframe_inlogo.txt"

cmd : join_logo_scp -inlogo "/home/pi/CmcutScp/result/ソードアート・オンライン オルタナティブ ガンゲイル・オンライン　＃１-2024年07月06日00時/logoframe_inlogo.txt" -inscp "/home/pi/CmcutScp/result/ソードアート・オンライン オルタナティブ ガンゲイル・オンライン　＃１-2024年07月06日00時/chapter_inscp.txt" -incmd "/home/pi/CmcutScp/join_logo_scp_trial/JL/JL_標準.txt" -o "/home/pi/CmcutScp/result/ソードアート・オンライン オルタナティブ ガンゲイル・オンライン　＃１-2024年07月06日00時/join_logo_scp.txt"

joinOutputFile()
: "/home/pi/CmcutScp/result/ソードアート・オンライン オルタナティブ ガンゲイル・オンライン　＃１-2024年07月06日00時/join_logo_scp.csv"

 フレーム情報ファイルのパス(joinOutputFile) 
 /home/pi/CmcutScp/result/ソードアート・オンライン オルタナティブ ガンゲイル・オンライン　＃１-2024年07月06日00時/join_logo_scp.csv 

 フィルターコンプレックスの初期値を設定(data) 
 76,5709
7508,24231
26030,46379
48328,48627
 

generateFilterComplex()
: "[0:v]trim=2.536:190.490,setpts=PTS-STARTPTS[v0];[0:a]atrim=2.536:190.490,asetpts=PTS-STARTPTS[a0];[v0]yadif=0[v0_deinterlaced];[0:v]trim=250.517:808.509,setpts=PTS-STARTPTS[v1];[0:a]atrim=250.517:808.509,asetpts=PTS-STARTPTS[a1];[v1]yadif=0[v1_deinterlaced];[0:v]trim=868.535:1547.514,setpts=PTS-STARTPTS[v2];[0:a]atrim=868.535:1547.514,asetpts=PTS-STARTPTS[a2];[v2]yadif=0[v2_deinterlaced];[0:v]trim=1612.546:1622.523,setpts=PTS-STARTPTS[v3];[0:a]atrim=1612.546:1622.523,asetpts=PTS-STARTPTS[a3];[v3]yadif=0[v3_deinterlaced];[v0_deinterlaced][a0][v1_deinterlaced][a1][v2_deinterlaced][a2][v3_deinterlaced][a3]concat=n=4:v=1:a=1"

/usr/bin/ffmpeg:: -y,-analyzeduration,10M,-probesize,32M,-i,/srv/dev-disk-by-uuid-A6DA96A3DA966F75/NAS/Recorded/TV_Program/ガンゲイル・オンライン/S1/ソードアート・オンライン オルタナティブ ガンゲイル・オンライン　＃１-2024年07月06日00時.mp4,-c:a,aac,-ignore_unknown,-filter_complex,[0:v]trim=2.536:190.490,setpts=PTS-STARTPTS[v0];[0:a]atrim=2.536:190.490,asetpts=PTS-STARTPTS[a0];[v0]yadif=0[v0_deinterlaced];[0:v]trim=250.517:808.509,setpts=PTS-STARTPTS[v1];[0:a]atrim=250.517:808.509,asetpts=PTS-STARTPTS[a1];[v1]yadif=0[v1_deinterlaced];[0:v]trim=868.535:1547.514,setpts=PTS-STARTPTS[v2];[0:a]atrim=868.535:1547.514,asetpts=PTS-STARTPTS[a2];[v2]yadif=0[v2_deinterlaced];[0:v]trim=1612.546:1622.523,setpts=PTS-STARTPTS[v3];[0:a]atrim=1612.546:1622.523,asetpts=PTS-STARTPTS[a3];[v3]yadif=0[v3_deinterlaced];[v0_deinterlaced][a0][v1_deinterlaced][a1][v2_deinterlaced][a2][v3_deinterlaced][a3]concat=n=4:v=1:a=1,-b:v,10M,-c:v,h264_v4l2m2m,-aspect,16:9,-f,mp4,-r,29.97,-crf,20,/srv/dev-disk-by-uuid-A6DA96A3DA966F75/NAS/Recorded/TV_Program/ガンゲイル・オンライン/S1/ソードアート・オンライン オルタナティブ ガンゲイル・オンライン　＃１-2024年07月06日00時(1).mp4

