AVSスクリプトファイルを生成完了

channelName:--------
テレビ東京1
----------

chapter_exe -v "/home/pi/CmcutScp/result/ＳＰＹ×ＦＡＭＩＬＹ「誰がための任務」[字][デ]-2023年11月18日23時.ts/join_tsfile.avs" -lwi /home/pi/CmcutScp/result/"ＳＰＹ×ＦＡＭＩＬＹ「誰がための任務」[字][デ]-2023年11月18日23時.ts"/chapter_inscp.lwi -oa /home/pi/CmcutScp/result/"ＳＰＹ×ＦＡＭＩＬＹ「誰がための任務」[字][デ]-2023年11月18日23時.ts"/chapter_inscp.txt
該当する .lgd ファイル (テレビ東京1.lgd) が見つかりました。

cmd : logoframe "/home/pi/CmcutScp/result/ＳＰＹ×ＦＡＭＩＬＹ「誰がための任務」[字][デ]-2023年11月18日23時.ts/join_tsfile.avs" -logo "/home/pi/CmcutScp/join_logo_scp_trial/logo/テレビ東京1.lgd" -oa "/home/pi/CmcutScp/result/ＳＰＹ×ＦＡＭＩＬＹ「誰がための任務」[字][デ]-2023年11月18日23時.ts/logoframe_inlogo.txt"

cmd : join_logo_scp -inlogo "/home/pi/CmcutScp/result/ＳＰＹ×ＦＡＭＩＬＹ「誰がための任務」[字][デ]-2023年11月18日23時.ts/logoframe_inlogo.txt.txt" -inscp "/home/pi/CmcutScp/result/ＳＰＹ×ＦＡＭＩＬＹ「誰がための任務」[字][デ]-2023年11月18日23時.ts/chapter_inscp.txt" -incmd "/home/pi/CmcutScp/join_logo_scp_trial/JL/JL_標準.txt" -o "/home/pi/CmcutScp/result/ＳＰＹ×ＦＡＭＩＬＹ「誰がための任務」[字][デ]-2023年11月18日23時.ts/join_logo_scp.txt"

joinOutputFile()
: "/home/pi/CmcutScp/result/ＳＰＹ×ＦＡＭＩＬＹ「誰がための任務」[字][デ]-2023年11月18日23時.ts/join_logo_scp.csv"

 フレーム情報ファイルのパス(joinOutputFile) 
 /home/pi/CmcutScp/result/ＳＰＹ×ＦＡＭＩＬＹ「誰がための任務」[字][デ]-2023年11月18日23時.ts/join_logo_scp.csv 

 フィルターコンプレックスの初期値を設定(data) 
 144,3140
4940,26996
28796,46297
48096,48694
 

generateFilterComplex()
: "[0:v]trim=4.805:104.771,setpts=PTS-STARTPTS[v0];[0:a]atrim=4.805:104.771,asetpts=PTS-STARTPTS[a0];[v0]yadif=0[v0_deinterlaced];[0:v]trim=164.831:900.767,setpts=PTS-STARTPTS[v1];[0:a]atrim=164.831:900.767,asetpts=PTS-STARTPTS[a1];[v1]yadif=0[v1_deinterlaced];[0:v]trim=960.827:1544.778,setpts=PTS-STARTPTS[v2];[0:a]atrim=960.827:1544.778,asetpts=PTS-STARTPTS[a2];[v2]yadif=0[v2_deinterlaced];[0:v]trim=1604.805:1624.758,setpts=PTS-STARTPTS[v3];[0:a]atrim=1604.805:1624.758,asetpts=PTS-STARTPTS[a3];[v3]yadif=0[v3_deinterlaced];[v0_deinterlaced][a0][v1_deinterlaced][a1][v2_deinterlaced][a2][v3_deinterlaced][a3]concat=n=4:v=1:a=1"

/usr/bin/ffmpeg:: -y,-analyzeduration,10M,-probesize,32M,-i,/srv/dev-disk-by-uuid-A6DA96A3DA966F75/NAS/Recorded/ＳＰＹ×ＦＡＭＩＬＹ「誰がための任務」[字][デ]-2023年11月18日23時.ts,-c:a,aac,-ignore_unknown,-filter_complex,[0:v]trim=4.805:104.771,setpts=PTS-STARTPTS[v0];[0:a]atrim=4.805:104.771,asetpts=PTS-STARTPTS[a0];[v0]yadif=0[v0_deinterlaced];[0:v]trim=164.831:900.767,setpts=PTS-STARTPTS[v1];[0:a]atrim=164.831:900.767,asetpts=PTS-STARTPTS[a1];[v1]yadif=0[v1_deinterlaced];[0:v]trim=960.827:1544.778,setpts=PTS-STARTPTS[v2];[0:a]atrim=960.827:1544.778,asetpts=PTS-STARTPTS[a2];[v2]yadif=0[v2_deinterlaced];[0:v]trim=1604.805:1624.758,setpts=PTS-STARTPTS[v3];[0:a]atrim=1604.805:1624.758,asetpts=PTS-STARTPTS[a3];[v3]yadif=0[v3_deinterlaced];[v0_deinterlaced][a0][v1_deinterlaced][a1][v2_deinterlaced][a2][v3_deinterlaced][a3]concat=n=4:v=1:a=1,-b:v,10M,-c:v,h264_v4l2m2m,-aspect,16:9,-f,mp4,-r,29.97,-crf,20,/srv/dev-disk-by-uuid-A6DA96A3DA966F75/NAS/Recorded/TV_Program/ＳＰＹ×ＦＡＭＩＬＹ/ＳＰＹ×ＦＡＭＩＬＹ「誰がための任務」[字][デ]-2023年11月18日23時.mp4

