AVSスクリプトファイルを生成完了

channelName:--------
日テレ1
----------

chapter_exe -v "/home/pi/CmcutScp/result/金曜ロードショー「名探偵コナン　紺青の拳（フィスト）」[解][字][デ]-2024年04月12日21時.ts/join_tsfile.avs" -lwi /home/pi/CmcutScp/result/"金曜ロードショー「名探偵コナン　紺青の拳（フィスト）」[解][字][デ]-2024年04月12日21時.ts"/chapter_inscp.lwi -oa /home/pi/CmcutScp/result/"金曜ロードショー「名探偵コナン　紺青の拳（フィスト）」[解][字][デ]-2024年04月12日21時.ts"/chapter_inscp.txt
該当する .lgd ファイル (日テレ1.lgd) が見つかりました。

cmd : logoframe "/home/pi/CmcutScp/result/金曜ロードショー「名探偵コナン　紺青の拳（フィスト）」[解][字][デ]-2024年04月12日21時.ts/join_tsfile.avs" -logo "/home/pi/CmcutScp/join_logo_scp_trial/logo/日テレ1.lgd" -oa "/home/pi/CmcutScp/result/金曜ロードショー「名探偵コナン　紺青の拳（フィスト）」[解][字][デ]-2024年04月12日21時.ts/logoframe_inlogo.txt"

cmd : join_logo_scp -inlogo "/home/pi/CmcutScp/result/金曜ロードショー「名探偵コナン　紺青の拳（フィスト）」[解][字][デ]-2024年04月12日21時.ts/logoframe_inlogo.txt" -inscp "/home/pi/CmcutScp/result/金曜ロードショー「名探偵コナン　紺青の拳（フィスト）」[解][字][デ]-2024年04月12日21時.ts/chapter_inscp.txt" -incmd "/home/pi/CmcutScp/join_logo_scp_trial/JL/JL_標準.txt" -o "/home/pi/CmcutScp/result/金曜ロードショー「名探偵コナン　紺青の拳（フィスト）」[解][字][デ]-2024年04月12日21時.ts/join_logo_scp.txt"

joinOutputFile()
: "/home/pi/CmcutScp/result/金曜ロードショー「名探偵コナン　紺青の拳（フィスト）」[解][字][デ]-2024年04月12日21時.ts/join_logo_scp.csv"

 フレーム情報ファイルのパス(joinOutputFile) 
 /home/pi/CmcutScp/result/金曜ロードショー「名探偵コナン　紺青の拳（フィスト）」[解][字][デ]-2024年04月12日21時.ts/join_logo_scp.csv 

 フィルターコンプレックスの初期値を設定(data) 
 1071,31518
36015,50849
56694,69340
74736,145045
148642,157092
162938,176453
181261,203217
 

generateFilterComplex()
: "[0:v]trim=35.736:1051.652,setpts=PTS-STARTPTS[v0];[0:a]atrim=35.736:1051.652,asetpts=PTS-STARTPTS[a0];[v0]yadif=0[v0_deinterlaced];[0:v]trim=1201.702:1696.663,setpts=PTS-STARTPTS[v1];[0:a]atrim=1201.702:1696.663,asetpts=PTS-STARTPTS[a1];[v1]yadif=0[v1_deinterlaced];[0:v]trim=1891.692:2313.647,setpts=PTS-STARTPTS[v2];[0:a]atrim=1891.692:2313.647,asetpts=PTS-STARTPTS[a2];[v2]yadif=0[v2_deinterlaced];[0:v]trim=2493.694:4839.673,setpts=PTS-STARTPTS[v3];[0:a]atrim=2493.694:4839.673,asetpts=PTS-STARTPTS[a3];[v3]yadif=0[v3_deinterlaced];[0:v]trim=4959.693:5241.642,setpts=PTS-STARTPTS[v4];[0:a]atrim=4959.693:5241.642,asetpts=PTS-STARTPTS[a4];[v4]yadif=0[v4_deinterlaced];[0:v]trim=5436.703:5887.654,setpts=PTS-STARTPTS[v5];[0:a]atrim=5436.703:5887.654,asetpts=PTS-STARTPTS[a5];[v5]yadif=0[v5_deinterlaced];[0:v]trim=6048.081:6780.681,setpts=PTS-STARTPTS[v6];[0:a]atrim=6048.081:6780.681,asetpts=PTS-STARTPTS[a6];[v6]yadif=0[v6_deinterlaced];[v0_deinterlaced][a0][v1_deinterlaced][a1][v2_deinterlaced][a2][v3_deinterlaced][a3][v4_deinterlaced][a4][v5_deinterlaced][a5][v6_deinterlaced][a6]concat=n=7:v=1:a=1"

/usr/bin/ffmpeg:: -y,-analyzeduration,10M,-probesize,32M,-i,/srv/dev-disk-by-uuid-D454C24354C22856/NAS_4_1/Recorded/2024-2cours/金曜ロードショー「名探偵コナン　紺青の拳（フィスト）」[解][字][デ]-2024年04月12日21時.ts,-c:a,aac,-ignore_unknown,-filter_complex,[0:v]trim=35.736:1051.652,setpts=PTS-STARTPTS[v0];[0:a]atrim=35.736:1051.652,asetpts=PTS-STARTPTS[a0];[v0]yadif=0[v0_deinterlaced];[0:v]trim=1201.702:1696.663,setpts=PTS-STARTPTS[v1];[0:a]atrim=1201.702:1696.663,asetpts=PTS-STARTPTS[a1];[v1]yadif=0[v1_deinterlaced];[0:v]trim=1891.692:2313.647,setpts=PTS-STARTPTS[v2];[0:a]atrim=1891.692:2313.647,asetpts=PTS-STARTPTS[a2];[v2]yadif=0[v2_deinterlaced];[0:v]trim=2493.694:4839.673,setpts=PTS-STARTPTS[v3];[0:a]atrim=2493.694:4839.673,asetpts=PTS-STARTPTS[a3];[v3]yadif=0[v3_deinterlaced];[0:v]trim=4959.693:5241.642,setpts=PTS-STARTPTS[v4];[0:a]atrim=4959.693:5241.642,asetpts=PTS-STARTPTS[a4];[v4]yadif=0[v4_deinterlaced];[0:v]trim=5436.703:5887.654,setpts=PTS-STARTPTS[v5];[0:a]atrim=5436.703:5887.654,asetpts=PTS-STARTPTS[a5];[v5]yadif=0[v5_deinterlaced];[0:v]trim=6048.081:6780.681,setpts=PTS-STARTPTS[v6];[0:a]atrim=6048.081:6780.681,asetpts=PTS-STARTPTS[a6];[v6]yadif=0[v6_deinterlaced];[v0_deinterlaced][a0][v1_deinterlaced][a1][v2_deinterlaced][a2][v3_deinterlaced][a3][v4_deinterlaced][a4][v5_deinterlaced][a5][v6_deinterlaced][a6]concat=n=7:v=1:a=1,-b:v,10M,-c:v,h264_v4l2m2m,-aspect,16:9,-f,mp4,-r,29.97,-crf,20,/srv/dev-disk-by-uuid-A6DA96A3DA966F75/NAS/Recorded/Movie/金曜ロードショー「名探偵コナン　紺青の拳（フィスト）」[解][字][デ]-2024年04月12日21時.mp4

