AVSスクリプトファイルを生成完了

channelName:--------
日テレ1
----------

chapter_exe -v "/home/pi/CmcutScp/result/転生したらスライムだった件　コリウスの夢-2023年12月20日01時.ts/join_tsfile.avs" -lwi /home/pi/CmcutScp/result/"転生したらスライムだった件　コリウスの夢-2023年12月20日01時.ts"/chapter_inscp.lwi -oa /home/pi/CmcutScp/result/"転生したらスライムだった件　コリウスの夢-2023年12月20日01時.ts"/chapter_inscp.txt
該当する .lgd ファイル (日テレ1.lgd) が見つかりました。

cmd : logoframe "/home/pi/CmcutScp/result/転生したらスライムだった件　コリウスの夢-2023年12月20日01時.ts/join_tsfile.avs" -logo "/home/pi/CmcutScp/join_logo_scp_trial/logo/日テレ1.lgd" -oa "/home/pi/CmcutScp/result/転生したらスライムだった件　コリウスの夢-2023年12月20日01時.ts/logoframe_inlogo.txt"

cmd : join_logo_scp -inlogo "/home/pi/CmcutScp/result/転生したらスライムだった件　コリウスの夢-2023年12月20日01時.ts/logoframe_inlogo.txt" -inscp "/home/pi/CmcutScp/result/転生したらスライムだった件　コリウスの夢-2023年12月20日01時.ts/chapter_inscp.txt" -incmd "/home/pi/CmcutScp/join_logo_scp_trial/JL/JL_標準.txt" -o "/home/pi/CmcutScp/result/転生したらスライムだった件　コリウスの夢-2023年12月20日01時.ts/join_logo_scp.txt"

joinOutputFile()
: "/home/pi/CmcutScp/result/転生したらスライムだった件　コリウスの夢-2023年12月20日01時.ts/join_logo_scp.csv"

 フレーム情報ファイルのパス(joinOutputFile) 
 /home/pi/CmcutScp/result/転生したらスライムだった件　コリウスの夢-2023年12月20日01時.ts/join_logo_scp.csv 

 フィルターコンプレックスの初期値を設定(data) 
 167,2863
5562,21144
23843,48387
51536,52763
 

generateFilterComplex()
: "[0:v]trim=5.572:95.529,setpts=PTS-STARTPTS[v0];[0:a]atrim=5.572:95.529,asetpts=PTS-STARTPTS[a0];[v0]yadif=0[v0_deinterlaced];[0:v]trim=185.586:705.506,setpts=PTS-STARTPTS[v1];[0:a]atrim=185.586:705.506,asetpts=PTS-STARTPTS[a1];[v1]yadif=0[v1_deinterlaced];[0:v]trim=795.562:1614.515,setpts=PTS-STARTPTS[v2];[0:a]atrim=795.562:1614.515,asetpts=PTS-STARTPTS[a2];[v2]yadif=0[v2_deinterlaced];[0:v]trim=1719.586:1760.527,setpts=PTS-STARTPTS[v3];[0:a]atrim=1719.586:1760.527,asetpts=PTS-STARTPTS[a3];[v3]yadif=0[v3_deinterlaced];[v0_deinterlaced][a0][v1_deinterlaced][a1][v2_deinterlaced][a2][v3_deinterlaced][a3]concat=n=4:v=1:a=1"

/usr/bin/ffmpeg:: -y,-analyzeduration,10M,-probesize,32M,-i,/srv/dev-disk-by-uuid-6CCCDC6ACCDC3056/NAS_4/Recorded/2023-1cours/転生したらスライムだった件　コリウスの夢-2023年12月20日01時.ts,-c:a,aac,-ignore_unknown,-filter_complex,[0:v]trim=5.572:95.529,setpts=PTS-STARTPTS[v0];[0:a]atrim=5.572:95.529,asetpts=PTS-STARTPTS[a0];[v0]yadif=0[v0_deinterlaced];[0:v]trim=185.586:705.506,setpts=PTS-STARTPTS[v1];[0:a]atrim=185.586:705.506,asetpts=PTS-STARTPTS[a1];[v1]yadif=0[v1_deinterlaced];[0:v]trim=795.562:1614.515,setpts=PTS-STARTPTS[v2];[0:a]atrim=795.562:1614.515,asetpts=PTS-STARTPTS[a2];[v2]yadif=0[v2_deinterlaced];[0:v]trim=1719.586:1760.527,setpts=PTS-STARTPTS[v3];[0:a]atrim=1719.586:1760.527,asetpts=PTS-STARTPTS[a3];[v3]yadif=0[v3_deinterlaced];[v0_deinterlaced][a0][v1_deinterlaced][a1][v2_deinterlaced][a2][v3_deinterlaced][a3]concat=n=4:v=1:a=1,-b:v,10M,-c:v,h264_v4l2m2m,-aspect,16:9,-f,mp4,-r,29.97,-crf,20,/srv/dev-disk-by-uuid-A6DA96A3DA966F75/NAS/Recorded/TV_Program/転生したらスライムだった件/S3/転生したらスライムだった件　コリウスの夢-2023年12月20日01時.mp4

