AVSスクリプトファイルを生成完了

channelName:--------
日テレ1
----------

chapter_exe -v "/home/pi/CmcutScp/result/金曜ロードショー「ジュラシック・ワールド／炎の王国」★シリーズ第2作★[二][字][デ]-2024年05月24日21時/join_tsfile.avs" -lwi /home/pi/CmcutScp/result/"金曜ロードショー「ジュラシック・ワールド／炎の王国」★シリーズ第2作★[二][字][デ]-2024年05月24日21時"/chapter_inscp.lwi -oa /home/pi/CmcutScp/result/"金曜ロードショー「ジュラシック・ワールド／炎の王国」★シリーズ第2作★[二][字][デ]-2024年05月24日21時"/chapter_inscp.txt
該当する .lgd ファイル (日テレ1.lgd) が見つかりました。

cmd : logoframe "/home/pi/CmcutScp/result/金曜ロードショー「ジュラシック・ワールド／炎の王国」★シリーズ第2作★[二][字][デ]-2024年05月24日21時/join_tsfile.avs" -logo "/home/pi/CmcutScp/join_logo_scp_trial/logo/日テレ1.lgd" -oa "/home/pi/CmcutScp/result/金曜ロードショー「ジュラシック・ワールド／炎の王国」★シリーズ第2作★[二][字][デ]-2024年05月24日21時/logoframe_inlogo.txt"

cmd : join_logo_scp -inlogo "/home/pi/CmcutScp/result/金曜ロードショー「ジュラシック・ワールド／炎の王国」★シリーズ第2作★[二][字][デ]-2024年05月24日21時/logoframe_inlogo.txt" -inscp "/home/pi/CmcutScp/result/金曜ロードショー「ジュラシック・ワールド／炎の王国」★シリーズ第2作★[二][字][デ]-2024年05月24日21時/chapter_inscp.txt" -incmd "/home/pi/CmcutScp/join_logo_scp_trial/JL/JL_標準.txt" -o "/home/pi/CmcutScp/result/金曜ロードショー「ジュラシック・ワールド／炎の王国」★シリーズ第2作★[二][字][デ]-2024年05月24日21時/join_logo_scp.txt"

joinOutputFile()
: "/home/pi/CmcutScp/result/金曜ロードショー「ジュラシック・ワールド／炎の王国」★シリーズ第2作★[二][字][デ]-2024年05月24日21時/join_logo_scp.csv"

 フレーム情報ファイルのパス(joinOutputFile) 
 /home/pi/CmcutScp/result/金曜ロードショー「ジュラシック・ワールド／炎の王国」★シリーズ第2作★[二][字][デ]-2024年05月24日21時/join_logo_scp.csv 

 フィルターコンプレックスの初期値を設定(data) 
 1060,38610
43107,60938
66334,82186
87583,115783
120729,135563
140510,155973
160470,178510
183007,195683
200629,239769
 

generateFilterComplex()
: "[0:v]trim=35.369:1288.288,setpts=PTS-STARTPTS[v0];[0:a]atrim=35.369:1288.288,asetpts=PTS-STARTPTS[a0];[v0]yadif=0[v0_deinterlaced];[0:v]trim=1438.338:2033.300,setpts=PTS-STARTPTS[v1];[0:a]atrim=1438.338:2033.300,asetpts=PTS-STARTPTS[a1];[v1]yadif=0[v1_deinterlaced];[0:v]trim=2213.347:2742.276,setpts=PTS-STARTPTS[v2];[0:a]atrim=2213.347:2742.276,asetpts=PTS-STARTPTS[a2];[v2]yadif=0[v2_deinterlaced];[0:v]trim=2922.356:3863.297,setpts=PTS-STARTPTS[v3];[0:a]atrim=2922.356:3863.297,asetpts=PTS-STARTPTS[a3];[v3]yadif=0[v3_deinterlaced];[0:v]trim=4028.328:4523.290,setpts=PTS-STARTPTS[v4];[0:a]atrim=4028.328:4523.290,asetpts=PTS-STARTPTS[a4];[v4]yadif=0[v4_deinterlaced];[0:v]trim=4688.355:5204.304,setpts=PTS-STARTPTS[v5];[0:a]atrim=4688.355:5204.304,asetpts=PTS-STARTPTS[a5];[v5]yadif=0[v5_deinterlaced];[0:v]trim=5354.354:5956.290,setpts=PTS-STARTPTS[v6];[0:a]atrim=5354.354:5956.290,asetpts=PTS-STARTPTS[a6];[v6]yadif=0[v6_deinterlaced];[0:v]trim=6106.340:6529.296,setpts=PTS-STARTPTS[v7];[0:a]atrim=6106.340:6529.296,asetpts=PTS-STARTPTS[a7];[v7]yadif=0[v7_deinterlaced];[0:v]trim=6694.328:8000.300,setpts=PTS-STARTPTS[v8];[0:a]atrim=6694.328:8000.300,asetpts=PTS-STARTPTS[a8];[v8]yadif=0[v8_deinterlaced];[v0_deinterlaced][a0][v1_deinterlaced][a1][v2_deinterlaced][a2][v3_deinterlaced][a3][v4_deinterlaced][a4][v5_deinterlaced][a5][v6_deinterlaced][a6][v7_deinterlaced][a7][v8_deinterlaced][a8]concat=n=9:v=1:a=1"

/usr/bin/ffmpeg:: -y,-analyzeduration,10M,-probesize,32M,-i,/srv/dev-disk-by-uuid-D454C24354C22856/NAS_4_1/Recorded/2024-2cours/金曜ロードショー「ジュラシック・ワールド／炎の王国」★シリーズ第2作★[二][字][デ]-2024年05月24日21時.ts,-c:a,aac,-ignore_unknown,-filter_complex,[0:v]trim=35.369:1288.288,setpts=PTS-STARTPTS[v0];[0:a]atrim=35.369:1288.288,asetpts=PTS-STARTPTS[a0];[v0]yadif=0[v0_deinterlaced];[0:v]trim=1438.338:2033.300,setpts=PTS-STARTPTS[v1];[0:a]atrim=1438.338:2033.300,asetpts=PTS-STARTPTS[a1];[v1]yadif=0[v1_deinterlaced];[0:v]trim=2213.347:2742.276,setpts=PTS-STARTPTS[v2];[0:a]atrim=2213.347:2742.276,asetpts=PTS-STARTPTS[a2];[v2]yadif=0[v2_deinterlaced];[0:v]trim=2922.356:3863.297,setpts=PTS-STARTPTS[v3];[0:a]atrim=2922.356:3863.297,asetpts=PTS-STARTPTS[a3];[v3]yadif=0[v3_deinterlaced];[0:v]trim=4028.328:4523.290,setpts=PTS-STARTPTS[v4];[0:a]atrim=4028.328:4523.290,asetpts=PTS-STARTPTS[a4];[v4]yadif=0[v4_deinterlaced];[0:v]trim=4688.355:5204.304,setpts=PTS-STARTPTS[v5];[0:a]atrim=4688.355:5204.304,asetpts=PTS-STARTPTS[a5];[v5]yadif=0[v5_deinterlaced];[0:v]trim=5354.354:5956.290,setpts=PTS-STARTPTS[v6];[0:a]atrim=5354.354:5956.290,asetpts=PTS-STARTPTS[a6];[v6]yadif=0[v6_deinterlaced];[0:v]trim=6106.340:6529.296,setpts=PTS-STARTPTS[v7];[0:a]atrim=6106.340:6529.296,asetpts=PTS-STARTPTS[a7];[v7]yadif=0[v7_deinterlaced];[0:v]trim=6694.328:8000.300,setpts=PTS-STARTPTS[v8];[0:a]atrim=6694.328:8000.300,asetpts=PTS-STARTPTS[a8];[v8]yadif=0[v8_deinterlaced];[v0_deinterlaced][a0][v1_deinterlaced][a1][v2_deinterlaced][a2][v3_deinterlaced][a3][v4_deinterlaced][a4][v5_deinterlaced][a5][v6_deinterlaced][a6][v7_deinterlaced][a7][v8_deinterlaced][a8]concat=n=9:v=1:a=1,-b:v,10M,-c:v,h264_v4l2m2m,-aspect,16:9,-f,mp4,-r,29.97,-crf,20,/srv/dev-disk-by-uuid-A6DA96A3DA966F75/NAS/Recorded/Movie/金曜ロードショー「ジュラシック・ワールド／炎の王国」★シリーズ第2作★[二][字][デ]-2024年05月24日21時.mp4

