AVSスクリプトファイルを生成完了

channelName:--------
BS11イレブン
----------

chapter_exe -v "/home/pi/CmcutScp/result/[新]龍族 -The Blazing Dawn-　０話「異国からの招待状」-2024年04月07日00時.ts/join_tsfile.avs" -lwi /home/pi/CmcutScp/result/"[新]龍族 -The Blazing Dawn-　０話「異国からの招待状」-2024年04月07日00時.ts"/chapter_inscp.lwi -oa /home/pi/CmcutScp/result/"[新]龍族 -The Blazing Dawn-　０話「異国からの招待状」-2024年04月07日00時.ts"/chapter_inscp.txt
該当する .lgd ファイル (BS11イレブン.lgd) が見つかりました。

cmd : logoframe "/home/pi/CmcutScp/result/[新]龍族 -The Blazing Dawn-　０話「異国からの招待状」-2024年04月07日00時.ts/join_tsfile.avs" -logo "/home/pi/CmcutScp/join_logo_scp_trial/logo/BS11イレブン.lgd" -oa "/home/pi/CmcutScp/result/[新]龍族 -The Blazing Dawn-　０話「異国からの招待状」-2024年04月07日00時.ts/logoframe_inlogo.txt"

cmd : join_logo_scp -inlogo "/home/pi/CmcutScp/result/[新]龍族 -The Blazing Dawn-　０話「異国からの招待状」-2024年04月07日00時.ts/logoframe_inlogo.txt" -inscp "/home/pi/CmcutScp/result/[新]龍族 -The Blazing Dawn-　０話「異国からの招待状」-2024年04月07日00時.ts/chapter_inscp.txt" -incmd "/home/pi/CmcutScp/join_logo_scp_trial/JL/JL_標準.txt" -o "/home/pi/CmcutScp/result/[新]龍族 -The Blazing Dawn-　０話「異国からの招待状」-2024年04月07日00時.ts/join_logo_scp.txt"

joinOutputFile()
: "/home/pi/CmcutScp/result/[新]龍族 -The Blazing Dawn-　０話「異国からの招待状」-2024年04月07日00時.ts/join_logo_scp.csv"

 フレーム情報ファイルのパス(joinOutputFile) 
 /home/pi/CmcutScp/result/[新]龍族 -The Blazing Dawn-　０話「異国からの招待状」-2024年04月07日00時.ts/join_logo_scp.csv 

 フィルターコンプレックスの初期値を設定(data) 
 99,5402
8101,22905
25603,46761
50359,65133
69393,77091
80688,101696
 

generateFilterComplex()
: "[0:v]trim=3.303:180.247,setpts=PTS-STARTPTS[v0];[0:a]atrim=3.303:180.247,asetpts=PTS-STARTPTS[a0];[v0]yadif=0[v0_deinterlaced];[0:v]trim=270.304:764.264,setpts=PTS-STARTPTS[v1];[0:a]atrim=270.304:764.264,asetpts=PTS-STARTPTS[a1];[v1]yadif=0[v1_deinterlaced];[0:v]trim=854.288:1560.260,setpts=PTS-STARTPTS[v2];[0:a]atrim=854.288:1560.260,asetpts=PTS-STARTPTS[a2];[v2]yadif=0[v2_deinterlaced];[0:v]trim=1680.314:2173.273,setpts=PTS-STARTPTS[v3];[0:a]atrim=1680.314:2173.273,asetpts=PTS-STARTPTS[a3];[v3]yadif=0[v3_deinterlaced];[0:v]trim=2315.415:2572.272,setpts=PTS-STARTPTS[v4];[0:a]atrim=2315.415:2572.272,asetpts=PTS-STARTPTS[a4];[v4]yadif=0[v4_deinterlaced];[0:v]trim=2692.292:3393.260,setpts=PTS-STARTPTS[v5];[0:a]atrim=2692.292:3393.260,asetpts=PTS-STARTPTS[a5];[v5]yadif=0[v5_deinterlaced];[v0_deinterlaced][a0][v1_deinterlaced][a1][v2_deinterlaced][a2][v3_deinterlaced][a3][v4_deinterlaced][a4][v5_deinterlaced][a5]concat=n=6:v=1:a=1"

/usr/bin/ffmpeg:: -y,-analyzeduration,10M,-probesize,32M,-i,/srv/dev-disk-by-uuid-D454C24354C22856/NAS_4_1/Recorded/2024-2cours/[新]龍族 -The Blazing Dawn-　０話「異国からの招待状」-2024年04月07日00時.ts,-c:a,aac,-ignore_unknown,-filter_complex,[0:v]trim=3.303:180.247,setpts=PTS-STARTPTS[v0];[0:a]atrim=3.303:180.247,asetpts=PTS-STARTPTS[a0];[v0]yadif=0[v0_deinterlaced];[0:v]trim=270.304:764.264,setpts=PTS-STARTPTS[v1];[0:a]atrim=270.304:764.264,asetpts=PTS-STARTPTS[a1];[v1]yadif=0[v1_deinterlaced];[0:v]trim=854.288:1560.260,setpts=PTS-STARTPTS[v2];[0:a]atrim=854.288:1560.260,asetpts=PTS-STARTPTS[a2];[v2]yadif=0[v2_deinterlaced];[0:v]trim=1680.314:2173.273,setpts=PTS-STARTPTS[v3];[0:a]atrim=1680.314:2173.273,asetpts=PTS-STARTPTS[a3];[v3]yadif=0[v3_deinterlaced];[0:v]trim=2315.415:2572.272,setpts=PTS-STARTPTS[v4];[0:a]atrim=2315.415:2572.272,asetpts=PTS-STARTPTS[a4];[v4]yadif=0[v4_deinterlaced];[0:v]trim=2692.292:3393.260,setpts=PTS-STARTPTS[v5];[0:a]atrim=2692.292:3393.260,asetpts=PTS-STARTPTS[a5];[v5]yadif=0[v5_deinterlaced];[v0_deinterlaced][a0][v1_deinterlaced][a1][v2_deinterlaced][a2][v3_deinterlaced][a3][v4_deinterlaced][a4][v5_deinterlaced][a5]concat=n=6:v=1:a=1,-b:v,10M,-c:v,h264_v4l2m2m,-aspect,16:9,-f,mp4,-r,29.97,-crf,20,/srv/dev-disk-by-uuid-A6DA96A3DA966F75/NAS/Recorded/TV_Program/龍族/S1/[新]龍族 -The Blazing Dawn-　０話「異国からの招待状」-2024年04月07日00時.mp4

