AVSスクリプトファイルを生成完了

channelName:--------
日テレ1
----------

chapter_exe -v "/home/pi/CmcutScp/result/金曜ロードショー「名探偵コナン　黒鉄の魚影（サブマリン）」★初放送★[解][字][デ]-2024年04月19日21時(1).mp4/join_tsfile.avs" -lwi /home/pi/CmcutScp/result/"金曜ロードショー「名探偵コナン　黒鉄の魚影（サブマリン）」★初放送★[解][字][デ]-2024年04月19日21時(1).mp4"/chapter_inscp.lwi -oa /home/pi/CmcutScp/result/"金曜ロードショー「名探偵コナン　黒鉄の魚影（サブマリン）」★初放送★[解][字][デ]-2024年04月19日21時(1).mp4"/chapter_inscp.txt
該当する .lgd ファイル (日テレ1.lgd) が見つかりました。

cmd : logoframe "/home/pi/CmcutScp/result/金曜ロードショー「名探偵コナン　黒鉄の魚影（サブマリン）」★初放送★[解][字][デ]-2024年04月19日21時(1).mp4/join_tsfile.avs" -logo "/home/pi/CmcutScp/join_logo_scp_trial/logo/日テレ1.lgd" -oa "/home/pi/CmcutScp/result/金曜ロードショー「名探偵コナン　黒鉄の魚影（サブマリン）」★初放送★[解][字][デ]-2024年04月19日21時(1).mp4/logoframe_inlogo.txt"

cmd : join_logo_scp -inlogo "/home/pi/CmcutScp/result/金曜ロードショー「名探偵コナン　黒鉄の魚影（サブマリン）」★初放送★[解][字][デ]-2024年04月19日21時(1).mp4/logoframe_inlogo.txt" -inscp "/home/pi/CmcutScp/result/金曜ロードショー「名探偵コナン　黒鉄の魚影（サブマリン）」★初放送★[解][字][デ]-2024年04月19日21時(1).mp4/chapter_inscp.txt" -incmd "/home/pi/CmcutScp/join_logo_scp_trial/JL/JL_標準.txt" -o "/home/pi/CmcutScp/result/金曜ロードショー「名探偵コナン　黒鉄の魚影（サブマリン）」★初放送★[解][字][デ]-2024年04月19日21時(1).mp4/join_logo_scp.txt"

joinOutputFile()
: "/home/pi/CmcutScp/result/金曜ロードショー「名探偵コナン　黒鉄の魚影（サブマリン）」★初放送★[解][字][デ]-2024年04月19日21時(1).mp4/join_logo_scp.csv"

 フレーム情報ファイルのパス(joinOutputFile) 
 /home/pi/CmcutScp/result/金曜ロードショー「名探偵コナン　黒鉄の魚影（サブマリン）」★初放送★[解][字][デ]-2024年04月19日21時(1).mp4/join_logo_scp.csv 

 フィルターコンプレックスの初期値を設定(data) 
 1057,23923
28419,48948
54793,67349
72745,134781
137930,152734
158579,167899
172395,181386
187230,198318
204163,239167
 

generateFilterComplex()
: "[0:v]trim=35.269:798.232,setpts=PTS-STARTPTS[v0];[0:a]atrim=35.269:798.232,asetpts=PTS-STARTPTS[a0];[v0]yadif=0[v0_deinterlaced];[0:v]trim=948.248:1633.233,setpts=PTS-STARTPTS[v1];[0:a]atrim=948.248:1633.233,asetpts=PTS-STARTPTS[a1];[v1]yadif=0[v1_deinterlaced];[0:v]trim=1828.262:2247.214,setpts=PTS-STARTPTS[v2];[0:a]atrim=1828.262:2247.214,asetpts=PTS-STARTPTS[a2];[v2]yadif=0[v2_deinterlaced];[0:v]trim=2427.261:4497.197,setpts=PTS-STARTPTS[v3];[0:a]atrim=2427.261:4497.197,asetpts=PTS-STARTPTS[a3];[v3]yadif=0[v3_deinterlaced];[0:v]trim=4602.269:5096.230,setpts=PTS-STARTPTS[v4];[0:a]atrim=4602.269:5096.230,asetpts=PTS-STARTPTS[a4];[v4]yadif=0[v4_deinterlaced];[0:v]trim=5291.258:5602.236,setpts=PTS-STARTPTS[v5];[0:a]atrim=5291.258:5602.236,asetpts=PTS-STARTPTS[a5];[v5]yadif=0[v5_deinterlaced];[0:v]trim=5752.252:6052.252,setpts=PTS-STARTPTS[v6];[0:a]atrim=5752.252:6052.252,asetpts=PTS-STARTPTS[a6];[v6]yadif=0[v6_deinterlaced];[0:v]trim=6247.247:6617.217,setpts=PTS-STARTPTS[v7];[0:a]atrim=6247.247:6617.217,asetpts=PTS-STARTPTS[a7];[v7]yadif=0[v7_deinterlaced];[0:v]trim=6812.246:7980.214,setpts=PTS-STARTPTS[v8];[0:a]atrim=6812.246:7980.214,asetpts=PTS-STARTPTS[a8];[v8]yadif=0[v8_deinterlaced];[v0_deinterlaced][a0][v1_deinterlaced][a1][v2_deinterlaced][a2][v3_deinterlaced][a3][v4_deinterlaced][a4][v5_deinterlaced][a5][v6_deinterlaced][a6][v7_deinterlaced][a7][v8_deinterlaced][a8]concat=n=9:v=1:a=1"

/usr/bin/ffmpeg:: -y,-analyzeduration,10M,-probesize,32M,-i,/srv/dev-disk-by-uuid-A6DA96A3DA966F75/NAS/Recorded/Movie/金曜ロードショー「名探偵コナン　黒鉄の魚影（サブマリン）」★初放送★[解][字][デ]-2024年04月19日21時(1).mp4,-c:a,aac,-ignore_unknown,-filter_complex,[0:v]trim=35.269:798.232,setpts=PTS-STARTPTS[v0];[0:a]atrim=35.269:798.232,asetpts=PTS-STARTPTS[a0];[v0]yadif=0[v0_deinterlaced];[0:v]trim=948.248:1633.233,setpts=PTS-STARTPTS[v1];[0:a]atrim=948.248:1633.233,asetpts=PTS-STARTPTS[a1];[v1]yadif=0[v1_deinterlaced];[0:v]trim=1828.262:2247.214,setpts=PTS-STARTPTS[v2];[0:a]atrim=1828.262:2247.214,asetpts=PTS-STARTPTS[a2];[v2]yadif=0[v2_deinterlaced];[0:v]trim=2427.261:4497.197,setpts=PTS-STARTPTS[v3];[0:a]atrim=2427.261:4497.197,asetpts=PTS-STARTPTS[a3];[v3]yadif=0[v3_deinterlaced];[0:v]trim=4602.269:5096.230,setpts=PTS-STARTPTS[v4];[0:a]atrim=4602.269:5096.230,asetpts=PTS-STARTPTS[a4];[v4]yadif=0[v4_deinterlaced];[0:v]trim=5291.258:5602.236,setpts=PTS-STARTPTS[v5];[0:a]atrim=5291.258:5602.236,asetpts=PTS-STARTPTS[a5];[v5]yadif=0[v5_deinterlaced];[0:v]trim=5752.252:6052.252,setpts=PTS-STARTPTS[v6];[0:a]atrim=5752.252:6052.252,asetpts=PTS-STARTPTS[a6];[v6]yadif=0[v6_deinterlaced];[0:v]trim=6247.247:6617.217,setpts=PTS-STARTPTS[v7];[0:a]atrim=6247.247:6617.217,asetpts=PTS-STARTPTS[a7];[v7]yadif=0[v7_deinterlaced];[0:v]trim=6812.246:7980.214,setpts=PTS-STARTPTS[v8];[0:a]atrim=6812.246:7980.214,asetpts=PTS-STARTPTS[a8];[v8]yadif=0[v8_deinterlaced];[v0_deinterlaced][a0][v1_deinterlaced][a1][v2_deinterlaced][a2][v3_deinterlaced][a3][v4_deinterlaced][a4][v5_deinterlaced][a5][v6_deinterlaced][a6][v7_deinterlaced][a7][v8_deinterlaced][a8]concat=n=9:v=1:a=1,-b:v,10M,-c:v,h264_v4l2m2m,-aspect,16:9,-f,mp4,-r,29.97,-crf,20,/srv/dev-disk-by-uuid-A6DA96A3DA966F75/NAS/Recorded/Movie/金曜ロードショー「名探偵コナン　黒鉄の魚影（サブマリン）」★初放送★[解][字][デ]-2024年04月19日21時(1)(1).mp4

