AVSスクリプトファイルを生成完了

channelName:--------
日テレ1
----------

chapter_exe -v "/home/pi/CmcutScp/result/金曜ロードショー「ジュラシック・ワールド／新たなる支配者」★地上波初放送★[二][字][デ]-2024年05月31日21時/join_tsfile.avs" -lwi /home/pi/CmcutScp/result/"金曜ロードショー「ジュラシック・ワールド／新たなる支配者」★地上波初放送★[二][字][デ]-2024年05月31日21時"/chapter_inscp.lwi -oa /home/pi/CmcutScp/result/"金曜ロードショー「ジュラシック・ワールド／新たなる支配者」★地上波初放送★[二][字][デ]-2024年05月31日21時"/chapter_inscp.txt
該当する .lgd ファイル (日テレ1.lgd) が見つかりました。

cmd : logoframe "/home/pi/CmcutScp/result/金曜ロードショー「ジュラシック・ワールド／新たなる支配者」★地上波初放送★[二][字][デ]-2024年05月31日21時/join_tsfile.avs" -logo "/home/pi/CmcutScp/join_logo_scp_trial/logo/日テレ1.lgd" -oa "/home/pi/CmcutScp/result/金曜ロードショー「ジュラシック・ワールド／新たなる支配者」★地上波初放送★[二][字][デ]-2024年05月31日21時/logoframe_inlogo.txt"

cmd : join_logo_scp -inlogo "/home/pi/CmcutScp/result/金曜ロードショー「ジュラシック・ワールド／新たなる支配者」★地上波初放送★[二][字][デ]-2024年05月31日21時/logoframe_inlogo.txt" -inscp "/home/pi/CmcutScp/result/金曜ロードショー「ジュラシック・ワールド／新たなる支配者」★地上波初放送★[二][字][デ]-2024年05月31日21時/chapter_inscp.txt" -incmd "/home/pi/CmcutScp/join_logo_scp_trial/JL/JL_標準.txt" -o "/home/pi/CmcutScp/result/金曜ロードショー「ジュラシック・ワールド／新たなる支配者」★地上波初放送★[二][字][デ]-2024年05月31日21時/join_logo_scp.txt"

joinOutputFile()
: "/home/pi/CmcutScp/result/金曜ロードショー「ジュラシック・ワールド／新たなる支配者」★地上波初放送★[二][字][デ]-2024年05月31日21時/join_logo_scp.csv"

 フレーム情報ファイルのパス(joinOutputFile) 
 /home/pi/CmcutScp/result/金曜ロードショー「ジュラシック・ワールド／新たなる支配者」★地上波初放送★[二][字][デ]-2024年05月31日21時/join_logo_scp.csv 

 フィルターコンプレックスの初期値を設定(data) 
 1068,43523
48020,66990
72835,85661
91507,127499
133345,157769
163614,179078
183575,197149
202096,241835
247231,266590
 

generateFilterComplex()
: "[0:v]trim=35.636:1452.219,setpts=PTS-STARTPTS[v0];[0:a]atrim=35.636:1452.219,asetpts=PTS-STARTPTS[a0];[v0]yadif=0[v0_deinterlaced];[0:v]trim=1602.269:2235.235,setpts=PTS-STARTPTS[v1];[0:a]atrim=1602.269:2235.235,asetpts=PTS-STARTPTS[a1];[v1]yadif=0[v1_deinterlaced];[0:v]trim=2430.264:2858.225,setpts=PTS-STARTPTS[v2];[0:a]atrim=2430.264:2858.225,asetpts=PTS-STARTPTS[a2];[v2]yadif=0[v2_deinterlaced];[0:v]trim=3053.287:4254.221,setpts=PTS-STARTPTS[v3];[0:a]atrim=3053.287:4254.221,asetpts=PTS-STARTPTS[a3];[v3]yadif=0[v3_deinterlaced];[0:v]trim=4449.283:5264.231,setpts=PTS-STARTPTS[v4];[0:a]atrim=4449.283:5264.231,asetpts=PTS-STARTPTS[a4];[v4]yadif=0[v4_deinterlaced];[0:v]trim=5459.259:5975.242,setpts=PTS-STARTPTS[v5];[0:a]atrim=5459.259:5975.242,asetpts=PTS-STARTPTS[a5];[v5]yadif=0[v5_deinterlaced];[0:v]trim=6125.292:6578.212,setpts=PTS-STARTPTS[v6];[0:a]atrim=6125.292:6578.212,asetpts=PTS-STARTPTS[a6];[v6]yadif=0[v6_deinterlaced];[0:v]trim=6743.277:8069.236,setpts=PTS-STARTPTS[v7];[0:a]atrim=6743.277:8069.236,asetpts=PTS-STARTPTS[a7];[v7]yadif=0[v7_deinterlaced];[0:v]trim=8249.283:8895.229,setpts=PTS-STARTPTS[v8];[0:a]atrim=8249.283:8895.229,asetpts=PTS-STARTPTS[a8];[v8]yadif=0[v8_deinterlaced];[v0_deinterlaced][a0][v1_deinterlaced][a1][v2_deinterlaced][a2][v3_deinterlaced][a3][v4_deinterlaced][a4][v5_deinterlaced][a5][v6_deinterlaced][a6][v7_deinterlaced][a7][v8_deinterlaced][a8]concat=n=9:v=1:a=1"

/usr/bin/ffmpeg:: -y,-analyzeduration,10M,-probesize,32M,-i,/srv/dev-disk-by-uuid-D454C24354C22856/NAS_4_1/Recorded/2024-2cours/金曜ロードショー「ジュラシック・ワールド／新たなる支配者」★地上波初放送★[二][字][デ]-2024年05月31日21時.ts,-c:a,aac,-ignore_unknown,-filter_complex,[0:v]trim=35.636:1452.219,setpts=PTS-STARTPTS[v0];[0:a]atrim=35.636:1452.219,asetpts=PTS-STARTPTS[a0];[v0]yadif=0[v0_deinterlaced];[0:v]trim=1602.269:2235.235,setpts=PTS-STARTPTS[v1];[0:a]atrim=1602.269:2235.235,asetpts=PTS-STARTPTS[a1];[v1]yadif=0[v1_deinterlaced];[0:v]trim=2430.264:2858.225,setpts=PTS-STARTPTS[v2];[0:a]atrim=2430.264:2858.225,asetpts=PTS-STARTPTS[a2];[v2]yadif=0[v2_deinterlaced];[0:v]trim=3053.287:4254.221,setpts=PTS-STARTPTS[v3];[0:a]atrim=3053.287:4254.221,asetpts=PTS-STARTPTS[a3];[v3]yadif=0[v3_deinterlaced];[0:v]trim=4449.283:5264.231,setpts=PTS-STARTPTS[v4];[0:a]atrim=4449.283:5264.231,asetpts=PTS-STARTPTS[a4];[v4]yadif=0[v4_deinterlaced];[0:v]trim=5459.259:5975.242,setpts=PTS-STARTPTS[v5];[0:a]atrim=5459.259:5975.242,asetpts=PTS-STARTPTS[a5];[v5]yadif=0[v5_deinterlaced];[0:v]trim=6125.292:6578.212,setpts=PTS-STARTPTS[v6];[0:a]atrim=6125.292:6578.212,asetpts=PTS-STARTPTS[a6];[v6]yadif=0[v6_deinterlaced];[0:v]trim=6743.277:8069.236,setpts=PTS-STARTPTS[v7];[0:a]atrim=6743.277:8069.236,asetpts=PTS-STARTPTS[a7];[v7]yadif=0[v7_deinterlaced];[0:v]trim=8249.283:8895.229,setpts=PTS-STARTPTS[v8];[0:a]atrim=8249.283:8895.229,asetpts=PTS-STARTPTS[a8];[v8]yadif=0[v8_deinterlaced];[v0_deinterlaced][a0][v1_deinterlaced][a1][v2_deinterlaced][a2][v3_deinterlaced][a3][v4_deinterlaced][a4][v5_deinterlaced][a5][v6_deinterlaced][a6][v7_deinterlaced][a7][v8_deinterlaced][a8]concat=n=9:v=1:a=1,-b:v,10M,-c:v,h264_v4l2m2m,-aspect,16:9,-f,mp4,-r,29.97,-crf,20,/srv/dev-disk-by-uuid-A6DA96A3DA966F75/NAS/Recorded/Movie/金曜ロードショー「ジュラシック・ワールド／新たなる支配者」★地上波初放送★[二][字][デ]-2024年05月31日21時.mp4

