AVSスクリプトファイルを生成完了

channelName:--------
テレビ東京1
----------

chapter_exe -v "/home/pi/CmcutScp/result/怪獣８号　第２話「怪獣を倒す怪獣」[字]-2024年04月20日23時.ts/join_tsfile.avs" -lwi /home/pi/CmcutScp/result/"怪獣８号　第２話「怪獣を倒す怪獣」[字]-2024年04月20日23時.ts"/chapter_inscp.lwi -oa /home/pi/CmcutScp/result/"怪獣８号　第２話「怪獣を倒す怪獣」[字]-2024年04月20日23時.ts"/chapter_inscp.txt
該当する .lgd ファイル (テレビ東京1.lgd) が見つかりました。

cmd : logoframe "/home/pi/CmcutScp/result/怪獣８号　第２話「怪獣を倒す怪獣」[字]-2024年04月20日23時.ts/join_tsfile.avs" -logo "/home/pi/CmcutScp/join_logo_scp_trial/logo/テレビ東京1.lgd" -oa "/home/pi/CmcutScp/result/怪獣８号　第２話「怪獣を倒す怪獣」[字]-2024年04月20日23時.ts/logoframe_inlogo.txt"

cmd : join_logo_scp -inlogo "/home/pi/CmcutScp/result/怪獣８号　第２話「怪獣を倒す怪獣」[字]-2024年04月20日23時.ts/logoframe_inlogo.txt" -inscp "/home/pi/CmcutScp/result/怪獣８号　第２話「怪獣を倒す怪獣」[字]-2024年04月20日23時.ts/chapter_inscp.txt" -incmd "/home/pi/CmcutScp/join_logo_scp_trial/JL/JL_標準.txt" -o "/home/pi/CmcutScp/result/怪獣８号　第２話「怪獣を倒す怪獣」[字]-2024年04月20日23時.ts/join_logo_scp.txt"

joinOutputFile()
: "/home/pi/CmcutScp/result/怪獣８号　第２話「怪獣を倒す怪獣」[字]-2024年04月20日23時.ts/join_logo_scp.csv"

 フレーム情報ファイルのパス(joinOutputFile) 
 /home/pi/CmcutScp/result/怪獣８号　第２話「怪獣を倒す怪獣」[字]-2024年04月20日23時.ts/join_logo_scp.csv 

 フィルターコンプレックスの初期値を設定(data) 
 169,4573
6373,27590
29390,46621
48421,48719
 

generateFilterComplex()
: "[0:v]trim=5.639:152.586,setpts=PTS-STARTPTS[v0];[0:a]atrim=5.639:152.586,asetpts=PTS-STARTPTS[a0];[v0]yadif=0[v0_deinterlaced];[0:v]trim=212.646:920.587,setpts=PTS-STARTPTS[v1];[0:a]atrim=212.646:920.587,asetpts=PTS-STARTPTS[a1];[v1]yadif=0[v1_deinterlaced];[0:v]trim=980.647:1555.589,setpts=PTS-STARTPTS[v2];[0:a]atrim=980.647:1555.589,asetpts=PTS-STARTPTS[a2];[v2]yadif=0[v2_deinterlaced];[0:v]trim=1615.649:1625.592,setpts=PTS-STARTPTS[v3];[0:a]atrim=1615.649:1625.592,asetpts=PTS-STARTPTS[a3];[v3]yadif=0[v3_deinterlaced];[v0_deinterlaced][a0][v1_deinterlaced][a1][v2_deinterlaced][a2][v3_deinterlaced][a3]concat=n=4:v=1:a=1"

/usr/bin/ffmpeg:: -y,-analyzeduration,10M,-probesize,32M,-i,/srv/dev-disk-by-uuid-D454C24354C22856/NAS_4_1/Recorded/2024-2cours/怪獣８号　第２話「怪獣を倒す怪獣」[字]-2024年04月20日23時.ts,-c:a,aac,-ignore_unknown,-filter_complex,[0:v]trim=5.639:152.586,setpts=PTS-STARTPTS[v0];[0:a]atrim=5.639:152.586,asetpts=PTS-STARTPTS[a0];[v0]yadif=0[v0_deinterlaced];[0:v]trim=212.646:920.587,setpts=PTS-STARTPTS[v1];[0:a]atrim=212.646:920.587,asetpts=PTS-STARTPTS[a1];[v1]yadif=0[v1_deinterlaced];[0:v]trim=980.647:1555.589,setpts=PTS-STARTPTS[v2];[0:a]atrim=980.647:1555.589,asetpts=PTS-STARTPTS[a2];[v2]yadif=0[v2_deinterlaced];[0:v]trim=1615.649:1625.592,setpts=PTS-STARTPTS[v3];[0:a]atrim=1615.649:1625.592,asetpts=PTS-STARTPTS[a3];[v3]yadif=0[v3_deinterlaced];[v0_deinterlaced][a0][v1_deinterlaced][a1][v2_deinterlaced][a2][v3_deinterlaced][a3]concat=n=4:v=1:a=1,-b:v,10M,-c:v,h264_v4l2m2m,-aspect,16:9,-f,mp4,-r,29.97,-crf,20,/srv/dev-disk-by-uuid-A6DA96A3DA966F75/NAS/Recorded/TV_Program/怪獣8号/S1/怪獣８号　第２話「怪獣を倒す怪獣」[字]-2024年04月20日23時.mp4

