--------
曜日 月  日  年  時:分:秒 
Wed Oct 09 2024 15:52:11 GMT+0900 (Japan Standard Time)
----------

↓↓↓↓↓↓↓↓↓↓↓↓↓↓↓↓↓↓↓↓↓↓↓↓↓↓↓↓↓↓↓↓↓↓

/home/pi/EPGStation/config/enc-cm-enh-0000.jsで追記
AVSスクリプトファイルを生成完了

channelName:
--------
フジテレビ
----------

chapter_exe -v "/home/pi/CmcutScp/result/時光代理人Ⅱ＜Ｂ８ｓｔａｔｉｏｎ＞　＃０７-2024年05月23日01時/join_tsfile.avs" -lwi /home/pi/CmcutScp/result/"時光代理人Ⅱ＜Ｂ８ｓｔａｔｉｏｎ＞　＃０７-2024年05月23日01時"/chapter_inscp.lwi -oa /home/pi/CmcutScp/result/"時光代理人Ⅱ＜Ｂ８ｓｔａｔｉｏｎ＞　＃０７-2024年05月23日01時"/chapter_inscp.txt
該当する .lgd ファイル (フジテレビ.lgd) が見つかりました。

cmd : logoframe "/home/pi/CmcutScp/result/時光代理人Ⅱ＜Ｂ８ｓｔａｔｉｏｎ＞　＃０７-2024年05月23日01時/join_tsfile.avs" -logo "/home/pi/CmcutScp/join_logo_scp_trial/logo/フジテレビ.lgd" -oa "/home/pi/CmcutScp/result/時光代理人Ⅱ＜Ｂ８ｓｔａｔｉｏｎ＞　＃０７-2024年05月23日01時/logoframe_inlogo.txt"

cmd : join_logo_scp -inlogo "/home/pi/CmcutScp/result/時光代理人Ⅱ＜Ｂ８ｓｔａｔｉｏｎ＞　＃０７-2024年05月23日01時/logoframe_inlogo.txt" -inscp "/home/pi/CmcutScp/result/時光代理人Ⅱ＜Ｂ８ｓｔａｔｉｏｎ＞　＃０７-2024年05月23日01時/chapter_inscp.txt" -incmd "/home/pi/CmcutScp/join_logo_scp_trial/JL/JL_標準.txt" -o "/home/pi/CmcutScp/result/時光代理人Ⅱ＜Ｂ８ｓｔａｔｉｏｎ＞　＃０７-2024年05月23日01時/join_logo_scp.txt"

joinOutputFile()
: "/home/pi/CmcutScp/result/時光代理人Ⅱ＜Ｂ８ｓｔａｔｉｏｎ＞　＃０７-2024年05月23日01時/join_logo_scp.csv"

 フレーム情報ファイルのパス(joinOutputFile) 
 /home/pi/CmcutScp/result/時光代理人Ⅱ＜Ｂ８ｓｔａｔｉｏｎ＞　＃０７-2024年05月23日01時/join_logo_scp.csv 

 フィルターコンプレックスの初期値を設定(data) 
 570,10520
14117,29311
32908,50649
53797,54096
 

generateFilterComplex()
: "[0:v]trim=19.019:351.018,setpts=PTS-STARTPTS[v0];[0:a]atrim=19.019:351.018,asetpts=PTS-STARTPTS[a0];[v0]yadif=0[v0_deinterlaced];[0:v]trim=471.038:978.011,setpts=PTS-STARTPTS[v1];[0:a]atrim=471.038:978.011,asetpts=PTS-STARTPTS[a1];[v1]yadif=0[v1_deinterlaced];[0:v]trim=1098.031:1689.990,setpts=PTS-STARTPTS[v2];[0:a]atrim=1098.031:1689.990,asetpts=PTS-STARTPTS[a2];[v2]yadif=0[v2_deinterlaced];[0:v]trim=1795.028:1805.005,setpts=PTS-STARTPTS[v3];[0:a]atrim=1795.028:1805.005,asetpts=PTS-STARTPTS[a3];[v3]yadif=0[v3_deinterlaced];[v0_deinterlaced][a0][v1_deinterlaced][a1][v2_deinterlaced][a2][v3_deinterlaced][a3]concat=n=4:v=1:a=1"

/usr/bin/ffmpeg:: -y,-analyzeduration,10M,-probesize,32M,-i,/srv/dev-disk-by-uuid-D454C24354C22856/NAS_4_1/Recorded/2024-4cours/encode_faild/時光代理人Ⅱ＜Ｂ８ｓｔａｔｉｏｎ＞　＃０７-2024年05月23日01時.mp4,-c:a,aac,-ignore_unknown,-filter_complex,[0:v]trim=19.019:351.018,setpts=PTS-STARTPTS[v0];[0:a]atrim=19.019:351.018,asetpts=PTS-STARTPTS[a0];[v0]yadif=0[v0_deinterlaced];[0:v]trim=471.038:978.011,setpts=PTS-STARTPTS[v1];[0:a]atrim=471.038:978.011,asetpts=PTS-STARTPTS[a1];[v1]yadif=0[v1_deinterlaced];[0:v]trim=1098.031:1689.990,setpts=PTS-STARTPTS[v2];[0:a]atrim=1098.031:1689.990,asetpts=PTS-STARTPTS[a2];[v2]yadif=0[v2_deinterlaced];[0:v]trim=1795.028:1805.005,setpts=PTS-STARTPTS[v3];[0:a]atrim=1795.028:1805.005,asetpts=PTS-STARTPTS[a3];[v3]yadif=0[v3_deinterlaced];[v0_deinterlaced][a0][v1_deinterlaced][a1][v2_deinterlaced][a2][v3_deinterlaced][a3]concat=n=4:v=1:a=1,-b:v,10M,-c:v,h264_v4l2m2m,-aspect,16:9,-f,mp4,-r,29.97,-crf,20,/srv/dev-disk-by-uuid-A6DA96A3DA966F75/NAS/Recorded/TV_Program/時光代理/S2/時光代理人Ⅱ＜Ｂ８ｓｔａｔｉｏｎ＞　＃０７-2024年05月23日01時.mp4

ecm-subtitle-12.s を実行: INPUT="/srv/dev-disk-by-uuid-D454C24354C22856/NAS_4_1/Recorded/2024-2cours/時光代理人Ⅱ＜Ｂ８ｓｔａｔｉｏｎ＞　＃０７-2024年05月23日01時.ts" OUTPUT="/srv/dev-disk-by-uuid-A6DA96A3DA966F75/NAS/Recorded/TV_Program/時光代理/S2/時光代理人Ⅱ＜Ｂ８ｓｔａｔｉｏｎ＞　＃０７-2024年05月23日01時_cmcut.jpn.srt" /bin/bash /home/pi/EPGStation/config/cm-subtitle-12.sh

