AVSスクリプトファイルを生成完了

channelName:--------
フジテレビ
----------

chapter_exe -v "/home/pi/CmcutScp/result/時光代理人－ＬＩＮＫ　ＣＬＩＣＫ－　第１期総集編＜Ｂ８ｓｔａｔｉｏｎ＞-2024年04月04日01時.ts/join_tsfile.avs" -lwi /home/pi/CmcutScp/result/"時光代理人－ＬＩＮＫ　ＣＬＩＣＫ－　第１期総集編＜Ｂ８ｓｔａｔｉｏｎ＞-2024年04月04日01時.ts"/chapter_inscp.lwi -oa /home/pi/CmcutScp/result/"時光代理人－ＬＩＮＫ　ＣＬＩＣＫ－　第１期総集編＜Ｂ８ｓｔａｔｉｏｎ＞-2024年04月04日01時.ts"/chapter_inscp.txt
該当する .lgd ファイル (フジテレビ.lgd) が見つかりました。

cmd : logoframe "/home/pi/CmcutScp/result/時光代理人－ＬＩＮＫ　ＣＬＩＣＫ－　第１期総集編＜Ｂ８ｓｔａｔｉｏｎ＞-2024年04月04日01時.ts/join_tsfile.avs" -logo "/home/pi/CmcutScp/join_logo_scp_trial/logo/フジテレビ.lgd" -oa "/home/pi/CmcutScp/result/時光代理人－ＬＩＮＫ　ＣＬＩＣＫ－　第１期総集編＜Ｂ８ｓｔａｔｉｏｎ＞-2024年04月04日01時.ts/logoframe_inlogo.txt"

cmd : join_logo_scp -inlogo "/home/pi/CmcutScp/result/時光代理人－ＬＩＮＫ　ＣＬＩＣＫ－　第１期総集編＜Ｂ８ｓｔａｔｉｏｎ＞-2024年04月04日01時.ts/logoframe_inlogo.txt" -inscp "/home/pi/CmcutScp/result/時光代理人－ＬＩＮＫ　ＣＬＩＣＫ－　第１期総集編＜Ｂ８ｓｔａｔｉｏｎ＞-2024年04月04日01時.ts/chapter_inscp.txt" -incmd "/home/pi/CmcutScp/join_logo_scp_trial/JL/JL_標準.txt" -o "/home/pi/CmcutScp/result/時光代理人－ＬＩＮＫ　ＣＬＩＣＫ－　第１期総集編＜Ｂ８ｓｔａｔｉｏｎ＞-2024年04月04日01時.ts/join_logo_scp.txt"

joinOutputFile()
: "/home/pi/CmcutScp/result/時光代理人－ＬＩＮＫ　ＣＬＩＣＫ－　第１期総集編＜Ｂ８ｓｔａｔｉｏｎ＞-2024年04月04日01時.ts/join_logo_scp.csv"

 フレーム情報ファイルのパス(joinOutputFile) 
 /home/pi/CmcutScp/result/時光代理人－ＬＩＮＫ　ＣＬＩＣＫ－　第１期総集編＜Ｂ８ｓｔａｔｉｏｎ＞-2024年04月04日01時.ts/join_logo_scp.csv 

 フィルターコンプレックスの初期値を設定(data) 
 308,2076
5674,21466
25064,50657
53805,54103
 

generateFilterComplex()
: "[0:v]trim=10.277:69.269,setpts=PTS-STARTPTS[v0];[0:a]atrim=10.277:69.269,asetpts=PTS-STARTPTS[a0];[v0]yadif=0[v0_deinterlaced];[0:v]trim=189.323:716.250,setpts=PTS-STARTPTS[v1];[0:a]atrim=189.323:716.250,asetpts=PTS-STARTPTS[a1];[v1]yadif=0[v1_deinterlaced];[0:v]trim=836.303:1690.257,setpts=PTS-STARTPTS[v2];[0:a]atrim=836.303:1690.257,asetpts=PTS-STARTPTS[a2];[v2]yadif=0[v2_deinterlaced];[0:v]trim=1795.295:1805.239,setpts=PTS-STARTPTS[v3];[0:a]atrim=1795.295:1805.239,asetpts=PTS-STARTPTS[a3];[v3]yadif=0[v3_deinterlaced];[v0_deinterlaced][a0][v1_deinterlaced][a1][v2_deinterlaced][a2][v3_deinterlaced][a3]concat=n=4:v=1:a=1"

/usr/bin/ffmpeg:: -y,-analyzeduration,10M,-probesize,32M,-i,/srv/dev-disk-by-uuid-D454C24354C22856/NAS_4_1/Recorded/2024-2cours/時光代理人－ＬＩＮＫ　ＣＬＩＣＫ－　第１期総集編＜Ｂ８ｓｔａｔｉｏｎ＞-2024年04月04日01時.ts,-c:a,aac,-ignore_unknown,-filter_complex,[0:v]trim=10.277:69.269,setpts=PTS-STARTPTS[v0];[0:a]atrim=10.277:69.269,asetpts=PTS-STARTPTS[a0];[v0]yadif=0[v0_deinterlaced];[0:v]trim=189.323:716.250,setpts=PTS-STARTPTS[v1];[0:a]atrim=189.323:716.250,asetpts=PTS-STARTPTS[a1];[v1]yadif=0[v1_deinterlaced];[0:v]trim=836.303:1690.257,setpts=PTS-STARTPTS[v2];[0:a]atrim=836.303:1690.257,asetpts=PTS-STARTPTS[a2];[v2]yadif=0[v2_deinterlaced];[0:v]trim=1795.295:1805.239,setpts=PTS-STARTPTS[v3];[0:a]atrim=1795.295:1805.239,asetpts=PTS-STARTPTS[a3];[v3]yadif=0[v3_deinterlaced];[v0_deinterlaced][a0][v1_deinterlaced][a1][v2_deinterlaced][a2][v3_deinterlaced][a3]concat=n=4:v=1:a=1,-b:v,10M,-c:v,h264_v4l2m2m,-aspect,16:9,-f,mp4,-r,29.97,-crf,20,/srv/dev-disk-by-uuid-A6DA96A3DA966F75/NAS/Recorded/TV_Program/時光代理人/S2/時光代理人－ＬＩＮＫ　ＣＬＩＣＫ－　第１期総集編＜Ｂ８ｓｔａｔｉｏｎ＞-2024年04月04日01時.mp4

