AVSスクリプトファイルを生成完了

channelName:--------
テレ玉1
----------

chapter_exe -v "/home/pi/CmcutScp/result/宇宙兄弟[S]-2023年12月21日18時.ts/join_tsfile.avs" -lwi /home/pi/CmcutScp/result/"宇宙兄弟[S]-2023年12月21日18時.ts"/chapter_inscp.lwi -oa /home/pi/CmcutScp/result/"宇宙兄弟[S]-2023年12月21日18時.ts"/chapter_inscp.txt
該当する .lgd ファイル (テレ玉1.lgd) が見つかりました。

cmd : logoframe "/home/pi/CmcutScp/result/宇宙兄弟[S]-2023年12月21日18時.ts/join_tsfile.avs" -logo "/home/pi/CmcutScp/join_logo_scp_trial/logo/テレ玉1.lgd" -oa "/home/pi/CmcutScp/result/宇宙兄弟[S]-2023年12月21日18時.ts/logoframe_inlogo.txt"

cmd : join_logo_scp -inlogo "/home/pi/CmcutScp/result/宇宙兄弟[S]-2023年12月21日18時.ts/logoframe_inlogo.txt" -inscp "/home/pi/CmcutScp/result/宇宙兄弟[S]-2023年12月21日18時.ts/chapter_inscp.txt" -incmd "/home/pi/CmcutScp/join_logo_scp_trial/JL/JL_標準.txt" -o "/home/pi/CmcutScp/result/宇宙兄弟[S]-2023年12月21日18時.ts/join_logo_scp.txt"

joinOutputFile()
: "/home/pi/CmcutScp/result/宇宙兄弟[S]-2023年12月21日18時.ts/join_logo_scp.csv"

 フレーム情報ファイルのパス(joinOutputFile) 
 /home/pi/CmcutScp/result/宇宙兄弟[S]-2023年12月21日18時.ts/join_logo_scp.csv 

 フィルターコンプレックスの初期値を設定(data) 
 222,20990
25637,44037
45836,46045
48831,52369
 

generateFilterComplex()
: "[0:v]trim=7.407:700.367,setpts=PTS-STARTPTS[v0];[0:a]atrim=7.407:700.367,asetpts=PTS-STARTPTS[a0];[v0]yadif=0[v0_deinterlaced];[0:v]trim=855.422:1469.369,setpts=PTS-STARTPTS[v1];[0:a]atrim=855.422:1469.369,asetpts=PTS-STARTPTS[a1];[v1]yadif=0[v1_deinterlaced];[0:v]trim=1529.396:1536.370,setpts=PTS-STARTPTS[v2];[0:a]atrim=1529.396:1536.370,asetpts=PTS-STARTPTS[a2];[v2]yadif=0[v2_deinterlaced];[0:v]trim=1629.329:1747.381,setpts=PTS-STARTPTS[v3];[0:a]atrim=1629.329:1747.381,asetpts=PTS-STARTPTS[a3];[v3]yadif=0[v3_deinterlaced];[v0_deinterlaced][a0][v1_deinterlaced][a1][v2_deinterlaced][a2][v3_deinterlaced][a3]concat=n=4:v=1:a=1"

/usr/bin/ffmpeg:: -y,-analyzeduration,10M,-probesize,32M,-i,/srv/dev-disk-by-uuid-6CCCDC6ACCDC3056/NAS_4/Recorded/2023-1cours/宇宙兄弟[S]-2023年12月21日18時.ts,-c:a,aac,-ignore_unknown,-filter_complex,[0:v]trim=7.407:700.367,setpts=PTS-STARTPTS[v0];[0:a]atrim=7.407:700.367,asetpts=PTS-STARTPTS[a0];[v0]yadif=0[v0_deinterlaced];[0:v]trim=855.422:1469.369,setpts=PTS-STARTPTS[v1];[0:a]atrim=855.422:1469.369,asetpts=PTS-STARTPTS[a1];[v1]yadif=0[v1_deinterlaced];[0:v]trim=1529.396:1536.370,setpts=PTS-STARTPTS[v2];[0:a]atrim=1529.396:1536.370,asetpts=PTS-STARTPTS[a2];[v2]yadif=0[v2_deinterlaced];[0:v]trim=1629.329:1747.381,setpts=PTS-STARTPTS[v3];[0:a]atrim=1629.329:1747.381,asetpts=PTS-STARTPTS[a3];[v3]yadif=0[v3_deinterlaced];[v0_deinterlaced][a0][v1_deinterlaced][a1][v2_deinterlaced][a2][v3_deinterlaced][a3]concat=n=4:v=1:a=1,-b:v,3M,-c:v,h264_v4l2m2m,-aspect,16:9,-f,mp4,-r,29.97,-crf,20,/srv/dev-disk-by-uuid-A6DA96A3DA966F75/NAS/Recorded/TV_Program/宇宙兄弟/宇宙兄弟[S]-2023年12月21日18時.mp4

