AVSスクリプトファイルを生成完了

channelName:--------
TOKYO MX1
----------

chapter_exe -v "/home/pi/CmcutScp/result/陰の実力者になりたくて！　２ｎｄ　ｓｅａｓｏｎ　＃７「大切なもの」-2023年11月15日23時.ts/join_tsfile.avs" -lwi /home/pi/CmcutScp/result/"陰の実力者になりたくて！　２ｎｄ　ｓｅａｓｏｎ　＃７「大切なもの」-2023年11月15日23時.ts"/chapter_inscp.lwi -oa /home/pi/CmcutScp/result/"陰の実力者になりたくて！　２ｎｄ　ｓｅａｓｏｎ　＃７「大切なもの」-2023年11月15日23時.ts"/chapter_inscp.txt
該当する .lgd ファイル (TOKYO MX1.lgd) が見つかりました。

cmd : logoframe "/home/pi/CmcutScp/result/陰の実力者になりたくて！　２ｎｄ　ｓｅａｓｏｎ　＃７「大切なもの」-2023年11月15日23時.ts/join_tsfile.avs" -logo "/home/pi/CmcutScp/join_logo_scp_trial/logo/TOKYO MX1.lgd" -oa "/home/pi/CmcutScp/result/陰の実力者になりたくて！　２ｎｄ　ｓｅａｓｏｎ　＃７「大切なもの」-2023年11月15日23時.ts/logoframe_inlogo.txt"

cmd : join_logo_scp -inlogo "/home/pi/CmcutScp/result/陰の実力者になりたくて！　２ｎｄ　ｓｅａｓｏｎ　＃７「大切なもの」-2023年11月15日23時.ts/logoframe_inlogo.txt.txt" -inscp "/home/pi/CmcutScp/result/陰の実力者になりたくて！　２ｎｄ　ｓｅａｓｏｎ　＃７「大切なもの」-2023年11月15日23時.ts/chapter_inscp.txt" -incmd "/home/pi/CmcutScp/join_logo_scp_trial/JL/JL_標準.txt" -o "/home/pi/CmcutScp/result/陰の実力者になりたくて！　２ｎｄ　ｓｅａｓｏｎ　＃７「大切なもの」-2023年11月15日23時.ts/join_logo_scp.txt"

joinOutputFile()
: "/home/pi/CmcutScp/result/陰の実力者になりたくて！　２ｎｄ　ｓｅａｓｏｎ　＃７「大切なもの」-2023年11月15日23時.ts/join_logo_scp.csv"

 フレーム情報ファイルのパス(joinOutputFile) 
 /home/pi/CmcutScp/result/陰の実力者になりたくて！　２ｎｄ　ｓｅａｓｏｎ　＃７「大切なもの」-2023年11月15日23時.ts/join_logo_scp.csv 

 フィルターコンプレックスの初期値を設定(data) 
 194,4479
6278,23300
25099,46646
48446,48744
 

generateFilterComplex()
: "[0:v]trim=6.473:149.449,setpts=PTS-STARTPTS[v0];[0:a]atrim=6.473:149.449,asetpts=PTS-STARTPTS[a0];[v0]yadif=0[v0_deinterlaced];[0:v]trim=209.476:777.444,setpts=PTS-STARTPTS[v1];[0:a]atrim=209.476:777.444,asetpts=PTS-STARTPTS[a1];[v1]yadif=0[v1_deinterlaced];[0:v]trim=837.471:1556.423,setpts=PTS-STARTPTS[v2];[0:a]atrim=837.471:1556.423,asetpts=PTS-STARTPTS[a2];[v2]yadif=0[v2_deinterlaced];[0:v]trim=1616.483:1626.426,setpts=PTS-STARTPTS[v3];[0:a]atrim=1616.483:1626.426,asetpts=PTS-STARTPTS[a3];[v3]yadif=0[v3_deinterlaced];[v0_deinterlaced][a0][v1_deinterlaced][a1][v2_deinterlaced][a2][v3_deinterlaced][a3]concat=n=4:v=1:a=1"

/usr/bin/ffmpeg:: -y,-analyzeduration,10M,-probesize,32M,-i,/srv/dev-disk-by-uuid-A6DA96A3DA966F75/NAS/Recorded/陰の実力者になりたくて！　２ｎｄ　ｓｅａｓｏｎ　＃７「大切なもの」-2023年11月15日23時.ts,-c:a,aac,-ignore_unknown,-filter_complex,[0:v]trim=6.473:149.449,setpts=PTS-STARTPTS[v0];[0:a]atrim=6.473:149.449,asetpts=PTS-STARTPTS[a0];[v0]yadif=0[v0_deinterlaced];[0:v]trim=209.476:777.444,setpts=PTS-STARTPTS[v1];[0:a]atrim=209.476:777.444,asetpts=PTS-STARTPTS[a1];[v1]yadif=0[v1_deinterlaced];[0:v]trim=837.471:1556.423,setpts=PTS-STARTPTS[v2];[0:a]atrim=837.471:1556.423,asetpts=PTS-STARTPTS[a2];[v2]yadif=0[v2_deinterlaced];[0:v]trim=1616.483:1626.426,setpts=PTS-STARTPTS[v3];[0:a]atrim=1616.483:1626.426,asetpts=PTS-STARTPTS[a3];[v3]yadif=0[v3_deinterlaced];[v0_deinterlaced][a0][v1_deinterlaced][a1][v2_deinterlaced][a2][v3_deinterlaced][a3]concat=n=4:v=1:a=1,-b:v,10M,-c:v,h264_v4l2m2m,-aspect,16:9,-f,mp4,-r,29.97,-crf,20,/srv/dev-disk-by-uuid-A6DA96A3DA966F75/NAS/Recorded/TV_Program/陰の実力者になりたくて/陰の実力者になりたくて！　２ｎｄ　ｓｅａｓｏｎ　＃７「大切なもの」-2023年11月15日23時.mp4

