AVSスクリプトファイルを生成完了

channelName:--------
フジテレビ
----------

chapter_exe -v "/home/pi/CmcutScp/result/[終]『テレビアニメ「鬼滅の刃」柱稽古編』【第八話『柱・結集』】[字][解][デ]-2024年06月30日23時/join_tsfile.avs" -lwi /home/pi/CmcutScp/result/"[終]『テレビアニメ「鬼滅の刃」柱稽古編』【第八話『柱・結集』】[字][解][デ]-2024年06月30日23時"/chapter_inscp.lwi -oa /home/pi/CmcutScp/result/"[終]『テレビアニメ「鬼滅の刃」柱稽古編』【第八話『柱・結集』】[字][解][デ]-2024年06月30日23時"/chapter_inscp.txt
該当する .lgd ファイル (フジテレビ.lgd) が見つかりました。

cmd : logoframe "/home/pi/CmcutScp/result/[終]『テレビアニメ「鬼滅の刃」柱稽古編』【第八話『柱・結集』】[字][解][デ]-2024年06月30日23時/join_tsfile.avs" -logo "/home/pi/CmcutScp/join_logo_scp_trial/logo/フジテレビ.lgd" -oa "/home/pi/CmcutScp/result/[終]『テレビアニメ「鬼滅の刃」柱稽古編』【第八話『柱・結集』】[字][解][デ]-2024年06月30日23時/logoframe_inlogo.txt"

cmd : join_logo_scp -inlogo "/home/pi/CmcutScp/result/[終]『テレビアニメ「鬼滅の刃」柱稽古編』【第八話『柱・結集』】[字][解][デ]-2024年06月30日23時/logoframe_inlogo.txt" -inscp "/home/pi/CmcutScp/result/[終]『テレビアニメ「鬼滅の刃」柱稽古編』【第八話『柱・結集』】[字][解][デ]-2024年06月30日23時/chapter_inscp.txt" -incmd "/home/pi/CmcutScp/join_logo_scp_trial/JL/JL_標準.txt" -o "/home/pi/CmcutScp/result/[終]『テレビアニメ「鬼滅の刃」柱稽古編』【第八話『柱・結集』】[字][解][デ]-2024年06月30日23時/join_logo_scp.txt"

joinOutputFile()
: "/home/pi/CmcutScp/result/[終]『テレビアニメ「鬼滅の刃」柱稽古編』【第八話『柱・結集』】[字][解][デ]-2024年06月30日23時/join_logo_scp.csv"

 フレーム情報ファイルのパス(joinOutputFile) 
 /home/pi/CmcutScp/result/[終]『テレビアニメ「鬼滅の刃」柱稽古編』【第八話『柱・結集』】[字][解][デ]-2024年06月30日23時/join_logo_scp.csv 

 フィルターコンプレックスの初期値を設定(data) 
 3714,5631
9229,14592
19088,43393
47439,87089
93384,101265
 

generateFilterComplex()
: "[0:v]trim=123.924:187.888,setpts=PTS-STARTPTS[v0];[0:a]atrim=123.924:187.888,asetpts=PTS-STARTPTS[a0];[v0]yadif=0[v0_deinterlaced];[0:v]trim=307.941:486.887,setpts=PTS-STARTPTS[v1];[0:a]atrim=307.941:486.887,asetpts=PTS-STARTPTS[a1];[v1]yadif=0[v1_deinterlaced];[0:v]trim=636.904:1447.881,setpts=PTS-STARTPTS[v2];[0:a]atrim=636.904:1447.881,asetpts=PTS-STARTPTS[a2];[v2]yadif=0[v2_deinterlaced];[0:v]trim=1582.883:2905.873,setpts=PTS-STARTPTS[v3];[0:a]atrim=1582.883:2905.873,asetpts=PTS-STARTPTS[a3];[v3]yadif=0[v3_deinterlaced];[0:v]trim=3115.916:3378.879,setpts=PTS-STARTPTS[v4];[0:a]atrim=3115.916:3378.879,asetpts=PTS-STARTPTS[a4];[v4]yadif=0[v4_deinterlaced];[v0_deinterlaced][a0][v1_deinterlaced][a1][v2_deinterlaced][a2][v3_deinterlaced][a3][v4_deinterlaced][a4]concat=n=5:v=1:a=1"

/usr/bin/ffmpeg:: -y,-analyzeduration,10M,-probesize,32M,-i,/srv/dev-disk-by-uuid-D454C24354C22856/NAS_4_1/Recorded/2024-1cours/[終]『テレビアニメ「鬼滅の刃」柱稽古編』【第八話『柱・結集』】[字][解][デ]-2024年06月30日23時.ts,-c:a,aac,-ignore_unknown,-filter_complex,[0:v]trim=123.924:187.888,setpts=PTS-STARTPTS[v0];[0:a]atrim=123.924:187.888,asetpts=PTS-STARTPTS[a0];[v0]yadif=0[v0_deinterlaced];[0:v]trim=307.941:486.887,setpts=PTS-STARTPTS[v1];[0:a]atrim=307.941:486.887,asetpts=PTS-STARTPTS[a1];[v1]yadif=0[v1_deinterlaced];[0:v]trim=636.904:1447.881,setpts=PTS-STARTPTS[v2];[0:a]atrim=636.904:1447.881,asetpts=PTS-STARTPTS[a2];[v2]yadif=0[v2_deinterlaced];[0:v]trim=1582.883:2905.873,setpts=PTS-STARTPTS[v3];[0:a]atrim=1582.883:2905.873,asetpts=PTS-STARTPTS[a3];[v3]yadif=0[v3_deinterlaced];[0:v]trim=3115.916:3378.879,setpts=PTS-STARTPTS[v4];[0:a]atrim=3115.916:3378.879,asetpts=PTS-STARTPTS[a4];[v4]yadif=0[v4_deinterlaced];[v0_deinterlaced][a0][v1_deinterlaced][a1][v2_deinterlaced][a2][v3_deinterlaced][a3][v4_deinterlaced][a4]concat=n=5:v=1:a=1,-b:v,10M,-c:v,h264_v4l2m2m,-aspect,16:9,-f,mp4,-r,29.97,-crf,20,/srv/dev-disk-by-uuid-A6DA96A3DA966F75/NAS/Recorded/TV_Program/鬼滅の刃/柱稽古編/[終]『テレビアニメ「鬼滅の刃」柱稽古編』【第八話『柱・結集』】[字][解][デ]-2024年06月30日23時.mp4

