AVSスクリプトファイルを生成完了

channelName:--------
日テレ1
----------

chapter_exe -v "/home/pi/CmcutScp/result/金曜ロードショー「すずめの戸締まり」★新海誠監督　最新作★地上波初放送[解][字][デ]-2024年04月05日21時.ts/join_tsfile.avs" -lwi /home/pi/CmcutScp/result/"金曜ロードショー「すずめの戸締まり」★新海誠監督　最新作★地上波初放送[解][字][デ]-2024年04月05日21時.ts"/chapter_inscp.lwi -oa /home/pi/CmcutScp/result/"金曜ロードショー「すずめの戸締まり」★新海誠監督　最新作★地上波初放送[解][字][デ]-2024年04月05日21時.ts"/chapter_inscp.txt
該当する .lgd ファイル (日テレ1.lgd) が見つかりました。

cmd : logoframe "/home/pi/CmcutScp/result/金曜ロードショー「すずめの戸締まり」★新海誠監督　最新作★地上波初放送[解][字][デ]-2024年04月05日21時.ts/join_tsfile.avs" -logo "/home/pi/CmcutScp/join_logo_scp_trial/logo/日テレ1.lgd" -oa "/home/pi/CmcutScp/result/金曜ロードショー「すずめの戸締まり」★新海誠監督　最新作★地上波初放送[解][字][デ]-2024年04月05日21時.ts/logoframe_inlogo.txt"

cmd : join_logo_scp -inlogo "/home/pi/CmcutScp/result/金曜ロードショー「すずめの戸締まり」★新海誠監督　最新作★地上波初放送[解][字][デ]-2024年04月05日21時.ts/logoframe_inlogo.txt" -inscp "/home/pi/CmcutScp/result/金曜ロードショー「すずめの戸締まり」★新海誠監督　最新作★地上波初放送[解][字][デ]-2024年04月05日21時.ts/chapter_inscp.txt" -incmd "/home/pi/CmcutScp/join_logo_scp_trial/JL/JL_標準.txt" -o "/home/pi/CmcutScp/result/金曜ロードショー「すずめの戸締まり」★新海誠監督　最新作★地上波初放送[解][字][デ]-2024年04月05日21時.ts/join_logo_scp.txt"

joinOutputFile()
: "/home/pi/CmcutScp/result/金曜ロードショー「すずめの戸締まり」★新海誠監督　最新作★地上波初放送[解][字][デ]-2024年04月05日21時.ts/join_logo_scp.csv"

 フレーム情報ファイルのパス(joinOutputFile) 
 /home/pi/CmcutScp/result/金曜ロードショー「すずめの戸締まり」★新海誠監督　最新作★地上波初放送[解][字][デ]-2024年04月05日21時.ts/join_logo_scp.csv 

 フィルターコンプレックスの初期値を設定(data) 
 1056,36538
41035,61862
69621,85539
90486,126867
134062,151923
157769,171106
176500,193193
199037,229126
234672,257298
258198,258646
 

generateFilterComplex()
: "[0:v]trim=35.235:1219.152,setpts=PTS-STARTPTS[v0];[0:a]atrim=35.235:1219.152,asetpts=PTS-STARTPTS[a0];[v0]yadif=0[v0_deinterlaced];[0:v]trim=1369.203:2064.131,setpts=PTS-STARTPTS[v1];[0:a]atrim=1369.203:2064.131,asetpts=PTS-STARTPTS[a1];[v1]yadif=0[v1_deinterlaced];[0:v]trim=2323.023:2854.154,setpts=PTS-STARTPTS[v2];[0:a]atrim=2323.023:2854.154,asetpts=PTS-STARTPTS[a2];[v2]yadif=0[v2_deinterlaced];[0:v]trim=3019.219:4233.133,setpts=PTS-STARTPTS[v3];[0:a]atrim=3019.219:4233.133,asetpts=PTS-STARTPTS[a3];[v3]yadif=0[v3_deinterlaced];[0:v]trim=4473.207:5069.169,setpts=PTS-STARTPTS[v4];[0:a]atrim=4473.207:5069.169,asetpts=PTS-STARTPTS[a4];[v4]yadif=0[v4_deinterlaced];[0:v]trim=5264.231:5709.243,setpts=PTS-STARTPTS[v5];[0:a]atrim=5264.231:5709.243,asetpts=PTS-STARTPTS[a5];[v5]yadif=0[v5_deinterlaced];[0:v]trim=5889.223:6446.213,setpts=PTS-STARTPTS[v6];[0:a]atrim=5889.223:6446.213,asetpts=PTS-STARTPTS[a6];[v6]yadif=0[v6_deinterlaced];[0:v]trim=6641.208:7645.179,setpts=PTS-STARTPTS[v7];[0:a]atrim=6641.208:7645.179,asetpts=PTS-STARTPTS[a7];[v7]yadif=0[v7_deinterlaced];[0:v]trim=7830.230:8585.185,setpts=PTS-STARTPTS[v8];[0:a]atrim=7830.230:8585.185,asetpts=PTS-STARTPTS[a8];[v8]yadif=0[v8_deinterlaced];[0:v]trim=8615.215:8630.163,setpts=PTS-STARTPTS[v9];[0:a]atrim=8615.215:8630.163,asetpts=PTS-STARTPTS[a9];[v9]yadif=0[v9_deinterlaced];[v0_deinterlaced][a0][v1_deinterlaced][a1][v2_deinterlaced][a2][v3_deinterlaced][a3][v4_deinterlaced][a4][v5_deinterlaced][a5][v6_deinterlaced][a6][v7_deinterlaced][a7][v8_deinterlaced][a8][v9_deinterlaced][a9]concat=n=10:v=1:a=1"

/usr/bin/ffmpeg:: -y,-analyzeduration,10M,-probesize,32M,-i,/srv/dev-disk-by-uuid-D454C24354C22856/NAS_4_1/Recorded/2024-2cours/金曜ロードショー「すずめの戸締まり」★新海誠監督　最新作★地上波初放送[解][字][デ]-2024年04月05日21時.ts,-c:a,aac,-ignore_unknown,-filter_complex,[0:v]trim=35.235:1219.152,setpts=PTS-STARTPTS[v0];[0:a]atrim=35.235:1219.152,asetpts=PTS-STARTPTS[a0];[v0]yadif=0[v0_deinterlaced];[0:v]trim=1369.203:2064.131,setpts=PTS-STARTPTS[v1];[0:a]atrim=1369.203:2064.131,asetpts=PTS-STARTPTS[a1];[v1]yadif=0[v1_deinterlaced];[0:v]trim=2323.023:2854.154,setpts=PTS-STARTPTS[v2];[0:a]atrim=2323.023:2854.154,asetpts=PTS-STARTPTS[a2];[v2]yadif=0[v2_deinterlaced];[0:v]trim=3019.219:4233.133,setpts=PTS-STARTPTS[v3];[0:a]atrim=3019.219:4233.133,asetpts=PTS-STARTPTS[a3];[v3]yadif=0[v3_deinterlaced];[0:v]trim=4473.207:5069.169,setpts=PTS-STARTPTS[v4];[0:a]atrim=4473.207:5069.169,asetpts=PTS-STARTPTS[a4];[v4]yadif=0[v4_deinterlaced];[0:v]trim=5264.231:5709.243,setpts=PTS-STARTPTS[v5];[0:a]atrim=5264.231:5709.243,asetpts=PTS-STARTPTS[a5];[v5]yadif=0[v5_deinterlaced];[0:v]trim=5889.223:6446.213,setpts=PTS-STARTPTS[v6];[0:a]atrim=5889.223:6446.213,asetpts=PTS-STARTPTS[a6];[v6]yadif=0[v6_deinterlaced];[0:v]trim=6641.208:7645.179,setpts=PTS-STARTPTS[v7];[0:a]atrim=6641.208:7645.179,asetpts=PTS-STARTPTS[a7];[v7]yadif=0[v7_deinterlaced];[0:v]trim=7830.230:8585.185,setpts=PTS-STARTPTS[v8];[0:a]atrim=7830.230:8585.185,asetpts=PTS-STARTPTS[a8];[v8]yadif=0[v8_deinterlaced];[0:v]trim=8615.215:8630.163,setpts=PTS-STARTPTS[v9];[0:a]atrim=8615.215:8630.163,asetpts=PTS-STARTPTS[a9];[v9]yadif=0[v9_deinterlaced];[v0_deinterlaced][a0][v1_deinterlaced][a1][v2_deinterlaced][a2][v3_deinterlaced][a3][v4_deinterlaced][a4][v5_deinterlaced][a5][v6_deinterlaced][a6][v7_deinterlaced][a7][v8_deinterlaced][a8][v9_deinterlaced][a9]concat=n=10:v=1:a=1,-b:v,10M,-c:v,h264_v4l2m2m,-aspect,16:9,-f,mp4,-r,29.97,-crf,20,/srv/dev-disk-by-uuid-A6DA96A3DA966F75/NAS/Recorded/Movie/金曜ロードショー「すずめの戸締まり」★新海誠監督　最新作★地上波初放送[解][字][デ]-2024年04月05日21時.mp4

