AVSスクリプトファイルを生成完了

channelName:--------
BSアニマックス
----------

chapter_exe -v "/home/pi/CmcutScp/result/[字]斉木楠雄のΨ難(第2期) #21,22,23,24 END-2023年12月24日09時.ts/join_tsfile.avs" -lwi /home/pi/CmcutScp/result/"[字]斉木楠雄のΨ難(第2期) #21,22,23,24 END-2023年12月24日09時.ts"/chapter_inscp.lwi -oa /home/pi/CmcutScp/result/"[字]斉木楠雄のΨ難(第2期) #21,22,23,24 END-2023年12月24日09時.ts"/chapter_inscp.txt
該当する .lgd ファイル (BSアニマックス.lgd) が見つかりました。

cmd : logoframe "/home/pi/CmcutScp/result/[字]斉木楠雄のΨ難(第2期) #21,22,23,24 END-2023年12月24日09時.ts/join_tsfile.avs" -logo "/home/pi/CmcutScp/join_logo_scp_trial/logo/BSアニマックス.lgd" -oa "/home/pi/CmcutScp/result/[字]斉木楠雄のΨ難(第2期) #21,22,23,24 END-2023年12月24日09時.ts/logoframe_inlogo.txt"

cmd : join_logo_scp -inlogo "/home/pi/CmcutScp/result/[字]斉木楠雄のΨ難(第2期) #21,22,23,24 END-2023年12月24日09時.ts/logoframe_inlogo.txt" -inscp "/home/pi/CmcutScp/result/[字]斉木楠雄のΨ難(第2期) #21,22,23,24 END-2023年12月24日09時.ts/chapter_inscp.txt" -incmd "/home/pi/CmcutScp/join_logo_scp_trial/JL/JL_標準.txt" -o "/home/pi/CmcutScp/result/[字]斉木楠雄のΨ難(第2期) #21,22,23,24 END-2023年12月24日09時.ts/join_logo_scp.txt"

joinOutputFile()
: "/home/pi/CmcutScp/result/[字]斉木楠雄のΨ難(第2期) #21,22,23,24 END-2023年12月24日09時.ts/join_logo_scp.csv"

 フレーム情報ファイルのパス(joinOutputFile) 
 /home/pi/CmcutScp/result/[字]斉木楠雄のΨ難(第2期) #21,22,23,24 END-2023年12月24日09時.ts/join_logo_scp.csv 

 フィルターコンプレックスの初期値を設定(data) 
 468,3166
4951,19963
22662,46762
50083,98055
100385,150577
152330,172439
173998,200949
 

generateFilterComplex()
: "[0:v]trim=15.616:105.639,setpts=PTS-STARTPTS[v0];[0:a]atrim=15.616:105.639,asetpts=PTS-STARTPTS[a0];[v0]yadif=0[v0_deinterlaced];[0:v]trim=165.199:666.099,setpts=PTS-STARTPTS[v1];[0:a]atrim=165.199:666.099,asetpts=PTS-STARTPTS[a1];[v1]yadif=0[v1_deinterlaced];[0:v]trim=756.156:1560.294,setpts=PTS-STARTPTS[v2];[0:a]atrim=756.156:1560.294,asetpts=PTS-STARTPTS[a2];[v2]yadif=0[v2_deinterlaced];[0:v]trim=1671.104:3271.772,setpts=PTS-STARTPTS[v3];[0:a]atrim=1671.104:3271.772,asetpts=PTS-STARTPTS[a3];[v3]yadif=0[v3_deinterlaced];[0:v]trim=3349.516:5024.258,setpts=PTS-STARTPTS[v4];[0:a]atrim=3349.516:5024.258,asetpts=PTS-STARTPTS[a4];[v4]yadif=0[v4_deinterlaced];[0:v]trim=5082.749:5753.720,setpts=PTS-STARTPTS[v5];[0:a]atrim=5082.749:5753.720,asetpts=PTS-STARTPTS[a5];[v5]yadif=0[v5_deinterlaced];[0:v]trim=5805.739:6705.005,setpts=PTS-STARTPTS[v6];[0:a]atrim=5805.739:6705.005,asetpts=PTS-STARTPTS[a6];[v6]yadif=0[v6_deinterlaced];[v0_deinterlaced][a0][v1_deinterlaced][a1][v2_deinterlaced][a2][v3_deinterlaced][a3][v4_deinterlaced][a4][v5_deinterlaced][a5][v6_deinterlaced][a6]concat=n=7:v=1:a=1"

/usr/bin/ffmpeg:: -y,-analyzeduration,10M,-probesize,32M,-i,/srv/dev-disk-by-uuid-6CCCDC6ACCDC3056/NAS_4/Recorded/2023-1cours/[字]斉木楠雄のΨ難(第2期) #21,22,23,24 END-2023年12月24日09時.ts,-c:a,aac,-ignore_unknown,-filter_complex,[0:v]trim=15.616:105.639,setpts=PTS-STARTPTS[v0];[0:a]atrim=15.616:105.639,asetpts=PTS-STARTPTS[a0];[v0]yadif=0[v0_deinterlaced];[0:v]trim=165.199:666.099,setpts=PTS-STARTPTS[v1];[0:a]atrim=165.199:666.099,asetpts=PTS-STARTPTS[a1];[v1]yadif=0[v1_deinterlaced];[0:v]trim=756.156:1560.294,setpts=PTS-STARTPTS[v2];[0:a]atrim=756.156:1560.294,asetpts=PTS-STARTPTS[a2];[v2]yadif=0[v2_deinterlaced];[0:v]trim=1671.104:3271.772,setpts=PTS-STARTPTS[v3];[0:a]atrim=1671.104:3271.772,asetpts=PTS-STARTPTS[a3];[v3]yadif=0[v3_deinterlaced];[0:v]trim=3349.516:5024.258,setpts=PTS-STARTPTS[v4];[0:a]atrim=3349.516:5024.258,asetpts=PTS-STARTPTS[a4];[v4]yadif=0[v4_deinterlaced];[0:v]trim=5082.749:5753.720,setpts=PTS-STARTPTS[v5];[0:a]atrim=5082.749:5753.720,asetpts=PTS-STARTPTS[a5];[v5]yadif=0[v5_deinterlaced];[0:v]trim=5805.739:6705.005,setpts=PTS-STARTPTS[v6];[0:a]atrim=5805.739:6705.005,asetpts=PTS-STARTPTS[a6];[v6]yadif=0[v6_deinterlaced];[v0_deinterlaced][a0][v1_deinterlaced][a1][v2_deinterlaced][a2][v3_deinterlaced][a3][v4_deinterlaced][a4][v5_deinterlaced][a5][v6_deinterlaced][a6]concat=n=7:v=1:a=1,-b:v,3M,-c:v,h264_v4l2m2m,-aspect,16:9,-f,mp4,-r,29.97,-crf,20,/srv/dev-disk-by-uuid-A6DA96A3DA966F75/NAS/Recorded/TV_Program/斉木楠雄のΨ難/S2/[字]斉木楠雄のΨ難(第2期) #21,22,23,24 END-2023年12月24日09時.mp4

