AVSスクリプトファイルを生成完了

channelName:--------
フジテレビ
----------

chapter_exe -v "/home/pi/CmcutScp/result/[新]『テレビアニメ「鬼滅の刃」柱稽古編』【第一話『鬼舞辻無惨を倒すために』】[字][解][デ]-2024年05月12日23時/join_tsfile.avs" -lwi /home/pi/CmcutScp/result/"[新]『テレビアニメ「鬼滅の刃」柱稽古編』【第一話『鬼舞辻無惨を倒すために』】[字][解][デ]-2024年05月12日23時"/chapter_inscp.lwi -oa /home/pi/CmcutScp/result/"[新]『テレビアニメ「鬼滅の刃」柱稽古編』【第一話『鬼舞辻無惨を倒すために』】[字][解][デ]-2024年05月12日23時"/chapter_inscp.txt
該当する .lgd ファイル (フジテレビ.lgd) が見つかりました。

cmd : logoframe "/home/pi/CmcutScp/result/[新]『テレビアニメ「鬼滅の刃」柱稽古編』【第一話『鬼舞辻無惨を倒すために』】[字][解][デ]-2024年05月12日23時/join_tsfile.avs" -logo "/home/pi/CmcutScp/join_logo_scp_trial/logo/フジテレビ.lgd" -oa "/home/pi/CmcutScp/result/[新]『テレビアニメ「鬼滅の刃」柱稽古編』【第一話『鬼舞辻無惨を倒すために』】[字][解][デ]-2024年05月12日23時/logoframe_inlogo.txt"

cmd : join_logo_scp -inlogo "/home/pi/CmcutScp/result/[新]『テレビアニメ「鬼滅の刃」柱稽古編』【第一話『鬼舞辻無惨を倒すために』】[字][解][デ]-2024年05月12日23時/logoframe_inlogo.txt" -inscp "/home/pi/CmcutScp/result/[新]『テレビアニメ「鬼滅の刃」柱稽古編』【第一話『鬼舞辻無惨を倒すために』】[字][解][デ]-2024年05月12日23時/chapter_inscp.txt" -incmd "/home/pi/CmcutScp/join_logo_scp_trial/JL/JL_標準.txt" -o "/home/pi/CmcutScp/result/[新]『テレビアニメ「鬼滅の刃」柱稽古編』【第一話『鬼舞辻無惨を倒すために』】[字][解][デ]-2024年05月12日23時/join_logo_scp.txt"

joinOutputFile()
: "/home/pi/CmcutScp/result/[新]『テレビアニメ「鬼滅の刃」柱稽古編』【第一話『鬼舞辻無惨を倒すために』】[字][解][デ]-2024年05月12日23時/join_logo_scp.csv"

 フレーム情報ファイルのパス(joinOutputFile) 
 /home/pi/CmcutScp/result/[新]『テレビアニメ「鬼滅の刃」柱稽古編』【第一話『鬼舞辻無惨を倒すために』】[字][解][デ]-2024年05月12日23時/join_logo_scp.csv 

 フィルターコンプレックスの初期値を設定(data) 
 119,17140
22747,39765
43362,57836
61437,99138
103150,105158
 

generateFilterComplex()
: "[0:v]trim=3.971:571.905,setpts=PTS-STARTPTS[v0];[0:a]atrim=3.971:571.905,asetpts=PTS-STARTPTS[a0];[v0]yadif=0[v0_deinterlaced];[0:v]trim=758.992:1326.827,setpts=PTS-STARTPTS[v1];[0:a]atrim=758.992:1326.827,asetpts=PTS-STARTPTS[a1];[v1]yadif=0[v1_deinterlaced];[0:v]trim=1446.847:1929.796,setpts=PTS-STARTPTS[v2];[0:a]atrim=1446.847:1929.796,asetpts=PTS-STARTPTS[a2];[v2]yadif=0[v2_deinterlaced];[0:v]trim=2049.950:3307.908,setpts=PTS-STARTPTS[v3];[0:a]atrim=2049.950:3307.908,asetpts=PTS-STARTPTS[a3];[v3]yadif=0[v3_deinterlaced];[0:v]trim=3441.775:3508.775,setpts=PTS-STARTPTS[v4];[0:a]atrim=3441.775:3508.775,asetpts=PTS-STARTPTS[a4];[v4]yadif=0[v4_deinterlaced];[v0_deinterlaced][a0][v1_deinterlaced][a1][v2_deinterlaced][a2][v3_deinterlaced][a3][v4_deinterlaced][a4]concat=n=5:v=1:a=1"

/usr/bin/ffmpeg:: -y,-analyzeduration,10M,-probesize,32M,-i,/srv/dev-disk-by-uuid-D454C24354C22856/NAS_4_1/Recorded/2024-1cours/[新]『テレビアニメ「鬼滅の刃」柱稽古編』【第一話『鬼舞辻無惨を倒すために』】[字][解][デ]-2024年05月12日23時.ts,-c:a,aac,-ignore_unknown,-filter_complex,[0:v]trim=3.971:571.905,setpts=PTS-STARTPTS[v0];[0:a]atrim=3.971:571.905,asetpts=PTS-STARTPTS[a0];[v0]yadif=0[v0_deinterlaced];[0:v]trim=758.992:1326.827,setpts=PTS-STARTPTS[v1];[0:a]atrim=758.992:1326.827,asetpts=PTS-STARTPTS[a1];[v1]yadif=0[v1_deinterlaced];[0:v]trim=1446.847:1929.796,setpts=PTS-STARTPTS[v2];[0:a]atrim=1446.847:1929.796,asetpts=PTS-STARTPTS[a2];[v2]yadif=0[v2_deinterlaced];[0:v]trim=2049.950:3307.908,setpts=PTS-STARTPTS[v3];[0:a]atrim=2049.950:3307.908,asetpts=PTS-STARTPTS[a3];[v3]yadif=0[v3_deinterlaced];[0:v]trim=3441.775:3508.775,setpts=PTS-STARTPTS[v4];[0:a]atrim=3441.775:3508.775,asetpts=PTS-STARTPTS[a4];[v4]yadif=0[v4_deinterlaced];[v0_deinterlaced][a0][v1_deinterlaced][a1][v2_deinterlaced][a2][v3_deinterlaced][a3][v4_deinterlaced][a4]concat=n=5:v=1:a=1,-b:v,10M,-c:v,h264_v4l2m2m,-aspect,16:9,-f,mp4,-r,29.97,-crf,20,/srv/dev-disk-by-uuid-A6DA96A3DA966F75/NAS/Recorded/TV_Program/鬼滅の刃/柱稽古編/[新]『テレビアニメ「鬼滅の刃」柱稽古編』【第一話『鬼舞辻無惨を倒すために』】[字][解][デ]-2024年05月12日23時.mp4

