AVSスクリプトファイルを生成完了

channelName:--------
日テレ1
----------

chapter_exe -v "/home/pi/CmcutScp/result/１時間でわかる転スラ　第２期まるっとまとめてみた件-2024年04月05日01時.ts/join_tsfile.avs" -lwi /home/pi/CmcutScp/result/"１時間でわかる転スラ　第２期まるっとまとめてみた件-2024年04月05日01時.ts"/chapter_inscp.lwi -oa /home/pi/CmcutScp/result/"１時間でわかる転スラ　第２期まるっとまとめてみた件-2024年04月05日01時.ts"/chapter_inscp.txt
該当する .lgd ファイル (日テレ1.lgd) が見つかりました。

cmd : logoframe "/home/pi/CmcutScp/result/１時間でわかる転スラ　第２期まるっとまとめてみた件-2024年04月05日01時.ts/join_tsfile.avs" -logo "/home/pi/CmcutScp/join_logo_scp_trial/logo/日テレ1.lgd" -oa "/home/pi/CmcutScp/result/１時間でわかる転スラ　第２期まるっとまとめてみた件-2024年04月05日01時.ts/logoframe_inlogo.txt"

cmd : join_logo_scp -inlogo "/home/pi/CmcutScp/result/１時間でわかる転スラ　第２期まるっとまとめてみた件-2024年04月05日01時.ts/logoframe_inlogo.txt" -inscp "/home/pi/CmcutScp/result/１時間でわかる転スラ　第２期まるっとまとめてみた件-2024年04月05日01時.ts/chapter_inscp.txt" -incmd "/home/pi/CmcutScp/join_logo_scp_trial/JL/JL_標準.txt" -o "/home/pi/CmcutScp/result/１時間でわかる転スラ　第２期まるっとまとめてみた件-2024年04月05日01時.ts/join_logo_scp.txt"

joinOutputFile()
: "/home/pi/CmcutScp/result/１時間でわかる転スラ　第２期まるっとまとめてみた件-2024年04月05日01時.ts/join_logo_scp.csv"

 フレーム情報ファイルのパス(joinOutputFile) 
 /home/pi/CmcutScp/result/１時間でわかる転スラ　第２期まるっとまとめてみた件-2024年04月05日01時.ts/join_logo_scp.csv 

 フィルターコンプレックスの初期値を設定(data) 
 2355,6669
10267,20904
24502,37238
40836,56599
60197,70715
74762,87078
91126,106199
 

generateFilterComplex()
: "[0:v]trim=78.579:222.523,setpts=PTS-STARTPTS[v0];[0:a]atrim=78.579:222.523,asetpts=PTS-STARTPTS[a0];[v0]yadif=0[v0_deinterlaced];[0:v]trim=342.576:697.497,setpts=PTS-STARTPTS[v1];[0:a]atrim=342.576:697.497,asetpts=PTS-STARTPTS[a1];[v1]yadif=0[v1_deinterlaced];[0:v]trim=817.551:1242.509,setpts=PTS-STARTPTS[v2];[0:a]atrim=817.551:1242.509,asetpts=PTS-STARTPTS[a2];[v2]yadif=0[v2_deinterlaced];[0:v]trim=1362.563:1888.522,setpts=PTS-STARTPTS[v3];[0:a]atrim=1362.563:1888.522,asetpts=PTS-STARTPTS[a3];[v3]yadif=0[v3_deinterlaced];[0:v]trim=2008.575:2359.526,setpts=PTS-STARTPTS[v4];[0:a]atrim=2008.575:2359.526,asetpts=PTS-STARTPTS[a4];[v4]yadif=0[v4_deinterlaced];[0:v]trim=2494.561:2905.506,setpts=PTS-STARTPTS[v5];[0:a]atrim=2494.561:2905.506,asetpts=PTS-STARTPTS[a5];[v5]yadif=0[v5_deinterlaced];[0:v]trim=3040.574:3543.510,setpts=PTS-STARTPTS[v6];[0:a]atrim=3040.574:3543.510,asetpts=PTS-STARTPTS[a6];[v6]yadif=0[v6_deinterlaced];[v0_deinterlaced][a0][v1_deinterlaced][a1][v2_deinterlaced][a2][v3_deinterlaced][a3][v4_deinterlaced][a4][v5_deinterlaced][a5][v6_deinterlaced][a6]concat=n=7:v=1:a=1"

/usr/bin/ffmpeg:: -y,-analyzeduration,10M,-probesize,32M,-i,/srv/dev-disk-by-uuid-D454C24354C22856/NAS_4_1/Recorded/2024-2cours/１時間でわかる転スラ　第２期まるっとまとめてみた件-2024年04月05日01時.ts,-c:a,aac,-ignore_unknown,-filter_complex,[0:v]trim=78.579:222.523,setpts=PTS-STARTPTS[v0];[0:a]atrim=78.579:222.523,asetpts=PTS-STARTPTS[a0];[v0]yadif=0[v0_deinterlaced];[0:v]trim=342.576:697.497,setpts=PTS-STARTPTS[v1];[0:a]atrim=342.576:697.497,asetpts=PTS-STARTPTS[a1];[v1]yadif=0[v1_deinterlaced];[0:v]trim=817.551:1242.509,setpts=PTS-STARTPTS[v2];[0:a]atrim=817.551:1242.509,asetpts=PTS-STARTPTS[a2];[v2]yadif=0[v2_deinterlaced];[0:v]trim=1362.563:1888.522,setpts=PTS-STARTPTS[v3];[0:a]atrim=1362.563:1888.522,asetpts=PTS-STARTPTS[a3];[v3]yadif=0[v3_deinterlaced];[0:v]trim=2008.575:2359.526,setpts=PTS-STARTPTS[v4];[0:a]atrim=2008.575:2359.526,asetpts=PTS-STARTPTS[a4];[v4]yadif=0[v4_deinterlaced];[0:v]trim=2494.561:2905.506,setpts=PTS-STARTPTS[v5];[0:a]atrim=2494.561:2905.506,asetpts=PTS-STARTPTS[a5];[v5]yadif=0[v5_deinterlaced];[0:v]trim=3040.574:3543.510,setpts=PTS-STARTPTS[v6];[0:a]atrim=3040.574:3543.510,asetpts=PTS-STARTPTS[a6];[v6]yadif=0[v6_deinterlaced];[v0_deinterlaced][a0][v1_deinterlaced][a1][v2_deinterlaced][a2][v3_deinterlaced][a3][v4_deinterlaced][a4][v5_deinterlaced][a5][v6_deinterlaced][a6]concat=n=7:v=1:a=1,-b:v,10M,-c:v,h264_v4l2m2m,-aspect,16:9,-f,mp4,-r,29.97,-crf,20,/srv/dev-disk-by-uuid-A6DA96A3DA966F75/NAS/Recorded/TV_Program/転生したらスライムだった件/S3/１時間でわかる転スラ　第２期まるっとまとめてみた件-2024年04月05日01時.mp4

