subtitle_file:/srv/dev-disk-by-uuid-A6DA96A3DA966F75/NAS/Recorded/subtitle/Ｖｅｎｕｅ１０１　Ｐｒｅｓｅｎｔｓ　Ｃｒｅｅｐｙ　Ｎｕｔｓ　ＴＨＥ　ＬＩＶＥ[字]-2024年10月05日23時.mp4.jpn.srt, 
 ts_file_name:Ｖｅｎｕｅ１０１　Ｐｒｅｓｅｎｔｓ　Ｃｒｅｅｐｙ　Ｎｕｔｓ　ＴＨＥ　ＬＩＶＥ[字]-2024年10月05日23時.mp4, 
 ts_file_input:/srv/dev-disk-by-uuid-D454C24354C22856/NAS_4_1/Recorded/2024-4cours/encode_faild/Ｖｅｎｕｅ１０１　Ｐｒｅｓｅｎｔｓ　Ｃｒｅｅｐｙ　Ｎｕｔｓ　ＴＨＥ　ＬＩＶＥ[字]-2024年10月05日23時.mp4, 
file_inpu:Ｖｅｎｕｅ１０１　Ｐｒｅｓｅｎｔｓ　Ｃｒｅｅｐｙ　Ｎｕｔｓ　ＴＨＥ　ＬＩＶＥ[字]-2024年10月05日23時.mp4, 
output_file:/srv/dev-disk-by-uuid-D454C24354C22856/NAS_4_1/Recorded/2024-4cours/Ｖｅｎｕｅ１０１　Ｐｒｅｓｅｎｔｓ　Ｃｒｅｅｐｙ　Ｎｕｔｓ　ＴＨＥ　ＬＩＶＥ[字]-2024年10月05日23時(2).mp4, 
 input_file:/home/pi/CmcutScp/result/Ｖｅｎｕｅ１０１　Ｐｒｅｓｅｎｔｓ　Ｃｒｅｅｐｙ　Ｎｕｔｓ　ＴＨＥ　ＬＩＶＥ[字]-2024年10月05日23時.mp4/join_logo_scp.csv, 
/home/pi/CmcutScp/result/Ｖｅｎｕｅ１０１　Ｐｒｅｓｅｎｔｓ　Ｃｒｅｅｐｙ　Ｎｕｔｓ　ＴＨＥ　ＬＩＶＥ[字]-2024年10月05日23時.mp4/cm_subtitle_jls.csv 
subtitle_file:/srv/dev-disk-by-uuid-A6DA96A3DA966F75/NAS/Recorded/subtitle/Ｖｅｎｕｅ１０１　Ｐｒｅｓｅｎｔｓ　Ｃｒｅｅｐｙ　Ｎｕｔｓ　ＴＨＥ　ＬＩＶＥ[字]-2024年10月05日23時.mp4.jpn.srt, 
 ts_file_name:Ｖｅｎｕｅ１０１　Ｐｒｅｓｅｎｔｓ　Ｃｒｅｅｐｙ　Ｎｕｔｓ　ＴＨＥ　ＬＩＶＥ[字]-2024年10月05日23時.mp4, 
 ts_file_input:/srv/dev-disk-by-uuid-D454C24354C22856/NAS_4_1/Recorded/2024-4cours/encode_faild/Ｖｅｎｕｅ１０１　Ｐｒｅｓｅｎｔｓ　Ｃｒｅｅｐｙ　Ｎｕｔｓ　ＴＨＥ　ＬＩＶＥ[字]-2024年10月05日23時.mp4, 
file_inpu:Ｖｅｎｕｅ１０１　Ｐｒｅｓｅｎｔｓ　Ｃｒｅｅｐｙ　Ｎｕｔｓ　ＴＨＥ　ＬＩＶＥ[字]-2024年10月05日23時.mp4, 
output_file:/srv/dev-disk-by-uuid-D454C24354C22856/NAS_4_1/Recorded/2024-4cours/Ｖｅｎｕｅ１０１　Ｐｒｅｓｅｎｔｓ　Ｃｒｅｅｐｙ　Ｎｕｔｓ　ＴＨＥ　ＬＩＶＥ[字]-2024年10月05日23時.mp4, 
 input_file:/home/pi/CmcutScp/result/Ｖｅｎｕｅ１０１　Ｐｒｅｓｅｎｔｓ　Ｃｒｅｅｐｙ　Ｎｕｔｓ　ＴＨＥ　ＬＩＶＥ[字]-2024年10月05日23時.mp4/join_logo_scp.csv, 
/home/pi/CmcutScp/result/Ｖｅｎｕｅ１０１　Ｐｒｅｓｅｎｔｓ　Ｃｒｅｅｐｙ　Ｎｕｔｓ　ＴＨＥ　ＬＩＶＥ[字]-2024年10月05日23時.mp4/cm_subtitle_jls.csv 
subtitle_file:/srv/dev-disk-by-uuid-A6DA96A3DA966F75/NAS/Recorded/subtitle/Ｖｅｎｕｅ１０１　Ｐｒｅｓｅｎｔｓ　Ｃｒｅｅｐｙ　Ｎｕｔｓ　ＴＨＥ　ＬＩＶＥ[字]-2024年10月05日23時.mp4.jpn.srt, 
 ts_file_name:Ｖｅｎｕｅ１０１　Ｐｒｅｓｅｎｔｓ　Ｃｒｅｅｐｙ　Ｎｕｔｓ　ＴＨＥ　ＬＩＶＥ[字]-2024年10月05日23時.mp4, 
 ts_file_input:/srv/dev-disk-by-uuid-D454C24354C22856/NAS_4_1/Recorded/2024-4cours/encode_faild/Ｖｅｎｕｅ１０１　Ｐｒｅｓｅｎｔｓ　Ｃｒｅｅｐｙ　Ｎｕｔｓ　ＴＨＥ　ＬＩＶＥ[字]-2024年10月05日23時.mp4, 
file_inpu:Ｖｅｎｕｅ１０１　Ｐｒｅｓｅｎｔｓ　Ｃｒｅｅｐｙ　Ｎｕｔｓ　ＴＨＥ　ＬＩＶＥ[字]-2024年10月05日23時.mp4, 
output_file:/srv/dev-disk-by-uuid-D454C24354C22856/NAS_4_1/Recorded/2024-4cours/TEST/Ｖｅｎｕｅ１０１　Ｐｒｅｓｅｎｔｓ　Ｃｒｅｅｐｙ　Ｎｕｔｓ　ＴＨＥ　ＬＩＶＥ[字]-2024年10月05日23時.mp4, 
 input_file:/home/pi/CmcutScp/result/Ｖｅｎｕｅ１０１　Ｐｒｅｓｅｎｔｓ　Ｃｒｅｅｐｙ　Ｎｕｔｓ　ＴＨＥ　ＬＩＶＥ[字]-2024年10月05日23時.mp4/join_logo_scp.csv, 
/home/pi/CmcutScp/result/Ｖｅｎｕｅ１０１　Ｐｒｅｓｅｎｔｓ　Ｃｒｅｅｐｙ　Ｎｕｔｓ　ＴＨＥ　ＬＩＶＥ[字]-2024年10月05日23時.mp4/cm_subtitle_jls.csv 
subtitle_file:/srv/dev-disk-by-uuid-A6DA96A3DA966F75/NAS/Recorded/subtitle/Ｖｅｎｕｅ１０１　Ｐｒｅｓｅｎｔｓ　Ｃｒｅｅｐｙ　Ｎｕｔｓ　ＴＨＥ　ＬＩＶＥ[字]-2024年10月05日23時.mp4.jpn.srt, 
 ts_file_name:Ｖｅｎｕｅ１０１　Ｐｒｅｓｅｎｔｓ　Ｃｒｅｅｐｙ　Ｎｕｔｓ　ＴＨＥ　ＬＩＶＥ[字]-2024年10月05日23時.mp4, 
 ts_file_input:/srv/dev-disk-by-uuid-D454C24354C22856/NAS_4_1/Recorded/2024-4cours/encode_faild/Ｖｅｎｕｅ１０１　Ｐｒｅｓｅｎｔｓ　Ｃｒｅｅｐｙ　Ｎｕｔｓ　ＴＨＥ　ＬＩＶＥ[字]-2024年10月05日23時.mp4, 
file_inpu:Ｖｅｎｕｅ１０１　Ｐｒｅｓｅｎｔｓ　Ｃｒｅｅｐｙ　Ｎｕｔｓ　ＴＨＥ　ＬＩＶＥ[字]-2024年10月05日23時.mp4, 
output_file:/srv/dev-disk-by-uuid-D454C24354C22856/NAS_4_1/Recorded/2024-4cours/TEST/Ｖｅｎｕｅ１０１　Ｐｒｅｓｅｎｔｓ　Ｃｒｅｅｐｙ　Ｎｕｔｓ　ＴＨＥ　ＬＩＶＥ[字]-2024年10月05日23時.mp4, 
 input_file:/home/pi/CmcutScp/result/Ｖｅｎｕｅ１０１　Ｐｒｅｓｅｎｔｓ　Ｃｒｅｅｐｙ　Ｎｕｔｓ　ＴＨＥ　ＬＩＶＥ[字]-2024年10月05日23時.mp4/join_logo_scp.csv, 
/home/pi/CmcutScp/result/Ｖｅｎｕｅ１０１　Ｐｒｅｓｅｎｔｓ　Ｃｒｅｅｐｙ　Ｎｕｔｓ　ＴＨＥ　ＬＩＶＥ[字]-2024年10月05日23時.mp4/cm_subtitle_jls.csv 
subtitle_file:/srv/dev-disk-by-uuid-A6DA96A3DA966F75/NAS/Recorded/subtitle/Ｖｅｎｕｅ１０１　Ｐｒｅｓｅｎｔｓ　Ｃｒｅｅｐｙ　Ｎｕｔｓ　ＴＨＥ　ＬＩＶＥ[字]-2024年10月05日23時.mp4.jpn.srt, 
 ts_file_name:Ｖｅｎｕｅ１０１　Ｐｒｅｓｅｎｔｓ　Ｃｒｅｅｐｙ　Ｎｕｔｓ　ＴＨＥ　ＬＩＶＥ[字]-2024年10月05日23時.mp4, 
 ts_file_input:/srv/dev-disk-by-uuid-D454C24354C22856/NAS_4_1/Recorded/2024-4cours/encode_faild/Ｖｅｎｕｅ１０１　Ｐｒｅｓｅｎｔｓ　Ｃｒｅｅｐｙ　Ｎｕｔｓ　ＴＨＥ　ＬＩＶＥ[字]-2024年10月05日23時.mp4, 
file_inpu:Ｖｅｎｕｅ１０１　Ｐｒｅｓｅｎｔｓ　Ｃｒｅｅｐｙ　Ｎｕｔｓ　ＴＨＥ　ＬＩＶＥ[字]-2024年10月05日23時.mp4, 
output_file:/srv/dev-disk-by-uuid-D454C24354C22856/NAS_4_1/Recorded/2024-4cours/Ｖｅｎｕｅ１０１　Ｐｒｅｓｅｎｔｓ　Ｃｒｅｅｐｙ　Ｎｕｔｓ　ＴＨＥ　ＬＩＶＥ[字]-2024年10月05日23時_cmcut.jpn.srt, 
 input_file:/home/pi/CmcutScp/result/Ｖｅｎｕｅ１０１　Ｐｒｅｓｅｎｔｓ　Ｃｒｅｅｐｙ　Ｎｕｔｓ　ＴＨＥ　ＬＩＶＥ[字]-2024年10月05日23時.mp4/join_logo_scp.csv, 
/home/pi/CmcutScp/result/Ｖｅｎｕｅ１０１　Ｐｒｅｓｅｎｔｓ　Ｃｒｅｅｐｙ　Ｎｕｔｓ　ＴＨＥ　ＬＩＶＥ[字]-2024年10月05日23時.mp4/cm_subtitle_jls.csv 
subtitle_file:/srv/dev-disk-by-uuid-A6DA96A3DA966F75/NAS/Recorded/subtitle/Ｖｅｎｕｅ１０１　Ｐｒｅｓｅｎｔｓ　Ｃｒｅｅｐｙ　Ｎｕｔｓ　ＴＨＥ　ＬＩＶＥ[字]-2024年10月05日23時.mp4.jpn.srt, 
 ts_file_name:Ｖｅｎｕｅ１０１　Ｐｒｅｓｅｎｔｓ　Ｃｒｅｅｐｙ　Ｎｕｔｓ　ＴＨＥ　ＬＩＶＥ[字]-2024年10月05日23時.mp4, 
 ts_file_input:/srv/dev-disk-by-uuid-D454C24354C22856/NAS_4_1/Recorded/2024-4cours/encode_faild/Ｖｅｎｕｅ１０１　Ｐｒｅｓｅｎｔｓ　Ｃｒｅｅｐｙ　Ｎｕｔｓ　ＴＨＥ　ＬＩＶＥ[字]-2024年10月05日23時.mp4, 
file_inpu:Ｖｅｎｕｅ１０１　Ｐｒｅｓｅｎｔｓ　Ｃｒｅｅｐｙ　Ｎｕｔｓ　ＴＨＥ　ＬＩＶＥ[字]-2024年10月05日23時.mp4, 
output_file:/srv/dev-disk-by-uuid-D454C24354C22856/NAS_4_1/Recorded/2024-4cours/TEST/Ｖｅｎｕｅ１０１　Ｐｒｅｓｅｎｔｓ　Ｃｒｅｅｐｙ　Ｎｕｔｓ　ＴＨＥ　ＬＩＶＥ[字]-2024年10月05日23時(1)_cmcut.jpn.srt, 
 input_file:/home/pi/CmcutScp/result/Ｖｅｎｕｅ１０１　Ｐｒｅｓｅｎｔｓ　Ｃｒｅｅｐｙ　Ｎｕｔｓ　ＴＨＥ　ＬＩＶＥ[字]-2024年10月05日23時.mp4/join_logo_scp.csv, 
/home/pi/CmcutScp/result/Ｖｅｎｕｅ１０１　Ｐｒｅｓｅｎｔｓ　Ｃｒｅｅｐｙ　Ｎｕｔｓ　ＴＨＥ　ＬＩＶＥ[字]-2024年10月05日23時.mp4/cm_subtitle_jls.csv 
