AVSスクリプトファイルを生成完了

channelName:--------
日テレ1
----------

chapter_exe -v "/home/pi/CmcutScp/result/名探偵コナン「女子会ミステリー２」[字][デ]-2024年03月23日18時.ts/join_tsfile.avs" -lwi /home/pi/CmcutScp/result/"名探偵コナン「女子会ミステリー２」[字][デ]-2024年03月23日18時.ts"/chapter_inscp.lwi -oa /home/pi/CmcutScp/result/"名探偵コナン「女子会ミステリー２」[字][デ]-2024年03月23日18時.ts"/chapter_inscp.txt
該当する .lgd ファイル (日テレ1.lgd) が見つかりました。

cmd : logoframe "/home/pi/CmcutScp/result/名探偵コナン「女子会ミステリー２」[字][デ]-2024年03月23日18時.ts/join_tsfile.avs" -logo "/home/pi/CmcutScp/join_logo_scp_trial/logo/日テレ1.lgd" -oa "/home/pi/CmcutScp/result/名探偵コナン「女子会ミステリー２」[字][デ]-2024年03月23日18時.ts/logoframe_inlogo.txt"

cmd : join_logo_scp -inlogo "/home/pi/CmcutScp/result/名探偵コナン「女子会ミステリー２」[字][デ]-2024年03月23日18時.ts/logoframe_inlogo.txt" -inscp "/home/pi/CmcutScp/result/名探偵コナン「女子会ミステリー２」[字][デ]-2024年03月23日18時.ts/chapter_inscp.txt" -incmd "/home/pi/CmcutScp/join_logo_scp_trial/JL/JL_標準.txt" -o "/home/pi/CmcutScp/result/名探偵コナン「女子会ミステリー２」[字][デ]-2024年03月23日18時.ts/join_logo_scp.txt"

joinOutputFile()
: "/home/pi/CmcutScp/result/名探偵コナン「女子会ミステリー２」[字][デ]-2024年03月23日18時.ts/join_logo_scp.csv"

 フレーム情報ファイルのパス(joinOutputFile) 
 /home/pi/CmcutScp/result/名探偵コナン「女子会ミステリー２」[字][デ]-2024年03月23日18時.ts/join_logo_scp.csv 

 フィルターコンプレックスの初期値を設定(data) 
 166,5319
8018,27077
30675,50363
50815,50960
 

generateFilterComplex()
: "[0:v]trim=5.539:177.477,setpts=PTS-STARTPTS[v0];[0:a]atrim=5.539:177.477,asetpts=PTS-STARTPTS[a0];[v0]yadif=0[v0_deinterlaced];[0:v]trim=267.534:903.470,setpts=PTS-STARTPTS[v1];[0:a]atrim=267.534:903.470,asetpts=PTS-STARTPTS[a1];[v1]yadif=0[v1_deinterlaced];[0:v]trim=1023.524:1680.447,setpts=PTS-STARTPTS[v2];[0:a]atrim=1023.524:1680.447,asetpts=PTS-STARTPTS[a2];[v2]yadif=0[v2_deinterlaced];[0:v]trim=1695.529:1700.367,setpts=PTS-STARTPTS[v3];[0:a]atrim=1695.529:1700.367,asetpts=PTS-STARTPTS[a3];[v3]yadif=0[v3_deinterlaced];[v0_deinterlaced][a0][v1_deinterlaced][a1][v2_deinterlaced][a2][v3_deinterlaced][a3]concat=n=4:v=1:a=1"

/usr/bin/ffmpeg:: -y,-analyzeduration,10M,-probesize,32M,-i,/srv/dev-disk-by-uuid-A6DA96A3DA966F75/NAS/Recorded/2024-1cours/名探偵コナン「女子会ミステリー２」[字][デ]-2024年03月23日18時.ts,-c:a,aac,-ignore_unknown,-filter_complex,[0:v]trim=5.539:177.477,setpts=PTS-STARTPTS[v0];[0:a]atrim=5.539:177.477,asetpts=PTS-STARTPTS[a0];[v0]yadif=0[v0_deinterlaced];[0:v]trim=267.534:903.470,setpts=PTS-STARTPTS[v1];[0:a]atrim=267.534:903.470,asetpts=PTS-STARTPTS[a1];[v1]yadif=0[v1_deinterlaced];[0:v]trim=1023.524:1680.447,setpts=PTS-STARTPTS[v2];[0:a]atrim=1023.524:1680.447,asetpts=PTS-STARTPTS[a2];[v2]yadif=0[v2_deinterlaced];[0:v]trim=1695.529:1700.367,setpts=PTS-STARTPTS[v3];[0:a]atrim=1695.529:1700.367,asetpts=PTS-STARTPTS[a3];[v3]yadif=0[v3_deinterlaced];[v0_deinterlaced][a0][v1_deinterlaced][a1][v2_deinterlaced][a2][v3_deinterlaced][a3]concat=n=4:v=1:a=1,-b:v,3M,-c:v,h264_v4l2m2m,-aspect,16:9,-f,mp4,-r,29.97,-crf,20,/srv/dev-disk-by-uuid-A6DA96A3DA966F75/NAS/Recorded/TV_Program/名探偵コナン/名探偵コナン「女子会ミステリー２」[字][デ]-2024年03月23日18時.mp4

