AVSスクリプトファイルを生成完了

channelName:--------
日テレ1
----------

chapter_exe -v "/home/pi/CmcutScp/result/金曜ロードショー「キングダム」スペシャルエディション★シリーズ第１作[解][字][デ]-2024年06月28日21時/join_tsfile.avs" -lwi /home/pi/CmcutScp/result/"金曜ロードショー「キングダム」スペシャルエディション★シリーズ第１作[解][字][デ]-2024年06月28日21時"/chapter_inscp.lwi -oa /home/pi/CmcutScp/result/"金曜ロードショー「キングダム」スペシャルエディション★シリーズ第１作[解][字][デ]-2024年06月28日21時"/chapter_inscp.txt
該当する .lgd ファイル (日テレ1.lgd) が見つかりました。

cmd : logoframe "/home/pi/CmcutScp/result/金曜ロードショー「キングダム」スペシャルエディション★シリーズ第１作[解][字][デ]-2024年06月28日21時/join_tsfile.avs" -logo "/home/pi/CmcutScp/join_logo_scp_trial/logo/日テレ1.lgd" -oa "/home/pi/CmcutScp/result/金曜ロードショー「キングダム」スペシャルエディション★シリーズ第１作[解][字][デ]-2024年06月28日21時/logoframe_inlogo.txt"

cmd : join_logo_scp -inlogo "/home/pi/CmcutScp/result/金曜ロードショー「キングダム」スペシャルエディション★シリーズ第１作[解][字][デ]-2024年06月28日21時/logoframe_inlogo.txt" -inscp "/home/pi/CmcutScp/result/金曜ロードショー「キングダム」スペシャルエディション★シリーズ第１作[解][字][デ]-2024年06月28日21時/chapter_inscp.txt" -incmd "/home/pi/CmcutScp/join_logo_scp_trial/JL/JL_標準.txt" -o "/home/pi/CmcutScp/result/金曜ロードショー「キングダム」スペシャルエディション★シリーズ第１作[解][字][デ]-2024年06月28日21時/join_logo_scp.txt"

joinOutputFile()
: "/home/pi/CmcutScp/result/金曜ロードショー「キングダム」スペシャルエディション★シリーズ第１作[解][字][デ]-2024年06月28日21時/join_logo_scp.csv"

 フレーム情報ファイルのパス(joinOutputFile) 
 /home/pi/CmcutScp/result/金曜ロードショー「キングダム」スペシャルエディション★シリーズ第１作[解][字][デ]-2024年06月28日21時/join_logo_scp.csv 

 フィルターコンプレックスの初期値を設定(data) 
 1092,31809
36306,56864
62710,78292
84138,117164
123009,140031
145876,165925
170422,195745
200841,230211
 

generateFilterComplex()
: "[0:v]trim=36.436:1061.361,setpts=PTS-STARTPTS[v0];[0:a]atrim=36.436:1061.361,asetpts=PTS-STARTPTS[a0];[v0]yadif=0[v0_deinterlaced];[0:v]trim=1211.411:1897.364,setpts=PTS-STARTPTS[v1];[0:a]atrim=1211.411:1897.364,asetpts=PTS-STARTPTS[a1];[v1]yadif=0[v1_deinterlaced];[0:v]trim=2092.426:2612.346,setpts=PTS-STARTPTS[v2];[0:a]atrim=2092.426:2612.346,asetpts=PTS-STARTPTS[a2];[v2]yadif=0[v2_deinterlaced];[0:v]trim=2807.407:3909.376,setpts=PTS-STARTPTS[v3];[0:a]atrim=2807.407:3909.376,asetpts=PTS-STARTPTS[a3];[v3]yadif=0[v3_deinterlaced];[0:v]trim=4104.404:4672.372,setpts=PTS-STARTPTS[v4];[0:a]atrim=4104.404:4672.372,asetpts=PTS-STARTPTS[a4];[v4]yadif=0[v4_deinterlaced];[0:v]trim=4867.401:5536.370,setpts=PTS-STARTPTS[v5];[0:a]atrim=4867.401:5536.370,asetpts=PTS-STARTPTS[a5];[v5]yadif=0[v5_deinterlaced];[0:v]trim=5686.420:6531.365,setpts=PTS-STARTPTS[v6];[0:a]atrim=5686.420:6531.365,asetpts=PTS-STARTPTS[a6];[v6]yadif=0[v6_deinterlaced];[0:v]trim=6701.401:7681.381,setpts=PTS-STARTPTS[v7];[0:a]atrim=6701.401:7681.381,asetpts=PTS-STARTPTS[a7];[v7]yadif=0[v7_deinterlaced];[v0_deinterlaced][a0][v1_deinterlaced][a1][v2_deinterlaced][a2][v3_deinterlaced][a3][v4_deinterlaced][a4][v5_deinterlaced][a5][v6_deinterlaced][a6][v7_deinterlaced][a7]concat=n=8:v=1:a=1"

/usr/bin/ffmpeg:: -y,-analyzeduration,10M,-probesize,32M,-i,/srv/dev-disk-by-uuid-D454C24354C22856/NAS_4_1/Recorded/2024-2cours/金曜ロードショー「キングダム」スペシャルエディション★シリーズ第１作[解][字][デ]-2024年06月28日21時.ts,-c:a,aac,-ignore_unknown,-filter_complex,[0:v]trim=36.436:1061.361,setpts=PTS-STARTPTS[v0];[0:a]atrim=36.436:1061.361,asetpts=PTS-STARTPTS[a0];[v0]yadif=0[v0_deinterlaced];[0:v]trim=1211.411:1897.364,setpts=PTS-STARTPTS[v1];[0:a]atrim=1211.411:1897.364,asetpts=PTS-STARTPTS[a1];[v1]yadif=0[v1_deinterlaced];[0:v]trim=2092.426:2612.346,setpts=PTS-STARTPTS[v2];[0:a]atrim=2092.426:2612.346,asetpts=PTS-STARTPTS[a2];[v2]yadif=0[v2_deinterlaced];[0:v]trim=2807.407:3909.376,setpts=PTS-STARTPTS[v3];[0:a]atrim=2807.407:3909.376,asetpts=PTS-STARTPTS[a3];[v3]yadif=0[v3_deinterlaced];[0:v]trim=4104.404:4672.372,setpts=PTS-STARTPTS[v4];[0:a]atrim=4104.404:4672.372,asetpts=PTS-STARTPTS[a4];[v4]yadif=0[v4_deinterlaced];[0:v]trim=4867.401:5536.370,setpts=PTS-STARTPTS[v5];[0:a]atrim=4867.401:5536.370,asetpts=PTS-STARTPTS[a5];[v5]yadif=0[v5_deinterlaced];[0:v]trim=5686.420:6531.365,setpts=PTS-STARTPTS[v6];[0:a]atrim=5686.420:6531.365,asetpts=PTS-STARTPTS[a6];[v6]yadif=0[v6_deinterlaced];[0:v]trim=6701.401:7681.381,setpts=PTS-STARTPTS[v7];[0:a]atrim=6701.401:7681.381,asetpts=PTS-STARTPTS[a7];[v7]yadif=0[v7_deinterlaced];[v0_deinterlaced][a0][v1_deinterlaced][a1][v2_deinterlaced][a2][v3_deinterlaced][a3][v4_deinterlaced][a4][v5_deinterlaced][a5][v6_deinterlaced][a6][v7_deinterlaced][a7]concat=n=8:v=1:a=1,-b:v,10M,-c:v,h264_v4l2m2m,-aspect,16:9,-f,mp4,-r,29.97,-crf,20,/srv/dev-disk-by-uuid-A6DA96A3DA966F75/NAS/Recorded/Movie/金曜ロードショー「キングダム」スペシャルエディション★シリーズ第１作[解][字][デ]-2024年06月28日21時.mp4

