AVSスクリプトファイルを生成完了

channelName:--------
TBS1
----------

chapter_exe -v "/home/pi/CmcutScp/result/ゾン１００～ゾンビになるまでにしたい１００のこと～　一挙放送ＳＰ[解][字][デ]-2023年12月25日23時.mp4/join_tsfile.avs" -lwi /home/pi/CmcutScp/result/"ゾン１００～ゾンビになるまでにしたい１００のこと～　一挙放送ＳＰ[解][字][デ]-2023年12月25日23時.mp4"/chapter_inscp.lwi -oa /home/pi/CmcutScp/result/"ゾン１００～ゾンビになるまでにしたい１００のこと～　一挙放送ＳＰ[解][字][デ]-2023年12月25日23時.mp4"/chapter_inscp.txt
該当する .lgd ファイル (TBS1.lgd) が見つかりました。

cmd : logoframe "/home/pi/CmcutScp/result/ゾン１００～ゾンビになるまでにしたい１００のこと～　一挙放送ＳＰ[解][字][デ]-2023年12月25日23時.mp4/join_tsfile.avs" -logo "/home/pi/CmcutScp/join_logo_scp_trial/logo/TBS1.lgd" -oa "/home/pi/CmcutScp/result/ゾン１００～ゾンビになるまでにしたい１００のこと～　一挙放送ＳＰ[解][字][デ]-2023年12月25日23時.mp4/logoframe_inlogo.txt"

cmd : join_logo_scp -inlogo "/home/pi/CmcutScp/result/ゾン１００～ゾンビになるまでにしたい１００のこと～　一挙放送ＳＰ[解][字][デ]-2023年12月25日23時.mp4/logoframe_inlogo.txt" -inscp "/home/pi/CmcutScp/result/ゾン１００～ゾンビになるまでにしたい１００のこと～　一挙放送ＳＰ[解][字][デ]-2023年12月25日23時.mp4/chapter_inscp.txt" -incmd "/home/pi/CmcutScp/join_logo_scp_trial/JL/JL_標準.txt" -o "/home/pi/CmcutScp/result/ゾン１００～ゾンビになるまでにしたい１００のこと～　一挙放送ＳＰ[解][字][デ]-2023年12月25日23時.mp4/join_logo_scp.txt"

joinOutputFile()
: "/home/pi/CmcutScp/result/ゾン１００～ゾンビになるまでにしたい１００のこと～　一挙放送ＳＰ[解][字][デ]-2023年12月25日23時.mp4/join_logo_scp.csv"

 フレーム情報ファイルのパス(joinOutputFile) 
 /home/pi/CmcutScp/result/ゾン１００～ゾンビになるまでにしたい１００のこと～　一挙放送ＳＰ[解][字][デ]-2023年12月25日23時.mp4/join_logo_scp.csv 

 フィルターコンプレックスの初期値を設定(data) 
 128,31653
35101,48826
51524,55357
58960,68337
71035,101034
108020,135497
138201,153478
 

generateFilterComplex()
: "[0:v]trim=4.271:1056.156,setpts=PTS-STARTPTS[v0];[0:a]atrim=4.271:1056.156,asetpts=PTS-STARTPTS[a0];[v0]yadif=0[v0_deinterlaced];[0:v]trim=1171.205:1629.162,setpts=PTS-STARTPTS[v1];[0:a]atrim=1171.205:1629.162,asetpts=PTS-STARTPTS[a1];[v1]yadif=0[v1_deinterlaced];[0:v]trim=1719.186:1847.080,setpts=PTS-STARTPTS[v2];[0:a]atrim=1719.186:1847.080,asetpts=PTS-STARTPTS[a2];[v2]yadif=0[v2_deinterlaced];[0:v]trim=1967.301:2280.180,setpts=PTS-STARTPTS[v3];[0:a]atrim=1967.301:2280.180,asetpts=PTS-STARTPTS[a3];[v3]yadif=0[v3_deinterlaced];[0:v]trim=2370.204:3371.171,setpts=PTS-STARTPTS[v4];[0:a]atrim=2370.204:3371.171,asetpts=PTS-STARTPTS[a4];[v4]yadif=0[v4_deinterlaced];[0:v]trim=3604.271:4521.088,setpts=PTS-STARTPTS[v5];[0:a]atrim=3604.271:4521.088,asetpts=PTS-STARTPTS[a5];[v5]yadif=0[v5_deinterlaced];[0:v]trim=4611.311:5121.054,setpts=PTS-STARTPTS[v6];[0:a]atrim=4611.311:5121.054,asetpts=PTS-STARTPTS[a6];[v6]yadif=0[v6_deinterlaced];[v0_deinterlaced][a0][v1_deinterlaced][a1][v2_deinterlaced][a2][v3_deinterlaced][a3][v4_deinterlaced][a4][v5_deinterlaced][a5][v6_deinterlaced][a6]concat=n=7:v=1:a=1"

/usr/bin/ffmpeg:: -y,-analyzeduration,10M,-probesize,32M,-i,/srv/dev-disk-by-uuid-A6DA96A3DA966F75/NAS/Recorded/TV_Program/ゾン１００/ゾン１００～ゾンビになるまでにしたい１００のこと～　一挙放送ＳＰ[解][字][デ]-2023年12月25日23時.mp4,-c:a,aac,-ignore_unknown,-filter_complex,[0:v]trim=4.271:1056.156,setpts=PTS-STARTPTS[v0];[0:a]atrim=4.271:1056.156,asetpts=PTS-STARTPTS[a0];[v0]yadif=0[v0_deinterlaced];[0:v]trim=1171.205:1629.162,setpts=PTS-STARTPTS[v1];[0:a]atrim=1171.205:1629.162,asetpts=PTS-STARTPTS[a1];[v1]yadif=0[v1_deinterlaced];[0:v]trim=1719.186:1847.080,setpts=PTS-STARTPTS[v2];[0:a]atrim=1719.186:1847.080,asetpts=PTS-STARTPTS[a2];[v2]yadif=0[v2_deinterlaced];[0:v]trim=1967.301:2280.180,setpts=PTS-STARTPTS[v3];[0:a]atrim=1967.301:2280.180,asetpts=PTS-STARTPTS[a3];[v3]yadif=0[v3_deinterlaced];[0:v]trim=2370.204:3371.171,setpts=PTS-STARTPTS[v4];[0:a]atrim=2370.204:3371.171,asetpts=PTS-STARTPTS[a4];[v4]yadif=0[v4_deinterlaced];[0:v]trim=3604.271:4521.088,setpts=PTS-STARTPTS[v5];[0:a]atrim=3604.271:4521.088,asetpts=PTS-STARTPTS[a5];[v5]yadif=0[v5_deinterlaced];[0:v]trim=4611.311:5121.054,setpts=PTS-STARTPTS[v6];[0:a]atrim=4611.311:5121.054,asetpts=PTS-STARTPTS[a6];[v6]yadif=0[v6_deinterlaced];[v0_deinterlaced][a0][v1_deinterlaced][a1][v2_deinterlaced][a2][v3_deinterlaced][a3][v4_deinterlaced][a4][v5_deinterlaced][a5][v6_deinterlaced][a6]concat=n=7:v=1:a=1,-b:v,10M,-c:v,h264_v4l2m2m,-aspect,16:9,-f,mp4,-r,29.97,-crf,20,/srv/dev-disk-by-uuid-A6DA96A3DA966F75/NAS/Recorded/TV_Program/ゾン１００/ゾン１００～ゾンビになるまでにしたい１００のこと～　一挙放送ＳＰ[解][字][デ]-2023年12月25日23時(1).mp4

