AVSスクリプトファイルを生成完了

channelName:--------
日テレ1
----------

chapter_exe -v "/home/pi/CmcutScp/result/金曜ロードショー「シンデレラ」★ディズニーの王道ラブストーリー[二][字][デ]-2024年04月26日21時(1).mp4/join_tsfile.avs" -lwi /home/pi/CmcutScp/result/"金曜ロードショー「シンデレラ」★ディズニーの王道ラブストーリー[二][字][デ]-2024年04月26日21時(1).mp4"/chapter_inscp.lwi -oa /home/pi/CmcutScp/result/"金曜ロードショー「シンデレラ」★ディズニーの王道ラブストーリー[二][字][デ]-2024年04月26日21時(1).mp4"/chapter_inscp.txt
該当する .lgd ファイル (日テレ1.lgd) が見つかりました。

cmd : logoframe "/home/pi/CmcutScp/result/金曜ロードショー「シンデレラ」★ディズニーの王道ラブストーリー[二][字][デ]-2024年04月26日21時(1).mp4/join_tsfile.avs" -logo "/home/pi/CmcutScp/join_logo_scp_trial/logo/日テレ1.lgd" -oa "/home/pi/CmcutScp/result/金曜ロードショー「シンデレラ」★ディズニーの王道ラブストーリー[二][字][デ]-2024年04月26日21時(1).mp4/logoframe_inlogo.txt"

cmd : join_logo_scp -inlogo "/home/pi/CmcutScp/result/金曜ロードショー「シンデレラ」★ディズニーの王道ラブストーリー[二][字][デ]-2024年04月26日21時(1).mp4/logoframe_inlogo.txt" -inscp "/home/pi/CmcutScp/result/金曜ロードショー「シンデレラ」★ディズニーの王道ラブストーリー[二][字][デ]-2024年04月26日21時(1).mp4/chapter_inscp.txt" -incmd "/home/pi/CmcutScp/join_logo_scp_trial/JL/JL_標準.txt" -o "/home/pi/CmcutScp/result/金曜ロードショー「シンデレラ」★ディズニーの王道ラブストーリー[二][字][デ]-2024年04月26日21時(1).mp4/join_logo_scp.txt"

joinOutputFile()
: "/home/pi/CmcutScp/result/金曜ロードショー「シンデレラ」★ディズニーの王道ラブストーリー[二][字][デ]-2024年04月26日21時(1).mp4/join_logo_scp.csv"

 フレーム情報ファイルのパス(joinOutputFile) 
 /home/pi/CmcutScp/result/金曜ロードショー「シンデレラ」★ディズニーの王道ラブストーリー[二][字][デ]-2024年04月26日21時(1).mp4/join_logo_scp.csv 

 フィルターコンプレックスの初期値を設定(data) 
 1064,40473
44970,59684
65529,83810
89205,127895
131493,150590
156428,171832
176328,203210
 

generateFilterComplex()
: "[0:v]trim=35.502:1350.450,setpts=PTS-STARTPTS[v0];[0:a]atrim=35.502:1350.450,asetpts=PTS-STARTPTS[a0];[v0]yadif=0[v0_deinterlaced];[0:v]trim=1500.501:1991.458,setpts=PTS-STARTPTS[v1];[0:a]atrim=1500.501:1991.458,asetpts=PTS-STARTPTS[a1];[v1]yadif=0[v1_deinterlaced];[0:v]trim=2186.486:2796.463,setpts=PTS-STARTPTS[v2];[0:a]atrim=2186.486:2796.463,asetpts=PTS-STARTPTS[a2];[v2]yadif=0[v2_deinterlaced];[0:v]trim=2976.476:4267.434,setpts=PTS-STARTPTS[v3];[0:a]atrim=2976.476:4267.434,asetpts=PTS-STARTPTS[a3];[v3]yadif=0[v3_deinterlaced];[0:v]trim=4387.487:5024.691,setpts=PTS-STARTPTS[v4];[0:a]atrim=4387.487:5024.691,asetpts=PTS-STARTPTS[a4];[v4]yadif=0[v4_deinterlaced];[0:v]trim=5219.486:5733.467,setpts=PTS-STARTPTS[v5];[0:a]atrim=5219.486:5733.467,asetpts=PTS-STARTPTS[a5];[v5]yadif=0[v5_deinterlaced];[0:v]trim=5883.483:6780.447,setpts=PTS-STARTPTS[v6];[0:a]atrim=5883.483:6780.447,asetpts=PTS-STARTPTS[a6];[v6]yadif=0[v6_deinterlaced];[v0_deinterlaced][a0][v1_deinterlaced][a1][v2_deinterlaced][a2][v3_deinterlaced][a3][v4_deinterlaced][a4][v5_deinterlaced][a5][v6_deinterlaced][a6]concat=n=7:v=1:a=1"

/usr/bin/ffmpeg:: -y,-analyzeduration,10M,-probesize,32M,-i,/srv/dev-disk-by-uuid-A6DA96A3DA966F75/NAS/Recorded/Movie/金曜ロードショー「シンデレラ」★ディズニーの王道ラブストーリー[二][字][デ]-2024年04月26日21時(1).mp4,-c:a,aac,-ignore_unknown,-filter_complex,[0:v]trim=35.502:1350.450,setpts=PTS-STARTPTS[v0];[0:a]atrim=35.502:1350.450,asetpts=PTS-STARTPTS[a0];[v0]yadif=0[v0_deinterlaced];[0:v]trim=1500.501:1991.458,setpts=PTS-STARTPTS[v1];[0:a]atrim=1500.501:1991.458,asetpts=PTS-STARTPTS[a1];[v1]yadif=0[v1_deinterlaced];[0:v]trim=2186.486:2796.463,setpts=PTS-STARTPTS[v2];[0:a]atrim=2186.486:2796.463,asetpts=PTS-STARTPTS[a2];[v2]yadif=0[v2_deinterlaced];[0:v]trim=2976.476:4267.434,setpts=PTS-STARTPTS[v3];[0:a]atrim=2976.476:4267.434,asetpts=PTS-STARTPTS[a3];[v3]yadif=0[v3_deinterlaced];[0:v]trim=4387.487:5024.691,setpts=PTS-STARTPTS[v4];[0:a]atrim=4387.487:5024.691,asetpts=PTS-STARTPTS[a4];[v4]yadif=0[v4_deinterlaced];[0:v]trim=5219.486:5733.467,setpts=PTS-STARTPTS[v5];[0:a]atrim=5219.486:5733.467,asetpts=PTS-STARTPTS[a5];[v5]yadif=0[v5_deinterlaced];[0:v]trim=5883.483:6780.447,setpts=PTS-STARTPTS[v6];[0:a]atrim=5883.483:6780.447,asetpts=PTS-STARTPTS[a6];[v6]yadif=0[v6_deinterlaced];[v0_deinterlaced][a0][v1_deinterlaced][a1][v2_deinterlaced][a2][v3_deinterlaced][a3][v4_deinterlaced][a4][v5_deinterlaced][a5][v6_deinterlaced][a6]concat=n=7:v=1:a=1,-b:v,10M,-c:v,h264_v4l2m2m,-aspect,16:9,-f,mp4,-r,29.97,-crf,20,/srv/dev-disk-by-uuid-A6DA96A3DA966F75/NAS/Recorded/Movie/金曜ロードショー「シンデレラ」★ディズニーの王道ラブストーリー[二][字][デ]-2024年04月26日21時(1)(1).mp4

